[0.013s] Invoking command in '/home/aditya/Cpps/Dexter/build/dexter_description': CMAKE_PREFIX_PATH=${CMAKE_PREFIX_PATH}:/home/aditya/ros2_ws/install/my_py_pkg:/opt/ros/jazzy DEBUGINFOD_URLS=https://debuginfod.ubuntu.com PS1=\[\e]0;\u@\h: \w\a\]${debian_chroot:+($debian_chroot)}\[\033[01;32m\]\u@\h\[\033[00m\]:\[\033[01;34m\]\w\[\033[00m\]\$ VIRTUAL_ENV_PROMPT=(venv-ardupilot) /usr/bin/cmake --build /home/aditya/Cpps/Dexter/build/dexter_description -- -j28 -l28
[0.042s] -- Found ament_cmake: 2.5.5 (/opt/ros/jazzy/share/ament_cmake/cmake)
[0.182s] -- Override CMake install command with custom implementation using symlinks instead of copying resources
[0.303s] -- ArUco textures already present — skipping generation
[0.303s] -- Found ament_lint_auto: 0.17.4 (/opt/ros/jazzy/share/ament_lint_auto/cmake)
[0.383s] -- Added test 'copyright' to check source files copyright and LICENSE
[0.385s] -- Added test 'flake8' to check Python code syntax and style conventions
[0.385s] -- Configured 'flake8' exclude dirs and/or files: 
[0.385s] -- Added test 'lint_cmake' to check CMake code style
[0.385s] -- Added test 'pep257' to check Python code against some of the docstring style conventions in PEP 257
[0.386s] -- Added test 'xmllint' to check XML markup files
[0.387s] -- Configuring done (0.3s)
[0.389s] -- Generating done (0.0s)
[0.390s] -- Build files have been written to: /home/aditya/Cpps/Dexter/build/dexter_description
[0.412s] Invoked command in '/home/aditya/Cpps/Dexter/build/dexter_description' returned '0': CMAKE_PREFIX_PATH=${CMAKE_PREFIX_PATH}:/home/aditya/ros2_ws/install/my_py_pkg:/opt/ros/jazzy DEBUGINFOD_URLS=https://debuginfod.ubuntu.com PS1=\[\e]0;\u@\h: \w\a\]${debian_chroot:+($debian_chroot)}\[\033[01;32m\]\u@\h\[\033[00m\]:\[\033[01;34m\]\w\[\033[00m\]\$ VIRTUAL_ENV_PROMPT=(venv-ardupilot) /usr/bin/cmake --build /home/aditya/Cpps/Dexter/build/dexter_description -- -j28 -l28
[0.421s] Invoking command in '/home/aditya/Cpps/Dexter/build/dexter_description': CMAKE_PREFIX_PATH=${CMAKE_PREFIX_PATH}:/home/aditya/ros2_ws/install/my_py_pkg:/opt/ros/jazzy DEBUGINFOD_URLS=https://debuginfod.ubuntu.com PS1=\[\e]0;\u@\h: \w\a\]${debian_chroot:+($debian_chroot)}\[\033[01;32m\]\u@\h\[\033[00m\]:\[\033[01;34m\]\w\[\033[00m\]\$ VIRTUAL_ENV_PROMPT=(venv-ardupilot) /usr/bin/cmake --install /home/aditya/Cpps/Dexter/build/dexter_description
[0.428s] -- Install configuration: ""
[0.428s] -- Execute custom install script
[0.428s] -- Up-to-date symlink: /home/aditya/Cpps/Dexter/install/dexter_description/share/dexter_description/launch/display.launch.py
[0.428s] -- Up-to-date symlink: /home/aditya/Cpps/Dexter/install/dexter_description/share/dexter_description/launch/gazebo.launch.py
[0.428s] -- Up-to-date symlink: /home/aditya/Cpps/Dexter/install/dexter_description/share/dexter_description/meshes/base_plate.STL
[0.429s] -- Up-to-date symlink: /home/aditya/Cpps/Dexter/install/dexter_description/share/dexter_description/meshes/basement.STL
[0.429s] -- Up-to-date symlink: /home/aditya/Cpps/Dexter/install/dexter_description/share/dexter_description/meshes/claw_support.STL
[0.429s] -- Up-to-date symlink: /home/aditya/Cpps/Dexter/install/dexter_description/share/dexter_description/meshes/forward_drive_arm.STL
[0.429s] -- Up-to-date symlink: /home/aditya/Cpps/Dexter/install/dexter_description/share/dexter_description/meshes/horizontal_arm.STL
[0.429s] -- Up-to-date symlink: /home/aditya/Cpps/Dexter/install/dexter_description/share/dexter_description/meshes/left_finger.STL
[0.429s] -- Up-to-date symlink: /home/aditya/Cpps/Dexter/install/dexter_description/share/dexter_description/meshes/link.STL
[0.429s] -- Up-to-date symlink: /home/aditya/Cpps/Dexter/install/dexter_description/share/dexter_description/meshes/plate.STL
[0.429s] -- Up-to-date symlink: /home/aditya/Cpps/Dexter/install/dexter_description/share/dexter_description/meshes/right_finger.STL
[0.429s] -- Up-to-date symlink: /home/aditya/Cpps/Dexter/install/dexter_description/share/dexter_description/meshes/round_plate.STL
[0.429s] -- Up-to-date symlink: /home/aditya/Cpps/Dexter/install/dexter_description/share/dexter_description/meshes/servo_plate.STL
[0.429s] -- Up-to-date symlink: /home/aditya/Cpps/Dexter/install/dexter_description/share/dexter_description/meshes/triangular_link.STL
[0.429s] -- Up-to-date symlink: /home/aditya/Cpps/Dexter/install/dexter_description/share/dexter_description/meshes/vertical_drive_arm.STL
[0.429s] -- Up-to-date symlink: /home/aditya/Cpps/Dexter/install/dexter_description/share/dexter_description/urdf/dexter.urdf.xacro
[0.429s] -- Up-to-date symlink: /home/aditya/Cpps/Dexter/install/dexter_description/share/dexter_description/urdf/dexter_gazebo.xacro
[0.429s] -- Up-to-date symlink: /home/aditya/Cpps/Dexter/install/dexter_description/share/dexter_description/urdf/dexter_ros2_control.xacro
[0.429s] -- Up-to-date symlink: /home/aditya/Cpps/Dexter/install/dexter_description/share/dexter_description/rviz/display.rviz
[0.430s] -- Up-to-date symlink: /home/aditya/Cpps/Dexter/install/dexter_description/share/dexter_description/worlds/inventory.sdf
[0.430s] -- Up-to-date symlink: /home/aditya/Cpps/Dexter/install/dexter_description/share/dexter_description/textures/aruco_1.png
[0.430s] -- Up-to-date symlink: /home/aditya/Cpps/Dexter/install/dexter_description/share/dexter_description/textures/aruco_10.png
[0.430s] -- Up-to-date symlink: /home/aditya/Cpps/Dexter/install/dexter_description/share/dexter_description/textures/aruco_11.png
[0.430s] -- Up-to-date symlink: /home/aditya/Cpps/Dexter/install/dexter_description/share/dexter_description/textures/aruco_12.png
[0.430s] -- Up-to-date symlink: /home/aditya/Cpps/Dexter/install/dexter_description/share/dexter_description/textures/aruco_13.png
[0.430s] -- Up-to-date symlink: /home/aditya/Cpps/Dexter/install/dexter_description/share/dexter_description/textures/aruco_2.png
[0.430s] -- Up-to-date symlink: /home/aditya/Cpps/Dexter/install/dexter_description/share/dexter_description/textures/aruco_20.png
[0.430s] -- Up-to-date symlink: /home/aditya/Cpps/Dexter/install/dexter_description/share/dexter_description/textures/aruco_21.png
[0.430s] -- Up-to-date symlink: /home/aditya/Cpps/Dexter/install/dexter_description/share/dexter_description/textures/aruco_3.png
[0.430s] -- Up-to-date symlink: /home/aditya/Cpps/Dexter/install/dexter_description/share/dexter_description/textures/aruco_4.png
[0.430s] -- Up-to-date symlink: /home/aditya/Cpps/Dexter/install/dexter_description/share/dexter_description/textures/aruco_5.png
[0.431s] -- Up-to-date symlink: /home/aditya/Cpps/Dexter/install/dexter_description/share/dexter_description/scripts/generate_aruco_textures.py
[0.431s] -- Up-to-date symlink: /home/aditya/Cpps/Dexter/install/dexter_description/share/ament_index/resource_index/package_run_dependencies/dexter_description
[0.431s] -- Up-to-date symlink: /home/aditya/Cpps/Dexter/install/dexter_description/share/ament_index/resource_index/parent_prefix_path/dexter_description
[0.431s] -- Up-to-date symlink: /home/aditya/Cpps/Dexter/install/dexter_description/share/dexter_description/environment/ament_prefix_path.sh
[0.431s] -- Up-to-date symlink: /home/aditya/Cpps/Dexter/install/dexter_description/share/dexter_description/environment/ament_prefix_path.dsv
[0.431s] -- Up-to-date symlink: /home/aditya/Cpps/Dexter/install/dexter_description/share/dexter_description/environment/path.sh
[0.431s] -- Up-to-date symlink: /home/aditya/Cpps/Dexter/install/dexter_description/share/dexter_description/environment/path.dsv
[0.431s] -- Up-to-date symlink: /home/aditya/Cpps/Dexter/install/dexter_description/share/dexter_description/local_setup.bash
[0.431s] -- Up-to-date symlink: /home/aditya/Cpps/Dexter/install/dexter_description/share/dexter_description/local_setup.sh
[0.431s] -- Up-to-date symlink: /home/aditya/Cpps/Dexter/install/dexter_description/share/dexter_description/local_setup.zsh
[0.431s] -- Up-to-date symlink: /home/aditya/Cpps/Dexter/install/dexter_description/share/dexter_description/local_setup.dsv
[0.432s] -- Symlinking: /home/aditya/Cpps/Dexter/install/dexter_description/share/dexter_description/package.dsv
[0.439s] -- Up-to-date symlink: /home/aditya/Cpps/Dexter/install/dexter_description/share/ament_index/resource_index/packages/dexter_description
[0.439s] -- Up-to-date symlink: /home/aditya/Cpps/Dexter/install/dexter_description/share/dexter_description/cmake/dexter_descriptionConfig.cmake
[0.439s] -- Up-to-date symlink: /home/aditya/Cpps/Dexter/install/dexter_description/share/dexter_description/cmake/dexter_descriptionConfig-version.cmake
[0.439s] -- Up-to-date symlink: /home/aditya/Cpps/Dexter/install/dexter_description/share/dexter_description/package.xml
[0.440s] Invoked command in '/home/aditya/Cpps/Dexter/build/dexter_description' returned '0': CMAKE_PREFIX_PATH=${CMAKE_PREFIX_PATH}:/home/aditya/ros2_ws/install/my_py_pkg:/opt/ros/jazzy DEBUGINFOD_URLS=https://debuginfod.ubuntu.com PS1=\[\e]0;\u@\h: \w\a\]${debian_chroot:+($debian_chroot)}\[\033[01;32m\]\u@\h\[\033[00m\]:\[\033[01;34m\]\w\[\033[00m\]\$ VIRTUAL_ENV_PROMPT=(venv-ardupilot) /usr/bin/cmake --install /home/aditya/Cpps/Dexter/build/dexter_description
