-- Found ament_cmake: 2.5.5 (/opt/ros/jazzy/share/ament_cmake/cmake)
-- Found Python3: /home/aditya/venv-ardupilot/bin/python3 (found version "3.12.3") found components: Interpreter 
-- Found std_msgs: 5.3.6 (/opt/ros/jazzy/share/std_msgs/cmake)
-- Found rosidl_generator_c: 4.6.7 (/opt/ros/jazzy/share/rosidl_generator_c/cmake)
-- Found rosidl_generator_cpp: 4.6.7 (/opt/ros/jazzy/share/rosidl_generator_cpp/cmake)
-- Using all available rosidl_typesupport_c: rosidl_typesupport_fastrtps_c;rosidl_typesupport_introspection_c
-- Using all available rosidl_typesupport_cpp: rosidl_typesupport_fastrtps_cpp;rosidl_typesupport_introspection_cpp
-- Found rosidl_default_generators: 1.6.0 (/opt/ros/jazzy/share/rosidl_default_generators/cmake)
-- Found rosidl_adapter: 4.6.7 (/opt/ros/jazzy/share/rosidl_adapter/cmake)
-- Found ament_cmake_ros: 0.12.0 (/opt/ros/jazzy/share/ament_cmake_ros/cmake)
-- Using all available rosidl_typesupport_c: rosidl_typesupport_fastrtps_c;rosidl_typesupport_introspection_c
-- Using all available rosidl_typesupport_cpp: rosidl_typesupport_fastrtps_cpp;rosidl_typesupport_introspection_cpp
-- Found python_cmake_module: 0.11.1 (/opt/ros/jazzy/share/python_cmake_module/cmake)
-- Found Python3: /home/aditya/venv-ardupilot/bin/python3 (found version "3.12.3") found components: Interpreter Development NumPy Development.Module Development.Embed 
-- Configuring done (2.7s)
-- Generating done (0.1s)
-- Build files have been written to: /home/aditya/Cpps/Dexter/build/dexter_msgs
[  0%] Built target ament_cmake_python_copy_dexter_msgs
[  1%] Built target dexter_msgs__rosidl_generator_type_description
[  2%] Built target dexter_msgs__cpp
[  6%] [32mBuilding C object CMakeFiles/dexter_msgs__rosidl_generator_c.dir/rosidl_generator_c/dexter_msgs/srv/detail/add_two_ints__type_support.c.o[0m
[  6%] [32mBuilding C object CMakeFiles/dexter_msgs__rosidl_generator_c.dir/rosidl_generator_c/dexter_msgs/srv/detail/add_two_ints__functions.c.o[0m
[  6%] [32mBuilding C object CMakeFiles/dexter_msgs__rosidl_generator_c.dir/rosidl_generator_c/dexter_msgs/srv/detail/quaternion_to_euler__description.c.o[0m
[  6%] [32mBuilding C object CMakeFiles/dexter_msgs__rosidl_generator_c.dir/rosidl_generator_c/dexter_msgs/srv/detail/add_two_ints__description.c.o[0m
[  8%] [32mBuilding C object CMakeFiles/dexter_msgs__rosidl_generator_c.dir/rosidl_generator_c/dexter_msgs/srv/detail/euler_to_quaternion__description.c.o[0m
[  9%] [32mBuilding C object CMakeFiles/dexter_msgs__rosidl_generator_c.dir/rosidl_generator_c/dexter_msgs/srv/detail/euler_to_quaternion__functions.c.o[0m
[  9%] [32mBuilding C object CMakeFiles/dexter_msgs__rosidl_generator_c.dir/rosidl_generator_c/dexter_msgs/srv/detail/quaternion_to_euler__functions.c.o[0m
[ 10%] [32mBuilding C object CMakeFiles/dexter_msgs__rosidl_generator_c.dir/rosidl_generator_c/dexter_msgs/srv/detail/euler_to_quaternion__type_support.c.o[0m
[ 12%] [32mBuilding C object CMakeFiles/dexter_msgs__rosidl_generator_c.dir/rosidl_generator_c/dexter_msgs/srv/detail/quaternion_to_euler__type_support.c.o[0m
[ 12%] [32mBuilding C object CMakeFiles/dexter_msgs__rosidl_generator_c.dir/rosidl_generator_c/dexter_msgs/action/detail/fibonacci__functions.c.o[0m
[ 13%] [32mBuilding C object CMakeFiles/dexter_msgs__rosidl_generator_c.dir/rosidl_generator_c/dexter_msgs/action/detail/fibonacci__description.c.o[0m
[ 14%] [32mBuilding C object CMakeFiles/dexter_msgs__rosidl_generator_c.dir/rosidl_generator_c/dexter_msgs/action/detail/dexter_task__description.c.o[0m
[ 15%] [32mBuilding C object CMakeFiles/dexter_msgs__rosidl_generator_c.dir/rosidl_generator_c/dexter_msgs/srv/detail/dispatch_item__description.c.o[0m
[ 18%] [32mBuilding C object CMakeFiles/dexter_msgs__rosidl_generator_c.dir/rosidl_generator_c/dexter_msgs/action/detail/dexter_task__type_support.c.o[0m
[ 18%] [32mBuilding C object CMakeFiles/dexter_msgs__rosidl_generator_c.dir/rosidl_generator_c/dexter_msgs/action/detail/fibonacci__type_support.c.o[0m
[ 19%] [32mBuilding C object CMakeFiles/dexter_msgs__rosidl_generator_c.dir/rosidl_generator_c/dexter_msgs/action/detail/dexter_task__functions.c.o[0m
[ 21%] [32mBuilding C object CMakeFiles/dexter_msgs__rosidl_generator_c.dir/rosidl_generator_c/dexter_msgs/srv/detail/dispatch_item__functions.c.o[0m
[ 21%] [32mBuilding C object CMakeFiles/dexter_msgs__rosidl_generator_c.dir/rosidl_generator_c/dexter_msgs/srv/detail/dispatch_item__type_support.c.o[0m
[ 22%] [32mBuilding C object CMakeFiles/dexter_msgs__rosidl_generator_c.dir/rosidl_generator_c/dexter_msgs/srv/detail/add_item__description.c.o[0m
[ 24%] [32mBuilding C object CMakeFiles/dexter_msgs__rosidl_generator_c.dir/rosidl_generator_c/dexter_msgs/srv/detail/add_item__functions.c.o[0m
[ 24%] [32mBuilding C object CMakeFiles/dexter_msgs__rosidl_generator_c.dir/rosidl_generator_c/dexter_msgs/srv/detail/add_item__type_support.c.o[0m
[ 25%] [32m[1mLinking C shared library libdexter_msgs__rosidl_generator_c.so[0m
running egg_info
[ 26%] Built target dexter_msgs__rosidl_generator_c
writing dexter_msgs.egg-info/PKG-INFO
writing dependency_links to dexter_msgs.egg-info/dependency_links.txt
writing top-level names to dexter_msgs.egg-info/top_level.txt
[ 27%] [32mBuilding CXX object CMakeFiles/dexter_msgs__rosidl_typesupport_cpp.dir/rosidl_typesupport_cpp/dexter_msgs/srv/add_two_ints__type_support.cpp.o[0m
[ 28%] [32mBuilding CXX object CMakeFiles/dexter_msgs__rosidl_typesupport_cpp.dir/rosidl_typesupport_cpp/dexter_msgs/srv/euler_to_quaternion__type_support.cpp.o[0m
[ 29%] [32mBuilding CXX object CMakeFiles/dexter_msgs__rosidl_typesupport_cpp.dir/rosidl_typesupport_cpp/dexter_msgs/srv/quaternion_to_euler__type_support.cpp.o[0m
[ 30%] [32mBuilding CXX object CMakeFiles/dexter_msgs__rosidl_typesupport_cpp.dir/rosidl_typesupport_cpp/dexter_msgs/action/dexter_task__type_support.cpp.o[0m
[ 31%] [32mBuilding CXX object CMakeFiles/dexter_msgs__rosidl_typesupport_cpp.dir/rosidl_typesupport_cpp/dexter_msgs/srv/dispatch_item__type_support.cpp.o[0m
[ 32%] [32mBuilding C object CMakeFiles/dexter_msgs__rosidl_typesupport_introspection_c.dir/rosidl_typesupport_introspection_c/dexter_msgs/srv/detail/euler_to_quaternion__type_support.c.o[0m
[ 34%] [32mBuilding C object CMakeFiles/dexter_msgs__rosidl_typesupport_introspection_c.dir/rosidl_typesupport_introspection_c/dexter_msgs/action/detail/fibonacci__type_support.c.o[0m
[ 37%] [32mBuilding C object CMakeFiles/dexter_msgs__rosidl_typesupport_introspection_c.dir/rosidl_typesupport_introspection_c/dexter_msgs/srv/detail/quaternion_to_euler__type_support.c.o[0m
[ 37%] [32mBuilding CXX object CMakeFiles/dexter_msgs__rosidl_typesupport_c.dir/rosidl_typesupport_c/dexter_msgs/srv/add_two_ints__type_support.cpp.o[0m
[ 37%] [32mBuilding CXX object CMakeFiles/dexter_msgs__rosidl_typesupport_cpp.dir/rosidl_typesupport_cpp/dexter_msgs/action/fibonacci__type_support.cpp.o[0m
[ 38%] [32mBuilding C object CMakeFiles/dexter_msgs__rosidl_typesupport_introspection_c.dir/rosidl_typesupport_introspection_c/dexter_msgs/action/detail/dexter_task__type_support.c.o[0m
[ 39%] [32mBuilding C object CMakeFiles/dexter_msgs__rosidl_typesupport_introspection_c.dir/rosidl_typesupport_introspection_c/dexter_msgs/srv/detail/dispatch_item__type_support.c.o[0m
[ 40%] [32mBuilding CXX object CMakeFiles/dexter_msgs__rosidl_typesupport_cpp.dir/rosidl_typesupport_cpp/dexter_msgs/srv/add_item__type_support.cpp.o[0m
[ 41%] [32mBuilding C object CMakeFiles/dexter_msgs__rosidl_typesupport_introspection_c.dir/rosidl_typesupport_introspection_c/dexter_msgs/srv/detail/add_item__type_support.c.o[0m
[ 42%] [32mBuilding C object CMakeFiles/dexter_msgs__rosidl_typesupport_introspection_c.dir/rosidl_typesupport_introspection_c/dexter_msgs/srv/detail/add_two_ints__type_support.c.o[0m
[ 43%] [32mBuilding CXX object CMakeFiles/dexter_msgs__rosidl_typesupport_c.dir/rosidl_typesupport_c/dexter_msgs/srv/quaternion_to_euler__type_support.cpp.o[0m
[ 44%] [32mBuilding CXX object CMakeFiles/dexter_msgs__rosidl_typesupport_c.dir/rosidl_typesupport_c/dexter_msgs/srv/euler_to_quaternion__type_support.cpp.o[0m
[ 45%] [32mBuilding CXX object CMakeFiles/dexter_msgs__rosidl_typesupport_c.dir/rosidl_typesupport_c/dexter_msgs/srv/dispatch_item__type_support.cpp.o[0m
[ 46%] [32mBuilding CXX object CMakeFiles/dexter_msgs__rosidl_typesupport_c.dir/rosidl_typesupport_c/dexter_msgs/srv/add_item__type_support.cpp.o[0m
[ 47%] [32mBuilding CXX object CMakeFiles/dexter_msgs__rosidl_typesupport_c.dir/rosidl_typesupport_c/dexter_msgs/action/fibonacci__type_support.cpp.o[0m
[ 48%] [32mBuilding CXX object CMakeFiles/dexter_msgs__rosidl_typesupport_c.dir/rosidl_typesupport_c/dexter_msgs/action/dexter_task__type_support.cpp.o[0m
[ 50%] [32mBuilding CXX object CMakeFiles/dexter_msgs__rosidl_typesupport_fastrtps_c.dir/rosidl_typesupport_fastrtps_c/dexter_msgs/srv/detail/euler_to_quaternion__type_support_c.cpp.o[0m
[ 51%] [32mBuilding CXX object CMakeFiles/dexter_msgs__rosidl_typesupport_fastrtps_c.dir/rosidl_typesupport_fastrtps_c/dexter_msgs/srv/detail/quaternion_to_euler__type_support_c.cpp.o[0m
[ 52%] [32mBuilding CXX object CMakeFiles/dexter_msgs__rosidl_typesupport_fastrtps_c.dir/rosidl_typesupport_fastrtps_c/dexter_msgs/action/detail/fibonacci__type_support_c.cpp.o[0m
[ 53%] [32mBuilding CXX object CMakeFiles/dexter_msgs__rosidl_typesupport_introspection_cpp.dir/rosidl_typesupport_introspection_cpp/dexter_msgs/srv/detail/add_two_ints__type_support.cpp.o[0m
[ 54%] [32mBuilding CXX object CMakeFiles/dexter_msgs__rosidl_typesupport_fastrtps_cpp.dir/rosidl_typesupport_fastrtps_cpp/dexter_msgs/srv/detail/dds_fastrtps/add_two_ints__type_support.cpp.o[0m
[ 55%] [32mBuilding CXX object CMakeFiles/dexter_msgs__rosidl_typesupport_fastrtps_c.dir/rosidl_typesupport_fastrtps_c/dexter_msgs/srv/detail/add_two_ints__type_support_c.cpp.o[0m
reading manifest file 'dexter_msgs.egg-info/SOURCES.txt'
writing manifest file 'dexter_msgs.egg-info/SOURCES.txt'
[ 56%] [32mBuilding CXX object CMakeFiles/dexter_msgs__rosidl_typesupport_fastrtps_cpp.dir/rosidl_typesupport_fastrtps_cpp/dexter_msgs/srv/detail/dds_fastrtps/quaternion_to_euler__type_support.cpp.o[0m
[ 57%] [32mBuilding CXX object CMakeFiles/dexter_msgs__rosidl_typesupport_introspection_cpp.dir/rosidl_typesupport_introspection_cpp/dexter_msgs/srv/detail/euler_to_quaternion__type_support.cpp.o[0m
[ 58%] [32mBuilding CXX object CMakeFiles/dexter_msgs__rosidl_typesupport_fastrtps_c.dir/rosidl_typesupport_fastrtps_c/dexter_msgs/action/detail/dexter_task__type_support_c.cpp.o[0m
[ 59%] [32mBuilding CXX object CMakeFiles/dexter_msgs__rosidl_typesupport_introspection_cpp.dir/rosidl_typesupport_introspection_cpp/dexter_msgs/srv/detail/quaternion_to_euler__type_support.cpp.o[0m
[ 60%] [32mBuilding CXX object CMakeFiles/dexter_msgs__rosidl_typesupport_fastrtps_cpp.dir/rosidl_typesupport_fastrtps_cpp/dexter_msgs/srv/detail/dds_fastrtps/euler_to_quaternion__type_support.cpp.o[0m
[ 61%] [32mBuilding CXX object CMakeFiles/dexter_msgs__rosidl_typesupport_introspection_cpp.dir/rosidl_typesupport_introspection_cpp/dexter_msgs/action/detail/fibonacci__type_support.cpp.o[0m
[ 62%] [32mBuilding CXX object CMakeFiles/dexter_msgs__rosidl_typesupport_fastrtps_c.dir/rosidl_typesupport_fastrtps_c/dexter_msgs/srv/detail/dispatch_item__type_support_c.cpp.o[0m
[ 63%] [32mBuilding CXX object CMakeFiles/dexter_msgs__rosidl_typesupport_fastrtps_cpp.dir/rosidl_typesupport_fastrtps_cpp/dexter_msgs/action/detail/dds_fastrtps/fibonacci__type_support.cpp.o[0m
[ 64%] [32mBuilding CXX object CMakeFiles/dexter_msgs__rosidl_typesupport_fastrtps_c.dir/rosidl_typesupport_fastrtps_c/dexter_msgs/srv/detail/add_item__type_support_c.cpp.o[0m
[ 65%] [32mBuilding CXX object CMakeFiles/dexter_msgs__rosidl_typesupport_fastrtps_cpp.dir/rosidl_typesupport_fastrtps_cpp/dexter_msgs/action/detail/dds_fastrtps/dexter_task__type_support.cpp.o[0m
[ 67%] [32m[1mLinking CXX shared library libdexter_msgs__rosidl_typesupport_c.so[0m
[ 67%] Built target ament_cmake_python_build_dexter_msgs_egg
[ 68%] [32mBuilding CXX object CMakeFiles/dexter_msgs__rosidl_typesupport_introspection_cpp.dir/rosidl_typesupport_introspection_cpp/dexter_msgs/action/detail/dexter_task__type_support.cpp.o[0m
[ 69%] [32mBuilding CXX object CMakeFiles/dexter_msgs__rosidl_typesupport_fastrtps_cpp.dir/rosidl_typesupport_fastrtps_cpp/dexter_msgs/srv/detail/dds_fastrtps/dispatch_item__type_support.cpp.o[0m
[ 70%] [32m[1mLinking C shared library libdexter_msgs__rosidl_typesupport_introspection_c.so[0m
[ 71%] [32mBuilding CXX object CMakeFiles/dexter_msgs__rosidl_typesupport_introspection_cpp.dir/rosidl_typesupport_introspection_cpp/dexter_msgs/srv/detail/dispatch_item__type_support.cpp.o[0m
[ 72%] Built target dexter_msgs__rosidl_typesupport_c
[ 73%] [32mBuilding CXX object CMakeFiles/dexter_msgs__rosidl_typesupport_fastrtps_cpp.dir/rosidl_typesupport_fastrtps_cpp/dexter_msgs/srv/detail/dds_fastrtps/add_item__type_support.cpp.o[0m
[ 74%] Built target dexter_msgs__rosidl_typesupport_introspection_c
[ 75%] [32mBuilding CXX object CMakeFiles/dexter_msgs__rosidl_typesupport_introspection_cpp.dir/rosidl_typesupport_introspection_cpp/dexter_msgs/srv/detail/add_item__type_support.cpp.o[0m
[ 76%] [32m[1mLinking CXX shared library libdexter_msgs__rosidl_typesupport_cpp.so[0m
[ 77%] [32m[1mLinking CXX shared library libdexter_msgs__rosidl_typesupport_fastrtps_c.so[0m
[ 78%] Built target dexter_msgs__rosidl_typesupport_cpp
[ 79%] Built target dexter_msgs__rosidl_typesupport_fastrtps_c
[ 80%] [32m[1mLinking CXX shared library libdexter_msgs__rosidl_typesupport_introspection_cpp.so[0m
[ 81%] Built target dexter_msgs__rosidl_typesupport_introspection_cpp
[ 82%] [32m[1mLinking CXX shared library libdexter_msgs__rosidl_typesupport_fastrtps_cpp.so[0m
[ 84%] Built target dexter_msgs__rosidl_typesupport_fastrtps_cpp
[ 84%] Built target dexter_msgs
[ 85%] Built target dexter_msgs__py
[ 87%] [32mBuilding C object CMakeFiles/dexter_msgs__rosidl_generator_py.dir/rosidl_generator_py/dexter_msgs/srv/_euler_to_quaternion_s.c.o[0m
[ 87%] [32mBuilding C object CMakeFiles/dexter_msgs__rosidl_generator_py.dir/rosidl_generator_py/dexter_msgs/srv/_add_two_ints_s.c.o[0m
[ 88%] [32mBuilding C object CMakeFiles/dexter_msgs__rosidl_generator_py.dir/rosidl_generator_py/dexter_msgs/action/_dexter_task_s.c.o[0m
[ 89%] [32mBuilding C object CMakeFiles/dexter_msgs__rosidl_generator_py.dir/rosidl_generator_py/dexter_msgs/srv/_add_item_s.c.o[0m
[ 90%] [32mBuilding C object CMakeFiles/dexter_msgs__rosidl_generator_py.dir/rosidl_generator_py/dexter_msgs/srv/_quaternion_to_euler_s.c.o[0m
[ 91%] [32mBuilding C object CMakeFiles/dexter_msgs__rosidl_generator_py.dir/rosidl_generator_py/dexter_msgs/action/_fibonacci_s.c.o[0m
[ 92%] [32mBuilding C object CMakeFiles/dexter_msgs__rosidl_generator_py.dir/rosidl_generator_py/dexter_msgs/srv/_dispatch_item_s.c.o[0m
[ 93%] [32m[1mLinking C shared library libdexter_msgs__rosidl_generator_py.so[0m
[ 93%] Built target dexter_msgs__rosidl_generator_py
[ 94%] [32mBuilding C object CMakeFiles/dexter_msgs_s__rosidl_typesupport_c.dir/rosidl_generator_py/dexter_msgs/_dexter_msgs_s.ep.rosidl_typesupport_c.c.o[0m
[ 96%] [32mBuilding C object CMakeFiles/dexter_msgs_s__rosidl_typesupport_fastrtps_c.dir/rosidl_generator_py/dexter_msgs/_dexter_msgs_s.ep.rosidl_typesupport_fastrtps_c.c.o[0m
[ 96%] [32mBuilding C object CMakeFiles/dexter_msgs_s__rosidl_typesupport_introspection_c.dir/rosidl_generator_py/dexter_msgs/_dexter_msgs_s.ep.rosidl_typesupport_introspection_c.c.o[0m
[ 98%] [32m[1mLinking C shared module rosidl_generator_py/dexter_msgs/dexter_msgs_s__rosidl_typesupport_c.so[0m
[ 98%] [32m[1mLinking C shared module rosidl_generator_py/dexter_msgs/dexter_msgs_s__rosidl_typesupport_fastrtps_c.so[0m
[100%] [32m[1mLinking C shared module rosidl_generator_py/dexter_msgs/dexter_msgs_s__rosidl_typesupport_introspection_c.so[0m
[100%] Built target dexter_msgs_s__rosidl_typesupport_fastrtps_c
[100%] Built target dexter_msgs_s__rosidl_typesupport_c
[100%] Built target dexter_msgs_s__rosidl_typesupport_introspection_c
-- Install configuration: ""
-- Up-to-date: /home/aditya/Cpps/Dexter/install/dexter_msgs/share/ament_index/resource_index/rosidl_interfaces/dexter_msgs
-- Up-to-date: /home/aditya/Cpps/Dexter/install/dexter_msgs/share/dexter_msgs/srv/AddTwoInts.json
-- Up-to-date: /home/aditya/Cpps/Dexter/install/dexter_msgs/share/dexter_msgs/srv/EulerToQuaternion.json
-- Up-to-date: /home/aditya/Cpps/Dexter/install/dexter_msgs/share/dexter_msgs/srv/QuaternionToEuler.json
-- Installing: /home/aditya/Cpps/Dexter/install/dexter_msgs/share/dexter_msgs/action/Fibonacci.json
-- Installing: /home/aditya/Cpps/Dexter/install/dexter_msgs/share/dexter_msgs/action/DexterTask.json
-- Up-to-date: /home/aditya/Cpps/Dexter/install/dexter_msgs/share/dexter_msgs/srv/DispatchItem.json
-- Up-to-date: /home/aditya/Cpps/Dexter/install/dexter_msgs/share/dexter_msgs/srv/AddItem.json
-- Up-to-date: /home/aditya/Cpps/Dexter/install/dexter_msgs/include/dexter_msgs/dexter_msgs
-- Up-to-date: /home/aditya/Cpps/Dexter/install/dexter_msgs/include/dexter_msgs/dexter_msgs/msg
-- Up-to-date: /home/aditya/Cpps/Dexter/install/dexter_msgs/include/dexter_msgs/dexter_msgs/msg/rosidl_generator_c__visibility_control.h
-- Up-to-date: /home/aditya/Cpps/Dexter/install/dexter_msgs/include/dexter_msgs/dexter_msgs/srv
-- Up-to-date: /home/aditya/Cpps/Dexter/install/dexter_msgs/include/dexter_msgs/dexter_msgs/srv/quaternion_to_euler.h
-- Up-to-date: /home/aditya/Cpps/Dexter/install/dexter_msgs/include/dexter_msgs/dexter_msgs/srv/euler_to_quaternion.h
-- Up-to-date: /home/aditya/Cpps/Dexter/install/dexter_msgs/include/dexter_msgs/dexter_msgs/srv/detail
-- Up-to-date: /home/aditya/Cpps/Dexter/install/dexter_msgs/include/dexter_msgs/dexter_msgs/srv/detail/quaternion_to_euler__struct.h
-- Up-to-date: /home/aditya/Cpps/Dexter/install/dexter_msgs/include/dexter_msgs/dexter_msgs/srv/detail/add_two_ints__type_support.c
-- Up-to-date: /home/aditya/Cpps/Dexter/install/dexter_msgs/include/dexter_msgs/dexter_msgs/srv/detail/euler_to_quaternion__type_support.c
-- Up-to-date: /home/aditya/Cpps/Dexter/install/dexter_msgs/include/dexter_msgs/dexter_msgs/srv/detail/dispatch_item__description.c
-- Up-to-date: /home/aditya/Cpps/Dexter/install/dexter_msgs/include/dexter_msgs/dexter_msgs/srv/detail/quaternion_to_euler__functions.c
-- Up-to-date: /home/aditya/Cpps/Dexter/install/dexter_msgs/include/dexter_msgs/dexter_msgs/srv/detail/euler_to_quaternion__functions.h
-- Up-to-date: /home/aditya/Cpps/Dexter/install/dexter_msgs/include/dexter_msgs/dexter_msgs/srv/detail/euler_to_quaternion__functions.c
-- Up-to-date: /home/aditya/Cpps/Dexter/install/dexter_msgs/include/dexter_msgs/dexter_msgs/srv/detail/dispatch_item__functions.h
-- Up-to-date: /home/aditya/Cpps/Dexter/install/dexter_msgs/include/dexter_msgs/dexter_msgs/srv/detail/dispatch_item__struct.h
-- Up-to-date: /home/aditya/Cpps/Dexter/install/dexter_msgs/include/dexter_msgs/dexter_msgs/srv/detail/quaternion_to_euler__description.c
-- Up-to-date: /home/aditya/Cpps/Dexter/install/dexter_msgs/include/dexter_msgs/dexter_msgs/srv/detail/quaternion_to_euler__type_support.h
-- Up-to-date: /home/aditya/Cpps/Dexter/install/dexter_msgs/include/dexter_msgs/dexter_msgs/srv/detail/add_item__struct.h
-- Up-to-date: /home/aditya/Cpps/Dexter/install/dexter_msgs/include/dexter_msgs/dexter_msgs/srv/detail/quaternion_to_euler__type_support.c
-- Up-to-date: /home/aditya/Cpps/Dexter/install/dexter_msgs/include/dexter_msgs/dexter_msgs/srv/detail/add_two_ints__functions.h
-- Up-to-date: /home/aditya/Cpps/Dexter/install/dexter_msgs/include/dexter_msgs/dexter_msgs/srv/detail/add_two_ints__functions.c
-- Up-to-date: /home/aditya/Cpps/Dexter/install/dexter_msgs/include/dexter_msgs/dexter_msgs/srv/detail/add_item__functions.c
-- Up-to-date: /home/aditya/Cpps/Dexter/install/dexter_msgs/include/dexter_msgs/dexter_msgs/srv/detail/quaternion_to_euler__functions.h
-- Up-to-date: /home/aditya/Cpps/Dexter/install/dexter_msgs/include/dexter_msgs/dexter_msgs/srv/detail/euler_to_quaternion__description.c
-- Up-to-date: /home/aditya/Cpps/Dexter/install/dexter_msgs/include/dexter_msgs/dexter_msgs/srv/detail/dispatch_item__type_support.h
-- Up-to-date: /home/aditya/Cpps/Dexter/install/dexter_msgs/include/dexter_msgs/dexter_msgs/srv/detail/add_two_ints__type_support.h
-- Up-to-date: /home/aditya/Cpps/Dexter/install/dexter_msgs/include/dexter_msgs/dexter_msgs/srv/detail/add_two_ints__struct.h
-- Up-to-date: /home/aditya/Cpps/Dexter/install/dexter_msgs/include/dexter_msgs/dexter_msgs/srv/detail/add_item__functions.h
-- Up-to-date: /home/aditya/Cpps/Dexter/install/dexter_msgs/include/dexter_msgs/dexter_msgs/srv/detail/add_two_ints__description.c
-- Up-to-date: /home/aditya/Cpps/Dexter/install/dexter_msgs/include/dexter_msgs/dexter_msgs/srv/detail/add_item__type_support.h
-- Up-to-date: /home/aditya/Cpps/Dexter/install/dexter_msgs/include/dexter_msgs/dexter_msgs/srv/detail/euler_to_quaternion__type_support.h
-- Up-to-date: /home/aditya/Cpps/Dexter/install/dexter_msgs/include/dexter_msgs/dexter_msgs/srv/detail/dispatch_item__functions.c
-- Up-to-date: /home/aditya/Cpps/Dexter/install/dexter_msgs/include/dexter_msgs/dexter_msgs/srv/detail/add_item__type_support.c
-- Up-to-date: /home/aditya/Cpps/Dexter/install/dexter_msgs/include/dexter_msgs/dexter_msgs/srv/detail/euler_to_quaternion__struct.h
-- Up-to-date: /home/aditya/Cpps/Dexter/install/dexter_msgs/include/dexter_msgs/dexter_msgs/srv/detail/dispatch_item__type_support.c
-- Up-to-date: /home/aditya/Cpps/Dexter/install/dexter_msgs/include/dexter_msgs/dexter_msgs/srv/detail/add_item__description.c
-- Up-to-date: /home/aditya/Cpps/Dexter/install/dexter_msgs/include/dexter_msgs/dexter_msgs/srv/add_two_ints.h
-- Up-to-date: /home/aditya/Cpps/Dexter/install/dexter_msgs/include/dexter_msgs/dexter_msgs/srv/dispatch_item.h
-- Up-to-date: /home/aditya/Cpps/Dexter/install/dexter_msgs/include/dexter_msgs/dexter_msgs/srv/add_item.h
-- Up-to-date: /home/aditya/Cpps/Dexter/install/dexter_msgs/include/dexter_msgs/dexter_msgs/action
-- Up-to-date: /home/aditya/Cpps/Dexter/install/dexter_msgs/include/dexter_msgs/dexter_msgs/action/detail
-- Installing: /home/aditya/Cpps/Dexter/install/dexter_msgs/include/dexter_msgs/dexter_msgs/action/detail/dexter_task__type_support.h
-- Installing: /home/aditya/Cpps/Dexter/install/dexter_msgs/include/dexter_msgs/dexter_msgs/action/detail/dexter_task__struct.h
-- Installing: /home/aditya/Cpps/Dexter/install/dexter_msgs/include/dexter_msgs/dexter_msgs/action/detail/dexter_task__functions.h
-- Installing: /home/aditya/Cpps/Dexter/install/dexter_msgs/include/dexter_msgs/dexter_msgs/action/detail/dexter_task__description.c
-- Up-to-date: /home/aditya/Cpps/Dexter/install/dexter_msgs/include/dexter_msgs/dexter_msgs/action/detail/fibonacci__type_support.h
-- Installing: /home/aditya/Cpps/Dexter/install/dexter_msgs/include/dexter_msgs/dexter_msgs/action/detail/dexter_task__type_support.c
-- Installing: /home/aditya/Cpps/Dexter/install/dexter_msgs/include/dexter_msgs/dexter_msgs/action/detail/fibonacci__functions.h
-- Up-to-date: /home/aditya/Cpps/Dexter/install/dexter_msgs/include/dexter_msgs/dexter_msgs/action/detail/fibonacci__type_support.c
-- Installing: /home/aditya/Cpps/Dexter/install/dexter_msgs/include/dexter_msgs/dexter_msgs/action/detail/dexter_task__functions.c
-- Installing: /home/aditya/Cpps/Dexter/install/dexter_msgs/include/dexter_msgs/dexter_msgs/action/detail/fibonacci__struct.h
-- Installing: /home/aditya/Cpps/Dexter/install/dexter_msgs/include/dexter_msgs/dexter_msgs/action/detail/fibonacci__functions.c
-- Installing: /home/aditya/Cpps/Dexter/install/dexter_msgs/include/dexter_msgs/dexter_msgs/action/detail/fibonacci__description.c
-- Up-to-date: /home/aditya/Cpps/Dexter/install/dexter_msgs/include/dexter_msgs/dexter_msgs/action/fibonacci.h
-- Up-to-date: /home/aditya/Cpps/Dexter/install/dexter_msgs/include/dexter_msgs/dexter_msgs/action/dexter_task.h
-- Installing: /home/aditya/Cpps/Dexter/install/dexter_msgs/share/dexter_msgs/environment/library_path.sh
-- Up-to-date: /home/aditya/Cpps/Dexter/install/dexter_msgs/share/dexter_msgs/environment/library_path.dsv
-- Installing: /home/aditya/Cpps/Dexter/install/dexter_msgs/lib/libdexter_msgs__rosidl_generator_c.so
-- Set non-toolchain portion of runtime path of "/home/aditya/Cpps/Dexter/install/dexter_msgs/lib/libdexter_msgs__rosidl_generator_c.so" to ""
-- Up-to-date: /home/aditya/Cpps/Dexter/install/dexter_msgs/include/dexter_msgs/dexter_msgs
-- Up-to-date: /home/aditya/Cpps/Dexter/install/dexter_msgs/include/dexter_msgs/dexter_msgs/msg
-- Up-to-date: /home/aditya/Cpps/Dexter/install/dexter_msgs/include/dexter_msgs/dexter_msgs/msg/rosidl_typesupport_fastrtps_c__visibility_control.h
-- Up-to-date: /home/aditya/Cpps/Dexter/install/dexter_msgs/include/dexter_msgs/dexter_msgs/srv
-- Up-to-date: /home/aditya/Cpps/Dexter/install/dexter_msgs/include/dexter_msgs/dexter_msgs/srv/detail
-- Up-to-date: /home/aditya/Cpps/Dexter/install/dexter_msgs/include/dexter_msgs/dexter_msgs/srv/detail/dispatch_item__rosidl_typesupport_fastrtps_c.h
-- Up-to-date: /home/aditya/Cpps/Dexter/install/dexter_msgs/include/dexter_msgs/dexter_msgs/srv/detail/add_two_ints__rosidl_typesupport_fastrtps_c.h
-- Installing: /home/aditya/Cpps/Dexter/install/dexter_msgs/include/dexter_msgs/dexter_msgs/srv/detail/add_item__rosidl_typesupport_fastrtps_c.h
-- Up-to-date: /home/aditya/Cpps/Dexter/install/dexter_msgs/include/dexter_msgs/dexter_msgs/srv/detail/quaternion_to_euler__rosidl_typesupport_fastrtps_c.h
-- Up-to-date: /home/aditya/Cpps/Dexter/install/dexter_msgs/include/dexter_msgs/dexter_msgs/srv/detail/euler_to_quaternion__rosidl_typesupport_fastrtps_c.h
-- Up-to-date: /home/aditya/Cpps/Dexter/install/dexter_msgs/include/dexter_msgs/dexter_msgs/action
-- Up-to-date: /home/aditya/Cpps/Dexter/install/dexter_msgs/include/dexter_msgs/dexter_msgs/action/detail
-- Installing: /home/aditya/Cpps/Dexter/install/dexter_msgs/include/dexter_msgs/dexter_msgs/action/detail/dexter_task__rosidl_typesupport_fastrtps_c.h
-- Installing: /home/aditya/Cpps/Dexter/install/dexter_msgs/include/dexter_msgs/dexter_msgs/action/detail/fibonacci__rosidl_typesupport_fastrtps_c.h
-- Installing: /home/aditya/Cpps/Dexter/install/dexter_msgs/lib/libdexter_msgs__rosidl_typesupport_fastrtps_c.so
-- Set non-toolchain portion of runtime path of "/home/aditya/Cpps/Dexter/install/dexter_msgs/lib/libdexter_msgs__rosidl_typesupport_fastrtps_c.so" to ""
-- Up-to-date: /home/aditya/Cpps/Dexter/install/dexter_msgs/include/dexter_msgs/dexter_msgs
-- Up-to-date: /home/aditya/Cpps/Dexter/install/dexter_msgs/include/dexter_msgs/dexter_msgs/msg
-- Up-to-date: /home/aditya/Cpps/Dexter/install/dexter_msgs/include/dexter_msgs/dexter_msgs/msg/rosidl_generator_cpp__visibility_control.hpp
-- Up-to-date: /home/aditya/Cpps/Dexter/install/dexter_msgs/include/dexter_msgs/dexter_msgs/srv
-- Up-to-date: /home/aditya/Cpps/Dexter/install/dexter_msgs/include/dexter_msgs/dexter_msgs/srv/dispatch_item.hpp
-- Up-to-date: /home/aditya/Cpps/Dexter/install/dexter_msgs/include/dexter_msgs/dexter_msgs/srv/quaternion_to_euler.hpp
-- Up-to-date: /home/aditya/Cpps/Dexter/install/dexter_msgs/include/dexter_msgs/dexter_msgs/srv/add_two_ints.hpp
-- Up-to-date: /home/aditya/Cpps/Dexter/install/dexter_msgs/include/dexter_msgs/dexter_msgs/srv/euler_to_quaternion.hpp
-- Up-to-date: /home/aditya/Cpps/Dexter/install/dexter_msgs/include/dexter_msgs/dexter_msgs/srv/add_item.hpp
-- Up-to-date: /home/aditya/Cpps/Dexter/install/dexter_msgs/include/dexter_msgs/dexter_msgs/srv/detail
-- Up-to-date: /home/aditya/Cpps/Dexter/install/dexter_msgs/include/dexter_msgs/dexter_msgs/srv/detail/add_two_ints__builder.hpp
-- Up-to-date: /home/aditya/Cpps/Dexter/install/dexter_msgs/include/dexter_msgs/dexter_msgs/srv/detail/quaternion_to_euler__type_support.hpp
-- Up-to-date: /home/aditya/Cpps/Dexter/install/dexter_msgs/include/dexter_msgs/dexter_msgs/srv/detail/quaternion_to_euler__traits.hpp
-- Up-to-date: /home/aditya/Cpps/Dexter/install/dexter_msgs/include/dexter_msgs/dexter_msgs/srv/detail/add_item__traits.hpp
-- Up-to-date: /home/aditya/Cpps/Dexter/install/dexter_msgs/include/dexter_msgs/dexter_msgs/srv/detail/dispatch_item__struct.hpp
-- Up-to-date: /home/aditya/Cpps/Dexter/install/dexter_msgs/include/dexter_msgs/dexter_msgs/srv/detail/dispatch_item__builder.hpp
-- Up-to-date: /home/aditya/Cpps/Dexter/install/dexter_msgs/include/dexter_msgs/dexter_msgs/srv/detail/dispatch_item__traits.hpp
-- Up-to-date: /home/aditya/Cpps/Dexter/install/dexter_msgs/include/dexter_msgs/dexter_msgs/srv/detail/euler_to_quaternion__type_support.hpp
-- Up-to-date: /home/aditya/Cpps/Dexter/install/dexter_msgs/include/dexter_msgs/dexter_msgs/srv/detail/add_two_ints__type_support.hpp
-- Up-to-date: /home/aditya/Cpps/Dexter/install/dexter_msgs/include/dexter_msgs/dexter_msgs/srv/detail/add_item__builder.hpp
-- Up-to-date: /home/aditya/Cpps/Dexter/install/dexter_msgs/include/dexter_msgs/dexter_msgs/srv/detail/add_two_ints__struct.hpp
-- Up-to-date: /home/aditya/Cpps/Dexter/install/dexter_msgs/include/dexter_msgs/dexter_msgs/srv/detail/euler_to_quaternion__struct.hpp
-- Up-to-date: /home/aditya/Cpps/Dexter/install/dexter_msgs/include/dexter_msgs/dexter_msgs/srv/detail/add_item__struct.hpp
-- Up-to-date: /home/aditya/Cpps/Dexter/install/dexter_msgs/include/dexter_msgs/dexter_msgs/srv/detail/add_two_ints__traits.hpp
-- Up-to-date: /home/aditya/Cpps/Dexter/install/dexter_msgs/include/dexter_msgs/dexter_msgs/srv/detail/add_item__type_support.hpp
-- Up-to-date: /home/aditya/Cpps/Dexter/install/dexter_msgs/include/dexter_msgs/dexter_msgs/srv/detail/quaternion_to_euler__struct.hpp
-- Up-to-date: /home/aditya/Cpps/Dexter/install/dexter_msgs/include/dexter_msgs/dexter_msgs/srv/detail/euler_to_quaternion__builder.hpp
-- Up-to-date: /home/aditya/Cpps/Dexter/install/dexter_msgs/include/dexter_msgs/dexter_msgs/srv/detail/dispatch_item__type_support.hpp
-- Up-to-date: /home/aditya/Cpps/Dexter/install/dexter_msgs/include/dexter_msgs/dexter_msgs/srv/detail/euler_to_quaternion__traits.hpp
-- Up-to-date: /home/aditya/Cpps/Dexter/install/dexter_msgs/include/dexter_msgs/dexter_msgs/srv/detail/quaternion_to_euler__builder.hpp
-- Up-to-date: /home/aditya/Cpps/Dexter/install/dexter_msgs/include/dexter_msgs/dexter_msgs/action
-- Up-to-date: /home/aditya/Cpps/Dexter/install/dexter_msgs/include/dexter_msgs/dexter_msgs/action/dexter_task.hpp
-- Up-to-date: /home/aditya/Cpps/Dexter/install/dexter_msgs/include/dexter_msgs/dexter_msgs/action/detail
-- Installing: /home/aditya/Cpps/Dexter/install/dexter_msgs/include/dexter_msgs/dexter_msgs/action/detail/fibonacci__traits.hpp
-- Installing: /home/aditya/Cpps/Dexter/install/dexter_msgs/include/dexter_msgs/dexter_msgs/action/detail/fibonacci__struct.hpp
-- Up-to-date: /home/aditya/Cpps/Dexter/install/dexter_msgs/include/dexter_msgs/dexter_msgs/action/detail/fibonacci__type_support.hpp
-- Installing: /home/aditya/Cpps/Dexter/install/dexter_msgs/include/dexter_msgs/dexter_msgs/action/detail/dexter_task__struct.hpp
-- Installing: /home/aditya/Cpps/Dexter/install/dexter_msgs/include/dexter_msgs/dexter_msgs/action/detail/fibonacci__builder.hpp
-- Installing: /home/aditya/Cpps/Dexter/install/dexter_msgs/include/dexter_msgs/dexter_msgs/action/detail/dexter_task__builder.hpp
-- Installing: /home/aditya/Cpps/Dexter/install/dexter_msgs/include/dexter_msgs/dexter_msgs/action/detail/dexter_task__type_support.hpp
-- Installing: /home/aditya/Cpps/Dexter/install/dexter_msgs/include/dexter_msgs/dexter_msgs/action/detail/dexter_task__traits.hpp
-- Up-to-date: /home/aditya/Cpps/Dexter/install/dexter_msgs/include/dexter_msgs/dexter_msgs/action/fibonacci.hpp
-- Up-to-date: /home/aditya/Cpps/Dexter/install/dexter_msgs/include/dexter_msgs/dexter_msgs
-- Up-to-date: /home/aditya/Cpps/Dexter/install/dexter_msgs/include/dexter_msgs/dexter_msgs/msg
-- Up-to-date: /home/aditya/Cpps/Dexter/install/dexter_msgs/include/dexter_msgs/dexter_msgs/msg/rosidl_typesupport_fastrtps_cpp__visibility_control.h
-- Up-to-date: /home/aditya/Cpps/Dexter/install/dexter_msgs/include/dexter_msgs/dexter_msgs/srv
-- Up-to-date: /home/aditya/Cpps/Dexter/install/dexter_msgs/include/dexter_msgs/dexter_msgs/srv/detail
-- Up-to-date: /home/aditya/Cpps/Dexter/install/dexter_msgs/include/dexter_msgs/dexter_msgs/srv/detail/euler_to_quaternion__rosidl_typesupport_fastrtps_cpp.hpp
-- Up-to-date: /home/aditya/Cpps/Dexter/install/dexter_msgs/include/dexter_msgs/dexter_msgs/srv/detail/quaternion_to_euler__rosidl_typesupport_fastrtps_cpp.hpp
-- Installing: /home/aditya/Cpps/Dexter/install/dexter_msgs/include/dexter_msgs/dexter_msgs/srv/detail/add_two_ints__rosidl_typesupport_fastrtps_cpp.hpp
-- Installing: /home/aditya/Cpps/Dexter/install/dexter_msgs/include/dexter_msgs/dexter_msgs/srv/detail/add_item__rosidl_typesupport_fastrtps_cpp.hpp
-- Up-to-date: /home/aditya/Cpps/Dexter/install/dexter_msgs/include/dexter_msgs/dexter_msgs/srv/detail/dds_fastrtps
-- Up-to-date: /home/aditya/Cpps/Dexter/install/dexter_msgs/include/dexter_msgs/dexter_msgs/srv/detail/dispatch_item__rosidl_typesupport_fastrtps_cpp.hpp
-- Up-to-date: /home/aditya/Cpps/Dexter/install/dexter_msgs/include/dexter_msgs/dexter_msgs/action
-- Up-to-date: /home/aditya/Cpps/Dexter/install/dexter_msgs/include/dexter_msgs/dexter_msgs/action/detail
-- Installing: /home/aditya/Cpps/Dexter/install/dexter_msgs/include/dexter_msgs/dexter_msgs/action/detail/dexter_task__rosidl_typesupport_fastrtps_cpp.hpp
-- Installing: /home/aditya/Cpps/Dexter/install/dexter_msgs/include/dexter_msgs/dexter_msgs/action/detail/fibonacci__rosidl_typesupport_fastrtps_cpp.hpp
-- Up-to-date: /home/aditya/Cpps/Dexter/install/dexter_msgs/include/dexter_msgs/dexter_msgs/action/detail/dds_fastrtps
-- Installing: /home/aditya/Cpps/Dexter/install/dexter_msgs/lib/libdexter_msgs__rosidl_typesupport_fastrtps_cpp.so
-- Set non-toolchain portion of runtime path of "/home/aditya/Cpps/Dexter/install/dexter_msgs/lib/libdexter_msgs__rosidl_typesupport_fastrtps_cpp.so" to ""
-- Up-to-date: /home/aditya/Cpps/Dexter/install/dexter_msgs/include/dexter_msgs/dexter_msgs
-- Up-to-date: /home/aditya/Cpps/Dexter/install/dexter_msgs/include/dexter_msgs/dexter_msgs/msg
-- Up-to-date: /home/aditya/Cpps/Dexter/install/dexter_msgs/include/dexter_msgs/dexter_msgs/msg/rosidl_typesupport_introspection_c__visibility_control.h
-- Up-to-date: /home/aditya/Cpps/Dexter/install/dexter_msgs/include/dexter_msgs/dexter_msgs/srv
-- Up-to-date: /home/aditya/Cpps/Dexter/install/dexter_msgs/include/dexter_msgs/dexter_msgs/srv/detail
-- Up-to-date: /home/aditya/Cpps/Dexter/install/dexter_msgs/include/dexter_msgs/dexter_msgs/srv/detail/add_two_ints__type_support.c
-- Up-to-date: /home/aditya/Cpps/Dexter/install/dexter_msgs/include/dexter_msgs/dexter_msgs/srv/detail/euler_to_quaternion__type_support.c
-- Up-to-date: /home/aditya/Cpps/Dexter/install/dexter_msgs/include/dexter_msgs/dexter_msgs/srv/detail/add_two_ints__rosidl_typesupport_introspection_c.h
-- Up-to-date: /home/aditya/Cpps/Dexter/install/dexter_msgs/include/dexter_msgs/dexter_msgs/srv/detail/quaternion_to_euler__type_support.c
-- Up-to-date: /home/aditya/Cpps/Dexter/install/dexter_msgs/include/dexter_msgs/dexter_msgs/srv/detail/dispatch_item__rosidl_typesupport_introspection_c.h
-- Up-to-date: /home/aditya/Cpps/Dexter/install/dexter_msgs/include/dexter_msgs/dexter_msgs/srv/detail/add_item__rosidl_typesupport_introspection_c.h
-- Up-to-date: /home/aditya/Cpps/Dexter/install/dexter_msgs/include/dexter_msgs/dexter_msgs/srv/detail/quaternion_to_euler__rosidl_typesupport_introspection_c.h
-- Up-to-date: /home/aditya/Cpps/Dexter/install/dexter_msgs/include/dexter_msgs/dexter_msgs/srv/detail/add_item__type_support.c
-- Up-to-date: /home/aditya/Cpps/Dexter/install/dexter_msgs/include/dexter_msgs/dexter_msgs/srv/detail/euler_to_quaternion__rosidl_typesupport_introspection_c.h
-- Up-to-date: /home/aditya/Cpps/Dexter/install/dexter_msgs/include/dexter_msgs/dexter_msgs/srv/detail/dispatch_item__type_support.c
-- Up-to-date: /home/aditya/Cpps/Dexter/install/dexter_msgs/include/dexter_msgs/dexter_msgs/action
-- Up-to-date: /home/aditya/Cpps/Dexter/install/dexter_msgs/include/dexter_msgs/dexter_msgs/action/detail
-- Installing: /home/aditya/Cpps/Dexter/install/dexter_msgs/include/dexter_msgs/dexter_msgs/action/detail/dexter_task__type_support.c
-- Installing: /home/aditya/Cpps/Dexter/install/dexter_msgs/include/dexter_msgs/dexter_msgs/action/detail/fibonacci__rosidl_typesupport_introspection_c.h
-- Up-to-date: /home/aditya/Cpps/Dexter/install/dexter_msgs/include/dexter_msgs/dexter_msgs/action/detail/fibonacci__type_support.c
-- Installing: /home/aditya/Cpps/Dexter/install/dexter_msgs/include/dexter_msgs/dexter_msgs/action/detail/dexter_task__rosidl_typesupport_introspection_c.h
-- Installing: /home/aditya/Cpps/Dexter/install/dexter_msgs/lib/libdexter_msgs__rosidl_typesupport_introspection_c.so
-- Set non-toolchain portion of runtime path of "/home/aditya/Cpps/Dexter/install/dexter_msgs/lib/libdexter_msgs__rosidl_typesupport_introspection_c.so" to ""
-- Installing: /home/aditya/Cpps/Dexter/install/dexter_msgs/lib/libdexter_msgs__rosidl_typesupport_c.so
-- Set non-toolchain portion of runtime path of "/home/aditya/Cpps/Dexter/install/dexter_msgs/lib/libdexter_msgs__rosidl_typesupport_c.so" to ""
-- Up-to-date: /home/aditya/Cpps/Dexter/install/dexter_msgs/include/dexter_msgs/dexter_msgs
-- Up-to-date: /home/aditya/Cpps/Dexter/install/dexter_msgs/include/dexter_msgs/dexter_msgs/srv
-- Up-to-date: /home/aditya/Cpps/Dexter/install/dexter_msgs/include/dexter_msgs/dexter_msgs/srv/detail
-- Up-to-date: /home/aditya/Cpps/Dexter/install/dexter_msgs/include/dexter_msgs/dexter_msgs/srv/detail/quaternion_to_euler__rosidl_typesupport_introspection_cpp.hpp
-- Up-to-date: /home/aditya/Cpps/Dexter/install/dexter_msgs/include/dexter_msgs/dexter_msgs/srv/detail/dispatch_item__rosidl_typesupport_introspection_cpp.hpp
-- Installing: /home/aditya/Cpps/Dexter/install/dexter_msgs/include/dexter_msgs/dexter_msgs/srv/detail/add_item__type_support.cpp
-- Up-to-date: /home/aditya/Cpps/Dexter/install/dexter_msgs/include/dexter_msgs/dexter_msgs/srv/detail/add_two_ints__rosidl_typesupport_introspection_cpp.hpp
-- Up-to-date: /home/aditya/Cpps/Dexter/install/dexter_msgs/include/dexter_msgs/dexter_msgs/srv/detail/add_two_ints__type_support.cpp
-- Up-to-date: /home/aditya/Cpps/Dexter/install/dexter_msgs/include/dexter_msgs/dexter_msgs/srv/detail/euler_to_quaternion__rosidl_typesupport_introspection_cpp.hpp
-- Up-to-date: /home/aditya/Cpps/Dexter/install/dexter_msgs/include/dexter_msgs/dexter_msgs/srv/detail/quaternion_to_euler__type_support.cpp
-- Up-to-date: /home/aditya/Cpps/Dexter/install/dexter_msgs/include/dexter_msgs/dexter_msgs/srv/detail/dispatch_item__type_support.cpp
-- Up-to-date: /home/aditya/Cpps/Dexter/install/dexter_msgs/include/dexter_msgs/dexter_msgs/srv/detail/euler_to_quaternion__type_support.cpp
-- Installing: /home/aditya/Cpps/Dexter/install/dexter_msgs/include/dexter_msgs/dexter_msgs/srv/detail/add_item__rosidl_typesupport_introspection_cpp.hpp
-- Up-to-date: /home/aditya/Cpps/Dexter/install/dexter_msgs/include/dexter_msgs/dexter_msgs/action
-- Up-to-date: /home/aditya/Cpps/Dexter/install/dexter_msgs/include/dexter_msgs/dexter_msgs/action/detail
-- Installing: /home/aditya/Cpps/Dexter/install/dexter_msgs/include/dexter_msgs/dexter_msgs/action/detail/dexter_task__rosidl_typesupport_introspection_cpp.hpp
-- Installing: /home/aditya/Cpps/Dexter/install/dexter_msgs/include/dexter_msgs/dexter_msgs/action/detail/dexter_task__type_support.cpp
-- Installing: /home/aditya/Cpps/Dexter/install/dexter_msgs/include/dexter_msgs/dexter_msgs/action/detail/fibonacci__type_support.cpp
-- Installing: /home/aditya/Cpps/Dexter/install/dexter_msgs/include/dexter_msgs/dexter_msgs/action/detail/fibonacci__rosidl_typesupport_introspection_cpp.hpp
-- Installing: /home/aditya/Cpps/Dexter/install/dexter_msgs/lib/libdexter_msgs__rosidl_typesupport_introspection_cpp.so
-- Set non-toolchain portion of runtime path of "/home/aditya/Cpps/Dexter/install/dexter_msgs/lib/libdexter_msgs__rosidl_typesupport_introspection_cpp.so" to ""
-- Installing: /home/aditya/Cpps/Dexter/install/dexter_msgs/lib/libdexter_msgs__rosidl_typesupport_cpp.so
-- Set non-toolchain portion of runtime path of "/home/aditya/Cpps/Dexter/install/dexter_msgs/lib/libdexter_msgs__rosidl_typesupport_cpp.so" to ""
-- Up-to-date: /home/aditya/Cpps/Dexter/install/dexter_msgs/share/dexter_msgs/environment/pythonpath.sh
-- Up-to-date: /home/aditya/Cpps/Dexter/install/dexter_msgs/share/dexter_msgs/environment/pythonpath.dsv
-- Up-to-date: /home/aditya/Cpps/Dexter/install/dexter_msgs/lib/python3.12/site-packages/dexter_msgs-0.0.0-py3.12.egg-info
-- Installing: /home/aditya/Cpps/Dexter/install/dexter_msgs/lib/python3.12/site-packages/dexter_msgs-0.0.0-py3.12.egg-info/SOURCES.txt
-- Installing: /home/aditya/Cpps/Dexter/install/dexter_msgs/lib/python3.12/site-packages/dexter_msgs-0.0.0-py3.12.egg-info/PKG-INFO
-- Installing: /home/aditya/Cpps/Dexter/install/dexter_msgs/lib/python3.12/site-packages/dexter_msgs-0.0.0-py3.12.egg-info/dependency_links.txt
-- Installing: /home/aditya/Cpps/Dexter/install/dexter_msgs/lib/python3.12/site-packages/dexter_msgs-0.0.0-py3.12.egg-info/top_level.txt
-- Up-to-date: /home/aditya/Cpps/Dexter/install/dexter_msgs/lib/python3.12/site-packages/dexter_msgs
-- Up-to-date: /home/aditya/Cpps/Dexter/install/dexter_msgs/lib/python3.12/site-packages/dexter_msgs/_dexter_msgs_s.ep.rosidl_typesupport_introspection_c.c
-- Installing: /home/aditya/Cpps/Dexter/install/dexter_msgs/lib/python3.12/site-packages/dexter_msgs/dexter_msgs_s__rosidl_typesupport_fastrtps_c.so
-- Installing: /home/aditya/Cpps/Dexter/install/dexter_msgs/lib/python3.12/site-packages/dexter_msgs/_dexter_msgs_s.ep.rosidl_typesupport_c.c
-- Installing: /home/aditya/Cpps/Dexter/install/dexter_msgs/lib/python3.12/site-packages/dexter_msgs/dexter_msgs_s__rosidl_typesupport_introspection_c.so
-- Up-to-date: /home/aditya/Cpps/Dexter/install/dexter_msgs/lib/python3.12/site-packages/dexter_msgs/_dexter_msgs_s.ep.rosidl_typesupport_fastrtps_c.c
-- Installing: /home/aditya/Cpps/Dexter/install/dexter_msgs/lib/python3.12/site-packages/dexter_msgs/__init__.py
-- Installing: /home/aditya/Cpps/Dexter/install/dexter_msgs/lib/python3.12/site-packages/dexter_msgs/dexter_msgs_s__rosidl_typesupport_c.so
-- Up-to-date: /home/aditya/Cpps/Dexter/install/dexter_msgs/lib/python3.12/site-packages/dexter_msgs/srv
-- Up-to-date: /home/aditya/Cpps/Dexter/install/dexter_msgs/lib/python3.12/site-packages/dexter_msgs/srv/_euler_to_quaternion_s.c
-- Up-to-date: /home/aditya/Cpps/Dexter/install/dexter_msgs/lib/python3.12/site-packages/dexter_msgs/srv/_quaternion_to_euler_s.c
-- Up-to-date: /home/aditya/Cpps/Dexter/install/dexter_msgs/lib/python3.12/site-packages/dexter_msgs/srv/_add_two_ints.py
-- Up-to-date: /home/aditya/Cpps/Dexter/install/dexter_msgs/lib/python3.12/site-packages/dexter_msgs/srv/_add_two_ints_s.c
-- Up-to-date: /home/aditya/Cpps/Dexter/install/dexter_msgs/lib/python3.12/site-packages/dexter_msgs/srv/_quaternion_to_euler.py
-- Up-to-date: /home/aditya/Cpps/Dexter/install/dexter_msgs/lib/python3.12/site-packages/dexter_msgs/srv/_dispatch_item_s.c
-- Up-to-date: /home/aditya/Cpps/Dexter/install/dexter_msgs/lib/python3.12/site-packages/dexter_msgs/srv/_add_item.py
-- Up-to-date: /home/aditya/Cpps/Dexter/install/dexter_msgs/lib/python3.12/site-packages/dexter_msgs/srv/_add_item_s.c
-- Up-to-date: /home/aditya/Cpps/Dexter/install/dexter_msgs/lib/python3.12/site-packages/dexter_msgs/srv/_dispatch_item.py
-- Up-to-date: /home/aditya/Cpps/Dexter/install/dexter_msgs/lib/python3.12/site-packages/dexter_msgs/srv/__init__.py
-- Up-to-date: /home/aditya/Cpps/Dexter/install/dexter_msgs/lib/python3.12/site-packages/dexter_msgs/srv/_euler_to_quaternion.py
-- Up-to-date: /home/aditya/Cpps/Dexter/install/dexter_msgs/lib/python3.12/site-packages/dexter_msgs/action
-- Up-to-date: /home/aditya/Cpps/Dexter/install/dexter_msgs/lib/python3.12/site-packages/dexter_msgs/action/_fibonacci.py
-- Up-to-date: /home/aditya/Cpps/Dexter/install/dexter_msgs/lib/python3.12/site-packages/dexter_msgs/action/_dexter_task.py
-- Up-to-date: /home/aditya/Cpps/Dexter/install/dexter_msgs/lib/python3.12/site-packages/dexter_msgs/action/__init__.py
-- Up-to-date: /home/aditya/Cpps/Dexter/install/dexter_msgs/lib/python3.12/site-packages/dexter_msgs/action/_fibonacci_s.c
-- Up-to-date: /home/aditya/Cpps/Dexter/install/dexter_msgs/lib/python3.12/site-packages/dexter_msgs/action/_dexter_task_s.c
Listing '/home/aditya/Cpps/Dexter/install/dexter_msgs/lib/python3.12/site-packages/dexter_msgs'...
Compiling '/home/aditya/Cpps/Dexter/install/dexter_msgs/lib/python3.12/site-packages/dexter_msgs/__init__.py'...
Listing '/home/aditya/Cpps/Dexter/install/dexter_msgs/lib/python3.12/site-packages/dexter_msgs/action'...
Compiling '/home/aditya/Cpps/Dexter/install/dexter_msgs/lib/python3.12/site-packages/dexter_msgs/action/__init__.py'...
Compiling '/home/aditya/Cpps/Dexter/install/dexter_msgs/lib/python3.12/site-packages/dexter_msgs/action/_dexter_task.py'...
Compiling '/home/aditya/Cpps/Dexter/install/dexter_msgs/lib/python3.12/site-packages/dexter_msgs/action/_fibonacci.py'...
Listing '/home/aditya/Cpps/Dexter/install/dexter_msgs/lib/python3.12/site-packages/dexter_msgs/srv'...
Compiling '/home/aditya/Cpps/Dexter/install/dexter_msgs/lib/python3.12/site-packages/dexter_msgs/srv/__init__.py'...
Compiling '/home/aditya/Cpps/Dexter/install/dexter_msgs/lib/python3.12/site-packages/dexter_msgs/srv/_add_item.py'...
Compiling '/home/aditya/Cpps/Dexter/install/dexter_msgs/lib/python3.12/site-packages/dexter_msgs/srv/_add_two_ints.py'...
Compiling '/home/aditya/Cpps/Dexter/install/dexter_msgs/lib/python3.12/site-packages/dexter_msgs/srv/_dispatch_item.py'...
Compiling '/home/aditya/Cpps/Dexter/install/dexter_msgs/lib/python3.12/site-packages/dexter_msgs/srv/_euler_to_quaternion.py'...
Compiling '/home/aditya/Cpps/Dexter/install/dexter_msgs/lib/python3.12/site-packages/dexter_msgs/srv/_quaternion_to_euler.py'...
-- Installing: /home/aditya/Cpps/Dexter/install/dexter_msgs/lib/python3.12/site-packages/dexter_msgs/dexter_msgs_s__rosidl_typesupport_fastrtps_c.so
-- Set non-toolchain portion of runtime path of "/home/aditya/Cpps/Dexter/install/dexter_msgs/lib/python3.12/site-packages/dexter_msgs/dexter_msgs_s__rosidl_typesupport_fastrtps_c.so" to ""
-- Installing: /home/aditya/Cpps/Dexter/install/dexter_msgs/lib/python3.12/site-packages/dexter_msgs/dexter_msgs_s__rosidl_typesupport_introspection_c.so
-- Set non-toolchain portion of runtime path of "/home/aditya/Cpps/Dexter/install/dexter_msgs/lib/python3.12/site-packages/dexter_msgs/dexter_msgs_s__rosidl_typesupport_introspection_c.so" to ""
-- Installing: /home/aditya/Cpps/Dexter/install/dexter_msgs/lib/python3.12/site-packages/dexter_msgs/dexter_msgs_s__rosidl_typesupport_c.so
-- Set non-toolchain portion of runtime path of "/home/aditya/Cpps/Dexter/install/dexter_msgs/lib/python3.12/site-packages/dexter_msgs/dexter_msgs_s__rosidl_typesupport_c.so" to ""
-- Installing: /home/aditya/Cpps/Dexter/install/dexter_msgs/lib/libdexter_msgs__rosidl_generator_py.so
-- Set non-toolchain portion of runtime path of "/home/aditya/Cpps/Dexter/install/dexter_msgs/lib/libdexter_msgs__rosidl_generator_py.so" to ""
-- Up-to-date: /home/aditya/Cpps/Dexter/install/dexter_msgs/share/dexter_msgs/srv/AddTwoInts.idl
-- Up-to-date: /home/aditya/Cpps/Dexter/install/dexter_msgs/share/dexter_msgs/srv/EulerToQuaternion.idl
-- Up-to-date: /home/aditya/Cpps/Dexter/install/dexter_msgs/share/dexter_msgs/srv/QuaternionToEuler.idl
-- Up-to-date: /home/aditya/Cpps/Dexter/install/dexter_msgs/share/dexter_msgs/action/Fibonacci.idl
-- Up-to-date: /home/aditya/Cpps/Dexter/install/dexter_msgs/share/dexter_msgs/action/DexterTask.idl
-- Up-to-date: /home/aditya/Cpps/Dexter/install/dexter_msgs/share/dexter_msgs/srv/DispatchItem.idl
-- Up-to-date: /home/aditya/Cpps/Dexter/install/dexter_msgs/share/dexter_msgs/srv/AddItem.idl
-- Up-to-date: /home/aditya/Cpps/Dexter/install/dexter_msgs/share/dexter_msgs/srv/AddTwoInts.srv
-- Up-to-date: /home/aditya/Cpps/Dexter/install/dexter_msgs/share/dexter_msgs/srv/EulerToQuaternion.srv
-- Up-to-date: /home/aditya/Cpps/Dexter/install/dexter_msgs/share/dexter_msgs/srv/QuaternionToEuler.srv
-- Up-to-date: /home/aditya/Cpps/Dexter/install/dexter_msgs/share/dexter_msgs/action/Fibonacci.action
-- Up-to-date: /home/aditya/Cpps/Dexter/install/dexter_msgs/share/dexter_msgs/action/DexterTask.action
-- Up-to-date: /home/aditya/Cpps/Dexter/install/dexter_msgs/share/dexter_msgs/srv/DispatchItem.srv
-- Up-to-date: /home/aditya/Cpps/Dexter/install/dexter_msgs/share/dexter_msgs/srv/AddItem.srv
-- Up-to-date: /home/aditya/Cpps/Dexter/install/dexter_msgs/share/ament_index/resource_index/package_run_dependencies/dexter_msgs
-- Up-to-date: /home/aditya/Cpps/Dexter/install/dexter_msgs/share/ament_index/resource_index/parent_prefix_path/dexter_msgs
-- Installing: /home/aditya/Cpps/Dexter/install/dexter_msgs/share/dexter_msgs/environment/ament_prefix_path.sh
-- Up-to-date: /home/aditya/Cpps/Dexter/install/dexter_msgs/share/dexter_msgs/environment/ament_prefix_path.dsv
-- Installing: /home/aditya/Cpps/Dexter/install/dexter_msgs/share/dexter_msgs/environment/path.sh
-- Up-to-date: /home/aditya/Cpps/Dexter/install/dexter_msgs/share/dexter_msgs/environment/path.dsv
-- Up-to-date: /home/aditya/Cpps/Dexter/install/dexter_msgs/share/dexter_msgs/local_setup.bash
-- Up-to-date: /home/aditya/Cpps/Dexter/install/dexter_msgs/share/dexter_msgs/local_setup.sh
-- Up-to-date: /home/aditya/Cpps/Dexter/install/dexter_msgs/share/dexter_msgs/local_setup.zsh
-- Up-to-date: /home/aditya/Cpps/Dexter/install/dexter_msgs/share/dexter_msgs/local_setup.dsv
-- Up-to-date: /home/aditya/Cpps/Dexter/install/dexter_msgs/share/dexter_msgs/package.dsv
-- Up-to-date: /home/aditya/Cpps/Dexter/install/dexter_msgs/share/ament_index/resource_index/packages/dexter_msgs
-- Up-to-date: /home/aditya/Cpps/Dexter/install/dexter_msgs/share/dexter_msgs/cmake/export_dexter_msgs__rosidl_generator_cExport.cmake
-- Up-to-date: /home/aditya/Cpps/Dexter/install/dexter_msgs/share/dexter_msgs/cmake/export_dexter_msgs__rosidl_generator_cExport-noconfig.cmake
-- Up-to-date: /home/aditya/Cpps/Dexter/install/dexter_msgs/share/dexter_msgs/cmake/export_dexter_msgs__rosidl_typesupport_fastrtps_cExport.cmake
-- Up-to-date: /home/aditya/Cpps/Dexter/install/dexter_msgs/share/dexter_msgs/cmake/export_dexter_msgs__rosidl_typesupport_fastrtps_cExport-noconfig.cmake
-- Up-to-date: /home/aditya/Cpps/Dexter/install/dexter_msgs/share/dexter_msgs/cmake/export_dexter_msgs__rosidl_generator_cppExport.cmake
-- Up-to-date: /home/aditya/Cpps/Dexter/install/dexter_msgs/share/dexter_msgs/cmake/export_dexter_msgs__rosidl_typesupport_fastrtps_cppExport.cmake
-- Up-to-date: /home/aditya/Cpps/Dexter/install/dexter_msgs/share/dexter_msgs/cmake/export_dexter_msgs__rosidl_typesupport_fastrtps_cppExport-noconfig.cmake
-- Up-to-date: /home/aditya/Cpps/Dexter/install/dexter_msgs/share/dexter_msgs/cmake/dexter_msgs__rosidl_typesupport_introspection_cExport.cmake
-- Up-to-date: /home/aditya/Cpps/Dexter/install/dexter_msgs/share/dexter_msgs/cmake/dexter_msgs__rosidl_typesupport_introspection_cExport-noconfig.cmake
-- Up-to-date: /home/aditya/Cpps/Dexter/install/dexter_msgs/share/dexter_msgs/cmake/dexter_msgs__rosidl_typesupport_cExport.cmake
-- Up-to-date: /home/aditya/Cpps/Dexter/install/dexter_msgs/share/dexter_msgs/cmake/dexter_msgs__rosidl_typesupport_cExport-noconfig.cmake
-- Up-to-date: /home/aditya/Cpps/Dexter/install/dexter_msgs/share/dexter_msgs/cmake/dexter_msgs__rosidl_typesupport_introspection_cppExport.cmake
-- Up-to-date: /home/aditya/Cpps/Dexter/install/dexter_msgs/share/dexter_msgs/cmake/dexter_msgs__rosidl_typesupport_introspection_cppExport-noconfig.cmake
-- Up-to-date: /home/aditya/Cpps/Dexter/install/dexter_msgs/share/dexter_msgs/cmake/dexter_msgs__rosidl_typesupport_cppExport.cmake
-- Up-to-date: /home/aditya/Cpps/Dexter/install/dexter_msgs/share/dexter_msgs/cmake/dexter_msgs__rosidl_typesupport_cppExport-noconfig.cmake
-- Up-to-date: /home/aditya/Cpps/Dexter/install/dexter_msgs/share/dexter_msgs/cmake/export_dexter_msgs__rosidl_generator_pyExport.cmake
-- Up-to-date: /home/aditya/Cpps/Dexter/install/dexter_msgs/share/dexter_msgs/cmake/export_dexter_msgs__rosidl_generator_pyExport-noconfig.cmake
-- Up-to-date: /home/aditya/Cpps/Dexter/install/dexter_msgs/share/dexter_msgs/cmake/rosidl_cmake-extras.cmake
-- Up-to-date: /home/aditya/Cpps/Dexter/install/dexter_msgs/share/dexter_msgs/cmake/ament_cmake_export_dependencies-extras.cmake
-- Up-to-date: /home/aditya/Cpps/Dexter/install/dexter_msgs/share/dexter_msgs/cmake/ament_cmake_export_include_directories-extras.cmake
-- Up-to-date: /home/aditya/Cpps/Dexter/install/dexter_msgs/share/dexter_msgs/cmake/ament_cmake_export_libraries-extras.cmake
-- Up-to-date: /home/aditya/Cpps/Dexter/install/dexter_msgs/share/dexter_msgs/cmake/ament_cmake_export_targets-extras.cmake
-- Up-to-date: /home/aditya/Cpps/Dexter/install/dexter_msgs/share/dexter_msgs/cmake/rosidl_cmake_export_typesupport_targets-extras.cmake
-- Up-to-date: /home/aditya/Cpps/Dexter/install/dexter_msgs/share/dexter_msgs/cmake/rosidl_cmake_export_typesupport_libraries-extras.cmake
-- Up-to-date: /home/aditya/Cpps/Dexter/install/dexter_msgs/share/dexter_msgs/cmake/dexter_msgsConfig.cmake
-- Up-to-date: /home/aditya/Cpps/Dexter/install/dexter_msgs/share/dexter_msgs/cmake/dexter_msgsConfig-version.cmake
-- Up-to-date: /home/aditya/Cpps/Dexter/install/dexter_msgs/share/dexter_msgs/package.xml
