running egg_info
writing ../build/dexter_inventory/dexter_inventory.egg-info/PKG-INFO
writing dependency_links to ../build/dexter_inventory/dexter_inventory.egg-info/dependency_links.txt
writing entry points to ../build/dexter_inventory/dexter_inventory.egg-info/entry_points.txt
writing requirements to ../build/dexter_inventory/dexter_inventory.egg-info/requires.txt
writing top-level names to ../build/dexter_inventory/dexter_inventory.egg-info/top_level.txt
reading manifest file '../build/dexter_inventory/dexter_inventory.egg-info/SOURCES.txt'
writing manifest file '../build/dexter_inventory/dexter_inventory.egg-info/SOURCES.txt'
running build
running build_py
running install
running install_lib
running install_data
copying launch/inventory.launch.py -> /home/aditya/Cpps/Dexter/install/dexter_inventory/share/dexter_inventory/launch
running install_egg_info
removing '/home/aditya/Cpps/Dexter/install/dexter_inventory/lib/python3.12/site-packages/dexter_inventory-0.1.0-py3.12.egg-info' (and everything under it)
Copying ../build/dexter_inventory/dexter_inventory.egg-info to /home/aditya/Cpps/Dexter/install/dexter_inventory/lib/python3.12/site-packages/dexter_inventory-0.1.0-py3.12.egg-info
running install_scripts
Installing inventory_node script to /home/aditya/Cpps/Dexter/install/dexter_inventory/lib/dexter_inventory
Installing seed_data script to /home/aditya/Cpps/Dexter/install/dexter_inventory/lib/dexter_inventory
Installing standalone_dashboard script to /home/aditya/Cpps/Dexter/install/dexter_inventory/lib/dexter_inventory
writing list of installed files to '/home/aditya/Cpps/Dexter/build/dexter_inventory/install.log'
