[ 50%] Built target simple_serial_transmitter
[100%] Built target simple_serial_receiver
[100%] Built target ament_cmake_python_symlink_dexter_firmware
Traceback (most recent call last):
  File "/home/aditya/Cpps/Dexter/build/dexter_firmware/ament_cmake_python/dexter_firmware/setup.py", line 1, in <module>
    from setuptools import find_packages
  File "/home/aditya/venv-ardupilot/lib/python3.12/site-packages/setuptools/__init__.py", line 21, in <module>
    import _distutils_hack.override  # noqa: F401
    ^^^^^^^^^^^^^^^^^^^^^^^^^^^^^^^
  File "/home/aditya/venv-ardupilot/lib/python3.12/site-packages/_distutils_hack/override.py", line 1, in <module>
    __import__('_distutils_hack').do_override()
  File "/home/aditya/venv-ardupilot/lib/python3.12/site-packages/_distutils_hack/__init__.py", line 89, in do_override
    ensure_local_distutils()
  File "/home/aditya/venv-ardupilot/lib/python3.12/site-packages/_distutils_hack/__init__.py", line 72, in ensure_local_distutils
    importlib.import_module('distutils')
  File "/usr/lib/python3.12/importlib/__init__.py", line 90, in import_module
    return _bootstrap._gcd_import(name[level:], package, level)
           ^^^^^^^^^^^^^^^^^^^^^^^^^^^^^^^^^^^^^^^^^^^^^^^^^^^^
  File "<frozen importlib._bootstrap>", line 1387, in _gcd_import
  File "<frozen importlib._bootstrap>", line 1360, in _find_and_load
  File "<frozen importlib._bootstrap>", line 1322, in _find_and_load_unlocked
  File "<frozen importlib._bootstrap>", line 1262, in _find_spec
  File "/home/aditya/venv-ardupilot/lib/python3.12/site-packages/_distutils_hack/__init__.py", line 109, in find_spec
    return method()
           ^^^^^^^^
  File "/home/aditya/venv-ardupilot/lib/python3.12/site-packages/_distutils_hack/__init__.py", line 120, in spec_for_distutils
    mod = importlib.import_module('setuptools._distutils')
          ^^^^^^^^^^^^^^^^^^^^^^^^^^^^^^^^^^^^^^^^^^^^^^^^
  File "/usr/lib/python3.12/importlib/__init__.py", line 90, in import_module
    return _bootstrap._gcd_import(name[level:], package, level)
           ^^^^^^^^^^^^^^^^^^^^^^^^^^^^^^^^^^^^^^^^^^^^^^^^^^^^
  File "/home/aditya/venv-ardupilot/lib/python3.12/site-packages/setuptools/_distutils/__init__.py", line 12, in <module>
    importlib.import_module('_distutils_system_mod')
  File "/usr/lib/python3.12/importlib/__init__.py", line 90, in import_module
    return _bootstrap._gcd_import(name[level:], package, level)
           ^^^^^^^^^^^^^^^^^^^^^^^^^^^^^^^^^^^^^^^^^^^^^^^^^^^^
  File "/usr/lib/python3.12/_distutils_system_mod.py", line 15, in <module>
    import distutils.command.install as orig_install
  File "/home/aditya/venv-ardupilot/lib/python3.12/site-packages/setuptools/_distutils/command/install.py", line 17, in <module>
    from ..core import Command
  File "/home/aditya/venv-ardupilot/lib/python3.12/site-packages/setuptools/_distutils/core.py", line 20, in <module>
    from .dist import Distribution
  File "/home/aditya/venv-ardupilot/lib/python3.12/site-packages/setuptools/_distutils/dist.py", line 39, in <module>
    from .fancy_getopt import FancyGetopt, translate_longopt
  File "/home/aditya/venv-ardupilot/lib/python3.12/site-packages/setuptools/_distutils/fancy_getopt.py", line 13, in <module>
    import getopt
  File "/usr/lib/python3.12/getopt.py", line 38, in <module>
    from gettext import gettext as _
  File "/usr/lib/python3.12/gettext.py", line 324, in <module>
    class GNUTranslations(NullTranslations):
KeyboardInterrupt
gmake[2]: *** [CMakeFiles/ament_cmake_python_build_dexter_firmware_egg.dir/build.make:70: CMakeFiles/ament_cmake_python_build_dexter_firmware_egg] Interrupt
gmake[1]: *** [CMakeFiles/Makefile2:168: CMakeFiles/ament_cmake_python_build_dexter_firmware_egg.dir/all] Interrupt
gmake: *** [Makefile:146: all] Interrupt
