[0.048s] Invoking command in '/home/aditya/Cpps/Dexter/build/dexter_firmware': CMAKE_PREFIX_PATH=${CMAKE_PREFIX_PATH}:/home/aditya/Cpps/Dexter/install/dexter_py_examples:/home/aditya/Cpps/Dexter/install/dexter_inventory:/home/aditya/ros2_ws/install/my_py_pkg:/opt/ros/jazzy DEBUGINFOD_URLS=https://debuginfod.ubuntu.com PS1=\[\e]0;\u@\h: \w\a\]${debian_chroot:+($debian_chroot)}\[\033[01;32m\]\u@\h\[\033[00m\]:\[\033[01;34m\]\w\[\033[00m\]\$ VIRTUAL_ENV_PROMPT=(venv-ardupilot) /usr/bin/cmake --build /home/aditya/Cpps/Dexter/build/dexter_firmware -- -j28 -l28
[0.175s] [ 50%] Built target simple_serial_transmitter
[0.178s] [100%] Built target simple_serial_receiver
[0.183s] [100%] Built target ament_cmake_python_symlink_dexter_firmware
[0.376s] Traceback (most recent call last):
[0.376s]   File "/home/aditya/Cpps/Dexter/build/dexter_firmware/ament_cmake_python/dexter_firmware/setup.py", line 1, in <module>
[0.376s]     from setuptools import find_packages
[0.376s]   File "/home/aditya/venv-ardupilot/lib/python3.12/site-packages/setuptools/__init__.py", line 21, in <module>
[0.376s]     import _distutils_hack.override  # noqa: F401
[0.376s]     ^^^^^^^^^^^^^^^^^^^^^^^^^^^^^^^
[0.377s]   File "/home/aditya/venv-ardupilot/lib/python3.12/site-packages/_distutils_hack/override.py", line 1, in <module>
[0.380s]     __import__('_distutils_hack').do_override()
[0.380s]   File "/home/aditya/venv-ardupilot/lib/python3.12/site-packages/_distutils_hack/__init__.py", line 89, in do_override
[0.380s]     ensure_local_distutils()
[0.380s]   File "/home/aditya/venv-ardupilot/lib/python3.12/site-packages/_distutils_hack/__init__.py", line 72, in ensure_local_distutils
[0.381s]     importlib.import_module('distutils')
[0.381s]   File "/usr/lib/python3.12/importlib/__init__.py", line 90, in import_module
[0.381s]     return _bootstrap._gcd_import(name[level:], package, level)
[0.381s]            ^^^^^^^^^^^^^^^^^^^^^^^^^^^^^^^^^^^^^^^^^^^^^^^^^^^^
[0.381s]   File "<frozen importlib._bootstrap>", line 1387, in _gcd_import
[0.381s]   File "<frozen importlib._bootstrap>", line 1360, in _find_and_load
[0.381s]   File "<frozen importlib._bootstrap>", line 1322, in _find_and_load_unlocked
[0.381s]   File "<frozen importlib._bootstrap>", line 1262, in _find_spec
[0.381s]   File "/home/aditya/venv-ardupilot/lib/python3.12/site-packages/_distutils_hack/__init__.py", line 109, in find_spec
[0.382s]     return method()
[0.382s]            ^^^^^^^^
[0.382s]   File "/home/aditya/venv-ardupilot/lib/python3.12/site-packages/_distutils_hack/__init__.py", line 120, in spec_for_distutils
[0.382s]     mod = importlib.import_module('setuptools._distutils')
[0.382s]           ^^^^^^^^^^^^^^^^^^^^^^^^^^^^^^^^^^^^^^^^^^^^^^^^
[0.382s]   File "/usr/lib/python3.12/importlib/__init__.py", line 90, in import_module
[0.382s]     return _bootstrap._gcd_import(name[level:], package, level)
[0.382s]            ^^^^^^^^^^^^^^^^^^^^^^^^^^^^^^^^^^^^^^^^^^^^^^^^^^^^
[0.382s]   File "/home/aditya/venv-ardupilot/lib/python3.12/site-packages/setuptools/_distutils/__init__.py", line 12, in <module>
[0.383s]     importlib.import_module('_distutils_system_mod')
[0.383s]   File "/usr/lib/python3.12/importlib/__init__.py", line 90, in import_module
[0.383s]     return _bootstrap._gcd_import(name[level:], package, level)
[0.383s]            ^^^^^^^^^^^^^^^^^^^^^^^^^^^^^^^^^^^^^^^^^^^^^^^^^^^^
[0.384s]   File "/usr/lib/python3.12/_distutils_system_mod.py", line 15, in <module>
[0.384s]     import distutils.command.install as orig_install
[0.384s]   File "/home/aditya/venv-ardupilot/lib/python3.12/site-packages/setuptools/_distutils/command/install.py", line 17, in <module>
[0.385s]     from ..core import Command
[0.385s]   File "/home/aditya/venv-ardupilot/lib/python3.12/site-packages/setuptools/_distutils/core.py", line 20, in <module>
[0.385s]     from .dist import Distribution
[0.387s]   File "/home/aditya/venv-ardupilot/lib/python3.12/site-packages/setuptools/_distutils/dist.py", line 39, in <module>
[0.387s]     from .fancy_getopt import FancyGetopt, translate_longopt
[0.387s]   File "/home/aditya/venv-ardupilot/lib/python3.12/site-packages/setuptools/_distutils/fancy_getopt.py", line 13, in <module>
[0.387s]     import getopt
[0.388s]   File "/usr/lib/python3.12/getopt.py", line 38, in <module>
[0.388s]     from gettext import gettext as _
[0.388s]   File "/usr/lib/python3.12/gettext.py", line 324, in <module>
[0.388s]     class GNUTranslations(NullTranslations):
[0.389s] KeyboardInterrupt
[0.403s] gmake[2]: *** [CMakeFiles/ament_cmake_python_build_dexter_firmware_egg.dir/build.make:70: CMakeFiles/ament_cmake_python_build_dexter_firmware_egg] Interrupt
[0.403s] gmake[1]: *** [CMakeFiles/Makefile2:168: CMakeFiles/ament_cmake_python_build_dexter_firmware_egg.dir/all] Interrupt
[0.404s] gmake: *** [Makefile:146: all] Interrupt
