[0.022s] Invoking command in '/home/aditya/Cpps/Dexter/build/dexter_controller': CMAKE_PREFIX_PATH=/home/aditya/Cpps/Dexter/install/dexter_description:/home/aditya/Cpps/Dexter/install/dexter_utils:/home/aditya/Cpps/Dexter/install/dexter_bringup:/home/aditya/Cpps/Dexter/install/dexter_remote:/home/aditya/Cpps/Dexter/install/dexter_cpp_examples:/home/aditya/Cpps/Dexter/install/dexter_msgs:/home/aditya/Cpps/Dexter/install/dexter_moveit:/home/aditya/Cpps/Dexter/install/dexter_firmware:/home/aditya/Cpps/Dexter/install/dexter_controller:/home/aditya/ros2_ws/install/my_robot_bringup:/home/aditya/ros2_ws/install/my_cpp_pkg:/home/aditya/ros2_ws/install/my_robot_interfaces:/opt/ros/jazzy/opt/gz_sim_vendor:/opt/ros/jazzy/opt/gz_sensors_vendor:/opt/ros/jazzy/opt/gz_physics_vendor:/opt/ros/jazzy/opt/sdformat_vendor:/opt/ros/jazzy/opt/gz_gui_vendor:/opt/ros/jazzy/opt/gz_transport_vendor:/opt/ros/jazzy/opt/gz_rendering_vendor:/opt/ros/jazzy/opt/gz_plugin_vendor:/opt/ros/jazzy/opt/gz_fuel_tools_vendor:/opt/ros/jazzy/opt/gz_msgs_vendor:/opt/ros/jazzy/opt/gz_common_vendor:/opt/ros/jazzy/opt/gz_math_vendor:/opt/ros/jazzy/opt/gz_utils_vendor:/opt/ros/jazzy/opt/gz_tools_vendor:/opt/ros/jazzy/opt/gz_ogre_next_vendor:/opt/ros/jazzy/opt/gz_dartsim_vendor:/opt/ros/jazzy/opt/gz_cmake_vendor:/home/aditya/Cpps/Dexter/install/dexter_py_examples:/home/aditya/Cpps/Dexter/install/dexter_inventory:/home/aditya/ros2_ws/install/my_py_pkg:/opt/ros/jazzy DEBUGINFOD_URLS=https://debuginfod.ubuntu.com PS1=\[\e]0;\u@\h: \w\a\]${debian_chroot:+($debian_chroot)}\[\033[01;32m\]\u@\h\[\033[00m\]:\[\033[01;34m\]\w\[\033[00m\]\$ VIRTUAL_ENV_PROMPT=(venv-ardupilot) /usr/bin/cmake --build /home/aditya/Cpps/Dexter/build/dexter_controller -- -j28 -l28
[0.138s] [  0%] Built target ament_cmake_python_symlink_dexter_controller
[0.139s] [ 50%] Built target slider_control
[0.146s] [100%] Built target dexter_controller
[0.659s] running egg_info
[0.715s] writing dexter_controller.egg-info/PKG-INFO
[0.716s] writing dependency_links to dexter_controller.egg-info/dependency_links.txt
[0.717s] writing top-level names to dexter_controller.egg-info/top_level.txt
[0.839s] reading manifest file 'dexter_controller.egg-info/SOURCES.txt'
[0.841s] writing manifest file 'dexter_controller.egg-info/SOURCES.txt'
[0.897s] [100%] Built target ament_cmake_python_build_dexter_controller_egg
[0.946s] Invoked command in '/home/aditya/Cpps/Dexter/build/dexter_controller' returned '0': CMAKE_PREFIX_PATH=/home/aditya/Cpps/Dexter/install/dexter_description:/home/aditya/Cpps/Dexter/install/dexter_utils:/home/aditya/Cpps/Dexter/install/dexter_bringup:/home/aditya/Cpps/Dexter/install/dexter_remote:/home/aditya/Cpps/Dexter/install/dexter_cpp_examples:/home/aditya/Cpps/Dexter/install/dexter_msgs:/home/aditya/Cpps/Dexter/install/dexter_moveit:/home/aditya/Cpps/Dexter/install/dexter_firmware:/home/aditya/Cpps/Dexter/install/dexter_controller:/home/aditya/ros2_ws/install/my_robot_bringup:/home/aditya/ros2_ws/install/my_cpp_pkg:/home/aditya/ros2_ws/install/my_robot_interfaces:/opt/ros/jazzy/opt/gz_sim_vendor:/opt/ros/jazzy/opt/gz_sensors_vendor:/opt/ros/jazzy/opt/gz_physics_vendor:/opt/ros/jazzy/opt/sdformat_vendor:/opt/ros/jazzy/opt/gz_gui_vendor:/opt/ros/jazzy/opt/gz_transport_vendor:/opt/ros/jazzy/opt/gz_rendering_vendor:/opt/ros/jazzy/opt/gz_plugin_vendor:/opt/ros/jazzy/opt/gz_fuel_tools_vendor:/opt/ros/jazzy/opt/gz_msgs_vendor:/opt/ros/jazzy/opt/gz_common_vendor:/opt/ros/jazzy/opt/gz_math_vendor:/opt/ros/jazzy/opt/gz_utils_vendor:/opt/ros/jazzy/opt/gz_tools_vendor:/opt/ros/jazzy/opt/gz_ogre_next_vendor:/opt/ros/jazzy/opt/gz_dartsim_vendor:/opt/ros/jazzy/opt/gz_cmake_vendor:/home/aditya/Cpps/Dexter/install/dexter_py_examples:/home/aditya/Cpps/Dexter/install/dexter_inventory:/home/aditya/ros2_ws/install/my_py_pkg:/opt/ros/jazzy DEBUGINFOD_URLS=https://debuginfod.ubuntu.com PS1=\[\e]0;\u@\h: \w\a\]${debian_chroot:+($debian_chroot)}\[\033[01;32m\]\u@\h\[\033[00m\]:\[\033[01;34m\]\w\[\033[00m\]\$ VIRTUAL_ENV_PROMPT=(venv-ardupilot) /usr/bin/cmake --build /home/aditya/Cpps/Dexter/build/dexter_controller -- -j28 -l28
[0.949s] Invoking command in '/home/aditya/Cpps/Dexter/build/dexter_controller': CMAKE_PREFIX_PATH=/home/aditya/Cpps/Dexter/install/dexter_description:/home/aditya/Cpps/Dexter/install/dexter_utils:/home/aditya/Cpps/Dexter/install/dexter_bringup:/home/aditya/Cpps/Dexter/install/dexter_remote:/home/aditya/Cpps/Dexter/install/dexter_cpp_examples:/home/aditya/Cpps/Dexter/install/dexter_msgs:/home/aditya/Cpps/Dexter/install/dexter_moveit:/home/aditya/Cpps/Dexter/install/dexter_firmware:/home/aditya/Cpps/Dexter/install/dexter_controller:/home/aditya/ros2_ws/install/my_robot_bringup:/home/aditya/ros2_ws/install/my_cpp_pkg:/home/aditya/ros2_ws/install/my_robot_interfaces:/opt/ros/jazzy/opt/gz_sim_vendor:/opt/ros/jazzy/opt/gz_sensors_vendor:/opt/ros/jazzy/opt/gz_physics_vendor:/opt/ros/jazzy/opt/sdformat_vendor:/opt/ros/jazzy/opt/gz_gui_vendor:/opt/ros/jazzy/opt/gz_transport_vendor:/opt/ros/jazzy/opt/gz_rendering_vendor:/opt/ros/jazzy/opt/gz_plugin_vendor:/opt/ros/jazzy/opt/gz_fuel_tools_vendor:/opt/ros/jazzy/opt/gz_msgs_vendor:/opt/ros/jazzy/opt/gz_common_vendor:/opt/ros/jazzy/opt/gz_math_vendor:/opt/ros/jazzy/opt/gz_utils_vendor:/opt/ros/jazzy/opt/gz_tools_vendor:/opt/ros/jazzy/opt/gz_ogre_next_vendor:/opt/ros/jazzy/opt/gz_dartsim_vendor:/opt/ros/jazzy/opt/gz_cmake_vendor:/home/aditya/Cpps/Dexter/install/dexter_py_examples:/home/aditya/Cpps/Dexter/install/dexter_inventory:/home/aditya/ros2_ws/install/my_py_pkg:/opt/ros/jazzy DEBUGINFOD_URLS=https://debuginfod.ubuntu.com PS1=\[\e]0;\u@\h: \w\a\]${debian_chroot:+($debian_chroot)}\[\033[01;32m\]\u@\h\[\033[00m\]:\[\033[01;34m\]\w\[\033[00m\]\$ VIRTUAL_ENV_PROMPT=(venv-ardupilot) /usr/bin/cmake --install /home/aditya/Cpps/Dexter/build/dexter_controller
[0.986s] -- Install configuration: ""
[0.986s] -- Execute custom install script
[0.987s] -- Up-to-date symlink: /home/aditya/Cpps/Dexter/install/dexter_controller/share/dexter_controller//dexter_controller.xml
[0.987s] -- Up-to-date symlink: /home/aditya/Cpps/Dexter/install/dexter_controller/share/dexter_controller/environment/pythonpath.sh
[0.987s] -- Up-to-date symlink: /home/aditya/Cpps/Dexter/install/dexter_controller/share/dexter_controller/environment/pythonpath.dsv
[0.987s] -- Up-to-date symlink: /home/aditya/Cpps/Dexter/install/dexter_controller/lib/python3.12/site-packages/dexter_controller-0.0.0-py3.12.egg-info/PKG-INFO
[0.988s] -- Up-to-date symlink: /home/aditya/Cpps/Dexter/install/dexter_controller/lib/python3.12/site-packages/dexter_controller-0.0.0-py3.12.egg-info/SOURCES.txt
[0.988s] -- Up-to-date symlink: /home/aditya/Cpps/Dexter/install/dexter_controller/lib/python3.12/site-packages/dexter_controller-0.0.0-py3.12.egg-info/dependency_links.txt
[0.988s] -- Up-to-date symlink: /home/aditya/Cpps/Dexter/install/dexter_controller/lib/python3.12/site-packages/dexter_controller-0.0.0-py3.12.egg-info/top_level.txt
[0.988s] -- Up-to-date symlink: /home/aditya/Cpps/Dexter/install/dexter_controller/lib/python3.12/site-packages/dexter_controller/__init__.py
[0.989s] -- Up-to-date symlink: /home/aditya/Cpps/Dexter/install/dexter_controller/lib/python3.12/site-packages/dexter_controller/slider_control.py
[0.989s] -- Up-to-date symlink: /home/aditya/Cpps/Dexter/install/dexter_controller/lib/dexter_controller/slider_control
[0.989s] -- Up-to-date symlink: /home/aditya/Cpps/Dexter/install/dexter_controller/lib/libdexter_controller.so
[0.989s] -- Up-to-date symlink: /home/aditya/Cpps/Dexter/install/dexter_controller/include/include/dexter_controller/dexter_interface.hpp
[0.990s] -- Up-to-date symlink: /home/aditya/Cpps/Dexter/install/dexter_controller/share/dexter_controller/launch/controller.launch.py
[0.990s] -- Up-to-date symlink: /home/aditya/Cpps/Dexter/install/dexter_controller/share/dexter_controller/launch/slider_controller.launch.py
[0.990s] -- Up-to-date symlink: /home/aditya/Cpps/Dexter/install/dexter_controller/share/dexter_controller/config/dexter_controllers.yaml
[0.990s] -- Up-to-date symlink: /home/aditya/Cpps/Dexter/install/dexter_controller/lib/dexter_controller/slider_control.py
[0.991s] -- Up-to-date symlink: /home/aditya/Cpps/Dexter/install/dexter_controller/share/dexter_controller/environment/library_path.sh
[0.991s] -- Up-to-date symlink: /home/aditya/Cpps/Dexter/install/dexter_controller/share/dexter_controller/environment/library_path.dsv
[0.991s] -- Up-to-date symlink: /home/aditya/Cpps/Dexter/install/dexter_controller/share/ament_index/resource_index/package_run_dependencies/dexter_controller
[0.991s] -- Up-to-date symlink: /home/aditya/Cpps/Dexter/install/dexter_controller/share/ament_index/resource_index/parent_prefix_path/dexter_controller
[0.992s] -- Up-to-date symlink: /home/aditya/Cpps/Dexter/install/dexter_controller/share/dexter_controller/environment/ament_prefix_path.sh
[0.992s] -- Up-to-date symlink: /home/aditya/Cpps/Dexter/install/dexter_controller/share/dexter_controller/environment/ament_prefix_path.dsv
[0.992s] -- Up-to-date symlink: /home/aditya/Cpps/Dexter/install/dexter_controller/share/dexter_controller/environment/path.sh
[0.992s] -- Up-to-date symlink: /home/aditya/Cpps/Dexter/install/dexter_controller/share/dexter_controller/environment/path.dsv
[0.993s] -- Up-to-date symlink: /home/aditya/Cpps/Dexter/install/dexter_controller/share/dexter_controller/local_setup.bash
[0.993s] -- Up-to-date symlink: /home/aditya/Cpps/Dexter/install/dexter_controller/share/dexter_controller/local_setup.sh
[0.993s] -- Up-to-date symlink: /home/aditya/Cpps/Dexter/install/dexter_controller/share/dexter_controller/local_setup.zsh
[0.993s] -- Up-to-date symlink: /home/aditya/Cpps/Dexter/install/dexter_controller/share/dexter_controller/local_setup.dsv
[0.994s] -- Symlinking: /home/aditya/Cpps/Dexter/install/dexter_controller/share/dexter_controller/package.dsv
[0.998s] -- Up-to-date symlink: /home/aditya/Cpps/Dexter/install/dexter_controller/share/ament_index/resource_index/packages/dexter_controller
[0.999s] -- Up-to-date symlink: /home/aditya/Cpps/Dexter/install/dexter_controller/share/ament_index/resource_index/hardware_interface__pluginlib__plugin/dexter_controller
[0.999s] -- Up-to-date symlink: /home/aditya/Cpps/Dexter/install/dexter_controller/share/dexter_controller/cmake/ament_cmake_export_include_directories-extras.cmake
[1.000s] -- Up-to-date symlink: /home/aditya/Cpps/Dexter/install/dexter_controller/share/dexter_controller/cmake/ament_cmake_export_libraries-extras.cmake
[1.000s] -- Up-to-date symlink: /home/aditya/Cpps/Dexter/install/dexter_controller/share/dexter_controller/cmake/ament_cmake_export_dependencies-extras.cmake
[1.000s] -- Up-to-date symlink: /home/aditya/Cpps/Dexter/install/dexter_controller/share/dexter_controller/cmake/dexter_controllerConfig.cmake
[1.000s] -- Up-to-date symlink: /home/aditya/Cpps/Dexter/install/dexter_controller/share/dexter_controller/cmake/dexter_controllerConfig-version.cmake
[1.001s] -- Up-to-date symlink: /home/aditya/Cpps/Dexter/install/dexter_controller/share/dexter_controller/package.xml
[1.093s] Listing '/home/aditya/Cpps/Dexter/install/dexter_controller/lib/python3.12/site-packages/dexter_controller'...
[1.425s] Invoked command in '/home/aditya/Cpps/Dexter/build/dexter_controller' returned '0': CMAKE_PREFIX_PATH=/home/aditya/Cpps/Dexter/install/dexter_description:/home/aditya/Cpps/Dexter/install/dexter_utils:/home/aditya/Cpps/Dexter/install/dexter_bringup:/home/aditya/Cpps/Dexter/install/dexter_remote:/home/aditya/Cpps/Dexter/install/dexter_cpp_examples:/home/aditya/Cpps/Dexter/install/dexter_msgs:/home/aditya/Cpps/Dexter/install/dexter_moveit:/home/aditya/Cpps/Dexter/install/dexter_firmware:/home/aditya/Cpps/Dexter/install/dexter_controller:/home/aditya/ros2_ws/install/my_robot_bringup:/home/aditya/ros2_ws/install/my_cpp_pkg:/home/aditya/ros2_ws/install/my_robot_interfaces:/opt/ros/jazzy/opt/gz_sim_vendor:/opt/ros/jazzy/opt/gz_sensors_vendor:/opt/ros/jazzy/opt/gz_physics_vendor:/opt/ros/jazzy/opt/sdformat_vendor:/opt/ros/jazzy/opt/gz_gui_vendor:/opt/ros/jazzy/opt/gz_transport_vendor:/opt/ros/jazzy/opt/gz_rendering_vendor:/opt/ros/jazzy/opt/gz_plugin_vendor:/opt/ros/jazzy/opt/gz_fuel_tools_vendor:/opt/ros/jazzy/opt/gz_msgs_vendor:/opt/ros/jazzy/opt/gz_common_vendor:/opt/ros/jazzy/opt/gz_math_vendor:/opt/ros/jazzy/opt/gz_utils_vendor:/opt/ros/jazzy/opt/gz_tools_vendor:/opt/ros/jazzy/opt/gz_ogre_next_vendor:/opt/ros/jazzy/opt/gz_dartsim_vendor:/opt/ros/jazzy/opt/gz_cmake_vendor:/home/aditya/Cpps/Dexter/install/dexter_py_examples:/home/aditya/Cpps/Dexter/install/dexter_inventory:/home/aditya/ros2_ws/install/my_py_pkg:/opt/ros/jazzy DEBUGINFOD_URLS=https://debuginfod.ubuntu.com PS1=\[\e]0;\u@\h: \w\a\]${debian_chroot:+($debian_chroot)}\[\033[01;32m\]\u@\h\[\033[00m\]:\[\033[01;34m\]\w\[\033[00m\]\$ VIRTUAL_ENV_PROMPT=(venv-ardupilot) /usr/bin/cmake --install /home/aditya/Cpps/Dexter/build/dexter_controller
