[1.935s] Invoking command in '/home/aditya/Cpps/Dexter/dexter_inventory': AMENT_PREFIX_PATH=/home/aditya/Cpps/Dexter/install/dexter_moveit:/home/aditya/Cpps/Dexter/install/dexter_msgs:/home/aditya/Cpps/Dexter/install/dexter_description:${AMENT_PREFIX_PATH} CMAKE_PREFIX_PATH=/home/aditya/Cpps/Dexter/install/dexter_moveit:/home/aditya/Cpps/Dexter/install/dexter_msgs:/home/aditya/Cpps/Dexter/install/dexter_description:${CMAKE_PREFIX_PATH} DEBUGINFOD_URLS=https://debuginfod.ubuntu.com LD_LIBRARY_PATH=/home/aditya/Cpps/Dexter/install/dexter_msgs/lib:${LD_LIBRARY_PATH} PS1=\[\e]0;\u@\h: \w\a\]${debian_chroot:+($debian_chroot)}\[\033[01;32m\]\u@\h\[\033[00m\]:\[\033[01;34m\]\w\[\033[00m\]\$ PYTHONPATH=/home/aditya/Cpps/Dexter/build/dexter_inventory/prefix_override:/usr/lib/python3/dist-packages/colcon_core/task/python/colcon_distutils_commands:/home/aditya/Cpps/Dexter/install/dexter_inventory/lib/python3.12/site-packages:/home/aditya/Cpps/Dexter/install/dexter_msgs/lib/python3.12/site-packages:${PYTHONPATH} VIRTUAL_ENV_PROMPT=(venv-ardupilot) /usr/bin/python3 -W ignore:setup.py install is deprecated -W ignore:easy_install command is deprecated setup.py egg_info --egg-base ../build/dexter_inventory build --build-base /home/aditya/Cpps/Dexter/build/dexter_inventory/build install --record /home/aditya/Cpps/Dexter/build/dexter_inventory/install.log --single-version-externally-managed install_data
[2.308s] running egg_info
[2.332s] writing ../build/dexter_inventory/dexter_inventory.egg-info/PKG-INFO
[2.335s] writing dependency_links to ../build/dexter_inventory/dexter_inventory.egg-info/dependency_links.txt
[2.336s] writing entry points to ../build/dexter_inventory/dexter_inventory.egg-info/entry_points.txt
[2.336s] writing requirements to ../build/dexter_inventory/dexter_inventory.egg-info/requires.txt
[2.336s] writing top-level names to ../build/dexter_inventory/dexter_inventory.egg-info/top_level.txt
[2.386s] reading manifest file '../build/dexter_inventory/dexter_inventory.egg-info/SOURCES.txt'
[2.387s] writing manifest file '../build/dexter_inventory/dexter_inventory.egg-info/SOURCES.txt'
[2.387s] running build
[2.387s] running build_py
[2.389s] running install
[2.399s] running install_lib
[2.430s] running install_data
[2.430s] running install_egg_info
[2.456s] removing '/home/aditya/Cpps/Dexter/install/dexter_inventory/lib/python3.12/site-packages/dexter_inventory-0.1.0-py3.12.egg-info' (and everything under it)
[2.457s] Copying ../build/dexter_inventory/dexter_inventory.egg-info to /home/aditya/Cpps/Dexter/install/dexter_inventory/lib/python3.12/site-packages/dexter_inventory-0.1.0-py3.12.egg-info
[2.458s] running install_scripts
[2.634s] Installing aruco_box_detector script to /home/aditya/Cpps/Dexter/install/dexter_inventory/lib/dexter_inventory
[2.644s] Installing inventory_node script to /home/aditya/Cpps/Dexter/install/dexter_inventory/lib/dexter_inventory
[2.644s] Installing seed_data script to /home/aditya/Cpps/Dexter/install/dexter_inventory/lib/dexter_inventory
[2.645s] Installing standalone_dashboard script to /home/aditya/Cpps/Dexter/install/dexter_inventory/lib/dexter_inventory
[2.645s] writing list of installed files to '/home/aditya/Cpps/Dexter/build/dexter_inventory/install.log'
[2.682s] Invoked command in '/home/aditya/Cpps/Dexter/dexter_inventory' returned '0': AMENT_PREFIX_PATH=/home/aditya/Cpps/Dexter/install/dexter_moveit:/home/aditya/Cpps/Dexter/install/dexter_msgs:/home/aditya/Cpps/Dexter/install/dexter_description:${AMENT_PREFIX_PATH} CMAKE_PREFIX_PATH=/home/aditya/Cpps/Dexter/install/dexter_moveit:/home/aditya/Cpps/Dexter/install/dexter_msgs:/home/aditya/Cpps/Dexter/install/dexter_description:${CMAKE_PREFIX_PATH} DEBUGINFOD_URLS=https://debuginfod.ubuntu.com LD_LIBRARY_PATH=/home/aditya/Cpps/Dexter/install/dexter_msgs/lib:${LD_LIBRARY_PATH} PS1=\[\e]0;\u@\h: \w\a\]${debian_chroot:+($debian_chroot)}\[\033[01;32m\]\u@\h\[\033[00m\]:\[\033[01;34m\]\w\[\033[00m\]\$ PYTHONPATH=/home/aditya/Cpps/Dexter/build/dexter_inventory/prefix_override:/usr/lib/python3/dist-packages/colcon_core/task/python/colcon_distutils_commands:/home/aditya/Cpps/Dexter/install/dexter_inventory/lib/python3.12/site-packages:/home/aditya/Cpps/Dexter/install/dexter_msgs/lib/python3.12/site-packages:${PYTHONPATH} VIRTUAL_ENV_PROMPT=(venv-ardupilot) /usr/bin/python3 -W ignore:setup.py install is deprecated -W ignore:easy_install command is deprecated setup.py egg_info --egg-base ../build/dexter_inventory build --build-base /home/aditya/Cpps/Dexter/build/dexter_inventory/build install --record /home/aditya/Cpps/Dexter/build/dexter_inventory/install.log --single-version-externally-managed install_data
