[0.032s] Invoking command in '/home/aditya/Cpps/Dexter/build/dexter_msgs': CMAKE_PREFIX_PATH=${CMAKE_PREFIX_PATH}:/home/aditya/Cpps/Dexter/install/dexter_py_examples:/home/aditya/Cpps/Dexter/install/dexter_inventory:/home/aditya/ros2_ws/install/my_py_pkg:/opt/ros/jazzy DEBUGINFOD_URLS=https://debuginfod.ubuntu.com PS1=\[\e]0;\u@\h: \w\a\]${debian_chroot:+($debian_chroot)}\[\033[01;32m\]\u@\h\[\033[00m\]:\[\033[01;34m\]\w\[\033[00m\]\$ VIRTUAL_ENV_PROMPT=(venv-ardupilot) /usr/bin/cmake --build /home/aditya/Cpps/Dexter/build/dexter_msgs -- -j28 -l28
[0.156s] [  1%] Built target dexter_msgs__rosidl_generator_type_description
[0.177s] [  1%] Built target ament_cmake_python_symlink_dexter_msgs
[0.204s] [  2%] Built target dexter_msgs__cpp
[0.212s] [ 26%] Built target dexter_msgs__rosidl_generator_c
[0.250s] [ 38%] Built target dexter_msgs__rosidl_typesupport_introspection_c
[0.251s] [ 45%] Built target dexter_msgs__rosidl_typesupport_c
[0.259s] [ 55%] Built target dexter_msgs__rosidl_typesupport_introspection_cpp
[0.265s] [ 64%] Built target dexter_msgs__rosidl_typesupport_cpp
[0.265s] [ 74%] Built target dexter_msgs__rosidl_typesupport_fastrtps_c
[0.270s] [ 84%] Built target dexter_msgs__rosidl_typesupport_fastrtps_cpp
[0.309s] [ 84%] Built target dexter_msgs
[0.349s] [ 85%] Built target dexter_msgs__py
[0.405s] [ 93%] Built target dexter_msgs__rosidl_generator_py
[0.456s] [ 97%] Built target dexter_msgs_s__rosidl_typesupport_c
[0.456s] [ 97%] Built target dexter_msgs_s__rosidl_typesupport_fastrtps_c
[0.460s] [100%] Built target dexter_msgs_s__rosidl_typesupport_introspection_c
[0.621s] running egg_info
[0.653s] writing dexter_msgs.egg-info/PKG-INFO
[0.654s] writing dependency_links to dexter_msgs.egg-info/dependency_links.txt
[0.654s] writing top-level names to dexter_msgs.egg-info/top_level.txt
[0.751s] reading manifest file 'dexter_msgs.egg-info/SOURCES.txt'
[0.753s] writing manifest file 'dexter_msgs.egg-info/SOURCES.txt'
[0.818s] [100%] Built target ament_cmake_python_build_dexter_msgs_egg
[0.853s] Invoked command in '/home/aditya/Cpps/Dexter/build/dexter_msgs' returned '0': CMAKE_PREFIX_PATH=${CMAKE_PREFIX_PATH}:/home/aditya/Cpps/Dexter/install/dexter_py_examples:/home/aditya/Cpps/Dexter/install/dexter_inventory:/home/aditya/ros2_ws/install/my_py_pkg:/opt/ros/jazzy DEBUGINFOD_URLS=https://debuginfod.ubuntu.com PS1=\[\e]0;\u@\h: \w\a\]${debian_chroot:+($debian_chroot)}\[\033[01;32m\]\u@\h\[\033[00m\]:\[\033[01;34m\]\w\[\033[00m\]\$ VIRTUAL_ENV_PROMPT=(venv-ardupilot) /usr/bin/cmake --build /home/aditya/Cpps/Dexter/build/dexter_msgs -- -j28 -l28
[0.858s] Invoking command in '/home/aditya/Cpps/Dexter/build/dexter_msgs': CMAKE_PREFIX_PATH=${CMAKE_PREFIX_PATH}:/home/aditya/Cpps/Dexter/install/dexter_py_examples:/home/aditya/Cpps/Dexter/install/dexter_inventory:/home/aditya/ros2_ws/install/my_py_pkg:/opt/ros/jazzy DEBUGINFOD_URLS=https://debuginfod.ubuntu.com PS1=\[\e]0;\u@\h: \w\a\]${debian_chroot:+($debian_chroot)}\[\033[01;32m\]\u@\h\[\033[00m\]:\[\033[01;34m\]\w\[\033[00m\]\$ VIRTUAL_ENV_PROMPT=(venv-ardupilot) /usr/bin/cmake --install /home/aditya/Cpps/Dexter/build/dexter_msgs
[0.885s] -- Install configuration: ""
[0.887s] -- Execute custom install script
[0.888s] -- Up-to-date symlink: /home/aditya/Cpps/Dexter/install/dexter_msgs/share/ament_index/resource_index/rosidl_interfaces/dexter_msgs
[0.888s] -- Up-to-date symlink: /home/aditya/Cpps/Dexter/install/dexter_msgs/share/dexter_msgs/srv/AddTwoInts.json
[0.889s] -- Up-to-date symlink: /home/aditya/Cpps/Dexter/install/dexter_msgs/share/dexter_msgs/srv/EulerToQuaternion.json
[0.889s] -- Up-to-date symlink: /home/aditya/Cpps/Dexter/install/dexter_msgs/share/dexter_msgs/srv/QuaternionToEuler.json
[0.889s] -- Up-to-date symlink: /home/aditya/Cpps/Dexter/install/dexter_msgs/share/dexter_msgs/action/Fibonacci.json
[0.890s] -- Up-to-date symlink: /home/aditya/Cpps/Dexter/install/dexter_msgs/share/dexter_msgs/action/DexterTask.json
[0.890s] -- Up-to-date symlink: /home/aditya/Cpps/Dexter/install/dexter_msgs/share/dexter_msgs/srv/DispatchItem.json
[0.890s] -- Up-to-date symlink: /home/aditya/Cpps/Dexter/install/dexter_msgs/share/dexter_msgs/srv/AddItem.json
[0.892s] -- Up-to-date symlink: /home/aditya/Cpps/Dexter/install/dexter_msgs/include/dexter_msgs/dexter_msgs/action/detail/dexter_task__functions.h
[0.892s] -- Up-to-date symlink: /home/aditya/Cpps/Dexter/install/dexter_msgs/include/dexter_msgs/dexter_msgs/action/detail/dexter_task__struct.h
[0.893s] -- Up-to-date symlink: /home/aditya/Cpps/Dexter/install/dexter_msgs/include/dexter_msgs/dexter_msgs/action/detail/dexter_task__type_support.h
[0.893s] -- Up-to-date symlink: /home/aditya/Cpps/Dexter/install/dexter_msgs/include/dexter_msgs/dexter_msgs/action/detail/fibonacci__functions.h
[0.893s] -- Up-to-date symlink: /home/aditya/Cpps/Dexter/install/dexter_msgs/include/dexter_msgs/dexter_msgs/action/detail/fibonacci__struct.h
[0.894s] -- Up-to-date symlink: /home/aditya/Cpps/Dexter/install/dexter_msgs/include/dexter_msgs/dexter_msgs/action/detail/fibonacci__type_support.h
[0.894s] -- Up-to-date symlink: /home/aditya/Cpps/Dexter/install/dexter_msgs/include/dexter_msgs/dexter_msgs/action/dexter_task.h
[0.895s] -- Up-to-date symlink: /home/aditya/Cpps/Dexter/install/dexter_msgs/include/dexter_msgs/dexter_msgs/action/fibonacci.h
[0.895s] -- Up-to-date symlink: /home/aditya/Cpps/Dexter/install/dexter_msgs/include/dexter_msgs/dexter_msgs/msg/rosidl_generator_c__visibility_control.h
[0.895s] -- Up-to-date symlink: /home/aditya/Cpps/Dexter/install/dexter_msgs/include/dexter_msgs/dexter_msgs/srv/add_item.h
[0.896s] -- Up-to-date symlink: /home/aditya/Cpps/Dexter/install/dexter_msgs/include/dexter_msgs/dexter_msgs/srv/add_two_ints.h
[0.896s] -- Up-to-date symlink: /home/aditya/Cpps/Dexter/install/dexter_msgs/include/dexter_msgs/dexter_msgs/srv/detail/add_item__functions.h
[0.897s] -- Up-to-date symlink: /home/aditya/Cpps/Dexter/install/dexter_msgs/include/dexter_msgs/dexter_msgs/srv/detail/add_item__struct.h
[0.897s] -- Up-to-date symlink: /home/aditya/Cpps/Dexter/install/dexter_msgs/include/dexter_msgs/dexter_msgs/srv/detail/add_item__type_support.h
[0.897s] -- Up-to-date symlink: /home/aditya/Cpps/Dexter/install/dexter_msgs/include/dexter_msgs/dexter_msgs/srv/detail/add_two_ints__functions.h
[0.898s] -- Up-to-date symlink: /home/aditya/Cpps/Dexter/install/dexter_msgs/include/dexter_msgs/dexter_msgs/srv/detail/add_two_ints__struct.h
[0.898s] -- Up-to-date symlink: /home/aditya/Cpps/Dexter/install/dexter_msgs/include/dexter_msgs/dexter_msgs/srv/detail/add_two_ints__type_support.h
[0.898s] -- Up-to-date symlink: /home/aditya/Cpps/Dexter/install/dexter_msgs/include/dexter_msgs/dexter_msgs/srv/detail/dispatch_item__functions.h
[0.899s] -- Up-to-date symlink: /home/aditya/Cpps/Dexter/install/dexter_msgs/include/dexter_msgs/dexter_msgs/srv/detail/dispatch_item__struct.h
[0.899s] -- Up-to-date symlink: /home/aditya/Cpps/Dexter/install/dexter_msgs/include/dexter_msgs/dexter_msgs/srv/detail/dispatch_item__type_support.h
[0.899s] -- Up-to-date symlink: /home/aditya/Cpps/Dexter/install/dexter_msgs/include/dexter_msgs/dexter_msgs/srv/detail/euler_to_quaternion__functions.h
[0.899s] -- Up-to-date symlink: /home/aditya/Cpps/Dexter/install/dexter_msgs/include/dexter_msgs/dexter_msgs/srv/detail/euler_to_quaternion__struct.h
[0.900s] -- Up-to-date symlink: /home/aditya/Cpps/Dexter/install/dexter_msgs/include/dexter_msgs/dexter_msgs/srv/detail/euler_to_quaternion__type_support.h
[0.900s] -- Up-to-date symlink: /home/aditya/Cpps/Dexter/install/dexter_msgs/include/dexter_msgs/dexter_msgs/srv/detail/quaternion_to_euler__functions.h
[0.900s] -- Up-to-date symlink: /home/aditya/Cpps/Dexter/install/dexter_msgs/include/dexter_msgs/dexter_msgs/srv/detail/quaternion_to_euler__struct.h
[0.901s] -- Up-to-date symlink: /home/aditya/Cpps/Dexter/install/dexter_msgs/include/dexter_msgs/dexter_msgs/srv/detail/quaternion_to_euler__type_support.h
[0.901s] -- Up-to-date symlink: /home/aditya/Cpps/Dexter/install/dexter_msgs/include/dexter_msgs/dexter_msgs/srv/dispatch_item.h
[0.901s] -- Up-to-date symlink: /home/aditya/Cpps/Dexter/install/dexter_msgs/include/dexter_msgs/dexter_msgs/srv/euler_to_quaternion.h
[0.902s] -- Up-to-date symlink: /home/aditya/Cpps/Dexter/install/dexter_msgs/include/dexter_msgs/dexter_msgs/srv/quaternion_to_euler.h
[0.902s] -- Up-to-date symlink: /home/aditya/Cpps/Dexter/install/dexter_msgs/share/dexter_msgs/environment/library_path.sh
[0.902s] -- Up-to-date symlink: /home/aditya/Cpps/Dexter/install/dexter_msgs/share/dexter_msgs/environment/library_path.dsv
[0.903s] -- Up-to-date symlink: /home/aditya/Cpps/Dexter/install/dexter_msgs/include/dexter_msgs/dexter_msgs/action/detail/dexter_task__rosidl_typesupport_fastrtps_c.h
[0.903s] -- Up-to-date symlink: /home/aditya/Cpps/Dexter/install/dexter_msgs/include/dexter_msgs/dexter_msgs/action/detail/fibonacci__rosidl_typesupport_fastrtps_c.h
[0.903s] -- Up-to-date symlink: /home/aditya/Cpps/Dexter/install/dexter_msgs/include/dexter_msgs/dexter_msgs/msg/rosidl_typesupport_fastrtps_c__visibility_control.h
[0.904s] -- Up-to-date symlink: /home/aditya/Cpps/Dexter/install/dexter_msgs/include/dexter_msgs/dexter_msgs/srv/detail/add_item__rosidl_typesupport_fastrtps_c.h
[0.904s] -- Up-to-date symlink: /home/aditya/Cpps/Dexter/install/dexter_msgs/include/dexter_msgs/dexter_msgs/srv/detail/add_two_ints__rosidl_typesupport_fastrtps_c.h
[0.904s] -- Up-to-date symlink: /home/aditya/Cpps/Dexter/install/dexter_msgs/include/dexter_msgs/dexter_msgs/srv/detail/dispatch_item__rosidl_typesupport_fastrtps_c.h
[0.905s] -- Up-to-date symlink: /home/aditya/Cpps/Dexter/install/dexter_msgs/include/dexter_msgs/dexter_msgs/srv/detail/euler_to_quaternion__rosidl_typesupport_fastrtps_c.h
[0.905s] -- Up-to-date symlink: /home/aditya/Cpps/Dexter/install/dexter_msgs/include/dexter_msgs/dexter_msgs/srv/detail/quaternion_to_euler__rosidl_typesupport_fastrtps_c.h
[0.905s] -- Up-to-date symlink: /home/aditya/Cpps/Dexter/install/dexter_msgs/include/dexter_msgs/dexter_msgs/action/detail/dexter_task__builder.hpp
[0.906s] -- Up-to-date symlink: /home/aditya/Cpps/Dexter/install/dexter_msgs/include/dexter_msgs/dexter_msgs/action/detail/dexter_task__struct.hpp
[0.906s] -- Up-to-date symlink: /home/aditya/Cpps/Dexter/install/dexter_msgs/include/dexter_msgs/dexter_msgs/action/detail/dexter_task__traits.hpp
[0.906s] -- Up-to-date symlink: /home/aditya/Cpps/Dexter/install/dexter_msgs/include/dexter_msgs/dexter_msgs/action/detail/dexter_task__type_support.hpp
[0.907s] -- Up-to-date symlink: /home/aditya/Cpps/Dexter/install/dexter_msgs/include/dexter_msgs/dexter_msgs/action/detail/fibonacci__builder.hpp
[0.907s] -- Up-to-date symlink: /home/aditya/Cpps/Dexter/install/dexter_msgs/include/dexter_msgs/dexter_msgs/action/detail/fibonacci__struct.hpp
[0.907s] -- Up-to-date symlink: /home/aditya/Cpps/Dexter/install/dexter_msgs/include/dexter_msgs/dexter_msgs/action/detail/fibonacci__traits.hpp
[0.908s] -- Up-to-date symlink: /home/aditya/Cpps/Dexter/install/dexter_msgs/include/dexter_msgs/dexter_msgs/action/detail/fibonacci__type_support.hpp
[0.908s] -- Up-to-date symlink: /home/aditya/Cpps/Dexter/install/dexter_msgs/include/dexter_msgs/dexter_msgs/action/dexter_task.hpp
[0.908s] -- Up-to-date symlink: /home/aditya/Cpps/Dexter/install/dexter_msgs/include/dexter_msgs/dexter_msgs/action/fibonacci.hpp
[0.909s] -- Up-to-date symlink: /home/aditya/Cpps/Dexter/install/dexter_msgs/include/dexter_msgs/dexter_msgs/msg/rosidl_generator_cpp__visibility_control.hpp
[0.909s] -- Up-to-date symlink: /home/aditya/Cpps/Dexter/install/dexter_msgs/include/dexter_msgs/dexter_msgs/srv/add_item.hpp
[0.909s] -- Up-to-date symlink: /home/aditya/Cpps/Dexter/install/dexter_msgs/include/dexter_msgs/dexter_msgs/srv/add_two_ints.hpp
[0.910s] -- Up-to-date symlink: /home/aditya/Cpps/Dexter/install/dexter_msgs/include/dexter_msgs/dexter_msgs/srv/detail/add_item__builder.hpp
[0.910s] -- Up-to-date symlink: /home/aditya/Cpps/Dexter/install/dexter_msgs/include/dexter_msgs/dexter_msgs/srv/detail/add_item__struct.hpp
[0.910s] -- Up-to-date symlink: /home/aditya/Cpps/Dexter/install/dexter_msgs/include/dexter_msgs/dexter_msgs/srv/detail/add_item__traits.hpp
[0.911s] -- Up-to-date symlink: /home/aditya/Cpps/Dexter/install/dexter_msgs/include/dexter_msgs/dexter_msgs/srv/detail/add_item__type_support.hpp
[0.911s] -- Up-to-date symlink: /home/aditya/Cpps/Dexter/install/dexter_msgs/include/dexter_msgs/dexter_msgs/srv/detail/add_two_ints__builder.hpp
[0.912s] -- Up-to-date symlink: /home/aditya/Cpps/Dexter/install/dexter_msgs/include/dexter_msgs/dexter_msgs/srv/detail/add_two_ints__struct.hpp
[0.912s] -- Up-to-date symlink: /home/aditya/Cpps/Dexter/install/dexter_msgs/include/dexter_msgs/dexter_msgs/srv/detail/add_two_ints__traits.hpp
[0.912s] -- Up-to-date symlink: /home/aditya/Cpps/Dexter/install/dexter_msgs/include/dexter_msgs/dexter_msgs/srv/detail/add_two_ints__type_support.hpp
[0.913s] -- Up-to-date symlink: /home/aditya/Cpps/Dexter/install/dexter_msgs/include/dexter_msgs/dexter_msgs/srv/detail/dispatch_item__builder.hpp
[0.913s] -- Up-to-date symlink: /home/aditya/Cpps/Dexter/install/dexter_msgs/include/dexter_msgs/dexter_msgs/srv/detail/dispatch_item__struct.hpp
[0.913s] -- Up-to-date symlink: /home/aditya/Cpps/Dexter/install/dexter_msgs/include/dexter_msgs/dexter_msgs/srv/detail/dispatch_item__traits.hpp
[0.914s] -- Up-to-date symlink: /home/aditya/Cpps/Dexter/install/dexter_msgs/include/dexter_msgs/dexter_msgs/srv/detail/dispatch_item__type_support.hpp
[0.914s] -- Up-to-date symlink: /home/aditya/Cpps/Dexter/install/dexter_msgs/include/dexter_msgs/dexter_msgs/srv/detail/euler_to_quaternion__builder.hpp
[0.914s] -- Up-to-date symlink: /home/aditya/Cpps/Dexter/install/dexter_msgs/include/dexter_msgs/dexter_msgs/srv/detail/euler_to_quaternion__struct.hpp
[0.915s] -- Up-to-date symlink: /home/aditya/Cpps/Dexter/install/dexter_msgs/include/dexter_msgs/dexter_msgs/srv/detail/euler_to_quaternion__traits.hpp
[0.915s] -- Up-to-date symlink: /home/aditya/Cpps/Dexter/install/dexter_msgs/include/dexter_msgs/dexter_msgs/srv/detail/euler_to_quaternion__type_support.hpp
[0.915s] -- Up-to-date symlink: /home/aditya/Cpps/Dexter/install/dexter_msgs/include/dexter_msgs/dexter_msgs/srv/detail/quaternion_to_euler__builder.hpp
[0.916s] -- Up-to-date symlink: /home/aditya/Cpps/Dexter/install/dexter_msgs/include/dexter_msgs/dexter_msgs/srv/detail/quaternion_to_euler__struct.hpp
[0.916s] -- Up-to-date symlink: /home/aditya/Cpps/Dexter/install/dexter_msgs/include/dexter_msgs/dexter_msgs/srv/detail/quaternion_to_euler__traits.hpp
[0.916s] -- Up-to-date symlink: /home/aditya/Cpps/Dexter/install/dexter_msgs/include/dexter_msgs/dexter_msgs/srv/detail/quaternion_to_euler__type_support.hpp
[0.917s] -- Up-to-date symlink: /home/aditya/Cpps/Dexter/install/dexter_msgs/include/dexter_msgs/dexter_msgs/srv/dispatch_item.hpp
[0.917s] -- Up-to-date symlink: /home/aditya/Cpps/Dexter/install/dexter_msgs/include/dexter_msgs/dexter_msgs/srv/euler_to_quaternion.hpp
[0.917s] -- Up-to-date symlink: /home/aditya/Cpps/Dexter/install/dexter_msgs/include/dexter_msgs/dexter_msgs/srv/quaternion_to_euler.hpp
[0.918s] -- Up-to-date symlink: /home/aditya/Cpps/Dexter/install/dexter_msgs/include/dexter_msgs/dexter_msgs/action/detail/dexter_task__rosidl_typesupport_fastrtps_cpp.hpp
[0.918s] -- Up-to-date symlink: /home/aditya/Cpps/Dexter/install/dexter_msgs/include/dexter_msgs/dexter_msgs/action/detail/fibonacci__rosidl_typesupport_fastrtps_cpp.hpp
[0.918s] -- Up-to-date symlink: /home/aditya/Cpps/Dexter/install/dexter_msgs/include/dexter_msgs/dexter_msgs/msg/rosidl_typesupport_fastrtps_cpp__visibility_control.h
[0.919s] -- Up-to-date symlink: /home/aditya/Cpps/Dexter/install/dexter_msgs/include/dexter_msgs/dexter_msgs/srv/detail/add_item__rosidl_typesupport_fastrtps_cpp.hpp
[0.919s] -- Up-to-date symlink: /home/aditya/Cpps/Dexter/install/dexter_msgs/include/dexter_msgs/dexter_msgs/srv/detail/add_two_ints__rosidl_typesupport_fastrtps_cpp.hpp
[0.919s] -- Up-to-date symlink: /home/aditya/Cpps/Dexter/install/dexter_msgs/include/dexter_msgs/dexter_msgs/srv/detail/dispatch_item__rosidl_typesupport_fastrtps_cpp.hpp
[0.920s] -- Up-to-date symlink: /home/aditya/Cpps/Dexter/install/dexter_msgs/include/dexter_msgs/dexter_msgs/srv/detail/euler_to_quaternion__rosidl_typesupport_fastrtps_cpp.hpp
[0.920s] -- Up-to-date symlink: /home/aditya/Cpps/Dexter/install/dexter_msgs/include/dexter_msgs/dexter_msgs/srv/detail/quaternion_to_euler__rosidl_typesupport_fastrtps_cpp.hpp
[0.920s] -- Up-to-date symlink: /home/aditya/Cpps/Dexter/install/dexter_msgs/include/dexter_msgs/dexter_msgs/action/detail/dexter_task__rosidl_typesupport_introspection_c.h
[0.920s] -- Up-to-date symlink: /home/aditya/Cpps/Dexter/install/dexter_msgs/include/dexter_msgs/dexter_msgs/action/detail/fibonacci__rosidl_typesupport_introspection_c.h
[0.921s] -- Up-to-date symlink: /home/aditya/Cpps/Dexter/install/dexter_msgs/include/dexter_msgs/dexter_msgs/msg/rosidl_typesupport_introspection_c__visibility_control.h
[0.921s] -- Up-to-date symlink: /home/aditya/Cpps/Dexter/install/dexter_msgs/include/dexter_msgs/dexter_msgs/srv/detail/add_item__rosidl_typesupport_introspection_c.h
[0.921s] -- Up-to-date symlink: /home/aditya/Cpps/Dexter/install/dexter_msgs/include/dexter_msgs/dexter_msgs/srv/detail/add_two_ints__rosidl_typesupport_introspection_c.h
[0.922s] -- Up-to-date symlink: /home/aditya/Cpps/Dexter/install/dexter_msgs/include/dexter_msgs/dexter_msgs/srv/detail/dispatch_item__rosidl_typesupport_introspection_c.h
[0.922s] -- Up-to-date symlink: /home/aditya/Cpps/Dexter/install/dexter_msgs/include/dexter_msgs/dexter_msgs/srv/detail/euler_to_quaternion__rosidl_typesupport_introspection_c.h
[0.922s] -- Up-to-date symlink: /home/aditya/Cpps/Dexter/install/dexter_msgs/include/dexter_msgs/dexter_msgs/srv/detail/quaternion_to_euler__rosidl_typesupport_introspection_c.h
[0.922s] -- Up-to-date symlink: /home/aditya/Cpps/Dexter/install/dexter_msgs/include/dexter_msgs/dexter_msgs/action/detail/dexter_task__rosidl_typesupport_introspection_cpp.hpp
[0.923s] -- Up-to-date symlink: /home/aditya/Cpps/Dexter/install/dexter_msgs/include/dexter_msgs/dexter_msgs/action/detail/fibonacci__rosidl_typesupport_introspection_cpp.hpp
[0.923s] -- Up-to-date symlink: /home/aditya/Cpps/Dexter/install/dexter_msgs/include/dexter_msgs/dexter_msgs/srv/detail/add_item__rosidl_typesupport_introspection_cpp.hpp
[0.923s] -- Up-to-date symlink: /home/aditya/Cpps/Dexter/install/dexter_msgs/include/dexter_msgs/dexter_msgs/srv/detail/add_two_ints__rosidl_typesupport_introspection_cpp.hpp
[0.923s] -- Up-to-date symlink: /home/aditya/Cpps/Dexter/install/dexter_msgs/include/dexter_msgs/dexter_msgs/srv/detail/dispatch_item__rosidl_typesupport_introspection_cpp.hpp
[0.924s] -- Up-to-date symlink: /home/aditya/Cpps/Dexter/install/dexter_msgs/include/dexter_msgs/dexter_msgs/srv/detail/euler_to_quaternion__rosidl_typesupport_introspection_cpp.hpp
[0.924s] -- Up-to-date symlink: /home/aditya/Cpps/Dexter/install/dexter_msgs/include/dexter_msgs/dexter_msgs/srv/detail/quaternion_to_euler__rosidl_typesupport_introspection_cpp.hpp
[0.924s] -- Up-to-date symlink: /home/aditya/Cpps/Dexter/install/dexter_msgs/share/dexter_msgs/environment/pythonpath.sh
[0.925s] -- Up-to-date symlink: /home/aditya/Cpps/Dexter/install/dexter_msgs/share/dexter_msgs/environment/pythonpath.dsv
[0.925s] -- Up-to-date symlink: /home/aditya/Cpps/Dexter/install/dexter_msgs/lib/python3.12/site-packages/dexter_msgs-0.0.0-py3.12.egg-info/PKG-INFO
[0.925s] -- Up-to-date symlink: /home/aditya/Cpps/Dexter/install/dexter_msgs/lib/python3.12/site-packages/dexter_msgs-0.0.0-py3.12.egg-info/SOURCES.txt
[0.925s] -- Up-to-date symlink: /home/aditya/Cpps/Dexter/install/dexter_msgs/lib/python3.12/site-packages/dexter_msgs-0.0.0-py3.12.egg-info/dependency_links.txt
[0.926s] -- Up-to-date symlink: /home/aditya/Cpps/Dexter/install/dexter_msgs/lib/python3.12/site-packages/dexter_msgs-0.0.0-py3.12.egg-info/top_level.txt
[0.926s] -- Up-to-date symlink: /home/aditya/Cpps/Dexter/install/dexter_msgs/lib/python3.12/site-packages/dexter_msgs/__init__.py
[0.926s] -- Up-to-date symlink: /home/aditya/Cpps/Dexter/install/dexter_msgs/lib/python3.12/site-packages/dexter_msgs/_dexter_msgs_s.ep.rosidl_typesupport_c.c
[0.927s] -- Up-to-date symlink: /home/aditya/Cpps/Dexter/install/dexter_msgs/lib/python3.12/site-packages/dexter_msgs/_dexter_msgs_s.ep.rosidl_typesupport_fastrtps_c.c
[0.927s] -- Up-to-date symlink: /home/aditya/Cpps/Dexter/install/dexter_msgs/lib/python3.12/site-packages/dexter_msgs/_dexter_msgs_s.ep.rosidl_typesupport_introspection_c.c
[0.927s] -- Up-to-date symlink: /home/aditya/Cpps/Dexter/install/dexter_msgs/lib/python3.12/site-packages/dexter_msgs/action/__init__.py
[0.928s] -- Up-to-date symlink: /home/aditya/Cpps/Dexter/install/dexter_msgs/lib/python3.12/site-packages/dexter_msgs/action/_dexter_task.py
[0.928s] -- Up-to-date symlink: /home/aditya/Cpps/Dexter/install/dexter_msgs/lib/python3.12/site-packages/dexter_msgs/action/_dexter_task_s.c
[0.928s] -- Up-to-date symlink: /home/aditya/Cpps/Dexter/install/dexter_msgs/lib/python3.12/site-packages/dexter_msgs/action/_fibonacci.py
[0.928s] -- Up-to-date symlink: /home/aditya/Cpps/Dexter/install/dexter_msgs/lib/python3.12/site-packages/dexter_msgs/action/_fibonacci_s.c
[0.929s] -- Up-to-date symlink: /home/aditya/Cpps/Dexter/install/dexter_msgs/lib/python3.12/site-packages/dexter_msgs/dexter_msgs_s__rosidl_typesupport_c.so
[0.929s] -- Up-to-date symlink: /home/aditya/Cpps/Dexter/install/dexter_msgs/lib/python3.12/site-packages/dexter_msgs/dexter_msgs_s__rosidl_typesupport_fastrtps_c.so
[0.929s] -- Up-to-date symlink: /home/aditya/Cpps/Dexter/install/dexter_msgs/lib/python3.12/site-packages/dexter_msgs/dexter_msgs_s__rosidl_typesupport_introspection_c.so
[0.929s] -- Up-to-date symlink: /home/aditya/Cpps/Dexter/install/dexter_msgs/lib/python3.12/site-packages/dexter_msgs/srv/__init__.py
[0.930s] -- Up-to-date symlink: /home/aditya/Cpps/Dexter/install/dexter_msgs/lib/python3.12/site-packages/dexter_msgs/srv/_add_item.py
[0.930s] -- Up-to-date symlink: /home/aditya/Cpps/Dexter/install/dexter_msgs/lib/python3.12/site-packages/dexter_msgs/srv/_add_item_s.c
[0.930s] -- Up-to-date symlink: /home/aditya/Cpps/Dexter/install/dexter_msgs/lib/python3.12/site-packages/dexter_msgs/srv/_add_two_ints.py
[0.931s] -- Up-to-date symlink: /home/aditya/Cpps/Dexter/install/dexter_msgs/lib/python3.12/site-packages/dexter_msgs/srv/_add_two_ints_s.c
[0.931s] -- Up-to-date symlink: /home/aditya/Cpps/Dexter/install/dexter_msgs/lib/python3.12/site-packages/dexter_msgs/srv/_dispatch_item.py
[0.931s] -- Up-to-date symlink: /home/aditya/Cpps/Dexter/install/dexter_msgs/lib/python3.12/site-packages/dexter_msgs/srv/_dispatch_item_s.c
[0.932s] -- Up-to-date symlink: /home/aditya/Cpps/Dexter/install/dexter_msgs/lib/python3.12/site-packages/dexter_msgs/srv/_euler_to_quaternion.py
[0.932s] -- Up-to-date symlink: /home/aditya/Cpps/Dexter/install/dexter_msgs/lib/python3.12/site-packages/dexter_msgs/srv/_euler_to_quaternion_s.c
[0.932s] -- Up-to-date symlink: /home/aditya/Cpps/Dexter/install/dexter_msgs/lib/python3.12/site-packages/dexter_msgs/srv/_quaternion_to_euler.py
[0.932s] -- Up-to-date symlink: /home/aditya/Cpps/Dexter/install/dexter_msgs/lib/python3.12/site-packages/dexter_msgs/srv/_quaternion_to_euler_s.c
[0.932s] -- Up-to-date symlink: /home/aditya/Cpps/Dexter/install/dexter_msgs/lib/python3.12/site-packages/dexter_msgs/dexter_msgs_s__rosidl_typesupport_fastrtps_c.so
[0.933s] -- Up-to-date symlink: /home/aditya/Cpps/Dexter/install/dexter_msgs/lib/python3.12/site-packages/dexter_msgs/dexter_msgs_s__rosidl_typesupport_introspection_c.so
[0.933s] -- Up-to-date symlink: /home/aditya/Cpps/Dexter/install/dexter_msgs/lib/python3.12/site-packages/dexter_msgs/dexter_msgs_s__rosidl_typesupport_c.so
[0.933s] -- Up-to-date symlink: /home/aditya/Cpps/Dexter/install/dexter_msgs/share/dexter_msgs/srv/AddTwoInts.idl
[0.933s] -- Up-to-date symlink: /home/aditya/Cpps/Dexter/install/dexter_msgs/share/dexter_msgs/srv/EulerToQuaternion.idl
[0.933s] -- Up-to-date symlink: /home/aditya/Cpps/Dexter/install/dexter_msgs/share/dexter_msgs/srv/QuaternionToEuler.idl
[0.933s] -- Up-to-date symlink: /home/aditya/Cpps/Dexter/install/dexter_msgs/share/dexter_msgs/action/Fibonacci.idl
[0.933s] -- Up-to-date symlink: /home/aditya/Cpps/Dexter/install/dexter_msgs/share/dexter_msgs/action/DexterTask.idl
[0.934s] -- Up-to-date symlink: /home/aditya/Cpps/Dexter/install/dexter_msgs/share/dexter_msgs/srv/DispatchItem.idl
[0.934s] -- Up-to-date symlink: /home/aditya/Cpps/Dexter/install/dexter_msgs/share/dexter_msgs/srv/AddItem.idl
[0.934s] -- Up-to-date symlink: /home/aditya/Cpps/Dexter/install/dexter_msgs/share/dexter_msgs/srv/AddTwoInts.srv
[0.934s] -- Up-to-date symlink: /home/aditya/Cpps/Dexter/install/dexter_msgs/share/dexter_msgs/srv/EulerToQuaternion.srv
[0.934s] -- Up-to-date symlink: /home/aditya/Cpps/Dexter/install/dexter_msgs/share/dexter_msgs/srv/QuaternionToEuler.srv
[0.934s] -- Up-to-date symlink: /home/aditya/Cpps/Dexter/install/dexter_msgs/share/dexter_msgs/action/Fibonacci.action
[0.935s] -- Up-to-date symlink: /home/aditya/Cpps/Dexter/install/dexter_msgs/share/dexter_msgs/action/DexterTask.action
[0.935s] -- Up-to-date symlink: /home/aditya/Cpps/Dexter/install/dexter_msgs/share/dexter_msgs/srv/DispatchItem.srv
[0.935s] -- Up-to-date symlink: /home/aditya/Cpps/Dexter/install/dexter_msgs/share/dexter_msgs/srv/AddItem.srv
[0.935s] -- Up-to-date symlink: /home/aditya/Cpps/Dexter/install/dexter_msgs/share/ament_index/resource_index/package_run_dependencies/dexter_msgs
[0.935s] -- Up-to-date symlink: /home/aditya/Cpps/Dexter/install/dexter_msgs/share/ament_index/resource_index/parent_prefix_path/dexter_msgs
[0.935s] -- Up-to-date symlink: /home/aditya/Cpps/Dexter/install/dexter_msgs/share/dexter_msgs/environment/ament_prefix_path.sh
[0.936s] -- Up-to-date symlink: /home/aditya/Cpps/Dexter/install/dexter_msgs/share/dexter_msgs/environment/ament_prefix_path.dsv
[0.936s] -- Up-to-date symlink: /home/aditya/Cpps/Dexter/install/dexter_msgs/share/dexter_msgs/environment/path.sh
[0.936s] -- Up-to-date symlink: /home/aditya/Cpps/Dexter/install/dexter_msgs/share/dexter_msgs/environment/path.dsv
[0.936s] -- Up-to-date symlink: /home/aditya/Cpps/Dexter/install/dexter_msgs/share/dexter_msgs/local_setup.bash
[0.937s] -- Up-to-date symlink: /home/aditya/Cpps/Dexter/install/dexter_msgs/share/dexter_msgs/local_setup.sh
[0.937s] -- Up-to-date symlink: /home/aditya/Cpps/Dexter/install/dexter_msgs/share/dexter_msgs/local_setup.zsh
[0.937s] -- Up-to-date symlink: /home/aditya/Cpps/Dexter/install/dexter_msgs/share/dexter_msgs/local_setup.dsv
[0.937s] -- Symlinking: /home/aditya/Cpps/Dexter/install/dexter_msgs/share/dexter_msgs/package.dsv
[0.962s] -- Up-to-date symlink: /home/aditya/Cpps/Dexter/install/dexter_msgs/share/ament_index/resource_index/packages/dexter_msgs
[0.963s] -- Up-to-date symlink: /home/aditya/Cpps/Dexter/install/dexter_msgs/share/dexter_msgs/cmake/rosidl_cmake-extras.cmake
[0.963s] -- Up-to-date symlink: /home/aditya/Cpps/Dexter/install/dexter_msgs/share/dexter_msgs/cmake/ament_cmake_export_dependencies-extras.cmake
[0.963s] -- Up-to-date symlink: /home/aditya/Cpps/Dexter/install/dexter_msgs/share/dexter_msgs/cmake/ament_cmake_export_include_directories-extras.cmake
[0.964s] -- Up-to-date symlink: /home/aditya/Cpps/Dexter/install/dexter_msgs/share/dexter_msgs/cmake/ament_cmake_export_libraries-extras.cmake
[0.964s] -- Up-to-date symlink: /home/aditya/Cpps/Dexter/install/dexter_msgs/share/dexter_msgs/cmake/ament_cmake_export_targets-extras.cmake
[0.964s] -- Up-to-date symlink: /home/aditya/Cpps/Dexter/install/dexter_msgs/share/dexter_msgs/cmake/rosidl_cmake_export_typesupport_targets-extras.cmake
[0.964s] -- Up-to-date symlink: /home/aditya/Cpps/Dexter/install/dexter_msgs/share/dexter_msgs/cmake/rosidl_cmake_export_typesupport_libraries-extras.cmake
[0.964s] -- Up-to-date symlink: /home/aditya/Cpps/Dexter/install/dexter_msgs/share/dexter_msgs/cmake/dexter_msgsConfig.cmake
[0.965s] -- Up-to-date symlink: /home/aditya/Cpps/Dexter/install/dexter_msgs/share/dexter_msgs/cmake/dexter_msgsConfig-version.cmake
[0.965s] -- Up-to-date symlink: /home/aditya/Cpps/Dexter/install/dexter_msgs/share/dexter_msgs/package.xml
[0.965s] -- Up-to-date: /home/aditya/Cpps/Dexter/install/dexter_msgs/lib/libdexter_msgs__rosidl_generator_c.so
[0.966s] -- Up-to-date: /home/aditya/Cpps/Dexter/install/dexter_msgs/lib/libdexter_msgs__rosidl_typesupport_fastrtps_c.so
[0.966s] -- Up-to-date: /home/aditya/Cpps/Dexter/install/dexter_msgs/lib/libdexter_msgs__rosidl_typesupport_fastrtps_cpp.so
[0.967s] -- Up-to-date: /home/aditya/Cpps/Dexter/install/dexter_msgs/lib/libdexter_msgs__rosidl_typesupport_introspection_c.so
[0.967s] -- Up-to-date: /home/aditya/Cpps/Dexter/install/dexter_msgs/lib/libdexter_msgs__rosidl_typesupport_c.so
[0.968s] -- Up-to-date: /home/aditya/Cpps/Dexter/install/dexter_msgs/lib/libdexter_msgs__rosidl_typesupport_introspection_cpp.so
[0.968s] -- Up-to-date: /home/aditya/Cpps/Dexter/install/dexter_msgs/lib/libdexter_msgs__rosidl_typesupport_cpp.so
[1.056s] Listing '/home/aditya/Cpps/Dexter/install/dexter_msgs/lib/python3.12/site-packages/dexter_msgs'...
[1.056s] Listing '/home/aditya/Cpps/Dexter/install/dexter_msgs/lib/python3.12/site-packages/dexter_msgs/action'...
[1.057s] Listing '/home/aditya/Cpps/Dexter/install/dexter_msgs/lib/python3.12/site-packages/dexter_msgs/srv'...
[1.069s] -- Up-to-date: /home/aditya/Cpps/Dexter/install/dexter_msgs/lib/libdexter_msgs__rosidl_generator_py.so
[1.070s] -- Up-to-date: /home/aditya/Cpps/Dexter/install/dexter_msgs/share/dexter_msgs/cmake/export_dexter_msgs__rosidl_generator_cExport.cmake
[1.070s] -- Up-to-date: /home/aditya/Cpps/Dexter/install/dexter_msgs/share/dexter_msgs/cmake/export_dexter_msgs__rosidl_generator_cExport-noconfig.cmake
[1.071s] -- Up-to-date: /home/aditya/Cpps/Dexter/install/dexter_msgs/share/dexter_msgs/cmake/export_dexter_msgs__rosidl_typesupport_fastrtps_cExport.cmake
[1.071s] -- Up-to-date: /home/aditya/Cpps/Dexter/install/dexter_msgs/share/dexter_msgs/cmake/export_dexter_msgs__rosidl_typesupport_fastrtps_cExport-noconfig.cmake
[1.071s] -- Up-to-date: /home/aditya/Cpps/Dexter/install/dexter_msgs/share/dexter_msgs/cmake/export_dexter_msgs__rosidl_generator_cppExport.cmake
[1.071s] -- Up-to-date: /home/aditya/Cpps/Dexter/install/dexter_msgs/share/dexter_msgs/cmake/export_dexter_msgs__rosidl_typesupport_fastrtps_cppExport.cmake
[1.072s] -- Up-to-date: /home/aditya/Cpps/Dexter/install/dexter_msgs/share/dexter_msgs/cmake/export_dexter_msgs__rosidl_typesupport_fastrtps_cppExport-noconfig.cmake
[1.072s] -- Up-to-date: /home/aditya/Cpps/Dexter/install/dexter_msgs/share/dexter_msgs/cmake/dexter_msgs__rosidl_typesupport_introspection_cExport.cmake
[1.072s] -- Up-to-date: /home/aditya/Cpps/Dexter/install/dexter_msgs/share/dexter_msgs/cmake/dexter_msgs__rosidl_typesupport_introspection_cExport-noconfig.cmake
[1.072s] -- Up-to-date: /home/aditya/Cpps/Dexter/install/dexter_msgs/share/dexter_msgs/cmake/dexter_msgs__rosidl_typesupport_cExport.cmake
[1.073s] -- Up-to-date: /home/aditya/Cpps/Dexter/install/dexter_msgs/share/dexter_msgs/cmake/dexter_msgs__rosidl_typesupport_cExport-noconfig.cmake
[1.073s] -- Up-to-date: /home/aditya/Cpps/Dexter/install/dexter_msgs/share/dexter_msgs/cmake/dexter_msgs__rosidl_typesupport_introspection_cppExport.cmake
[1.073s] -- Up-to-date: /home/aditya/Cpps/Dexter/install/dexter_msgs/share/dexter_msgs/cmake/dexter_msgs__rosidl_typesupport_introspection_cppExport-noconfig.cmake
[1.073s] -- Up-to-date: /home/aditya/Cpps/Dexter/install/dexter_msgs/share/dexter_msgs/cmake/dexter_msgs__rosidl_typesupport_cppExport.cmake
[1.074s] -- Up-to-date: /home/aditya/Cpps/Dexter/install/dexter_msgs/share/dexter_msgs/cmake/dexter_msgs__rosidl_typesupport_cppExport-noconfig.cmake
[1.074s] -- Up-to-date: /home/aditya/Cpps/Dexter/install/dexter_msgs/share/dexter_msgs/cmake/export_dexter_msgs__rosidl_generator_pyExport.cmake
[1.074s] -- Up-to-date: /home/aditya/Cpps/Dexter/install/dexter_msgs/share/dexter_msgs/cmake/export_dexter_msgs__rosidl_generator_pyExport-noconfig.cmake
[1.077s] Invoked command in '/home/aditya/Cpps/Dexter/build/dexter_msgs' returned '0': CMAKE_PREFIX_PATH=${CMAKE_PREFIX_PATH}:/home/aditya/Cpps/Dexter/install/dexter_py_examples:/home/aditya/Cpps/Dexter/install/dexter_inventory:/home/aditya/ros2_ws/install/my_py_pkg:/opt/ros/jazzy DEBUGINFOD_URLS=https://debuginfod.ubuntu.com PS1=\[\e]0;\u@\h: \w\a\]${debian_chroot:+($debian_chroot)}\[\033[01;32m\]\u@\h\[\033[00m\]:\[\033[01;34m\]\w\[\033[00m\]\$ VIRTUAL_ENV_PROMPT=(venv-ardupilot) /usr/bin/cmake --install /home/aditya/Cpps/Dexter/build/dexter_msgs
