[0.042s] Invoking command in '/home/aditya/Cpps/Dexter/build/dexter_msgs': CMAKE_PREFIX_PATH=${CMAKE_PREFIX_PATH}:/home/aditya/Cpps/Dexter/install/dexter_py_examples:/home/aditya/Cpps/Dexter/install/dexter_inventory:/home/aditya/ros2_ws/install/my_py_pkg:/opt/ros/jazzy DEBUGINFOD_URLS=https://debuginfod.ubuntu.com PS1=\[\e]0;\u@\h: \w\a\]${debian_chroot:+($debian_chroot)}\[\033[01;32m\]\u@\h\[\033[00m\]:\[\033[01;34m\]\w\[\033[00m\]\$ VIRTUAL_ENV_PROMPT=(venv-ardupilot) /usr/bin/cmake /home/aditya/Cpps/Dexter/dexter_msgs -DCMAKE_INSTALL_PREFIX=/home/aditya/Cpps/Dexter/install/dexter_msgs
[0.256s] -- The C compiler identification is GNU 13.3.0
[0.425s] -- The CXX compiler identification is GNU 13.3.0
[0.470s] -- Detecting C compiler ABI info
[0.650s] -- Detecting C compiler ABI info - done
[0.665s] -- Check for working C compiler: /usr/bin/cc - skipped
[0.666s] -- Detecting C compile features
[0.666s] -- Detecting C compile features - done
[0.682s] -- Detecting CXX compiler ABI info
[0.868s] -- Detecting CXX compiler ABI info - done
[0.894s] -- Check for working CXX compiler: /usr/bin/c++ - skipped
[0.894s] -- Detecting CXX compile features
[0.895s] -- Detecting CXX compile features - done
[0.932s] -- Found ament_cmake: 2.5.5 (/opt/ros/jazzy/share/ament_cmake/cmake)
[1.322s] -- Found Python3: /home/aditya/venv-ardupilot/bin/python3 (found version "3.12.3") found components: Interpreter 
[1.644s] -- Found std_msgs: 5.3.6 (/opt/ros/jazzy/share/std_msgs/cmake)
[1.739s] -- Found rosidl_generator_c: 4.6.7 (/opt/ros/jazzy/share/rosidl_generator_c/cmake)
[1.770s] -- Found rosidl_generator_cpp: 4.6.7 (/opt/ros/jazzy/share/rosidl_generator_cpp/cmake)
[1.834s] -- Using all available rosidl_typesupport_c: rosidl_typesupport_fastrtps_c;rosidl_typesupport_introspection_c
[1.897s] -- Using all available rosidl_typesupport_cpp: rosidl_typesupport_fastrtps_cpp;rosidl_typesupport_introspection_cpp
[2.007s] -- Found rosidl_default_generators: 1.6.0 (/opt/ros/jazzy/share/rosidl_default_generators/cmake)
[2.065s] -- Found rosidl_adapter: 4.6.7 (/opt/ros/jazzy/share/rosidl_adapter/cmake)
[3.828s] -- Found ament_cmake_ros: 0.12.0 (/opt/ros/jazzy/share/ament_cmake_ros/cmake)
[5.900s] -- Using all available rosidl_typesupport_c: rosidl_typesupport_fastrtps_c;rosidl_typesupport_introspection_c
[6.672s] -- Using all available rosidl_typesupport_cpp: rosidl_typesupport_fastrtps_cpp;rosidl_typesupport_introspection_cpp
[6.688s] -- Found python_cmake_module: 0.11.1 (/opt/ros/jazzy/share/python_cmake_module/cmake)
[7.053s] -- Found PythonExtra: /home/aditya/venv-ardupilot/bin/python3  
[8.457s] -- Found Python3: /home/aditya/venv-ardupilot/bin/python3 (found version "3.12.3") found components: Interpreter Development NumPy Development.Module Development.Embed 
[8.594s] -- Configuring done (8.5s)
[8.686s] -- Generating done (0.1s)
[8.704s] -- Build files have been written to: /home/aditya/Cpps/Dexter/build/dexter_msgs
[8.719s] Invoked command in '/home/aditya/Cpps/Dexter/build/dexter_msgs' returned '0': CMAKE_PREFIX_PATH=${CMAKE_PREFIX_PATH}:/home/aditya/Cpps/Dexter/install/dexter_py_examples:/home/aditya/Cpps/Dexter/install/dexter_inventory:/home/aditya/ros2_ws/install/my_py_pkg:/opt/ros/jazzy DEBUGINFOD_URLS=https://debuginfod.ubuntu.com PS1=\[\e]0;\u@\h: \w\a\]${debian_chroot:+($debian_chroot)}\[\033[01;32m\]\u@\h\[\033[00m\]:\[\033[01;34m\]\w\[\033[00m\]\$ VIRTUAL_ENV_PROMPT=(venv-ardupilot) /usr/bin/cmake /home/aditya/Cpps/Dexter/dexter_msgs -DCMAKE_INSTALL_PREFIX=/home/aditya/Cpps/Dexter/install/dexter_msgs
[8.721s] Invoking command in '/home/aditya/Cpps/Dexter/build/dexter_msgs': CMAKE_PREFIX_PATH=${CMAKE_PREFIX_PATH}:/home/aditya/Cpps/Dexter/install/dexter_py_examples:/home/aditya/Cpps/Dexter/install/dexter_inventory:/home/aditya/ros2_ws/install/my_py_pkg:/opt/ros/jazzy DEBUGINFOD_URLS=https://debuginfod.ubuntu.com PS1=\[\e]0;\u@\h: \w\a\]${debian_chroot:+($debian_chroot)}\[\033[01;32m\]\u@\h\[\033[00m\]:\[\033[01;34m\]\w\[\033[00m\]\$ VIRTUAL_ENV_PROMPT=(venv-ardupilot) /usr/bin/cmake --build /home/aditya/Cpps/Dexter/build/dexter_msgs -- -j28 -l28
[8.862s] [  1%] [34m[1mGenerating type hashes for ROS interfaces[0m
[8.881s] [  1%] Built target ament_cmake_python_copy_dexter_msgs
[9.539s] running egg_info
[9.602s] creating dexter_msgs.egg-info
[9.602s] writing dexter_msgs.egg-info/PKG-INFO
[9.603s] writing dependency_links to dexter_msgs.egg-info/dependency_links.txt
[9.603s] writing top-level names to dexter_msgs.egg-info/top_level.txt
[9.603s] writing manifest file 'dexter_msgs.egg-info/SOURCES.txt'
[9.784s] reading manifest file 'dexter_msgs.egg-info/SOURCES.txt'
[9.786s] writing manifest file 'dexter_msgs.egg-info/SOURCES.txt'
[9.866s] [  1%] Built target ament_cmake_python_build_dexter_msgs_egg
[9.910s] [  1%] Built target dexter_msgs__rosidl_generator_type_description
[9.941s] [  2%] [34m[1mGenerating C code for ROS interfaces[0m
[9.976s] [  3%] [34m[1mGenerating C++ code for ROS interfaces[0m
[12.447s] [  3%] Built target dexter_msgs__cpp
[12.757s] [  4%] [32mBuilding C object CMakeFiles/dexter_msgs__rosidl_generator_c.dir/rosidl_generator_c/dexter_msgs/srv/detail/add_two_ints__description.c.o[0m
[12.757s] [  5%] [32mBuilding C object CMakeFiles/dexter_msgs__rosidl_generator_c.dir/rosidl_generator_c/dexter_msgs/srv/detail/add_two_ints__functions.c.o[0m
[12.757s] [  6%] [32mBuilding C object CMakeFiles/dexter_msgs__rosidl_generator_c.dir/rosidl_generator_c/dexter_msgs/srv/detail/add_two_ints__type_support.c.o[0m
[12.758s] [  7%] [32mBuilding C object CMakeFiles/dexter_msgs__rosidl_generator_c.dir/rosidl_generator_c/dexter_msgs/srv/detail/euler_to_quaternion__functions.c.o[0m
[12.758s] [  8%] [32mBuilding C object CMakeFiles/dexter_msgs__rosidl_generator_c.dir/rosidl_generator_c/dexter_msgs/srv/detail/euler_to_quaternion__description.c.o[0m
[12.758s] [  9%] [32mBuilding C object CMakeFiles/dexter_msgs__rosidl_generator_c.dir/rosidl_generator_c/dexter_msgs/srv/detail/quaternion_to_euler__functions.c.o[0m
[12.759s] [ 10%] [32mBuilding C object CMakeFiles/dexter_msgs__rosidl_generator_c.dir/rosidl_generator_c/dexter_msgs/srv/detail/quaternion_to_euler__description.c.o[0m
[12.759s] [ 11%] [32mBuilding C object CMakeFiles/dexter_msgs__rosidl_generator_c.dir/rosidl_generator_c/dexter_msgs/srv/detail/quaternion_to_euler__type_support.c.o[0m
[12.759s] [ 13%] [32mBuilding C object CMakeFiles/dexter_msgs__rosidl_generator_c.dir/rosidl_generator_c/dexter_msgs/action/detail/fibonacci__description.c.o[0m
[12.760s] [ 13%] [32mBuilding C object CMakeFiles/dexter_msgs__rosidl_generator_c.dir/rosidl_generator_c/dexter_msgs/action/detail/fibonacci__type_support.c.o[0m
[12.760s] [ 14%] [32mBuilding C object CMakeFiles/dexter_msgs__rosidl_generator_c.dir/rosidl_generator_c/dexter_msgs/srv/detail/euler_to_quaternion__type_support.c.o[0m
[12.760s] [ 15%] [32mBuilding C object CMakeFiles/dexter_msgs__rosidl_generator_c.dir/rosidl_generator_c/dexter_msgs/action/detail/fibonacci__functions.c.o[0m
[12.762s] [ 17%] [32mBuilding C object CMakeFiles/dexter_msgs__rosidl_generator_c.dir/rosidl_generator_c/dexter_msgs/action/detail/dexter_task__type_support.c.o[0m
[12.762s] [ 18%] [32mBuilding C object CMakeFiles/dexter_msgs__rosidl_generator_c.dir/rosidl_generator_c/dexter_msgs/action/detail/dexter_task__description.c.o[0m
[12.762s] [ 19%] [32mBuilding C object CMakeFiles/dexter_msgs__rosidl_generator_c.dir/rosidl_generator_c/dexter_msgs/action/detail/dexter_task__functions.c.o[0m
[12.767s] [ 22%] [32mBuilding C object CMakeFiles/dexter_msgs__rosidl_generator_c.dir/rosidl_generator_c/dexter_msgs/srv/detail/dispatch_item__description.c.o[0m
[12.767s] [ 22%] [32mBuilding C object CMakeFiles/dexter_msgs__rosidl_generator_c.dir/rosidl_generator_c/dexter_msgs/srv/detail/dispatch_item__type_support.c.o[0m
[12.768s] [ 22%] [32mBuilding C object CMakeFiles/dexter_msgs__rosidl_generator_c.dir/rosidl_generator_c/dexter_msgs/srv/detail/dispatch_item__functions.c.o[0m
[12.768s] [ 23%] [32mBuilding C object CMakeFiles/dexter_msgs__rosidl_generator_c.dir/rosidl_generator_c/dexter_msgs/srv/detail/add_item__type_support.c.o[0m
[12.768s] [ 24%] [32mBuilding C object CMakeFiles/dexter_msgs__rosidl_generator_c.dir/rosidl_generator_c/dexter_msgs/srv/detail/add_item__description.c.o[0m
[12.769s] [ 25%] [32mBuilding C object CMakeFiles/dexter_msgs__rosidl_generator_c.dir/rosidl_generator_c/dexter_msgs/srv/detail/add_item__functions.c.o[0m
[13.247s] [ 26%] [32m[1mLinking C shared library libdexter_msgs__rosidl_generator_c.so[0m
[13.365s] [ 26%] Built target dexter_msgs__rosidl_generator_c
[13.393s] [ 27%] [34m[1mGenerating C++ type support dispatch for ROS interfaces[0m
[13.396s] [ 28%] [34m[1mGenerating C introspection for ROS interfaces[0m
[13.397s] [ 29%] [34m[1mGenerating C type support dispatch for ROS interfaces[0m
[13.398s] [ 31%] [34m[1mGenerating C type support for eProsima Fast-RTPS[0m
[13.398s] [ 31%] [34m[1mGenerating C++ type support for eProsima Fast-RTPS[0m
[13.398s] [ 32%] [34m[1mGenerating C++ introspection for ROS interfaces[0m
[14.655s] [ 34%] [32mBuilding CXX object CMakeFiles/dexter_msgs__rosidl_typesupport_c.dir/rosidl_typesupport_c/dexter_msgs/srv/euler_to_quaternion__type_support.cpp.o[0m
[14.655s] [ 35%] [32mBuilding CXX object CMakeFiles/dexter_msgs__rosidl_typesupport_c.dir/rosidl_typesupport_c/dexter_msgs/srv/quaternion_to_euler__type_support.cpp.o[0m
[14.656s] [ 36%] [32mBuilding CXX object CMakeFiles/dexter_msgs__rosidl_typesupport_c.dir/rosidl_typesupport_c/dexter_msgs/action/fibonacci__type_support.cpp.o[0m
[14.657s] [ 37%] [32mBuilding CXX object CMakeFiles/dexter_msgs__rosidl_typesupport_c.dir/rosidl_typesupport_c/dexter_msgs/srv/add_item__type_support.cpp.o[0m
[14.657s] [ 38%] [32mBuilding CXX object CMakeFiles/dexter_msgs__rosidl_typesupport_c.dir/rosidl_typesupport_c/dexter_msgs/action/dexter_task__type_support.cpp.o[0m
[14.658s] [ 39%] [32mBuilding CXX object CMakeFiles/dexter_msgs__rosidl_typesupport_c.dir/rosidl_typesupport_c/dexter_msgs/srv/add_two_ints__type_support.cpp.o[0m
[14.660s] [ 40%] [32mBuilding CXX object CMakeFiles/dexter_msgs__rosidl_typesupport_c.dir/rosidl_typesupport_c/dexter_msgs/srv/dispatch_item__type_support.cpp.o[0m
[14.692s] [ 41%] [32mBuilding CXX object CMakeFiles/dexter_msgs__rosidl_typesupport_cpp.dir/rosidl_typesupport_cpp/dexter_msgs/srv/quaternion_to_euler__type_support.cpp.o[0m
[14.692s] [ 42%] [32mBuilding CXX object CMakeFiles/dexter_msgs__rosidl_typesupport_cpp.dir/rosidl_typesupport_cpp/dexter_msgs/action/dexter_task__type_support.cpp.o[0m
[14.694s] [ 44%] [32mBuilding CXX object CMakeFiles/dexter_msgs__rosidl_typesupport_cpp.dir/rosidl_typesupport_cpp/dexter_msgs/srv/add_two_ints__type_support.cpp.o[0m
[14.695s] [ 44%] [32mBuilding CXX object CMakeFiles/dexter_msgs__rosidl_typesupport_cpp.dir/rosidl_typesupport_cpp/dexter_msgs/srv/euler_to_quaternion__type_support.cpp.o[0m
[14.696s] [ 45%] [32mBuilding CXX object CMakeFiles/dexter_msgs__rosidl_typesupport_cpp.dir/rosidl_typesupport_cpp/dexter_msgs/action/fibonacci__type_support.cpp.o[0m
[14.697s] [ 47%] [32mBuilding CXX object CMakeFiles/dexter_msgs__rosidl_typesupport_cpp.dir/rosidl_typesupport_cpp/dexter_msgs/srv/dispatch_item__type_support.cpp.o[0m
[14.697s] [ 47%] [32mBuilding CXX object CMakeFiles/dexter_msgs__rosidl_typesupport_cpp.dir/rosidl_typesupport_cpp/dexter_msgs/srv/add_item__type_support.cpp.o[0m
[14.800s] [ 48%] [32m[1mLinking CXX shared library libdexter_msgs__rosidl_typesupport_c.so[0m
[14.924s] [ 48%] Built target dexter_msgs__rosidl_typesupport_c
[15.345s] [ 50%] [32mBuilding CXX object CMakeFiles/dexter_msgs__rosidl_typesupport_introspection_cpp.dir/rosidl_typesupport_introspection_cpp/dexter_msgs/srv/detail/add_two_ints__type_support.cpp.o[0m
[15.349s] [ 51%] [32mBuilding CXX object CMakeFiles/dexter_msgs__rosidl_typesupport_introspection_cpp.dir/rosidl_typesupport_introspection_cpp/dexter_msgs/action/detail/fibonacci__type_support.cpp.o[0m
[15.350s] [ 52%] [32mBuilding CXX object CMakeFiles/dexter_msgs__rosidl_typesupport_introspection_cpp.dir/rosidl_typesupport_introspection_cpp/dexter_msgs/srv/detail/euler_to_quaternion__type_support.cpp.o[0m
[15.350s] [ 53%] [32mBuilding CXX object CMakeFiles/dexter_msgs__rosidl_typesupport_introspection_cpp.dir/rosidl_typesupport_introspection_cpp/dexter_msgs/srv/detail/quaternion_to_euler__type_support.cpp.o[0m
[15.353s] [ 54%] [32mBuilding CXX object CMakeFiles/dexter_msgs__rosidl_typesupport_introspection_cpp.dir/rosidl_typesupport_introspection_cpp/dexter_msgs/srv/detail/dispatch_item__type_support.cpp.o[0m
[15.355s] [ 56%] [32mBuilding CXX object CMakeFiles/dexter_msgs__rosidl_typesupport_introspection_cpp.dir/rosidl_typesupport_introspection_cpp/dexter_msgs/srv/detail/add_item__type_support.cpp.o[0m
[15.355s] [ 56%] [32mBuilding CXX object CMakeFiles/dexter_msgs__rosidl_typesupport_introspection_cpp.dir/rosidl_typesupport_introspection_cpp/dexter_msgs/action/detail/dexter_task__type_support.cpp.o[0m
[15.407s] [ 59%] [32mBuilding C object CMakeFiles/dexter_msgs__rosidl_typesupport_introspection_c.dir/rosidl_typesupport_introspection_c/dexter_msgs/srv/detail/add_two_ints__type_support.c.o[0m
[15.407s] [ 59%] [32mBuilding C object CMakeFiles/dexter_msgs__rosidl_typesupport_introspection_c.dir/rosidl_typesupport_introspection_c/dexter_msgs/action/detail/dexter_task__type_support.c.o[0m
[15.407s] [ 61%] [32mBuilding C object CMakeFiles/dexter_msgs__rosidl_typesupport_introspection_c.dir/rosidl_typesupport_introspection_c/dexter_msgs/srv/detail/euler_to_quaternion__type_support.c.o[0m
[15.408s] [ 61%] [32mBuilding C object CMakeFiles/dexter_msgs__rosidl_typesupport_introspection_c.dir/rosidl_typesupport_introspection_c/dexter_msgs/action/detail/fibonacci__type_support.c.o[0m
[15.408s] [ 62%] [32mBuilding C object CMakeFiles/dexter_msgs__rosidl_typesupport_introspection_c.dir/rosidl_typesupport_introspection_c/dexter_msgs/srv/detail/quaternion_to_euler__type_support.c.o[0m
[15.408s] [ 62%] [32mBuilding C object CMakeFiles/dexter_msgs__rosidl_typesupport_introspection_c.dir/rosidl_typesupport_introspection_c/dexter_msgs/srv/detail/dispatch_item__type_support.c.o[0m
[15.411s] [ 63%] [32mBuilding C object CMakeFiles/dexter_msgs__rosidl_typesupport_introspection_c.dir/rosidl_typesupport_introspection_c/dexter_msgs/srv/detail/add_item__type_support.c.o[0m
[15.642s] [ 64%] [32m[1mLinking C shared library libdexter_msgs__rosidl_typesupport_introspection_c.so[0m
[15.704s] [ 64%] Built target dexter_msgs__rosidl_typesupport_introspection_c
[16.192s] [ 68%] [32mBuilding CXX object CMakeFiles/dexter_msgs__rosidl_typesupport_fastrtps_cpp.dir/rosidl_typesupport_fastrtps_cpp/dexter_msgs/action/detail/dds_fastrtps/fibonacci__type_support.cpp.o[0m
[16.192s] [ 68%] [32mBuilding CXX object CMakeFiles/dexter_msgs__rosidl_typesupport_fastrtps_cpp.dir/rosidl_typesupport_fastrtps_cpp/dexter_msgs/srv/detail/dds_fastrtps/quaternion_to_euler__type_support.cpp.o[0m
[16.192s] [ 68%] [32mBuilding CXX object CMakeFiles/dexter_msgs__rosidl_typesupport_fastrtps_cpp.dir/rosidl_typesupport_fastrtps_cpp/dexter_msgs/action/detail/dds_fastrtps/dexter_task__type_support.cpp.o[0m
[16.194s] [ 70%] [32mBuilding CXX object CMakeFiles/dexter_msgs__rosidl_typesupport_fastrtps_cpp.dir/rosidl_typesupport_fastrtps_cpp/dexter_msgs/srv/detail/dds_fastrtps/add_two_ints__type_support.cpp.o[0m
[16.195s] [ 70%] [32mBuilding CXX object CMakeFiles/dexter_msgs__rosidl_typesupport_fastrtps_cpp.dir/rosidl_typesupport_fastrtps_cpp/dexter_msgs/srv/detail/dds_fastrtps/euler_to_quaternion__type_support.cpp.o[0m
[16.198s] [ 71%] [32mBuilding CXX object CMakeFiles/dexter_msgs__rosidl_typesupport_fastrtps_cpp.dir/rosidl_typesupport_fastrtps_cpp/dexter_msgs/srv/detail/dds_fastrtps/dispatch_item__type_support.cpp.o[0m
[16.200s] [ 72%] [32mBuilding CXX object CMakeFiles/dexter_msgs__rosidl_typesupport_fastrtps_cpp.dir/rosidl_typesupport_fastrtps_cpp/dexter_msgs/srv/detail/dds_fastrtps/add_item__type_support.cpp.o[0m
[16.680s] [ 73%] [32m[1mLinking CXX shared library libdexter_msgs__rosidl_typesupport_cpp.so[0m
[16.878s] [ 73%] Built target dexter_msgs__rosidl_typesupport_cpp
[17.427s] [ 74%] [32mBuilding CXX object CMakeFiles/dexter_msgs__rosidl_typesupport_fastrtps_c.dir/rosidl_typesupport_fastrtps_c/dexter_msgs/srv/detail/add_two_ints__type_support_c.cpp.o[0m
[17.427s] [ 75%] [32mBuilding CXX object CMakeFiles/dexter_msgs__rosidl_typesupport_fastrtps_c.dir/rosidl_typesupport_fastrtps_c/dexter_msgs/srv/detail/euler_to_quaternion__type_support_c.cpp.o[0m
[17.432s] [ 76%] [32mBuilding CXX object CMakeFiles/dexter_msgs__rosidl_typesupport_fastrtps_c.dir/rosidl_typesupport_fastrtps_c/dexter_msgs/srv/detail/quaternion_to_euler__type_support_c.cpp.o[0m
[17.432s] [ 79%] [32mBuilding CXX object CMakeFiles/dexter_msgs__rosidl_typesupport_fastrtps_c.dir/rosidl_typesupport_fastrtps_c/dexter_msgs/srv/detail/dispatch_item__type_support_c.cpp.o[0m
[17.433s] [ 79%] [32mBuilding CXX object CMakeFiles/dexter_msgs__rosidl_typesupport_fastrtps_c.dir/rosidl_typesupport_fastrtps_c/dexter_msgs/action/detail/fibonacci__type_support_c.cpp.o[0m
[17.433s] [ 79%] [32mBuilding CXX object CMakeFiles/dexter_msgs__rosidl_typesupport_fastrtps_c.dir/rosidl_typesupport_fastrtps_c/dexter_msgs/action/detail/dexter_task__type_support_c.cpp.o[0m
[17.434s] [ 80%] [32mBuilding CXX object CMakeFiles/dexter_msgs__rosidl_typesupport_fastrtps_c.dir/rosidl_typesupport_fastrtps_c/dexter_msgs/srv/detail/add_item__type_support_c.cpp.o[0m
[17.494s] [ 81%] [32m[1mLinking CXX shared library libdexter_msgs__rosidl_typesupport_introspection_cpp.so[0m
[17.691s] [ 81%] Built target dexter_msgs__rosidl_typesupport_introspection_cpp
[18.741s] [ 82%] [32m[1mLinking CXX shared library libdexter_msgs__rosidl_typesupport_fastrtps_c.so[0m
[18.853s] [ 84%] [32m[1mLinking CXX shared library libdexter_msgs__rosidl_typesupport_fastrtps_cpp.so[0m
[18.911s] [ 84%] Built target dexter_msgs__rosidl_typesupport_fastrtps_c
[19.089s] [ 84%] Built target dexter_msgs__rosidl_typesupport_fastrtps_cpp
[19.146s] [ 84%] Built target dexter_msgs
[19.199s] [ 85%] [34m[1mGenerating Python code for ROS interfaces[0m
[23.243s] [ 85%] Built target dexter_msgs__py
[23.301s] [ 86%] [32mBuilding C object CMakeFiles/dexter_msgs__rosidl_generator_py.dir/rosidl_generator_py/dexter_msgs/srv/_add_two_ints_s.c.o[0m
[23.301s] [ 87%] [32mBuilding C object CMakeFiles/dexter_msgs__rosidl_generator_py.dir/rosidl_generator_py/dexter_msgs/action/_dexter_task_s.c.o[0m
[23.303s] [ 88%] [32mBuilding C object CMakeFiles/dexter_msgs__rosidl_generator_py.dir/rosidl_generator_py/dexter_msgs/srv/_euler_to_quaternion_s.c.o[0m
[23.305s] [ 89%] [32mBuilding C object CMakeFiles/dexter_msgs__rosidl_generator_py.dir/rosidl_generator_py/dexter_msgs/srv/_quaternion_to_euler_s.c.o[0m
[23.305s] [ 91%] [32mBuilding C object CMakeFiles/dexter_msgs__rosidl_generator_py.dir/rosidl_generator_py/dexter_msgs/action/_fibonacci_s.c.o[0m
[23.306s] [ 91%] [32mBuilding C object CMakeFiles/dexter_msgs__rosidl_generator_py.dir/rosidl_generator_py/dexter_msgs/srv/_dispatch_item_s.c.o[0m
[23.307s] [ 92%] [32mBuilding C object CMakeFiles/dexter_msgs__rosidl_generator_py.dir/rosidl_generator_py/dexter_msgs/srv/_add_item_s.c.o[0m
[23.749s] [ 93%] [32m[1mLinking C shared library libdexter_msgs__rosidl_generator_py.so[0m
[23.852s] [ 93%] Built target dexter_msgs__rosidl_generator_py
[23.904s] [ 94%] [32mBuilding C object CMakeFiles/dexter_msgs_s__rosidl_typesupport_c.dir/rosidl_generator_py/dexter_msgs/_dexter_msgs_s.ep.rosidl_typesupport_c.c.o[0m
[23.907s] [ 95%] [32mBuilding C object CMakeFiles/dexter_msgs_s__rosidl_typesupport_introspection_c.dir/rosidl_generator_py/dexter_msgs/_dexter_msgs_s.ep.rosidl_typesupport_introspection_c.c.o[0m
[23.907s] [ 96%] [32mBuilding C object CMakeFiles/dexter_msgs_s__rosidl_typesupport_fastrtps_c.dir/rosidl_generator_py/dexter_msgs/_dexter_msgs_s.ep.rosidl_typesupport_fastrtps_c.c.o[0m
[24.405s] [ 97%] [32m[1mLinking C shared module rosidl_generator_py/dexter_msgs/dexter_msgs_s__rosidl_typesupport_c.so[0m
[24.406s] [ 98%] [32m[1mLinking C shared module rosidl_generator_py/dexter_msgs/dexter_msgs_s__rosidl_typesupport_introspection_c.so[0m
[24.414s] [100%] [32m[1mLinking C shared module rosidl_generator_py/dexter_msgs/dexter_msgs_s__rosidl_typesupport_fastrtps_c.so[0m
[24.486s] [100%] Built target dexter_msgs_s__rosidl_typesupport_c
[24.490s] [100%] Built target dexter_msgs_s__rosidl_typesupport_introspection_c
[24.500s] [100%] Built target dexter_msgs_s__rosidl_typesupport_fastrtps_c
[24.534s] Invoked command in '/home/aditya/Cpps/Dexter/build/dexter_msgs' returned '0': CMAKE_PREFIX_PATH=${CMAKE_PREFIX_PATH}:/home/aditya/Cpps/Dexter/install/dexter_py_examples:/home/aditya/Cpps/Dexter/install/dexter_inventory:/home/aditya/ros2_ws/install/my_py_pkg:/opt/ros/jazzy DEBUGINFOD_URLS=https://debuginfod.ubuntu.com PS1=\[\e]0;\u@\h: \w\a\]${debian_chroot:+($debian_chroot)}\[\033[01;32m\]\u@\h\[\033[00m\]:\[\033[01;34m\]\w\[\033[00m\]\$ VIRTUAL_ENV_PROMPT=(venv-ardupilot) /usr/bin/cmake --build /home/aditya/Cpps/Dexter/build/dexter_msgs -- -j28 -l28
[24.537s] Invoking command in '/home/aditya/Cpps/Dexter/build/dexter_msgs': CMAKE_PREFIX_PATH=${CMAKE_PREFIX_PATH}:/home/aditya/Cpps/Dexter/install/dexter_py_examples:/home/aditya/Cpps/Dexter/install/dexter_inventory:/home/aditya/ros2_ws/install/my_py_pkg:/opt/ros/jazzy DEBUGINFOD_URLS=https://debuginfod.ubuntu.com PS1=\[\e]0;\u@\h: \w\a\]${debian_chroot:+($debian_chroot)}\[\033[01;32m\]\u@\h\[\033[00m\]:\[\033[01;34m\]\w\[\033[00m\]\$ VIRTUAL_ENV_PROMPT=(venv-ardupilot) /usr/bin/cmake --install /home/aditya/Cpps/Dexter/build/dexter_msgs
[24.561s] -- Install configuration: ""
[24.561s] -- Installing: /home/aditya/Cpps/Dexter/install/dexter_msgs/share/ament_index/resource_index/rosidl_interfaces/dexter_msgs
[24.562s] -- Installing: /home/aditya/Cpps/Dexter/install/dexter_msgs/share/dexter_msgs/srv/AddTwoInts.json
[24.562s] -- Installing: /home/aditya/Cpps/Dexter/install/dexter_msgs/share/dexter_msgs/srv/EulerToQuaternion.json
[24.562s] -- Installing: /home/aditya/Cpps/Dexter/install/dexter_msgs/share/dexter_msgs/srv/QuaternionToEuler.json
[24.562s] -- Installing: /home/aditya/Cpps/Dexter/install/dexter_msgs/share/dexter_msgs/action/Fibonacci.json
[24.562s] -- Installing: /home/aditya/Cpps/Dexter/install/dexter_msgs/share/dexter_msgs/action/DexterTask.json
[24.563s] -- Installing: /home/aditya/Cpps/Dexter/install/dexter_msgs/share/dexter_msgs/srv/DispatchItem.json
[24.563s] -- Installing: /home/aditya/Cpps/Dexter/install/dexter_msgs/share/dexter_msgs/srv/AddItem.json
[24.563s] -- Installing: /home/aditya/Cpps/Dexter/install/dexter_msgs/include/dexter_msgs/dexter_msgs
[24.563s] -- Installing: /home/aditya/Cpps/Dexter/install/dexter_msgs/include/dexter_msgs/dexter_msgs/msg
[24.563s] -- Installing: /home/aditya/Cpps/Dexter/install/dexter_msgs/include/dexter_msgs/dexter_msgs/msg/rosidl_generator_c__visibility_control.h
[24.563s] -- Installing: /home/aditya/Cpps/Dexter/install/dexter_msgs/include/dexter_msgs/dexter_msgs/srv
[24.564s] -- Installing: /home/aditya/Cpps/Dexter/install/dexter_msgs/include/dexter_msgs/dexter_msgs/srv/quaternion_to_euler.h
[24.564s] -- Installing: /home/aditya/Cpps/Dexter/install/dexter_msgs/include/dexter_msgs/dexter_msgs/srv/euler_to_quaternion.h
[24.564s] -- Installing: /home/aditya/Cpps/Dexter/install/dexter_msgs/include/dexter_msgs/dexter_msgs/srv/detail
[24.564s] -- Installing: /home/aditya/Cpps/Dexter/install/dexter_msgs/include/dexter_msgs/dexter_msgs/srv/detail/quaternion_to_euler__struct.h
[24.564s] -- Installing: /home/aditya/Cpps/Dexter/install/dexter_msgs/include/dexter_msgs/dexter_msgs/srv/detail/add_two_ints__type_support.c
[24.564s] -- Installing: /home/aditya/Cpps/Dexter/install/dexter_msgs/include/dexter_msgs/dexter_msgs/srv/detail/euler_to_quaternion__type_support.c
[24.564s] -- Installing: /home/aditya/Cpps/Dexter/install/dexter_msgs/include/dexter_msgs/dexter_msgs/srv/detail/dispatch_item__description.c
[24.564s] -- Installing: /home/aditya/Cpps/Dexter/install/dexter_msgs/include/dexter_msgs/dexter_msgs/srv/detail/quaternion_to_euler__functions.c
[24.565s] -- Installing: /home/aditya/Cpps/Dexter/install/dexter_msgs/include/dexter_msgs/dexter_msgs/srv/detail/euler_to_quaternion__functions.h
[24.565s] -- Installing: /home/aditya/Cpps/Dexter/install/dexter_msgs/include/dexter_msgs/dexter_msgs/srv/detail/euler_to_quaternion__functions.c
[24.565s] -- Installing: /home/aditya/Cpps/Dexter/install/dexter_msgs/include/dexter_msgs/dexter_msgs/srv/detail/dispatch_item__functions.h
[24.565s] -- Installing: /home/aditya/Cpps/Dexter/install/dexter_msgs/include/dexter_msgs/dexter_msgs/srv/detail/dispatch_item__struct.h
[24.565s] -- Installing: /home/aditya/Cpps/Dexter/install/dexter_msgs/include/dexter_msgs/dexter_msgs/srv/detail/quaternion_to_euler__description.c
[24.565s] -- Installing: /home/aditya/Cpps/Dexter/install/dexter_msgs/include/dexter_msgs/dexter_msgs/srv/detail/quaternion_to_euler__type_support.h
[24.565s] -- Installing: /home/aditya/Cpps/Dexter/install/dexter_msgs/include/dexter_msgs/dexter_msgs/srv/detail/add_item__struct.h
[24.565s] -- Installing: /home/aditya/Cpps/Dexter/install/dexter_msgs/include/dexter_msgs/dexter_msgs/srv/detail/quaternion_to_euler__type_support.c
[24.565s] -- Installing: /home/aditya/Cpps/Dexter/install/dexter_msgs/include/dexter_msgs/dexter_msgs/srv/detail/add_two_ints__functions.h
[24.566s] -- Installing: /home/aditya/Cpps/Dexter/install/dexter_msgs/include/dexter_msgs/dexter_msgs/srv/detail/add_two_ints__functions.c
[24.566s] -- Installing: /home/aditya/Cpps/Dexter/install/dexter_msgs/include/dexter_msgs/dexter_msgs/srv/detail/add_item__functions.c
[24.566s] -- Installing: /home/aditya/Cpps/Dexter/install/dexter_msgs/include/dexter_msgs/dexter_msgs/srv/detail/quaternion_to_euler__functions.h
[24.566s] -- Installing: /home/aditya/Cpps/Dexter/install/dexter_msgs/include/dexter_msgs/dexter_msgs/srv/detail/euler_to_quaternion__description.c
[24.566s] -- Installing: /home/aditya/Cpps/Dexter/install/dexter_msgs/include/dexter_msgs/dexter_msgs/srv/detail/dispatch_item__type_support.h
[24.566s] -- Installing: /home/aditya/Cpps/Dexter/install/dexter_msgs/include/dexter_msgs/dexter_msgs/srv/detail/add_two_ints__type_support.h
[24.566s] -- Installing: /home/aditya/Cpps/Dexter/install/dexter_msgs/include/dexter_msgs/dexter_msgs/srv/detail/add_two_ints__struct.h
[24.566s] -- Installing: /home/aditya/Cpps/Dexter/install/dexter_msgs/include/dexter_msgs/dexter_msgs/srv/detail/add_item__functions.h
[24.566s] -- Installing: /home/aditya/Cpps/Dexter/install/dexter_msgs/include/dexter_msgs/dexter_msgs/srv/detail/add_two_ints__description.c
[24.566s] -- Installing: /home/aditya/Cpps/Dexter/install/dexter_msgs/include/dexter_msgs/dexter_msgs/srv/detail/add_item__type_support.h
[24.567s] -- Installing: /home/aditya/Cpps/Dexter/install/dexter_msgs/include/dexter_msgs/dexter_msgs/srv/detail/euler_to_quaternion__type_support.h
[24.567s] -- Installing: /home/aditya/Cpps/Dexter/install/dexter_msgs/include/dexter_msgs/dexter_msgs/srv/detail/dispatch_item__functions.c
[24.567s] -- Installing: /home/aditya/Cpps/Dexter/install/dexter_msgs/include/dexter_msgs/dexter_msgs/srv/detail/add_item__type_support.c
[24.567s] -- Installing: /home/aditya/Cpps/Dexter/install/dexter_msgs/include/dexter_msgs/dexter_msgs/srv/detail/euler_to_quaternion__struct.h
[24.567s] -- Installing: /home/aditya/Cpps/Dexter/install/dexter_msgs/include/dexter_msgs/dexter_msgs/srv/detail/dispatch_item__type_support.c
[24.567s] -- Installing: /home/aditya/Cpps/Dexter/install/dexter_msgs/include/dexter_msgs/dexter_msgs/srv/detail/add_item__description.c
[24.567s] -- Installing: /home/aditya/Cpps/Dexter/install/dexter_msgs/include/dexter_msgs/dexter_msgs/srv/add_two_ints.h
[24.567s] -- Installing: /home/aditya/Cpps/Dexter/install/dexter_msgs/include/dexter_msgs/dexter_msgs/srv/dispatch_item.h
[24.567s] -- Installing: /home/aditya/Cpps/Dexter/install/dexter_msgs/include/dexter_msgs/dexter_msgs/srv/add_item.h
[24.567s] -- Installing: /home/aditya/Cpps/Dexter/install/dexter_msgs/include/dexter_msgs/dexter_msgs/action
[24.568s] -- Installing: /home/aditya/Cpps/Dexter/install/dexter_msgs/include/dexter_msgs/dexter_msgs/action/detail
[24.568s] -- Installing: /home/aditya/Cpps/Dexter/install/dexter_msgs/include/dexter_msgs/dexter_msgs/action/detail/dexter_task__type_support.h
[24.568s] -- Installing: /home/aditya/Cpps/Dexter/install/dexter_msgs/include/dexter_msgs/dexter_msgs/action/detail/dexter_task__struct.h
[24.568s] -- Installing: /home/aditya/Cpps/Dexter/install/dexter_msgs/include/dexter_msgs/dexter_msgs/action/detail/dexter_task__functions.h
[24.568s] -- Installing: /home/aditya/Cpps/Dexter/install/dexter_msgs/include/dexter_msgs/dexter_msgs/action/detail/dexter_task__description.c
[24.568s] -- Installing: /home/aditya/Cpps/Dexter/install/dexter_msgs/include/dexter_msgs/dexter_msgs/action/detail/fibonacci__type_support.h
[24.568s] -- Installing: /home/aditya/Cpps/Dexter/install/dexter_msgs/include/dexter_msgs/dexter_msgs/action/detail/dexter_task__type_support.c
[24.568s] -- Installing: /home/aditya/Cpps/Dexter/install/dexter_msgs/include/dexter_msgs/dexter_msgs/action/detail/fibonacci__functions.h
[24.568s] -- Installing: /home/aditya/Cpps/Dexter/install/dexter_msgs/include/dexter_msgs/dexter_msgs/action/detail/fibonacci__type_support.c
[24.568s] -- Installing: /home/aditya/Cpps/Dexter/install/dexter_msgs/include/dexter_msgs/dexter_msgs/action/detail/dexter_task__functions.c
[24.569s] -- Installing: /home/aditya/Cpps/Dexter/install/dexter_msgs/include/dexter_msgs/dexter_msgs/action/detail/fibonacci__struct.h
[24.569s] -- Installing: /home/aditya/Cpps/Dexter/install/dexter_msgs/include/dexter_msgs/dexter_msgs/action/detail/fibonacci__functions.c
[24.569s] -- Installing: /home/aditya/Cpps/Dexter/install/dexter_msgs/include/dexter_msgs/dexter_msgs/action/detail/fibonacci__description.c
[24.569s] -- Installing: /home/aditya/Cpps/Dexter/install/dexter_msgs/include/dexter_msgs/dexter_msgs/action/fibonacci.h
[24.569s] -- Installing: /home/aditya/Cpps/Dexter/install/dexter_msgs/include/dexter_msgs/dexter_msgs/action/dexter_task.h
[24.569s] -- Installing: /home/aditya/Cpps/Dexter/install/dexter_msgs/share/dexter_msgs/environment/library_path.sh
[24.569s] -- Installing: /home/aditya/Cpps/Dexter/install/dexter_msgs/share/dexter_msgs/environment/library_path.dsv
[24.569s] -- Installing: /home/aditya/Cpps/Dexter/install/dexter_msgs/lib/libdexter_msgs__rosidl_generator_c.so
[24.569s] -- Set non-toolchain portion of runtime path of "/home/aditya/Cpps/Dexter/install/dexter_msgs/lib/libdexter_msgs__rosidl_generator_c.so" to ""
[24.570s] -- Up-to-date: /home/aditya/Cpps/Dexter/install/dexter_msgs/include/dexter_msgs/dexter_msgs
[24.570s] -- Up-to-date: /home/aditya/Cpps/Dexter/install/dexter_msgs/include/dexter_msgs/dexter_msgs/msg
[24.570s] -- Installing: /home/aditya/Cpps/Dexter/install/dexter_msgs/include/dexter_msgs/dexter_msgs/msg/rosidl_typesupport_fastrtps_c__visibility_control.h
[24.570s] -- Up-to-date: /home/aditya/Cpps/Dexter/install/dexter_msgs/include/dexter_msgs/dexter_msgs/srv
[24.570s] -- Up-to-date: /home/aditya/Cpps/Dexter/install/dexter_msgs/include/dexter_msgs/dexter_msgs/srv/detail
[24.570s] -- Installing: /home/aditya/Cpps/Dexter/install/dexter_msgs/include/dexter_msgs/dexter_msgs/srv/detail/dispatch_item__rosidl_typesupport_fastrtps_c.h
[24.570s] -- Installing: /home/aditya/Cpps/Dexter/install/dexter_msgs/include/dexter_msgs/dexter_msgs/srv/detail/add_two_ints__rosidl_typesupport_fastrtps_c.h
[24.570s] -- Installing: /home/aditya/Cpps/Dexter/install/dexter_msgs/include/dexter_msgs/dexter_msgs/srv/detail/add_item__rosidl_typesupport_fastrtps_c.h
[24.570s] -- Installing: /home/aditya/Cpps/Dexter/install/dexter_msgs/include/dexter_msgs/dexter_msgs/srv/detail/quaternion_to_euler__rosidl_typesupport_fastrtps_c.h
[24.570s] -- Installing: /home/aditya/Cpps/Dexter/install/dexter_msgs/include/dexter_msgs/dexter_msgs/srv/detail/euler_to_quaternion__rosidl_typesupport_fastrtps_c.h
[24.571s] -- Up-to-date: /home/aditya/Cpps/Dexter/install/dexter_msgs/include/dexter_msgs/dexter_msgs/action
[24.571s] -- Up-to-date: /home/aditya/Cpps/Dexter/install/dexter_msgs/include/dexter_msgs/dexter_msgs/action/detail
[24.571s] -- Installing: /home/aditya/Cpps/Dexter/install/dexter_msgs/include/dexter_msgs/dexter_msgs/action/detail/dexter_task__rosidl_typesupport_fastrtps_c.h
[24.571s] -- Installing: /home/aditya/Cpps/Dexter/install/dexter_msgs/include/dexter_msgs/dexter_msgs/action/detail/fibonacci__rosidl_typesupport_fastrtps_c.h
[24.571s] -- Installing: /home/aditya/Cpps/Dexter/install/dexter_msgs/lib/libdexter_msgs__rosidl_typesupport_fastrtps_c.so
[24.571s] -- Set non-toolchain portion of runtime path of "/home/aditya/Cpps/Dexter/install/dexter_msgs/lib/libdexter_msgs__rosidl_typesupport_fastrtps_c.so" to ""
[24.571s] -- Up-to-date: /home/aditya/Cpps/Dexter/install/dexter_msgs/include/dexter_msgs/dexter_msgs
[24.571s] -- Up-to-date: /home/aditya/Cpps/Dexter/install/dexter_msgs/include/dexter_msgs/dexter_msgs/msg
[24.571s] -- Installing: /home/aditya/Cpps/Dexter/install/dexter_msgs/include/dexter_msgs/dexter_msgs/msg/rosidl_generator_cpp__visibility_control.hpp
[24.572s] -- Up-to-date: /home/aditya/Cpps/Dexter/install/dexter_msgs/include/dexter_msgs/dexter_msgs/srv
[24.572s] -- Installing: /home/aditya/Cpps/Dexter/install/dexter_msgs/include/dexter_msgs/dexter_msgs/srv/dispatch_item.hpp
[24.572s] -- Installing: /home/aditya/Cpps/Dexter/install/dexter_msgs/include/dexter_msgs/dexter_msgs/srv/quaternion_to_euler.hpp
[24.572s] -- Installing: /home/aditya/Cpps/Dexter/install/dexter_msgs/include/dexter_msgs/dexter_msgs/srv/add_two_ints.hpp
[24.572s] -- Installing: /home/aditya/Cpps/Dexter/install/dexter_msgs/include/dexter_msgs/dexter_msgs/srv/euler_to_quaternion.hpp
[24.572s] -- Installing: /home/aditya/Cpps/Dexter/install/dexter_msgs/include/dexter_msgs/dexter_msgs/srv/add_item.hpp
[24.572s] -- Up-to-date: /home/aditya/Cpps/Dexter/install/dexter_msgs/include/dexter_msgs/dexter_msgs/srv/detail
[24.572s] -- Installing: /home/aditya/Cpps/Dexter/install/dexter_msgs/include/dexter_msgs/dexter_msgs/srv/detail/add_two_ints__builder.hpp
[24.572s] -- Installing: /home/aditya/Cpps/Dexter/install/dexter_msgs/include/dexter_msgs/dexter_msgs/srv/detail/quaternion_to_euler__type_support.hpp
[24.572s] -- Installing: /home/aditya/Cpps/Dexter/install/dexter_msgs/include/dexter_msgs/dexter_msgs/srv/detail/quaternion_to_euler__traits.hpp
[24.572s] -- Installing: /home/aditya/Cpps/Dexter/install/dexter_msgs/include/dexter_msgs/dexter_msgs/srv/detail/add_item__traits.hpp
[24.573s] -- Installing: /home/aditya/Cpps/Dexter/install/dexter_msgs/include/dexter_msgs/dexter_msgs/srv/detail/dispatch_item__struct.hpp
[24.573s] -- Installing: /home/aditya/Cpps/Dexter/install/dexter_msgs/include/dexter_msgs/dexter_msgs/srv/detail/dispatch_item__builder.hpp
[24.573s] -- Installing: /home/aditya/Cpps/Dexter/install/dexter_msgs/include/dexter_msgs/dexter_msgs/srv/detail/dispatch_item__traits.hpp
[24.573s] -- Installing: /home/aditya/Cpps/Dexter/install/dexter_msgs/include/dexter_msgs/dexter_msgs/srv/detail/euler_to_quaternion__type_support.hpp
[24.573s] -- Installing: /home/aditya/Cpps/Dexter/install/dexter_msgs/include/dexter_msgs/dexter_msgs/srv/detail/add_two_ints__type_support.hpp
[24.573s] -- Installing: /home/aditya/Cpps/Dexter/install/dexter_msgs/include/dexter_msgs/dexter_msgs/srv/detail/add_item__builder.hpp
[24.573s] -- Installing: /home/aditya/Cpps/Dexter/install/dexter_msgs/include/dexter_msgs/dexter_msgs/srv/detail/add_two_ints__struct.hpp
[24.573s] -- Installing: /home/aditya/Cpps/Dexter/install/dexter_msgs/include/dexter_msgs/dexter_msgs/srv/detail/euler_to_quaternion__struct.hpp
[24.573s] -- Installing: /home/aditya/Cpps/Dexter/install/dexter_msgs/include/dexter_msgs/dexter_msgs/srv/detail/add_item__struct.hpp
[24.573s] -- Installing: /home/aditya/Cpps/Dexter/install/dexter_msgs/include/dexter_msgs/dexter_msgs/srv/detail/add_two_ints__traits.hpp
[24.573s] -- Installing: /home/aditya/Cpps/Dexter/install/dexter_msgs/include/dexter_msgs/dexter_msgs/srv/detail/add_item__type_support.hpp
[24.574s] -- Installing: /home/aditya/Cpps/Dexter/install/dexter_msgs/include/dexter_msgs/dexter_msgs/srv/detail/quaternion_to_euler__struct.hpp
[24.574s] -- Installing: /home/aditya/Cpps/Dexter/install/dexter_msgs/include/dexter_msgs/dexter_msgs/srv/detail/euler_to_quaternion__builder.hpp
[24.574s] -- Installing: /home/aditya/Cpps/Dexter/install/dexter_msgs/include/dexter_msgs/dexter_msgs/srv/detail/dispatch_item__type_support.hpp
[24.574s] -- Installing: /home/aditya/Cpps/Dexter/install/dexter_msgs/include/dexter_msgs/dexter_msgs/srv/detail/euler_to_quaternion__traits.hpp
[24.574s] -- Installing: /home/aditya/Cpps/Dexter/install/dexter_msgs/include/dexter_msgs/dexter_msgs/srv/detail/quaternion_to_euler__builder.hpp
[24.574s] -- Up-to-date: /home/aditya/Cpps/Dexter/install/dexter_msgs/include/dexter_msgs/dexter_msgs/action
[24.574s] -- Installing: /home/aditya/Cpps/Dexter/install/dexter_msgs/include/dexter_msgs/dexter_msgs/action/dexter_task.hpp
[24.574s] -- Up-to-date: /home/aditya/Cpps/Dexter/install/dexter_msgs/include/dexter_msgs/dexter_msgs/action/detail
[24.574s] -- Installing: /home/aditya/Cpps/Dexter/install/dexter_msgs/include/dexter_msgs/dexter_msgs/action/detail/fibonacci__traits.hpp
[24.574s] -- Installing: /home/aditya/Cpps/Dexter/install/dexter_msgs/include/dexter_msgs/dexter_msgs/action/detail/fibonacci__struct.hpp
[24.574s] -- Installing: /home/aditya/Cpps/Dexter/install/dexter_msgs/include/dexter_msgs/dexter_msgs/action/detail/fibonacci__type_support.hpp
[24.575s] -- Installing: /home/aditya/Cpps/Dexter/install/dexter_msgs/include/dexter_msgs/dexter_msgs/action/detail/dexter_task__struct.hpp
[24.575s] -- Installing: /home/aditya/Cpps/Dexter/install/dexter_msgs/include/dexter_msgs/dexter_msgs/action/detail/fibonacci__builder.hpp
[24.575s] -- Installing: /home/aditya/Cpps/Dexter/install/dexter_msgs/include/dexter_msgs/dexter_msgs/action/detail/dexter_task__builder.hpp
[24.575s] -- Installing: /home/aditya/Cpps/Dexter/install/dexter_msgs/include/dexter_msgs/dexter_msgs/action/detail/dexter_task__type_support.hpp
[24.575s] -- Installing: /home/aditya/Cpps/Dexter/install/dexter_msgs/include/dexter_msgs/dexter_msgs/action/detail/dexter_task__traits.hpp
[24.575s] -- Installing: /home/aditya/Cpps/Dexter/install/dexter_msgs/include/dexter_msgs/dexter_msgs/action/fibonacci.hpp
[24.575s] -- Up-to-date: /home/aditya/Cpps/Dexter/install/dexter_msgs/include/dexter_msgs/dexter_msgs
[24.575s] -- Up-to-date: /home/aditya/Cpps/Dexter/install/dexter_msgs/include/dexter_msgs/dexter_msgs/msg
[24.575s] -- Installing: /home/aditya/Cpps/Dexter/install/dexter_msgs/include/dexter_msgs/dexter_msgs/msg/rosidl_typesupport_fastrtps_cpp__visibility_control.h
[24.575s] -- Up-to-date: /home/aditya/Cpps/Dexter/install/dexter_msgs/include/dexter_msgs/dexter_msgs/srv
[24.575s] -- Up-to-date: /home/aditya/Cpps/Dexter/install/dexter_msgs/include/dexter_msgs/dexter_msgs/srv/detail
[24.576s] -- Installing: /home/aditya/Cpps/Dexter/install/dexter_msgs/include/dexter_msgs/dexter_msgs/srv/detail/euler_to_quaternion__rosidl_typesupport_fastrtps_cpp.hpp
[24.576s] -- Installing: /home/aditya/Cpps/Dexter/install/dexter_msgs/include/dexter_msgs/dexter_msgs/srv/detail/quaternion_to_euler__rosidl_typesupport_fastrtps_cpp.hpp
[24.576s] -- Installing: /home/aditya/Cpps/Dexter/install/dexter_msgs/include/dexter_msgs/dexter_msgs/srv/detail/add_two_ints__rosidl_typesupport_fastrtps_cpp.hpp
[24.576s] -- Installing: /home/aditya/Cpps/Dexter/install/dexter_msgs/include/dexter_msgs/dexter_msgs/srv/detail/add_item__rosidl_typesupport_fastrtps_cpp.hpp
[24.576s] -- Installing: /home/aditya/Cpps/Dexter/install/dexter_msgs/include/dexter_msgs/dexter_msgs/srv/detail/dds_fastrtps
[24.576s] -- Installing: /home/aditya/Cpps/Dexter/install/dexter_msgs/include/dexter_msgs/dexter_msgs/srv/detail/dispatch_item__rosidl_typesupport_fastrtps_cpp.hpp
[24.576s] -- Up-to-date: /home/aditya/Cpps/Dexter/install/dexter_msgs/include/dexter_msgs/dexter_msgs/action
[24.576s] -- Up-to-date: /home/aditya/Cpps/Dexter/install/dexter_msgs/include/dexter_msgs/dexter_msgs/action/detail
[24.576s] -- Installing: /home/aditya/Cpps/Dexter/install/dexter_msgs/include/dexter_msgs/dexter_msgs/action/detail/dexter_task__rosidl_typesupport_fastrtps_cpp.hpp
[24.576s] -- Installing: /home/aditya/Cpps/Dexter/install/dexter_msgs/include/dexter_msgs/dexter_msgs/action/detail/fibonacci__rosidl_typesupport_fastrtps_cpp.hpp
[24.576s] -- Installing: /home/aditya/Cpps/Dexter/install/dexter_msgs/include/dexter_msgs/dexter_msgs/action/detail/dds_fastrtps
[24.577s] -- Installing: /home/aditya/Cpps/Dexter/install/dexter_msgs/lib/libdexter_msgs__rosidl_typesupport_fastrtps_cpp.so
[24.577s] -- Set non-toolchain portion of runtime path of "/home/aditya/Cpps/Dexter/install/dexter_msgs/lib/libdexter_msgs__rosidl_typesupport_fastrtps_cpp.so" to ""
[24.577s] -- Up-to-date: /home/aditya/Cpps/Dexter/install/dexter_msgs/include/dexter_msgs/dexter_msgs
[24.577s] -- Up-to-date: /home/aditya/Cpps/Dexter/install/dexter_msgs/include/dexter_msgs/dexter_msgs/msg
[24.577s] -- Installing: /home/aditya/Cpps/Dexter/install/dexter_msgs/include/dexter_msgs/dexter_msgs/msg/rosidl_typesupport_introspection_c__visibility_control.h
[24.578s] -- Up-to-date: /home/aditya/Cpps/Dexter/install/dexter_msgs/include/dexter_msgs/dexter_msgs/srv
[24.578s] -- Up-to-date: /home/aditya/Cpps/Dexter/install/dexter_msgs/include/dexter_msgs/dexter_msgs/srv/detail
[24.578s] -- Installing: /home/aditya/Cpps/Dexter/install/dexter_msgs/include/dexter_msgs/dexter_msgs/srv/detail/add_two_ints__type_support.c
[24.578s] -- Installing: /home/aditya/Cpps/Dexter/install/dexter_msgs/include/dexter_msgs/dexter_msgs/srv/detail/euler_to_quaternion__type_support.c
[24.578s] -- Installing: /home/aditya/Cpps/Dexter/install/dexter_msgs/include/dexter_msgs/dexter_msgs/srv/detail/add_two_ints__rosidl_typesupport_introspection_c.h
[24.578s] -- Installing: /home/aditya/Cpps/Dexter/install/dexter_msgs/include/dexter_msgs/dexter_msgs/srv/detail/quaternion_to_euler__type_support.c
[24.578s] -- Installing: /home/aditya/Cpps/Dexter/install/dexter_msgs/include/dexter_msgs/dexter_msgs/srv/detail/dispatch_item__rosidl_typesupport_introspection_c.h
[24.578s] -- Installing: /home/aditya/Cpps/Dexter/install/dexter_msgs/include/dexter_msgs/dexter_msgs/srv/detail/add_item__rosidl_typesupport_introspection_c.h
[24.578s] -- Installing: /home/aditya/Cpps/Dexter/install/dexter_msgs/include/dexter_msgs/dexter_msgs/srv/detail/quaternion_to_euler__rosidl_typesupport_introspection_c.h
[24.578s] -- Installing: /home/aditya/Cpps/Dexter/install/dexter_msgs/include/dexter_msgs/dexter_msgs/srv/detail/add_item__type_support.c
[24.579s] -- Installing: /home/aditya/Cpps/Dexter/install/dexter_msgs/include/dexter_msgs/dexter_msgs/srv/detail/euler_to_quaternion__rosidl_typesupport_introspection_c.h
[24.579s] -- Installing: /home/aditya/Cpps/Dexter/install/dexter_msgs/include/dexter_msgs/dexter_msgs/srv/detail/dispatch_item__type_support.c
[24.579s] -- Up-to-date: /home/aditya/Cpps/Dexter/install/dexter_msgs/include/dexter_msgs/dexter_msgs/action
[24.579s] -- Up-to-date: /home/aditya/Cpps/Dexter/install/dexter_msgs/include/dexter_msgs/dexter_msgs/action/detail
[24.579s] -- Installing: /home/aditya/Cpps/Dexter/install/dexter_msgs/include/dexter_msgs/dexter_msgs/action/detail/dexter_task__type_support.c
[24.579s] -- Installing: /home/aditya/Cpps/Dexter/install/dexter_msgs/include/dexter_msgs/dexter_msgs/action/detail/fibonacci__rosidl_typesupport_introspection_c.h
[24.579s] -- Installing: /home/aditya/Cpps/Dexter/install/dexter_msgs/include/dexter_msgs/dexter_msgs/action/detail/fibonacci__type_support.c
[24.579s] -- Installing: /home/aditya/Cpps/Dexter/install/dexter_msgs/include/dexter_msgs/dexter_msgs/action/detail/dexter_task__rosidl_typesupport_introspection_c.h
[24.579s] -- Installing: /home/aditya/Cpps/Dexter/install/dexter_msgs/lib/libdexter_msgs__rosidl_typesupport_introspection_c.so
[24.580s] -- Set non-toolchain portion of runtime path of "/home/aditya/Cpps/Dexter/install/dexter_msgs/lib/libdexter_msgs__rosidl_typesupport_introspection_c.so" to ""
[24.580s] -- Installing: /home/aditya/Cpps/Dexter/install/dexter_msgs/lib/libdexter_msgs__rosidl_typesupport_c.so
[24.580s] -- Set non-toolchain portion of runtime path of "/home/aditya/Cpps/Dexter/install/dexter_msgs/lib/libdexter_msgs__rosidl_typesupport_c.so" to ""
[24.580s] -- Up-to-date: /home/aditya/Cpps/Dexter/install/dexter_msgs/include/dexter_msgs/dexter_msgs
[24.580s] -- Up-to-date: /home/aditya/Cpps/Dexter/install/dexter_msgs/include/dexter_msgs/dexter_msgs/srv
[24.580s] -- Up-to-date: /home/aditya/Cpps/Dexter/install/dexter_msgs/include/dexter_msgs/dexter_msgs/srv/detail
[24.580s] -- Installing: /home/aditya/Cpps/Dexter/install/dexter_msgs/include/dexter_msgs/dexter_msgs/srv/detail/quaternion_to_euler__rosidl_typesupport_introspection_cpp.hpp
[24.581s] -- Installing: /home/aditya/Cpps/Dexter/install/dexter_msgs/include/dexter_msgs/dexter_msgs/srv/detail/dispatch_item__rosidl_typesupport_introspection_cpp.hpp
[24.581s] -- Installing: /home/aditya/Cpps/Dexter/install/dexter_msgs/include/dexter_msgs/dexter_msgs/srv/detail/add_item__type_support.cpp
[24.581s] -- Installing: /home/aditya/Cpps/Dexter/install/dexter_msgs/include/dexter_msgs/dexter_msgs/srv/detail/add_two_ints__rosidl_typesupport_introspection_cpp.hpp
[24.581s] -- Installing: /home/aditya/Cpps/Dexter/install/dexter_msgs/include/dexter_msgs/dexter_msgs/srv/detail/add_two_ints__type_support.cpp
[24.581s] -- Installing: /home/aditya/Cpps/Dexter/install/dexter_msgs/include/dexter_msgs/dexter_msgs/srv/detail/euler_to_quaternion__rosidl_typesupport_introspection_cpp.hpp
[24.581s] -- Installing: /home/aditya/Cpps/Dexter/install/dexter_msgs/include/dexter_msgs/dexter_msgs/srv/detail/quaternion_to_euler__type_support.cpp
[24.581s] -- Installing: /home/aditya/Cpps/Dexter/install/dexter_msgs/include/dexter_msgs/dexter_msgs/srv/detail/dispatch_item__type_support.cpp
[24.581s] -- Installing: /home/aditya/Cpps/Dexter/install/dexter_msgs/include/dexter_msgs/dexter_msgs/srv/detail/euler_to_quaternion__type_support.cpp
[24.581s] -- Installing: /home/aditya/Cpps/Dexter/install/dexter_msgs/include/dexter_msgs/dexter_msgs/srv/detail/add_item__rosidl_typesupport_introspection_cpp.hpp
[24.581s] -- Up-to-date: /home/aditya/Cpps/Dexter/install/dexter_msgs/include/dexter_msgs/dexter_msgs/action
[24.581s] -- Up-to-date: /home/aditya/Cpps/Dexter/install/dexter_msgs/include/dexter_msgs/dexter_msgs/action/detail
[24.582s] -- Installing: /home/aditya/Cpps/Dexter/install/dexter_msgs/include/dexter_msgs/dexter_msgs/action/detail/dexter_task__rosidl_typesupport_introspection_cpp.hpp
[24.582s] -- Installing: /home/aditya/Cpps/Dexter/install/dexter_msgs/include/dexter_msgs/dexter_msgs/action/detail/dexter_task__type_support.cpp
[24.582s] -- Installing: /home/aditya/Cpps/Dexter/install/dexter_msgs/include/dexter_msgs/dexter_msgs/action/detail/fibonacci__type_support.cpp
[24.582s] -- Installing: /home/aditya/Cpps/Dexter/install/dexter_msgs/include/dexter_msgs/dexter_msgs/action/detail/fibonacci__rosidl_typesupport_introspection_cpp.hpp
[24.582s] -- Installing: /home/aditya/Cpps/Dexter/install/dexter_msgs/lib/libdexter_msgs__rosidl_typesupport_introspection_cpp.so
[24.583s] -- Set non-toolchain portion of runtime path of "/home/aditya/Cpps/Dexter/install/dexter_msgs/lib/libdexter_msgs__rosidl_typesupport_introspection_cpp.so" to ""
[24.583s] -- Installing: /home/aditya/Cpps/Dexter/install/dexter_msgs/lib/libdexter_msgs__rosidl_typesupport_cpp.so
[24.584s] -- Set non-toolchain portion of runtime path of "/home/aditya/Cpps/Dexter/install/dexter_msgs/lib/libdexter_msgs__rosidl_typesupport_cpp.so" to ""
[24.584s] -- Installing: /home/aditya/Cpps/Dexter/install/dexter_msgs/share/dexter_msgs/environment/pythonpath.sh
[24.584s] -- Installing: /home/aditya/Cpps/Dexter/install/dexter_msgs/share/dexter_msgs/environment/pythonpath.dsv
[24.584s] -- Installing: /home/aditya/Cpps/Dexter/install/dexter_msgs/lib/python3.12/site-packages/dexter_msgs-0.0.0-py3.12.egg-info
[24.584s] -- Installing: /home/aditya/Cpps/Dexter/install/dexter_msgs/lib/python3.12/site-packages/dexter_msgs-0.0.0-py3.12.egg-info/SOURCES.txt
[24.584s] -- Installing: /home/aditya/Cpps/Dexter/install/dexter_msgs/lib/python3.12/site-packages/dexter_msgs-0.0.0-py3.12.egg-info/PKG-INFO
[24.584s] -- Installing: /home/aditya/Cpps/Dexter/install/dexter_msgs/lib/python3.12/site-packages/dexter_msgs-0.0.0-py3.12.egg-info/dependency_links.txt
[24.584s] -- Installing: /home/aditya/Cpps/Dexter/install/dexter_msgs/lib/python3.12/site-packages/dexter_msgs-0.0.0-py3.12.egg-info/top_level.txt
[24.584s] -- Installing: /home/aditya/Cpps/Dexter/install/dexter_msgs/lib/python3.12/site-packages/dexter_msgs
[24.585s] -- Installing: /home/aditya/Cpps/Dexter/install/dexter_msgs/lib/python3.12/site-packages/dexter_msgs/_dexter_msgs_s.ep.rosidl_typesupport_introspection_c.c
[24.585s] -- Installing: /home/aditya/Cpps/Dexter/install/dexter_msgs/lib/python3.12/site-packages/dexter_msgs/dexter_msgs_s__rosidl_typesupport_fastrtps_c.so
[24.585s] -- Installing: /home/aditya/Cpps/Dexter/install/dexter_msgs/lib/python3.12/site-packages/dexter_msgs/_dexter_msgs_s.ep.rosidl_typesupport_c.c
[24.585s] -- Installing: /home/aditya/Cpps/Dexter/install/dexter_msgs/lib/python3.12/site-packages/dexter_msgs/dexter_msgs_s__rosidl_typesupport_introspection_c.so
[24.585s] -- Installing: /home/aditya/Cpps/Dexter/install/dexter_msgs/lib/python3.12/site-packages/dexter_msgs/_dexter_msgs_s.ep.rosidl_typesupport_fastrtps_c.c
[24.586s] -- Installing: /home/aditya/Cpps/Dexter/install/dexter_msgs/lib/python3.12/site-packages/dexter_msgs/__init__.py
[24.586s] -- Installing: /home/aditya/Cpps/Dexter/install/dexter_msgs/lib/python3.12/site-packages/dexter_msgs/dexter_msgs_s__rosidl_typesupport_c.so
[24.586s] -- Installing: /home/aditya/Cpps/Dexter/install/dexter_msgs/lib/python3.12/site-packages/dexter_msgs/srv
[24.587s] -- Installing: /home/aditya/Cpps/Dexter/install/dexter_msgs/lib/python3.12/site-packages/dexter_msgs/srv/_euler_to_quaternion_s.c
[24.587s] -- Installing: /home/aditya/Cpps/Dexter/install/dexter_msgs/lib/python3.12/site-packages/dexter_msgs/srv/_quaternion_to_euler_s.c
[24.587s] -- Installing: /home/aditya/Cpps/Dexter/install/dexter_msgs/lib/python3.12/site-packages/dexter_msgs/srv/_add_two_ints.py
[24.587s] -- Installing: /home/aditya/Cpps/Dexter/install/dexter_msgs/lib/python3.12/site-packages/dexter_msgs/srv/_add_two_ints_s.c
[24.587s] -- Installing: /home/aditya/Cpps/Dexter/install/dexter_msgs/lib/python3.12/site-packages/dexter_msgs/srv/_quaternion_to_euler.py
[24.588s] -- Installing: /home/aditya/Cpps/Dexter/install/dexter_msgs/lib/python3.12/site-packages/dexter_msgs/srv/_dispatch_item_s.c
[24.588s] -- Installing: /home/aditya/Cpps/Dexter/install/dexter_msgs/lib/python3.12/site-packages/dexter_msgs/srv/_add_item.py
[24.588s] -- Installing: /home/aditya/Cpps/Dexter/install/dexter_msgs/lib/python3.12/site-packages/dexter_msgs/srv/_add_item_s.c
[24.588s] -- Installing: /home/aditya/Cpps/Dexter/install/dexter_msgs/lib/python3.12/site-packages/dexter_msgs/srv/_dispatch_item.py
[24.588s] -- Installing: /home/aditya/Cpps/Dexter/install/dexter_msgs/lib/python3.12/site-packages/dexter_msgs/srv/__init__.py
[24.588s] -- Installing: /home/aditya/Cpps/Dexter/install/dexter_msgs/lib/python3.12/site-packages/dexter_msgs/srv/_euler_to_quaternion.py
[24.588s] -- Installing: /home/aditya/Cpps/Dexter/install/dexter_msgs/lib/python3.12/site-packages/dexter_msgs/action
[24.588s] -- Installing: /home/aditya/Cpps/Dexter/install/dexter_msgs/lib/python3.12/site-packages/dexter_msgs/action/_fibonacci.py
[24.588s] -- Installing: /home/aditya/Cpps/Dexter/install/dexter_msgs/lib/python3.12/site-packages/dexter_msgs/action/_dexter_task.py
[24.588s] -- Installing: /home/aditya/Cpps/Dexter/install/dexter_msgs/lib/python3.12/site-packages/dexter_msgs/action/__init__.py
[24.588s] -- Installing: /home/aditya/Cpps/Dexter/install/dexter_msgs/lib/python3.12/site-packages/dexter_msgs/action/_fibonacci_s.c
[24.589s] -- Installing: /home/aditya/Cpps/Dexter/install/dexter_msgs/lib/python3.12/site-packages/dexter_msgs/action/_dexter_task_s.c
[24.706s] Listing '/home/aditya/Cpps/Dexter/install/dexter_msgs/lib/python3.12/site-packages/dexter_msgs'...
[24.706s] Compiling '/home/aditya/Cpps/Dexter/install/dexter_msgs/lib/python3.12/site-packages/dexter_msgs/__init__.py'...
[24.706s] Listing '/home/aditya/Cpps/Dexter/install/dexter_msgs/lib/python3.12/site-packages/dexter_msgs/action'...
[24.706s] Compiling '/home/aditya/Cpps/Dexter/install/dexter_msgs/lib/python3.12/site-packages/dexter_msgs/action/__init__.py'...
[24.706s] Compiling '/home/aditya/Cpps/Dexter/install/dexter_msgs/lib/python3.12/site-packages/dexter_msgs/action/_dexter_task.py'...
[24.706s] Compiling '/home/aditya/Cpps/Dexter/install/dexter_msgs/lib/python3.12/site-packages/dexter_msgs/action/_fibonacci.py'...
[24.706s] Listing '/home/aditya/Cpps/Dexter/install/dexter_msgs/lib/python3.12/site-packages/dexter_msgs/srv'...
[24.706s] Compiling '/home/aditya/Cpps/Dexter/install/dexter_msgs/lib/python3.12/site-packages/dexter_msgs/srv/__init__.py'...
[24.707s] Compiling '/home/aditya/Cpps/Dexter/install/dexter_msgs/lib/python3.12/site-packages/dexter_msgs/srv/_add_item.py'...
[24.707s] Compiling '/home/aditya/Cpps/Dexter/install/dexter_msgs/lib/python3.12/site-packages/dexter_msgs/srv/_add_two_ints.py'...
[24.707s] Compiling '/home/aditya/Cpps/Dexter/install/dexter_msgs/lib/python3.12/site-packages/dexter_msgs/srv/_dispatch_item.py'...
[24.707s] Compiling '/home/aditya/Cpps/Dexter/install/dexter_msgs/lib/python3.12/site-packages/dexter_msgs/srv/_euler_to_quaternion.py'...
[24.707s] Compiling '/home/aditya/Cpps/Dexter/install/dexter_msgs/lib/python3.12/site-packages/dexter_msgs/srv/_quaternion_to_euler.py'...
[24.715s] -- Installing: /home/aditya/Cpps/Dexter/install/dexter_msgs/lib/python3.12/site-packages/dexter_msgs/dexter_msgs_s__rosidl_typesupport_fastrtps_c.so
[24.715s] -- Set non-toolchain portion of runtime path of "/home/aditya/Cpps/Dexter/install/dexter_msgs/lib/python3.12/site-packages/dexter_msgs/dexter_msgs_s__rosidl_typesupport_fastrtps_c.so" to ""
[24.715s] -- Installing: /home/aditya/Cpps/Dexter/install/dexter_msgs/lib/python3.12/site-packages/dexter_msgs/dexter_msgs_s__rosidl_typesupport_introspection_c.so
[24.716s] -- Set non-toolchain portion of runtime path of "/home/aditya/Cpps/Dexter/install/dexter_msgs/lib/python3.12/site-packages/dexter_msgs/dexter_msgs_s__rosidl_typesupport_introspection_c.so" to ""
[24.716s] -- Installing: /home/aditya/Cpps/Dexter/install/dexter_msgs/lib/python3.12/site-packages/dexter_msgs/dexter_msgs_s__rosidl_typesupport_c.so
[24.716s] -- Set non-toolchain portion of runtime path of "/home/aditya/Cpps/Dexter/install/dexter_msgs/lib/python3.12/site-packages/dexter_msgs/dexter_msgs_s__rosidl_typesupport_c.so" to ""
[24.716s] -- Installing: /home/aditya/Cpps/Dexter/install/dexter_msgs/lib/libdexter_msgs__rosidl_generator_py.so
[24.717s] -- Set non-toolchain portion of runtime path of "/home/aditya/Cpps/Dexter/install/dexter_msgs/lib/libdexter_msgs__rosidl_generator_py.so" to ""
[24.717s] -- Installing: /home/aditya/Cpps/Dexter/install/dexter_msgs/share/dexter_msgs/srv/AddTwoInts.idl
[24.717s] -- Installing: /home/aditya/Cpps/Dexter/install/dexter_msgs/share/dexter_msgs/srv/EulerToQuaternion.idl
[24.717s] -- Installing: /home/aditya/Cpps/Dexter/install/dexter_msgs/share/dexter_msgs/srv/QuaternionToEuler.idl
[24.717s] -- Installing: /home/aditya/Cpps/Dexter/install/dexter_msgs/share/dexter_msgs/action/Fibonacci.idl
[24.717s] -- Installing: /home/aditya/Cpps/Dexter/install/dexter_msgs/share/dexter_msgs/action/DexterTask.idl
[24.718s] -- Installing: /home/aditya/Cpps/Dexter/install/dexter_msgs/share/dexter_msgs/srv/DispatchItem.idl
[24.718s] -- Installing: /home/aditya/Cpps/Dexter/install/dexter_msgs/share/dexter_msgs/srv/AddItem.idl
[24.718s] -- Installing: /home/aditya/Cpps/Dexter/install/dexter_msgs/share/dexter_msgs/srv/AddTwoInts.srv
[24.718s] -- Installing: /home/aditya/Cpps/Dexter/install/dexter_msgs/share/dexter_msgs/srv/EulerToQuaternion.srv
[24.718s] -- Installing: /home/aditya/Cpps/Dexter/install/dexter_msgs/share/dexter_msgs/srv/QuaternionToEuler.srv
[24.718s] -- Installing: /home/aditya/Cpps/Dexter/install/dexter_msgs/share/dexter_msgs/action/Fibonacci.action
[24.718s] -- Installing: /home/aditya/Cpps/Dexter/install/dexter_msgs/share/dexter_msgs/action/DexterTask.action
[24.718s] -- Installing: /home/aditya/Cpps/Dexter/install/dexter_msgs/share/dexter_msgs/srv/DispatchItem.srv
[24.719s] -- Installing: /home/aditya/Cpps/Dexter/install/dexter_msgs/share/dexter_msgs/srv/AddItem.srv
[24.719s] -- Installing: /home/aditya/Cpps/Dexter/install/dexter_msgs/share/ament_index/resource_index/package_run_dependencies/dexter_msgs
[24.719s] -- Installing: /home/aditya/Cpps/Dexter/install/dexter_msgs/share/ament_index/resource_index/parent_prefix_path/dexter_msgs
[24.719s] -- Installing: /home/aditya/Cpps/Dexter/install/dexter_msgs/share/dexter_msgs/environment/ament_prefix_path.sh
[24.719s] -- Installing: /home/aditya/Cpps/Dexter/install/dexter_msgs/share/dexter_msgs/environment/ament_prefix_path.dsv
[24.719s] -- Installing: /home/aditya/Cpps/Dexter/install/dexter_msgs/share/dexter_msgs/environment/path.sh
[24.719s] -- Installing: /home/aditya/Cpps/Dexter/install/dexter_msgs/share/dexter_msgs/environment/path.dsv
[24.719s] -- Installing: /home/aditya/Cpps/Dexter/install/dexter_msgs/share/dexter_msgs/local_setup.bash
[24.720s] -- Installing: /home/aditya/Cpps/Dexter/install/dexter_msgs/share/dexter_msgs/local_setup.sh
[24.720s] -- Installing: /home/aditya/Cpps/Dexter/install/dexter_msgs/share/dexter_msgs/local_setup.zsh
[24.720s] -- Installing: /home/aditya/Cpps/Dexter/install/dexter_msgs/share/dexter_msgs/local_setup.dsv
[24.720s] -- Installing: /home/aditya/Cpps/Dexter/install/dexter_msgs/share/dexter_msgs/package.dsv
[24.720s] -- Installing: /home/aditya/Cpps/Dexter/install/dexter_msgs/share/ament_index/resource_index/packages/dexter_msgs
[24.720s] -- Installing: /home/aditya/Cpps/Dexter/install/dexter_msgs/share/dexter_msgs/cmake/export_dexter_msgs__rosidl_generator_cExport.cmake
[24.720s] -- Installing: /home/aditya/Cpps/Dexter/install/dexter_msgs/share/dexter_msgs/cmake/export_dexter_msgs__rosidl_generator_cExport-noconfig.cmake
[24.721s] -- Installing: /home/aditya/Cpps/Dexter/install/dexter_msgs/share/dexter_msgs/cmake/export_dexter_msgs__rosidl_typesupport_fastrtps_cExport.cmake
[24.721s] -- Installing: /home/aditya/Cpps/Dexter/install/dexter_msgs/share/dexter_msgs/cmake/export_dexter_msgs__rosidl_typesupport_fastrtps_cExport-noconfig.cmake
[24.721s] -- Installing: /home/aditya/Cpps/Dexter/install/dexter_msgs/share/dexter_msgs/cmake/export_dexter_msgs__rosidl_generator_cppExport.cmake
[24.721s] -- Installing: /home/aditya/Cpps/Dexter/install/dexter_msgs/share/dexter_msgs/cmake/export_dexter_msgs__rosidl_typesupport_fastrtps_cppExport.cmake
[24.721s] -- Installing: /home/aditya/Cpps/Dexter/install/dexter_msgs/share/dexter_msgs/cmake/export_dexter_msgs__rosidl_typesupport_fastrtps_cppExport-noconfig.cmake
[24.721s] -- Installing: /home/aditya/Cpps/Dexter/install/dexter_msgs/share/dexter_msgs/cmake/dexter_msgs__rosidl_typesupport_introspection_cExport.cmake
[24.721s] -- Installing: /home/aditya/Cpps/Dexter/install/dexter_msgs/share/dexter_msgs/cmake/dexter_msgs__rosidl_typesupport_introspection_cExport-noconfig.cmake
[24.721s] -- Installing: /home/aditya/Cpps/Dexter/install/dexter_msgs/share/dexter_msgs/cmake/dexter_msgs__rosidl_typesupport_cExport.cmake
[24.722s] -- Installing: /home/aditya/Cpps/Dexter/install/dexter_msgs/share/dexter_msgs/cmake/dexter_msgs__rosidl_typesupport_cExport-noconfig.cmake
[24.722s] -- Installing: /home/aditya/Cpps/Dexter/install/dexter_msgs/share/dexter_msgs/cmake/dexter_msgs__rosidl_typesupport_introspection_cppExport.cmake
[24.722s] -- Installing: /home/aditya/Cpps/Dexter/install/dexter_msgs/share/dexter_msgs/cmake/dexter_msgs__rosidl_typesupport_introspection_cppExport-noconfig.cmake
[24.722s] -- Installing: /home/aditya/Cpps/Dexter/install/dexter_msgs/share/dexter_msgs/cmake/dexter_msgs__rosidl_typesupport_cppExport.cmake
[24.722s] -- Installing: /home/aditya/Cpps/Dexter/install/dexter_msgs/share/dexter_msgs/cmake/dexter_msgs__rosidl_typesupport_cppExport-noconfig.cmake
[24.722s] -- Installing: /home/aditya/Cpps/Dexter/install/dexter_msgs/share/dexter_msgs/cmake/export_dexter_msgs__rosidl_generator_pyExport.cmake
[24.722s] -- Installing: /home/aditya/Cpps/Dexter/install/dexter_msgs/share/dexter_msgs/cmake/export_dexter_msgs__rosidl_generator_pyExport-noconfig.cmake
[24.723s] -- Installing: /home/aditya/Cpps/Dexter/install/dexter_msgs/share/dexter_msgs/cmake/rosidl_cmake-extras.cmake
[24.723s] -- Installing: /home/aditya/Cpps/Dexter/install/dexter_msgs/share/dexter_msgs/cmake/ament_cmake_export_dependencies-extras.cmake
[24.723s] -- Installing: /home/aditya/Cpps/Dexter/install/dexter_msgs/share/dexter_msgs/cmake/ament_cmake_export_include_directories-extras.cmake
[24.723s] -- Installing: /home/aditya/Cpps/Dexter/install/dexter_msgs/share/dexter_msgs/cmake/ament_cmake_export_libraries-extras.cmake
[24.723s] -- Installing: /home/aditya/Cpps/Dexter/install/dexter_msgs/share/dexter_msgs/cmake/ament_cmake_export_targets-extras.cmake
[24.723s] -- Installing: /home/aditya/Cpps/Dexter/install/dexter_msgs/share/dexter_msgs/cmake/rosidl_cmake_export_typesupport_targets-extras.cmake
[24.723s] -- Installing: /home/aditya/Cpps/Dexter/install/dexter_msgs/share/dexter_msgs/cmake/rosidl_cmake_export_typesupport_libraries-extras.cmake
[24.724s] -- Installing: /home/aditya/Cpps/Dexter/install/dexter_msgs/share/dexter_msgs/cmake/dexter_msgsConfig.cmake
[24.724s] -- Installing: /home/aditya/Cpps/Dexter/install/dexter_msgs/share/dexter_msgs/cmake/dexter_msgsConfig-version.cmake
[24.724s] -- Installing: /home/aditya/Cpps/Dexter/install/dexter_msgs/share/dexter_msgs/package.xml
[24.728s] Invoked command in '/home/aditya/Cpps/Dexter/build/dexter_msgs' returned '0': CMAKE_PREFIX_PATH=${CMAKE_PREFIX_PATH}:/home/aditya/Cpps/Dexter/install/dexter_py_examples:/home/aditya/Cpps/Dexter/install/dexter_inventory:/home/aditya/ros2_ws/install/my_py_pkg:/opt/ros/jazzy DEBUGINFOD_URLS=https://debuginfod.ubuntu.com PS1=\[\e]0;\u@\h: \w\a\]${debian_chroot:+($debian_chroot)}\[\033[01;32m\]\u@\h\[\033[00m\]:\[\033[01;34m\]\w\[\033[00m\]\$ VIRTUAL_ENV_PROMPT=(venv-ardupilot) /usr/bin/cmake --install /home/aditya/Cpps/Dexter/build/dexter_msgs
