[1.048s] Invoking command in '/home/aditya/Cpps/Dexter/build/dexter_utils': AMENT_PREFIX_PATH=/home/aditya/Cpps/Dexter/install/dexter_msgs:${AMENT_PREFIX_PATH} CMAKE_PREFIX_PATH=/home/aditya/Cpps/Dexter/install/dexter_msgs:/home/aditya/ros2_ws/install/my_robot_bringup:/home/aditya/ros2_ws/install/my_cpp_pkg:/home/aditya/ros2_ws/install/my_robot_interfaces:/opt/ros/jazzy/opt/gz_sim_vendor:/opt/ros/jazzy/opt/gz_sensors_vendor:/opt/ros/jazzy/opt/gz_physics_vendor:/opt/ros/jazzy/opt/sdformat_vendor:/opt/ros/jazzy/opt/gz_gui_vendor:/opt/ros/jazzy/opt/gz_transport_vendor:/opt/ros/jazzy/opt/gz_rendering_vendor:/opt/ros/jazzy/opt/gz_plugin_vendor:/opt/ros/jazzy/opt/gz_fuel_tools_vendor:/opt/ros/jazzy/opt/gz_msgs_vendor:/opt/ros/jazzy/opt/gz_common_vendor:/opt/ros/jazzy/opt/gz_math_vendor:/opt/ros/jazzy/opt/gz_utils_vendor:/opt/ros/jazzy/opt/gz_tools_vendor:/opt/ros/jazzy/opt/gz_ogre_next_vendor:/opt/ros/jazzy/opt/gz_dartsim_vendor:/opt/ros/jazzy/opt/gz_cmake_vendor:/home/aditya/ros2_ws/install/my_py_pkg:/opt/ros/jazzy DEBUGINFOD_URLS=https://debuginfod.ubuntu.com LD_LIBRARY_PATH=/home/aditya/Cpps/Dexter/install/dexter_msgs/lib:${LD_LIBRARY_PATH} PS1=\[\e]0;\u@\h: \w\a\]${debian_chroot:+($debian_chroot)}\[\033[01;32m\]\u@\h\[\033[00m\]:\[\033[01;34m\]\w\[\033[00m\]\$ PYTHONPATH=/home/aditya/Cpps/Dexter/install/dexter_msgs/lib/python3.12/site-packages:${PYTHONPATH} VIRTUAL_ENV_PROMPT=(venv-ardupilot) /usr/bin/cmake --build /home/aditya/Cpps/Dexter/build/dexter_utils -- -j28 -l28
[1.220s] [  0%] Built target ament_cmake_python_copy_dexter_utils
[1.226s] [100%] Built target angle_conversion
[1.915s] running egg_info
[1.971s] writing dexter_utils.egg-info/PKG-INFO
[1.972s] writing dependency_links to dexter_utils.egg-info/dependency_links.txt
[1.972s] writing top-level names to dexter_utils.egg-info/top_level.txt
[2.139s] reading manifest file 'dexter_utils.egg-info/SOURCES.txt'
[2.141s] writing manifest file 'dexter_utils.egg-info/SOURCES.txt'
[2.222s] [100%] Built target ament_cmake_python_build_dexter_utils_egg
[2.255s] Invoked command in '/home/aditya/Cpps/Dexter/build/dexter_utils' returned '0': AMENT_PREFIX_PATH=/home/aditya/Cpps/Dexter/install/dexter_msgs:${AMENT_PREFIX_PATH} CMAKE_PREFIX_PATH=/home/aditya/Cpps/Dexter/install/dexter_msgs:/home/aditya/ros2_ws/install/my_robot_bringup:/home/aditya/ros2_ws/install/my_cpp_pkg:/home/aditya/ros2_ws/install/my_robot_interfaces:/opt/ros/jazzy/opt/gz_sim_vendor:/opt/ros/jazzy/opt/gz_sensors_vendor:/opt/ros/jazzy/opt/gz_physics_vendor:/opt/ros/jazzy/opt/sdformat_vendor:/opt/ros/jazzy/opt/gz_gui_vendor:/opt/ros/jazzy/opt/gz_transport_vendor:/opt/ros/jazzy/opt/gz_rendering_vendor:/opt/ros/jazzy/opt/gz_plugin_vendor:/opt/ros/jazzy/opt/gz_fuel_tools_vendor:/opt/ros/jazzy/opt/gz_msgs_vendor:/opt/ros/jazzy/opt/gz_common_vendor:/opt/ros/jazzy/opt/gz_math_vendor:/opt/ros/jazzy/opt/gz_utils_vendor:/opt/ros/jazzy/opt/gz_tools_vendor:/opt/ros/jazzy/opt/gz_ogre_next_vendor:/opt/ros/jazzy/opt/gz_dartsim_vendor:/opt/ros/jazzy/opt/gz_cmake_vendor:/home/aditya/ros2_ws/install/my_py_pkg:/opt/ros/jazzy DEBUGINFOD_URLS=https://debuginfod.ubuntu.com LD_LIBRARY_PATH=/home/aditya/Cpps/Dexter/install/dexter_msgs/lib:${LD_LIBRARY_PATH} PS1=\[\e]0;\u@\h: \w\a\]${debian_chroot:+($debian_chroot)}\[\033[01;32m\]\u@\h\[\033[00m\]:\[\033[01;34m\]\w\[\033[00m\]\$ PYTHONPATH=/home/aditya/Cpps/Dexter/install/dexter_msgs/lib/python3.12/site-packages:${PYTHONPATH} VIRTUAL_ENV_PROMPT=(venv-ardupilot) /usr/bin/cmake --build /home/aditya/Cpps/Dexter/build/dexter_utils -- -j28 -l28
[2.261s] Invoking command in '/home/aditya/Cpps/Dexter/build/dexter_utils': AMENT_PREFIX_PATH=/home/aditya/Cpps/Dexter/install/dexter_msgs:${AMENT_PREFIX_PATH} CMAKE_PREFIX_PATH=/home/aditya/Cpps/Dexter/install/dexter_msgs:/home/aditya/ros2_ws/install/my_robot_bringup:/home/aditya/ros2_ws/install/my_cpp_pkg:/home/aditya/ros2_ws/install/my_robot_interfaces:/opt/ros/jazzy/opt/gz_sim_vendor:/opt/ros/jazzy/opt/gz_sensors_vendor:/opt/ros/jazzy/opt/gz_physics_vendor:/opt/ros/jazzy/opt/sdformat_vendor:/opt/ros/jazzy/opt/gz_gui_vendor:/opt/ros/jazzy/opt/gz_transport_vendor:/opt/ros/jazzy/opt/gz_rendering_vendor:/opt/ros/jazzy/opt/gz_plugin_vendor:/opt/ros/jazzy/opt/gz_fuel_tools_vendor:/opt/ros/jazzy/opt/gz_msgs_vendor:/opt/ros/jazzy/opt/gz_common_vendor:/opt/ros/jazzy/opt/gz_math_vendor:/opt/ros/jazzy/opt/gz_utils_vendor:/opt/ros/jazzy/opt/gz_tools_vendor:/opt/ros/jazzy/opt/gz_ogre_next_vendor:/opt/ros/jazzy/opt/gz_dartsim_vendor:/opt/ros/jazzy/opt/gz_cmake_vendor:/home/aditya/ros2_ws/install/my_py_pkg:/opt/ros/jazzy DEBUGINFOD_URLS=https://debuginfod.ubuntu.com LD_LIBRARY_PATH=/home/aditya/Cpps/Dexter/install/dexter_msgs/lib:${LD_LIBRARY_PATH} PS1=\[\e]0;\u@\h: \w\a\]${debian_chroot:+($debian_chroot)}\[\033[01;32m\]\u@\h\[\033[00m\]:\[\033[01;34m\]\w\[\033[00m\]\$ PYTHONPATH=/home/aditya/Cpps/Dexter/install/dexter_msgs/lib/python3.12/site-packages:${PYTHONPATH} VIRTUAL_ENV_PROMPT=(venv-ardupilot) /usr/bin/cmake --install /home/aditya/Cpps/Dexter/build/dexter_utils
[2.292s] -- Install configuration: ""
[2.292s] -- Up-to-date: /home/aditya/Cpps/Dexter/install/dexter_utils/share/dexter_utils/environment/pythonpath.sh
[2.292s] -- Up-to-date: /home/aditya/Cpps/Dexter/install/dexter_utils/share/dexter_utils/environment/pythonpath.dsv
[2.293s] -- Up-to-date: /home/aditya/Cpps/Dexter/install/dexter_utils/lib/python3.12/site-packages/dexter_utils-0.0.0-py3.12.egg-info
[2.293s] -- Installing: /home/aditya/Cpps/Dexter/install/dexter_utils/lib/python3.12/site-packages/dexter_utils-0.0.0-py3.12.egg-info/SOURCES.txt
[2.293s] -- Installing: /home/aditya/Cpps/Dexter/install/dexter_utils/lib/python3.12/site-packages/dexter_utils-0.0.0-py3.12.egg-info/PKG-INFO
[2.293s] -- Installing: /home/aditya/Cpps/Dexter/install/dexter_utils/lib/python3.12/site-packages/dexter_utils-0.0.0-py3.12.egg-info/dependency_links.txt
[2.294s] -- Installing: /home/aditya/Cpps/Dexter/install/dexter_utils/lib/python3.12/site-packages/dexter_utils-0.0.0-py3.12.egg-info/top_level.txt
[2.294s] -- Up-to-date: /home/aditya/Cpps/Dexter/install/dexter_utils/lib/python3.12/site-packages/dexter_utils
[2.294s] -- Up-to-date: /home/aditya/Cpps/Dexter/install/dexter_utils/lib/python3.12/site-packages/dexter_utils/angle_conversion.py
[2.294s] -- Up-to-date: /home/aditya/Cpps/Dexter/install/dexter_utils/lib/python3.12/site-packages/dexter_utils/__init__.py
[2.400s] Listing '/home/aditya/Cpps/Dexter/install/dexter_utils/lib/python3.12/site-packages/dexter_utils'...
[2.415s] -- Up-to-date: /home/aditya/Cpps/Dexter/install/dexter_utils/lib/dexter_utils/angle_conversion
[2.415s] -- Up-to-date: /home/aditya/Cpps/Dexter/install/dexter_utils/lib/dexter_utils/angle_conversion.py
[2.415s] -- Up-to-date: /home/aditya/Cpps/Dexter/install/dexter_utils/share/ament_index/resource_index/package_run_dependencies/dexter_utils
[2.416s] -- Up-to-date: /home/aditya/Cpps/Dexter/install/dexter_utils/share/ament_index/resource_index/parent_prefix_path/dexter_utils
[2.416s] -- Up-to-date: /home/aditya/Cpps/Dexter/install/dexter_utils/share/dexter_utils/environment/ament_prefix_path.sh
[2.417s] -- Up-to-date: /home/aditya/Cpps/Dexter/install/dexter_utils/share/dexter_utils/environment/ament_prefix_path.dsv
[2.417s] -- Up-to-date: /home/aditya/Cpps/Dexter/install/dexter_utils/share/dexter_utils/environment/path.sh
[2.417s] -- Up-to-date: /home/aditya/Cpps/Dexter/install/dexter_utils/share/dexter_utils/environment/path.dsv
[2.417s] -- Up-to-date: /home/aditya/Cpps/Dexter/install/dexter_utils/share/dexter_utils/local_setup.bash
[2.418s] -- Up-to-date: /home/aditya/Cpps/Dexter/install/dexter_utils/share/dexter_utils/local_setup.sh
[2.418s] -- Up-to-date: /home/aditya/Cpps/Dexter/install/dexter_utils/share/dexter_utils/local_setup.zsh
[2.418s] -- Up-to-date: /home/aditya/Cpps/Dexter/install/dexter_utils/share/dexter_utils/local_setup.dsv
[2.418s] -- Installing: /home/aditya/Cpps/Dexter/install/dexter_utils/share/dexter_utils/package.dsv
[2.418s] -- Up-to-date: /home/aditya/Cpps/Dexter/install/dexter_utils/share/ament_index/resource_index/packages/dexter_utils
[2.419s] -- Up-to-date: /home/aditya/Cpps/Dexter/install/dexter_utils/share/dexter_utils/cmake/dexter_utilsConfig.cmake
[2.419s] -- Up-to-date: /home/aditya/Cpps/Dexter/install/dexter_utils/share/dexter_utils/cmake/dexter_utilsConfig-version.cmake
[2.419s] -- Up-to-date: /home/aditya/Cpps/Dexter/install/dexter_utils/share/dexter_utils/package.xml
[2.422s] Invoked command in '/home/aditya/Cpps/Dexter/build/dexter_utils' returned '0': AMENT_PREFIX_PATH=/home/aditya/Cpps/Dexter/install/dexter_msgs:${AMENT_PREFIX_PATH} CMAKE_PREFIX_PATH=/home/aditya/Cpps/Dexter/install/dexter_msgs:/home/aditya/ros2_ws/install/my_robot_bringup:/home/aditya/ros2_ws/install/my_cpp_pkg:/home/aditya/ros2_ws/install/my_robot_interfaces:/opt/ros/jazzy/opt/gz_sim_vendor:/opt/ros/jazzy/opt/gz_sensors_vendor:/opt/ros/jazzy/opt/gz_physics_vendor:/opt/ros/jazzy/opt/sdformat_vendor:/opt/ros/jazzy/opt/gz_gui_vendor:/opt/ros/jazzy/opt/gz_transport_vendor:/opt/ros/jazzy/opt/gz_rendering_vendor:/opt/ros/jazzy/opt/gz_plugin_vendor:/opt/ros/jazzy/opt/gz_fuel_tools_vendor:/opt/ros/jazzy/opt/gz_msgs_vendor:/opt/ros/jazzy/opt/gz_common_vendor:/opt/ros/jazzy/opt/gz_math_vendor:/opt/ros/jazzy/opt/gz_utils_vendor:/opt/ros/jazzy/opt/gz_tools_vendor:/opt/ros/jazzy/opt/gz_ogre_next_vendor:/opt/ros/jazzy/opt/gz_dartsim_vendor:/opt/ros/jazzy/opt/gz_cmake_vendor:/home/aditya/ros2_ws/install/my_py_pkg:/opt/ros/jazzy DEBUGINFOD_URLS=https://debuginfod.ubuntu.com LD_LIBRARY_PATH=/home/aditya/Cpps/Dexter/install/dexter_msgs/lib:${LD_LIBRARY_PATH} PS1=\[\e]0;\u@\h: \w\a\]${debian_chroot:+($debian_chroot)}\[\033[01;32m\]\u@\h\[\033[00m\]:\[\033[01;34m\]\w\[\033[00m\]\$ PYTHONPATH=/home/aditya/Cpps/Dexter/install/dexter_msgs/lib/python3.12/site-packages:${PYTHONPATH} VIRTUAL_ENV_PROMPT=(venv-ardupilot) /usr/bin/cmake --install /home/aditya/Cpps/Dexter/build/dexter_utils
