[  1%] Built target dexter_msgs__rosidl_generator_type_description
[  1%] Built target ament_cmake_python_symlink_dexter_msgs
[  2%] Built target dexter_msgs__cpp
[ 26%] Built target dexter_msgs__rosidl_generator_c
[ 36%] Built target dexter_msgs__rosidl_typesupport_introspection_c
[ 50%] Built target dexter_msgs__rosidl_typesupport_cpp
[ 55%] Built target dexter_msgs__rosidl_typesupport_introspection_cpp
[ 64%] Built target dexter_msgs__rosidl_typesupport_c
[ 74%] Built target dexter_msgs__rosidl_typesupport_fastrtps_c
[ 84%] Built target dexter_msgs__rosidl_typesupport_fastrtps_cpp
[ 84%] Built target dexter_msgs
[ 85%] Built target dexter_msgs__py
[ 93%] Built target dexter_msgs__rosidl_generator_py
[ 95%] Built target dexter_msgs_s__rosidl_typesupport_fastrtps_c
[ 97%] Built target dexter_msgs_s__rosidl_typesupport_c
[100%] Built target dexter_msgs_s__rosidl_typesupport_introspection_c
Traceback (most recent call last):
  File "/home/aditya/Cpps/Dexter/build/dexter_msgs/ament_cmake_python/dexter_msgs/setup.py", line 4, in <module>
    setup(
  File "/home/aditya/venv-ardupilot/lib/python3.12/site-packages/setuptools/__init__.py", line 115, in setup
    return distutils.core.setup(**attrs)
           ^^^^^^^^^^^^^^^^^^^^^^^^^^^^^
  File "/home/aditya/venv-ardupilot/lib/python3.12/site-packages/setuptools/_distutils/core.py", line 148, in setup
    _setup_distribution = dist = klass(attrs)
                                 ^^^^^^^^^^^^
  File "/home/aditya/venv-ardupilot/lib/python3.12/site-packages/setuptools/dist.py", line 315, in __init__
    for ep in metadata.entry_points(group='distutils.setup_keywords'):
              ^^^^^^^^^^^^^^^^^^^^^^^^^^^^^^^^^^^^^^^^^^^^^^^^^^^^^^^
  File "/usr/lib/python3.12/importlib/metadata/__init__.py", line 913, in entry_points
    return EntryPoints(eps).select(**params)
           ^^^^^^^^^^^^^^^^
  File "/usr/lib/python3.12/importlib/metadata/__init__.py", line 910, in <genexpr>
    eps = itertools.chain.from_iterable(
                                       ^
  File "/usr/lib/python3.12/importlib/metadata/_itertools.py", line 15, in unique_everseen
    for element in iterable:
  File "/usr/lib/python3.12/importlib/metadata/__init__.py", line 415, in <genexpr>
    return itertools.chain.from_iterable(
                                        ^
  File "/usr/lib/python3.12/importlib/metadata/__init__.py", line 432, in <genexpr>
    getattr(finder, 'find_distributions', None) for finder in sys.meta_path
    ^^^^^^^^^^^^^^^^^^^^^^^^^^^^^^^^^^^^^^^^^^^
KeyboardInterrupt
gmake[2]: *** [CMakeFiles/ament_cmake_python_build_dexter_msgs_egg.dir/build.make:70: CMakeFiles/ament_cmake_python_build_dexter_msgs_egg] Interrupt
gmake[1]: *** [CMakeFiles/Makefile2:478: CMakeFiles/ament_cmake_python_build_dexter_msgs_egg.dir/all] Interrupt
gmake: *** [Makefile:146: all] Interrupt
