[0.031s] Invoking command in '/home/aditya/Cpps/Dexter/build/dexter_firmware': CMAKE_PREFIX_PATH=${CMAKE_PREFIX_PATH}:/home/aditya/Cpps/Dexter/install/dexter_py_examples:/home/aditya/Cpps/Dexter/install/dexter_inventory:/home/aditya/ros2_ws/install/my_py_pkg:/opt/ros/jazzy DEBUGINFOD_URLS=https://debuginfod.ubuntu.com PS1=\[\e]0;\u@\h: \w\a\]${debian_chroot:+($debian_chroot)}\[\033[01;32m\]\u@\h\[\033[00m\]:\[\033[01;34m\]\w\[\033[00m\]\$ VIRTUAL_ENV_PROMPT=(venv-ardupilot) /usr/bin/cmake /home/aditya/Cpps/Dexter/dexter_firmware -DCMAKE_INSTALL_PREFIX=/home/aditya/Cpps/Dexter/install/dexter_firmware
[0.233s] -- The C compiler identification is GNU 13.3.0
[0.398s] -- The CXX compiler identification is GNU 13.3.0
[0.443s] -- Detecting C compiler ABI info
[0.624s] -- Detecting C compiler ABI info - done
[0.638s] -- Check for working C compiler: /usr/bin/cc - skipped
[0.639s] -- Detecting C compile features
[0.640s] -- Detecting C compile features - done
[0.656s] -- Detecting CXX compiler ABI info
[0.841s] -- Detecting CXX compiler ABI info - done
[0.866s] -- Check for working CXX compiler: /usr/bin/c++ - skipped
[0.867s] -- Detecting CXX compile features
[0.868s] -- Detecting CXX compile features - done
[0.904s] -- Found ament_cmake: 2.5.5 (/opt/ros/jazzy/share/ament_cmake/cmake)
[1.290s] -- Found Python3: /home/aditya/venv-ardupilot/bin/python3 (found version "3.12.3") found components: Interpreter 
[1.619s] -- Found rclcpp: 28.1.16 (/opt/ros/jazzy/share/rclcpp/cmake)
[1.712s] -- Found rosidl_generator_c: 4.6.7 (/opt/ros/jazzy/share/rosidl_generator_c/cmake)
[1.743s] -- Found rosidl_generator_cpp: 4.6.7 (/opt/ros/jazzy/share/rosidl_generator_cpp/cmake)
[1.808s] -- Using all available rosidl_typesupport_c: rosidl_typesupport_fastrtps_c;rosidl_typesupport_introspection_c
[1.871s] -- Using all available rosidl_typesupport_cpp: rosidl_typesupport_fastrtps_cpp;rosidl_typesupport_introspection_cpp
[2.162s] -- Found rmw_implementation_cmake: 7.3.3 (/opt/ros/jazzy/share/rmw_implementation_cmake/cmake)
[2.176s] -- Found rmw_fastrtps_cpp: 8.4.3 (/opt/ros/jazzy/share/rmw_fastrtps_cpp/cmake)
[2.462s] -- Found OpenSSL: /usr/lib/x86_64-linux-gnu/libcrypto.so (found version "3.0.13")  
[2.528s] -- Found FastRTPS: /opt/ros/jazzy/include (Required is at least version "2.13") 
[2.574s] -- Using RMW implementation 'rmw_fastrtps_cpp' as default
[2.743s] -- Found std_msgs: 5.3.6 (/opt/ros/jazzy/share/std_msgs/cmake)
[2.785s] -- Found rclpy: 7.1.9 (/opt/ros/jazzy/share/rclpy/cmake)
[2.796s] -- Found PkgConfig: /usr/bin/pkg-config (found version "1.8.1") 
[2.798s] -- Checking for module 'libserial'
[2.837s] --   Found libserial, version 1.0.0
[3.556s] -- Configuring done (3.5s)
[3.590s] -- Generating done (0.0s)
[3.602s] -- Build files have been written to: /home/aditya/Cpps/Dexter/build/dexter_firmware
[3.616s] Invoked command in '/home/aditya/Cpps/Dexter/build/dexter_firmware' returned '0': CMAKE_PREFIX_PATH=${CMAKE_PREFIX_PATH}:/home/aditya/Cpps/Dexter/install/dexter_py_examples:/home/aditya/Cpps/Dexter/install/dexter_inventory:/home/aditya/ros2_ws/install/my_py_pkg:/opt/ros/jazzy DEBUGINFOD_URLS=https://debuginfod.ubuntu.com PS1=\[\e]0;\u@\h: \w\a\]${debian_chroot:+($debian_chroot)}\[\033[01;32m\]\u@\h\[\033[00m\]:\[\033[01;34m\]\w\[\033[00m\]\$ VIRTUAL_ENV_PROMPT=(venv-ardupilot) /usr/bin/cmake /home/aditya/Cpps/Dexter/dexter_firmware -DCMAKE_INSTALL_PREFIX=/home/aditya/Cpps/Dexter/install/dexter_firmware
[3.618s] Invoking command in '/home/aditya/Cpps/Dexter/build/dexter_firmware': CMAKE_PREFIX_PATH=${CMAKE_PREFIX_PATH}:/home/aditya/Cpps/Dexter/install/dexter_py_examples:/home/aditya/Cpps/Dexter/install/dexter_inventory:/home/aditya/ros2_ws/install/my_py_pkg:/opt/ros/jazzy DEBUGINFOD_URLS=https://debuginfod.ubuntu.com PS1=\[\e]0;\u@\h: \w\a\]${debian_chroot:+($debian_chroot)}\[\033[01;32m\]\u@\h\[\033[00m\]:\[\033[01;34m\]\w\[\033[00m\]\$ VIRTUAL_ENV_PROMPT=(venv-ardupilot) /usr/bin/cmake --build /home/aditya/Cpps/Dexter/build/dexter_firmware -- -j28 -l28
[3.700s] [ 25%] [32mBuilding CXX object CMakeFiles/simple_serial_transmitter.dir/src/simple_serial_transmitter.cpp.o[0m
[3.700s] [ 50%] [32mBuilding CXX object CMakeFiles/simple_serial_receiver.dir/src/simple_serial_receiver.cpp.o[0m
[3.714s] [ 50%] Built target ament_cmake_python_copy_dexter_firmware
[4.301s] running egg_info
[4.354s] creating dexter_firmware.egg-info
[4.354s] writing dexter_firmware.egg-info/PKG-INFO
[4.354s] writing dependency_links to dexter_firmware.egg-info/dependency_links.txt
[4.355s] writing top-level names to dexter_firmware.egg-info/top_level.txt
[4.355s] writing manifest file 'dexter_firmware.egg-info/SOURCES.txt'
[4.512s] reading manifest file 'dexter_firmware.egg-info/SOURCES.txt'
[4.514s] writing manifest file 'dexter_firmware.egg-info/SOURCES.txt'
[4.588s] [ 50%] Built target ament_cmake_python_build_dexter_firmware_egg
[13.598s] [ 75%] [32m[1mLinking CXX executable simple_serial_receiver[0m
[13.973s] [ 75%] Built target simple_serial_receiver
[19.901s] [100%] [32m[1mLinking CXX executable simple_serial_transmitter[0m
[20.479s] [100%] Built target simple_serial_transmitter
[20.511s] Invoked command in '/home/aditya/Cpps/Dexter/build/dexter_firmware' returned '0': CMAKE_PREFIX_PATH=${CMAKE_PREFIX_PATH}:/home/aditya/Cpps/Dexter/install/dexter_py_examples:/home/aditya/Cpps/Dexter/install/dexter_inventory:/home/aditya/ros2_ws/install/my_py_pkg:/opt/ros/jazzy DEBUGINFOD_URLS=https://debuginfod.ubuntu.com PS1=\[\e]0;\u@\h: \w\a\]${debian_chroot:+($debian_chroot)}\[\033[01;32m\]\u@\h\[\033[00m\]:\[\033[01;34m\]\w\[\033[00m\]\$ VIRTUAL_ENV_PROMPT=(venv-ardupilot) /usr/bin/cmake --build /home/aditya/Cpps/Dexter/build/dexter_firmware -- -j28 -l28
[20.515s] Invoking command in '/home/aditya/Cpps/Dexter/build/dexter_firmware': CMAKE_PREFIX_PATH=${CMAKE_PREFIX_PATH}:/home/aditya/Cpps/Dexter/install/dexter_py_examples:/home/aditya/Cpps/Dexter/install/dexter_inventory:/home/aditya/ros2_ws/install/my_py_pkg:/opt/ros/jazzy DEBUGINFOD_URLS=https://debuginfod.ubuntu.com PS1=\[\e]0;\u@\h: \w\a\]${debian_chroot:+($debian_chroot)}\[\033[01;32m\]\u@\h\[\033[00m\]:\[\033[01;34m\]\w\[\033[00m\]\$ VIRTUAL_ENV_PROMPT=(venv-ardupilot) /usr/bin/cmake --install /home/aditya/Cpps/Dexter/build/dexter_firmware
[20.533s] -- Install configuration: ""
[20.533s] -- Installing: /home/aditya/Cpps/Dexter/install/dexter_firmware/share/dexter_firmware/environment/pythonpath.sh
[20.533s] -- Installing: /home/aditya/Cpps/Dexter/install/dexter_firmware/share/dexter_firmware/environment/pythonpath.dsv
[20.533s] -- Installing: /home/aditya/Cpps/Dexter/install/dexter_firmware/lib/python3.12/site-packages/dexter_firmware-0.0.0-py3.12.egg-info
[20.534s] -- Installing: /home/aditya/Cpps/Dexter/install/dexter_firmware/lib/python3.12/site-packages/dexter_firmware-0.0.0-py3.12.egg-info/SOURCES.txt
[20.534s] -- Installing: /home/aditya/Cpps/Dexter/install/dexter_firmware/lib/python3.12/site-packages/dexter_firmware-0.0.0-py3.12.egg-info/PKG-INFO
[20.534s] -- Installing: /home/aditya/Cpps/Dexter/install/dexter_firmware/lib/python3.12/site-packages/dexter_firmware-0.0.0-py3.12.egg-info/dependency_links.txt
[20.534s] -- Installing: /home/aditya/Cpps/Dexter/install/dexter_firmware/lib/python3.12/site-packages/dexter_firmware-0.0.0-py3.12.egg-info/top_level.txt
[20.534s] -- Installing: /home/aditya/Cpps/Dexter/install/dexter_firmware/lib/python3.12/site-packages/dexter_firmware
[20.535s] -- Installing: /home/aditya/Cpps/Dexter/install/dexter_firmware/lib/python3.12/site-packages/dexter_firmware/simple_serial_transmitter.py
[20.535s] -- Installing: /home/aditya/Cpps/Dexter/install/dexter_firmware/lib/python3.12/site-packages/dexter_firmware/simple_serial_receiver.py
[20.535s] -- Installing: /home/aditya/Cpps/Dexter/install/dexter_firmware/lib/python3.12/site-packages/dexter_firmware/__init__.py
[20.598s] Listing '/home/aditya/Cpps/Dexter/install/dexter_firmware/lib/python3.12/site-packages/dexter_firmware'...
[20.599s] Compiling '/home/aditya/Cpps/Dexter/install/dexter_firmware/lib/python3.12/site-packages/dexter_firmware/__init__.py'...
[20.599s] Compiling '/home/aditya/Cpps/Dexter/install/dexter_firmware/lib/python3.12/site-packages/dexter_firmware/simple_serial_receiver.py'...
[20.599s] Compiling '/home/aditya/Cpps/Dexter/install/dexter_firmware/lib/python3.12/site-packages/dexter_firmware/simple_serial_transmitter.py'...
[20.606s] -- Installing: /home/aditya/Cpps/Dexter/install/dexter_firmware/lib/dexter_firmware/simple_serial_receiver
[20.607s] -- Set non-toolchain portion of runtime path of "/home/aditya/Cpps/Dexter/install/dexter_firmware/lib/dexter_firmware/simple_serial_receiver" to ""
[20.608s] -- Installing: /home/aditya/Cpps/Dexter/install/dexter_firmware/lib/dexter_firmware/simple_serial_transmitter
[20.612s] -- Set non-toolchain portion of runtime path of "/home/aditya/Cpps/Dexter/install/dexter_firmware/lib/dexter_firmware/simple_serial_transmitter" to ""
[20.612s] -- Installing: /home/aditya/Cpps/Dexter/install/dexter_firmware/lib/dexter_firmware/simple_serial_transmitter.py
[20.612s] -- Installing: /home/aditya/Cpps/Dexter/install/dexter_firmware/lib/dexter_firmware/simple_serial_receiver.py
[20.612s] -- Installing: /home/aditya/Cpps/Dexter/install/dexter_firmware/share/ament_index/resource_index/package_run_dependencies/dexter_firmware
[20.613s] -- Installing: /home/aditya/Cpps/Dexter/install/dexter_firmware/share/ament_index/resource_index/parent_prefix_path/dexter_firmware
[20.613s] -- Installing: /home/aditya/Cpps/Dexter/install/dexter_firmware/share/dexter_firmware/environment/ament_prefix_path.sh
[20.613s] -- Installing: /home/aditya/Cpps/Dexter/install/dexter_firmware/share/dexter_firmware/environment/ament_prefix_path.dsv
[20.613s] -- Installing: /home/aditya/Cpps/Dexter/install/dexter_firmware/share/dexter_firmware/environment/path.sh
[20.613s] -- Installing: /home/aditya/Cpps/Dexter/install/dexter_firmware/share/dexter_firmware/environment/path.dsv
[20.613s] -- Installing: /home/aditya/Cpps/Dexter/install/dexter_firmware/share/dexter_firmware/local_setup.bash
[20.613s] -- Installing: /home/aditya/Cpps/Dexter/install/dexter_firmware/share/dexter_firmware/local_setup.sh
[20.614s] -- Installing: /home/aditya/Cpps/Dexter/install/dexter_firmware/share/dexter_firmware/local_setup.zsh
[20.614s] -- Installing: /home/aditya/Cpps/Dexter/install/dexter_firmware/share/dexter_firmware/local_setup.dsv
[20.614s] -- Installing: /home/aditya/Cpps/Dexter/install/dexter_firmware/share/dexter_firmware/package.dsv
[20.614s] -- Installing: /home/aditya/Cpps/Dexter/install/dexter_firmware/share/ament_index/resource_index/packages/dexter_firmware
[20.614s] -- Installing: /home/aditya/Cpps/Dexter/install/dexter_firmware/share/dexter_firmware/cmake/dexter_firmwareConfig.cmake
[20.615s] -- Installing: /home/aditya/Cpps/Dexter/install/dexter_firmware/share/dexter_firmware/cmake/dexter_firmwareConfig-version.cmake
[20.615s] -- Installing: /home/aditya/Cpps/Dexter/install/dexter_firmware/share/dexter_firmware/package.xml
[20.617s] Invoked command in '/home/aditya/Cpps/Dexter/build/dexter_firmware' returned '0': CMAKE_PREFIX_PATH=${CMAKE_PREFIX_PATH}:/home/aditya/Cpps/Dexter/install/dexter_py_examples:/home/aditya/Cpps/Dexter/install/dexter_inventory:/home/aditya/ros2_ws/install/my_py_pkg:/opt/ros/jazzy DEBUGINFOD_URLS=https://debuginfod.ubuntu.com PS1=\[\e]0;\u@\h: \w\a\]${debian_chroot:+($debian_chroot)}\[\033[01;32m\]\u@\h\[\033[00m\]:\[\033[01;34m\]\w\[\033[00m\]\$ VIRTUAL_ENV_PROMPT=(venv-ardupilot) /usr/bin/cmake --install /home/aditya/Cpps/Dexter/build/dexter_firmware
