[0.000000] (-) TimerEvent: {}
[0.001251] (-) JobUnselected: {'identifier': 'dexter_bringup'}
[0.001350] (-) JobUnselected: {'identifier': 'dexter_controller'}
[0.001396] (-) JobUnselected: {'identifier': 'dexter_cpp_examples'}
[0.001430] (-) JobUnselected: {'identifier': 'dexter_firmware'}
[0.001456] (-) JobUnselected: {'identifier': 'dexter_moveit'}
[0.001484] (-) JobUnselected: {'identifier': 'dexter_msgs'}
[0.001510] (-) JobUnselected: {'identifier': 'dexter_py_examples'}
[0.001604] (-) JobUnselected: {'identifier': 'dexter_remote'}
[0.001631] (-) JobUnselected: {'identifier': 'dexter_utils'}
[0.001688] (dexter_description) JobQueued: {'identifier': 'dexter_description', 'dependencies': OrderedDict()}
[0.001727] (dexter_inventory) JobQueued: {'identifier': 'dexter_inventory', 'dependencies': OrderedDict({'dexter_description': '/home/aditya/Cpps/Dexter/install/dexter_description', 'dexter_msgs': '/home/aditya/Cpps/Dexter/install/dexter_msgs', 'dexter_moveit': '/home/aditya/Cpps/Dexter/install/dexter_moveit'})}
[0.001778] (dexter_description) JobStarted: {'identifier': 'dexter_description'}
[0.025888] (dexter_description) JobProgress: {'identifier': 'dexter_description', 'progress': 'cmake'}
[0.027236] (dexter_description) JobProgress: {'identifier': 'dexter_description', 'progress': 'build'}
[0.028921] (dexter_description) Command: {'cmd': ['/usr/bin/cmake', '--build', '/home/aditya/Cpps/Dexter/build/dexter_description', '--', '-j28', '-l28'], 'cwd': '/home/aditya/Cpps/Dexter/build/dexter_description', 'env': OrderedDict({'GJS_DEBUG_TOPICS': 'JS ERROR;JS LOG', 'LESSOPEN': '| /usr/bin/lesspipe %s', 'GZ_SIM_RESOURCE_PATH': '/opt/ros/jazzy/share', 'no_proxy': '127.0.0.1,localhost,::1', 'LANGUAGE': 'en_IN:en', 'OPENCODE_SERVER_USERNAME': 'opencode', 'USER': 'aditya', 'GZ_CONFIG_PATH': '/opt/ros/jazzy/opt/gz_sim_vendor/share/gz:/opt/ros/jazzy/opt/sdformat_vendor/share/gz:/opt/ros/jazzy/opt/gz_gui_vendor/share/gz:/opt/ros/jazzy/opt/gz_transport_vendor/share/gz:/opt/ros/jazzy/opt/gz_rendering_vendor/share/gz:/opt/ros/jazzy/opt/gz_plugin_vendor/share/gz:/opt/ros/jazzy/opt/gz_fuel_tools_vendor/share/gz:/opt/ros/jazzy/opt/gz_msgs_vendor/share/gz:/opt/ros/jazzy/opt/gz_common_vendor/share/gz', 'AGENT': '1', 'XDG_SESSION_TYPE': 'x11', 'CLUTTER_DISABLE_MIPMAPPED_TEXT': '1', 'SHLVL': '1', 'LD_LIBRARY_PATH': '/home/aditya/ros2_ws/install/my_robot_interfaces/lib:/opt/ros/jazzy/opt/gz_sim_vendor/lib:/opt/ros/jazzy/opt/gz_sensors_vendor/lib:/opt/ros/jazzy/opt/gz_physics_vendor/lib:/opt/ros/jazzy/opt/sdformat_vendor/lib:/opt/ros/jazzy/opt/rviz_ogre_vendor/lib:/opt/ros/jazzy/lib/x86_64-linux-gnu:/opt/ros/jazzy/opt/gz_gui_vendor/lib:/opt/ros/jazzy/opt/gz_transport_vendor/lib:/opt/ros/jazzy/opt/gz_rendering_vendor/lib:/opt/ros/jazzy/opt/gz_plugin_vendor/lib:/opt/ros/jazzy/opt/gz_fuel_tools_vendor/lib:/opt/ros/jazzy/opt/gz_msgs_vendor/lib:/opt/ros/jazzy/opt/gz_common_vendor/lib:/opt/ros/jazzy/opt/gz_math_vendor/lib:/opt/ros/jazzy/opt/gz_utils_vendor/lib:/opt/ros/jazzy/opt/gz_tools_vendor/lib:/opt/ros/jazzy/opt/gz_ogre_next_vendor/lib:/opt/ros/jazzy/opt/gz_dartsim_vendor/lib:/opt/ros/jazzy/opt/gz_cmake_vendor/lib:/opt/ros/jazzy/lib', 'HOME': '/home/aditya', 'OLDPWD': '/home/aditya/Cpps', 'DESKTOP_SESSION': 'ubuntu', 'NO_PROXY': '127.0.0.1,localhost,::1', 'GIO_LAUNCHED_DESKTOP_FILE': '/usr/share/applications/OpenCode.desktop', 'ROS_PYTHON_VERSION': '3', 'GNOME_SHELL_SESSION_MODE': 'ubuntu', 'GTK_MODULES': 'gail:atk-bridge', 'MANAGERPID': '140413', 'SYSTEMD_EXEC_PID': '140909', 'GSM_SKIP_SSH_AGENT_WORKAROUND': 'true', 'XDG_STATE_HOME': '/home/aditya/.local/share/ai.opencode.desktop/', 'DBUS_SESSION_BUS_ADDRESS': 'unix:path=/run/user/1000/bus', 'GIO_LAUNCHED_DESKTOP_FILE_PID': '143645', 'DEBUGINFOD_URLS': 'https://debuginfod.ubuntu.com', 'COLCON_PREFIX_PATH': '/home/aditya/ros2_ws/install', 'ROS_DISTRO': 'jazzy', 'LOGNAME': 'aditya', 'OPENCODE_CLIENT': 'desktop', 'JOURNAL_STREAM': '8:859740', '_': '/usr/bin/colcon', 'ROS_VERSION': '2', 'MEMORY_PRESSURE_WATCH': '/sys/fs/cgroup/user.slice/user-1000.slice/user@1000.service/session.slice/org.gnome.Shell@x11.service/memory.pressure', 'XDG_SESSION_CLASS': 'user', 'USERNAME': 'aditya', 'GNOME_DESKTOP_SESSION_ID': 'this-is-deprecated', 'WINDOWPATH': '2', 'OPENCODE': '1', 'PATH': '/usr/lib/ccache:/home/aditya/ardupilot/Tools/autotest:/opt/gcc-arm-none-eabi-10-2020-q4-major/bin:/home/aditya/venv-ardupilot/bin:/home/aditya/.local/bin:/usr/lib/ccache:/home/aditya/ardupilot/Tools/autotest:/opt/gcc-arm-none-eabi-10-2020-q4-major/bin:/home/aditya/venv-ardupilot/bin:/home/aditya/.local/bin:/opt/ros/jazzy/opt/gz_msgs_vendor/bin:/opt/ros/jazzy/opt/gz_tools_vendor/bin:/opt/ros/jazzy/opt/gz_ogre_next_vendor/bin:/opt/ros/jazzy/bin:/usr/lib/ccache:/home/aditya/ardupilot/Tools/autotest:/opt/gcc-arm-none-eabi-10-2020-q4-major/bin:/home/aditya/venv-ardupilot/bin:/home/aditya/.local/bin:/usr/local/sbin:/usr/local/bin:/usr/sbin:/usr/bin:/sbin:/bin:/usr/games:/usr/local/games:/snap/bin:/snap/bin', 'SESSION_MANAGER': 'local/LoopingOutlaw:@/tmp/.ICE-unix/140868,unix/LoopingOutlaw:/tmp/.ICE-unix/140868', 'INVOCATION_ID': '965e1948198e4ab58902122652835ed2', 'OPENCODE_SERVER_PASSWORD': 'b71fd97d-486a-443a-83bd-91cf6f471114', 'GTK3_MODULES': 'xapp-gtk3-module', 'XDG_MENU_PREFIX': 'gnome-', 'XDG_RUNTIME_DIR': '/run/user/1000', 'OPENCODE_EXPERIMENTAL_FILEWATCHER': 'true', 'DISPLAY': ':1', 'OPENCODE_PID': '143795', 'LANG': 'en_US.UTF-8', 'XDG_CURRENT_DESKTOP': 'ubuntu:GNOME', 'OPENCODE_EXPERIMENTAL_ICON_DISCOVERY': 'true', 'VIRTUAL_ENV_PROMPT': '(venv-ardupilot)', 'XMODIFIERS': '@im=ibus', 'XDG_SESSION_DESKTOP': 'ubuntu', 'XAUTHORITY': '/run/user/1000/gdm/Xauthority', 'LS_COLORS': '', 'SSH_AUTH_SOCK': '/run/user/1000/keyring/ssh', 'AMENT_PREFIX_PATH': '/home/aditya/ros2_ws/install/my_robot_bringup:/home/aditya/ros2_ws/install/my_py_pkg:/home/aditya/ros2_ws/install/my_cpp_pkg:/home/aditya/ros2_ws/install/my_robot_interfaces:/opt/ros/jazzy', 'SHELL': '/bin/bash', 'QT_ACCESSIBILITY': '1', 'GDMSESSION': 'ubuntu', 'LESSCLOSE': '/usr/bin/lesspipe %s %s', 'GPG_AGENT_INFO': '/run/user/1000/gnupg/S.gpg-agent:0:1', 'GJS_DEBUG_OUTPUT': 'stderr', 'VIRTUAL_ENV': '/home/aditya/venv-ardupilot', 'ROS_AUTOMATIC_DISCOVERY_RANGE': 'SUBNET', 'QT_IM_MODULE': 'ibus', 'PWD': '/home/aditya/Cpps/Dexter/build/dexter_description', 'LC_ALL': 'en_US.UTF-8', 'XDG_CONFIG_DIRS': '/etc/xdg/xdg-ubuntu:/etc/xdg', 'XDG_DATA_DIRS': '/usr/share/ubuntu:/usr/share/gnome:/usr/local/share/:/usr/share/:/var/lib/snapd/desktop', 'QTWEBENGINE_DICTIONARIES_PATH': '/usr/share/hunspell-bdic/', 'PYTHONPATH': '/home/aditya/ros2_ws/install/my_py_pkg/lib/python3.12/site-packages:/home/aditya/ros2_ws/install/my_robot_interfaces/lib/python3.12/site-packages:/opt/ros/jazzy/lib/python3.12/site-packages', 'COLCON': '1', 'MEMORY_PRESSURE_WRITE': 'c29tZSAyMDAwMDAgMjAwMDAwMAA=', 'CMAKE_PREFIX_PATH': '/home/aditya/ros2_ws/install/my_robot_bringup:/home/aditya/ros2_ws/install/my_cpp_pkg:/home/aditya/ros2_ws/install/my_robot_interfaces:/opt/ros/jazzy/opt/gz_sim_vendor:/opt/ros/jazzy/opt/gz_sensors_vendor:/opt/ros/jazzy/opt/gz_physics_vendor:/opt/ros/jazzy/opt/sdformat_vendor:/opt/ros/jazzy/opt/gz_gui_vendor:/opt/ros/jazzy/opt/gz_transport_vendor:/opt/ros/jazzy/opt/gz_rendering_vendor:/opt/ros/jazzy/opt/gz_plugin_vendor:/opt/ros/jazzy/opt/gz_fuel_tools_vendor:/opt/ros/jazzy/opt/gz_msgs_vendor:/opt/ros/jazzy/opt/gz_common_vendor:/opt/ros/jazzy/opt/gz_math_vendor:/opt/ros/jazzy/opt/gz_utils_vendor:/opt/ros/jazzy/opt/gz_tools_vendor:/opt/ros/jazzy/opt/gz_ogre_next_vendor:/opt/ros/jazzy/opt/gz_dartsim_vendor:/opt/ros/jazzy/opt/gz_cmake_vendor:/home/aditya/ros2_ws/install/my_py_pkg:/opt/ros/jazzy'}), 'shell': False}
[0.098875] (-) TimerEvent: {}
[0.144346] (dexter_description) CommandEnded: {'returncode': 0}
[0.146124] (dexter_description) JobProgress: {'identifier': 'dexter_description', 'progress': 'install'}
[0.172390] (dexter_description) Command: {'cmd': ['/usr/bin/cmake', '--install', '/home/aditya/Cpps/Dexter/build/dexter_description'], 'cwd': '/home/aditya/Cpps/Dexter/build/dexter_description', 'env': OrderedDict({'GJS_DEBUG_TOPICS': 'JS ERROR;JS LOG', 'LESSOPEN': '| /usr/bin/lesspipe %s', 'GZ_SIM_RESOURCE_PATH': '/opt/ros/jazzy/share', 'no_proxy': '127.0.0.1,localhost,::1', 'LANGUAGE': 'en_IN:en', 'OPENCODE_SERVER_USERNAME': 'opencode', 'USER': 'aditya', 'GZ_CONFIG_PATH': '/opt/ros/jazzy/opt/gz_sim_vendor/share/gz:/opt/ros/jazzy/opt/sdformat_vendor/share/gz:/opt/ros/jazzy/opt/gz_gui_vendor/share/gz:/opt/ros/jazzy/opt/gz_transport_vendor/share/gz:/opt/ros/jazzy/opt/gz_rendering_vendor/share/gz:/opt/ros/jazzy/opt/gz_plugin_vendor/share/gz:/opt/ros/jazzy/opt/gz_fuel_tools_vendor/share/gz:/opt/ros/jazzy/opt/gz_msgs_vendor/share/gz:/opt/ros/jazzy/opt/gz_common_vendor/share/gz', 'AGENT': '1', 'XDG_SESSION_TYPE': 'x11', 'CLUTTER_DISABLE_MIPMAPPED_TEXT': '1', 'SHLVL': '1', 'LD_LIBRARY_PATH': '/home/aditya/ros2_ws/install/my_robot_interfaces/lib:/opt/ros/jazzy/opt/gz_sim_vendor/lib:/opt/ros/jazzy/opt/gz_sensors_vendor/lib:/opt/ros/jazzy/opt/gz_physics_vendor/lib:/opt/ros/jazzy/opt/sdformat_vendor/lib:/opt/ros/jazzy/opt/rviz_ogre_vendor/lib:/opt/ros/jazzy/lib/x86_64-linux-gnu:/opt/ros/jazzy/opt/gz_gui_vendor/lib:/opt/ros/jazzy/opt/gz_transport_vendor/lib:/opt/ros/jazzy/opt/gz_rendering_vendor/lib:/opt/ros/jazzy/opt/gz_plugin_vendor/lib:/opt/ros/jazzy/opt/gz_fuel_tools_vendor/lib:/opt/ros/jazzy/opt/gz_msgs_vendor/lib:/opt/ros/jazzy/opt/gz_common_vendor/lib:/opt/ros/jazzy/opt/gz_math_vendor/lib:/opt/ros/jazzy/opt/gz_utils_vendor/lib:/opt/ros/jazzy/opt/gz_tools_vendor/lib:/opt/ros/jazzy/opt/gz_ogre_next_vendor/lib:/opt/ros/jazzy/opt/gz_dartsim_vendor/lib:/opt/ros/jazzy/opt/gz_cmake_vendor/lib:/opt/ros/jazzy/lib', 'HOME': '/home/aditya', 'OLDPWD': '/home/aditya/Cpps', 'DESKTOP_SESSION': 'ubuntu', 'NO_PROXY': '127.0.0.1,localhost,::1', 'GIO_LAUNCHED_DESKTOP_FILE': '/usr/share/applications/OpenCode.desktop', 'ROS_PYTHON_VERSION': '3', 'GNOME_SHELL_SESSION_MODE': 'ubuntu', 'GTK_MODULES': 'gail:atk-bridge', 'MANAGERPID': '140413', 'SYSTEMD_EXEC_PID': '140909', 'GSM_SKIP_SSH_AGENT_WORKAROUND': 'true', 'XDG_STATE_HOME': '/home/aditya/.local/share/ai.opencode.desktop/', 'DBUS_SESSION_BUS_ADDRESS': 'unix:path=/run/user/1000/bus', 'GIO_LAUNCHED_DESKTOP_FILE_PID': '143645', 'DEBUGINFOD_URLS': 'https://debuginfod.ubuntu.com', 'COLCON_PREFIX_PATH': '/home/aditya/ros2_ws/install', 'ROS_DISTRO': 'jazzy', 'LOGNAME': 'aditya', 'OPENCODE_CLIENT': 'desktop', 'JOURNAL_STREAM': '8:859740', '_': '/usr/bin/colcon', 'ROS_VERSION': '2', 'MEMORY_PRESSURE_WATCH': '/sys/fs/cgroup/user.slice/user-1000.slice/user@1000.service/session.slice/org.gnome.Shell@x11.service/memory.pressure', 'XDG_SESSION_CLASS': 'user', 'USERNAME': 'aditya', 'GNOME_DESKTOP_SESSION_ID': 'this-is-deprecated', 'WINDOWPATH': '2', 'OPENCODE': '1', 'PATH': '/usr/lib/ccache:/home/aditya/ardupilot/Tools/autotest:/opt/gcc-arm-none-eabi-10-2020-q4-major/bin:/home/aditya/venv-ardupilot/bin:/home/aditya/.local/bin:/usr/lib/ccache:/home/aditya/ardupilot/Tools/autotest:/opt/gcc-arm-none-eabi-10-2020-q4-major/bin:/home/aditya/venv-ardupilot/bin:/home/aditya/.local/bin:/opt/ros/jazzy/opt/gz_msgs_vendor/bin:/opt/ros/jazzy/opt/gz_tools_vendor/bin:/opt/ros/jazzy/opt/gz_ogre_next_vendor/bin:/opt/ros/jazzy/bin:/usr/lib/ccache:/home/aditya/ardupilot/Tools/autotest:/opt/gcc-arm-none-eabi-10-2020-q4-major/bin:/home/aditya/venv-ardupilot/bin:/home/aditya/.local/bin:/usr/local/sbin:/usr/local/bin:/usr/sbin:/usr/bin:/sbin:/bin:/usr/games:/usr/local/games:/snap/bin:/snap/bin', 'SESSION_MANAGER': 'local/LoopingOutlaw:@/tmp/.ICE-unix/140868,unix/LoopingOutlaw:/tmp/.ICE-unix/140868', 'INVOCATION_ID': '965e1948198e4ab58902122652835ed2', 'OPENCODE_SERVER_PASSWORD': 'b71fd97d-486a-443a-83bd-91cf6f471114', 'GTK3_MODULES': 'xapp-gtk3-module', 'XDG_MENU_PREFIX': 'gnome-', 'XDG_RUNTIME_DIR': '/run/user/1000', 'OPENCODE_EXPERIMENTAL_FILEWATCHER': 'true', 'DISPLAY': ':1', 'OPENCODE_PID': '143795', 'LANG': 'en_US.UTF-8', 'XDG_CURRENT_DESKTOP': 'ubuntu:GNOME', 'OPENCODE_EXPERIMENTAL_ICON_DISCOVERY': 'true', 'VIRTUAL_ENV_PROMPT': '(venv-ardupilot)', 'XMODIFIERS': '@im=ibus', 'XDG_SESSION_DESKTOP': 'ubuntu', 'XAUTHORITY': '/run/user/1000/gdm/Xauthority', 'LS_COLORS': '', 'SSH_AUTH_SOCK': '/run/user/1000/keyring/ssh', 'AMENT_PREFIX_PATH': '/home/aditya/ros2_ws/install/my_robot_bringup:/home/aditya/ros2_ws/install/my_py_pkg:/home/aditya/ros2_ws/install/my_cpp_pkg:/home/aditya/ros2_ws/install/my_robot_interfaces:/opt/ros/jazzy', 'SHELL': '/bin/bash', 'QT_ACCESSIBILITY': '1', 'GDMSESSION': 'ubuntu', 'LESSCLOSE': '/usr/bin/lesspipe %s %s', 'GPG_AGENT_INFO': '/run/user/1000/gnupg/S.gpg-agent:0:1', 'GJS_DEBUG_OUTPUT': 'stderr', 'VIRTUAL_ENV': '/home/aditya/venv-ardupilot', 'ROS_AUTOMATIC_DISCOVERY_RANGE': 'SUBNET', 'QT_IM_MODULE': 'ibus', 'PWD': '/home/aditya/Cpps/Dexter/build/dexter_description', 'LC_ALL': 'en_US.UTF-8', 'XDG_CONFIG_DIRS': '/etc/xdg/xdg-ubuntu:/etc/xdg', 'XDG_DATA_DIRS': '/usr/share/ubuntu:/usr/share/gnome:/usr/local/share/:/usr/share/:/var/lib/snapd/desktop', 'QTWEBENGINE_DICTIONARIES_PATH': '/usr/share/hunspell-bdic/', 'PYTHONPATH': '/home/aditya/ros2_ws/install/my_py_pkg/lib/python3.12/site-packages:/home/aditya/ros2_ws/install/my_robot_interfaces/lib/python3.12/site-packages:/opt/ros/jazzy/lib/python3.12/site-packages', 'COLCON': '1', 'MEMORY_PRESSURE_WRITE': 'c29tZSAyMDAwMDAgMjAwMDAwMAA=', 'CMAKE_PREFIX_PATH': '/home/aditya/ros2_ws/install/my_robot_bringup:/home/aditya/ros2_ws/install/my_cpp_pkg:/home/aditya/ros2_ws/install/my_robot_interfaces:/opt/ros/jazzy/opt/gz_sim_vendor:/opt/ros/jazzy/opt/gz_sensors_vendor:/opt/ros/jazzy/opt/gz_physics_vendor:/opt/ros/jazzy/opt/sdformat_vendor:/opt/ros/jazzy/opt/gz_gui_vendor:/opt/ros/jazzy/opt/gz_transport_vendor:/opt/ros/jazzy/opt/gz_rendering_vendor:/opt/ros/jazzy/opt/gz_plugin_vendor:/opt/ros/jazzy/opt/gz_fuel_tools_vendor:/opt/ros/jazzy/opt/gz_msgs_vendor:/opt/ros/jazzy/opt/gz_common_vendor:/opt/ros/jazzy/opt/gz_math_vendor:/opt/ros/jazzy/opt/gz_utils_vendor:/opt/ros/jazzy/opt/gz_tools_vendor:/opt/ros/jazzy/opt/gz_ogre_next_vendor:/opt/ros/jazzy/opt/gz_dartsim_vendor:/opt/ros/jazzy/opt/gz_cmake_vendor:/home/aditya/ros2_ws/install/my_py_pkg:/opt/ros/jazzy'}), 'shell': False}
[0.195816] (dexter_description) StdoutLine: {'line': b'-- Install configuration: ""\n'}
[0.196859] (dexter_description) StdoutLine: {'line': b'-- Execute custom install script\n'}
[0.197943] (dexter_description) StdoutLine: {'line': b'-- Up-to-date symlink: /home/aditya/Cpps/Dexter/install/dexter_description/share/dexter_description/launch/display.launch.py\n'}
[0.198353] (dexter_description) StdoutLine: {'line': b'-- Up-to-date symlink: /home/aditya/Cpps/Dexter/install/dexter_description/share/dexter_description/launch/gazebo.launch.py\n'}
[0.198836] (dexter_description) StdoutLine: {'line': b'-- Up-to-date symlink: /home/aditya/Cpps/Dexter/install/dexter_description/share/dexter_description/meshes/base_plate.STL\n'}
[0.199084] (-) TimerEvent: {}
[0.199134] (dexter_description) StdoutLine: {'line': b'-- Up-to-date symlink: /home/aditya/Cpps/Dexter/install/dexter_description/share/dexter_description/meshes/basement.STL\n'}
[0.199875] (dexter_description) StdoutLine: {'line': b'-- Up-to-date symlink: /home/aditya/Cpps/Dexter/install/dexter_description/share/dexter_description/meshes/claw_support.STL\n'}
[0.200289] (dexter_description) StdoutLine: {'line': b'-- Up-to-date symlink: /home/aditya/Cpps/Dexter/install/dexter_description/share/dexter_description/meshes/forward_drive_arm.STL\n'}
[0.200670] (dexter_description) StdoutLine: {'line': b'-- Up-to-date symlink: /home/aditya/Cpps/Dexter/install/dexter_description/share/dexter_description/meshes/horizontal_arm.STL\n'}
[0.200910] (dexter_description) StdoutLine: {'line': b'-- Up-to-date symlink: /home/aditya/Cpps/Dexter/install/dexter_description/share/dexter_description/meshes/left_finger.STL\n'}
[0.201157] (dexter_description) StdoutLine: {'line': b'-- Up-to-date symlink: /home/aditya/Cpps/Dexter/install/dexter_description/share/dexter_description/meshes/link.STL\n'}
[0.201577] (dexter_description) StdoutLine: {'line': b'-- Up-to-date symlink: /home/aditya/Cpps/Dexter/install/dexter_description/share/dexter_description/meshes/plate.STL\n'}
[0.201798] (dexter_description) StdoutLine: {'line': b'-- Up-to-date symlink: /home/aditya/Cpps/Dexter/install/dexter_description/share/dexter_description/meshes/right_finger.STL\n'}
[0.202104] (dexter_description) StdoutLine: {'line': b'-- Up-to-date symlink: /home/aditya/Cpps/Dexter/install/dexter_description/share/dexter_description/meshes/round_plate.STL\n'}
[0.202401] (dexter_description) StdoutLine: {'line': b'-- Up-to-date symlink: /home/aditya/Cpps/Dexter/install/dexter_description/share/dexter_description/meshes/servo_plate.STL\n'}
[0.202626] (dexter_description) StdoutLine: {'line': b'-- Up-to-date symlink: /home/aditya/Cpps/Dexter/install/dexter_description/share/dexter_description/meshes/triangular_link.STL\n'}
[0.202854] (dexter_description) StdoutLine: {'line': b'-- Up-to-date symlink: /home/aditya/Cpps/Dexter/install/dexter_description/share/dexter_description/meshes/vertical_drive_arm.STL\n'}
[0.203083] (dexter_description) StdoutLine: {'line': b'-- Up-to-date symlink: /home/aditya/Cpps/Dexter/install/dexter_description/share/dexter_description/urdf/dexter.urdf.xacro\n'}
[0.203441] (dexter_description) StdoutLine: {'line': b'-- Up-to-date symlink: /home/aditya/Cpps/Dexter/install/dexter_description/share/dexter_description/urdf/dexter_gazebo.xacro\n'}
[0.203673] (dexter_description) StdoutLine: {'line': b'-- Up-to-date symlink: /home/aditya/Cpps/Dexter/install/dexter_description/share/dexter_description/urdf/dexter_ros2_control.xacro\n'}
[0.203903] (dexter_description) StdoutLine: {'line': b'-- Up-to-date symlink: /home/aditya/Cpps/Dexter/install/dexter_description/share/dexter_description/rviz/display.rviz\n'}
[0.204131] (dexter_description) StdoutLine: {'line': b'-- Up-to-date symlink: /home/aditya/Cpps/Dexter/install/dexter_description/share/dexter_description/worlds/inventory.sdf\n'}
[0.204520] (dexter_description) StdoutLine: {'line': b'-- Up-to-date symlink: /home/aditya/Cpps/Dexter/install/dexter_description/share/ament_index/resource_index/package_run_dependencies/dexter_description\n'}
[0.204747] (dexter_description) StdoutLine: {'line': b'-- Up-to-date symlink: /home/aditya/Cpps/Dexter/install/dexter_description/share/ament_index/resource_index/parent_prefix_path/dexter_description\n'}
[0.204976] (dexter_description) StdoutLine: {'line': b'-- Up-to-date symlink: /home/aditya/Cpps/Dexter/install/dexter_description/share/dexter_description/environment/ament_prefix_path.sh\n'}
[0.205292] (dexter_description) StdoutLine: {'line': b'-- Up-to-date symlink: /home/aditya/Cpps/Dexter/install/dexter_description/share/dexter_description/environment/ament_prefix_path.dsv\n'}
[0.205596] (dexter_description) StdoutLine: {'line': b'-- Up-to-date symlink: /home/aditya/Cpps/Dexter/install/dexter_description/share/dexter_description/environment/path.sh\n'}
[0.205815] (dexter_description) StdoutLine: {'line': b'-- Up-to-date symlink: /home/aditya/Cpps/Dexter/install/dexter_description/share/dexter_description/environment/path.dsv\n'}
[0.206032] (dexter_description) StdoutLine: {'line': b'-- Up-to-date symlink: /home/aditya/Cpps/Dexter/install/dexter_description/share/dexter_description/local_setup.bash\n'}
[0.206279] (dexter_description) StdoutLine: {'line': b'-- Up-to-date symlink: /home/aditya/Cpps/Dexter/install/dexter_description/share/dexter_description/local_setup.sh\n'}
[0.206507] (dexter_description) StdoutLine: {'line': b'-- Up-to-date symlink: /home/aditya/Cpps/Dexter/install/dexter_description/share/dexter_description/local_setup.zsh\n'}
[0.206723] (dexter_description) StdoutLine: {'line': b'-- Up-to-date symlink: /home/aditya/Cpps/Dexter/install/dexter_description/share/dexter_description/local_setup.dsv\n'}
[0.206939] (dexter_description) StdoutLine: {'line': b'-- Symlinking: /home/aditya/Cpps/Dexter/install/dexter_description/share/dexter_description/package.dsv\n'}
[0.228794] (dexter_description) StdoutLine: {'line': b'-- Up-to-date symlink: /home/aditya/Cpps/Dexter/install/dexter_description/share/ament_index/resource_index/packages/dexter_description\n'}
[0.229658] (dexter_description) StdoutLine: {'line': b'-- Up-to-date symlink: /home/aditya/Cpps/Dexter/install/dexter_description/share/dexter_description/cmake/dexter_descriptionConfig.cmake\n'}
[0.230116] (dexter_description) StdoutLine: {'line': b'-- Up-to-date symlink: /home/aditya/Cpps/Dexter/install/dexter_description/share/dexter_description/cmake/dexter_descriptionConfig-version.cmake\n'}
[0.230430] (dexter_description) StdoutLine: {'line': b'-- Up-to-date symlink: /home/aditya/Cpps/Dexter/install/dexter_description/share/dexter_description/package.xml\n'}
[0.232864] (dexter_description) CommandEnded: {'returncode': 0}
[0.269613] (dexter_description) JobEnded: {'identifier': 'dexter_description', 'rc': 0}
[0.272769] (dexter_inventory) JobStarted: {'identifier': 'dexter_inventory'}
[0.299353] (-) TimerEvent: {}
[0.399627] (-) TimerEvent: {}
[0.499975] (-) TimerEvent: {}
[0.600292] (-) TimerEvent: {}
[0.700614] (-) TimerEvent: {}
[0.800969] (-) TimerEvent: {}
[0.901324] (-) TimerEvent: {}
[1.001605] (-) TimerEvent: {}
[1.101999] (-) TimerEvent: {}
[1.202248] (-) TimerEvent: {}
[1.302580] (-) TimerEvent: {}
[1.403011] (-) TimerEvent: {}
[1.503346] (-) TimerEvent: {}
[1.603618] (-) TimerEvent: {}
[1.704003] (-) TimerEvent: {}
[1.804342] (-) TimerEvent: {}
[1.904712] (-) TimerEvent: {}
[2.005163] (-) TimerEvent: {}
[2.105502] (-) TimerEvent: {}
[2.205878] (-) TimerEvent: {}
[2.306274] (-) TimerEvent: {}
[2.402679] (dexter_inventory) Command: {'cmd': ['/usr/bin/python3', '-W', 'ignore:setup.py install is deprecated', '-W', 'ignore:easy_install command is deprecated', 'setup.py', 'egg_info', '--egg-base', '../build/dexter_inventory', 'build', '--build-base', '/home/aditya/Cpps/Dexter/build/dexter_inventory/build', 'install', '--record', '/home/aditya/Cpps/Dexter/build/dexter_inventory/install.log', '--single-version-externally-managed', 'install_data'], 'cwd': '/home/aditya/Cpps/Dexter/dexter_inventory', 'env': {'GJS_DEBUG_TOPICS': 'JS ERROR;JS LOG', 'LESSOPEN': '| /usr/bin/lesspipe %s', 'GZ_SIM_RESOURCE_PATH': '/opt/ros/jazzy/share', 'no_proxy': '127.0.0.1,localhost,::1', 'LANGUAGE': 'en_IN:en', 'OPENCODE_SERVER_USERNAME': 'opencode', 'USER': 'aditya', 'GZ_CONFIG_PATH': '/opt/ros/jazzy/opt/gz_sim_vendor/share/gz:/opt/ros/jazzy/opt/sdformat_vendor/share/gz:/opt/ros/jazzy/opt/gz_gui_vendor/share/gz:/opt/ros/jazzy/opt/gz_transport_vendor/share/gz:/opt/ros/jazzy/opt/gz_rendering_vendor/share/gz:/opt/ros/jazzy/opt/gz_plugin_vendor/share/gz:/opt/ros/jazzy/opt/gz_fuel_tools_vendor/share/gz:/opt/ros/jazzy/opt/gz_msgs_vendor/share/gz:/opt/ros/jazzy/opt/gz_common_vendor/share/gz', 'AGENT': '1', 'XDG_SESSION_TYPE': 'x11', 'CLUTTER_DISABLE_MIPMAPPED_TEXT': '1', 'SHLVL': '1', 'LD_LIBRARY_PATH': '/home/aditya/Cpps/Dexter/install/dexter_msgs/lib:/home/aditya/ros2_ws/install/my_robot_interfaces/lib:/opt/ros/jazzy/opt/gz_sim_vendor/lib:/opt/ros/jazzy/opt/gz_sensors_vendor/lib:/opt/ros/jazzy/opt/gz_physics_vendor/lib:/opt/ros/jazzy/opt/sdformat_vendor/lib:/opt/ros/jazzy/opt/rviz_ogre_vendor/lib:/opt/ros/jazzy/lib/x86_64-linux-gnu:/opt/ros/jazzy/opt/gz_gui_vendor/lib:/opt/ros/jazzy/opt/gz_transport_vendor/lib:/opt/ros/jazzy/opt/gz_rendering_vendor/lib:/opt/ros/jazzy/opt/gz_plugin_vendor/lib:/opt/ros/jazzy/opt/gz_fuel_tools_vendor/lib:/opt/ros/jazzy/opt/gz_msgs_vendor/lib:/opt/ros/jazzy/opt/gz_common_vendor/lib:/opt/ros/jazzy/opt/gz_math_vendor/lib:/opt/ros/jazzy/opt/gz_utils_vendor/lib:/opt/ros/jazzy/opt/gz_tools_vendor/lib:/opt/ros/jazzy/opt/gz_ogre_next_vendor/lib:/opt/ros/jazzy/opt/gz_dartsim_vendor/lib:/opt/ros/jazzy/opt/gz_cmake_vendor/lib:/opt/ros/jazzy/lib', 'HOME': '/home/aditya', 'OLDPWD': '/home/aditya/Cpps', 'DESKTOP_SESSION': 'ubuntu', 'NO_PROXY': '127.0.0.1,localhost,::1', 'GIO_LAUNCHED_DESKTOP_FILE': '/usr/share/applications/OpenCode.desktop', 'ROS_PYTHON_VERSION': '3', 'GNOME_SHELL_SESSION_MODE': 'ubuntu', 'GTK_MODULES': 'gail:atk-bridge', 'MANAGERPID': '140413', 'SYSTEMD_EXEC_PID': '140909', 'GSM_SKIP_SSH_AGENT_WORKAROUND': 'true', 'XDG_STATE_HOME': '/home/aditya/.local/share/ai.opencode.desktop/', 'DBUS_SESSION_BUS_ADDRESS': 'unix:path=/run/user/1000/bus', 'GIO_LAUNCHED_DESKTOP_FILE_PID': '143645', 'DEBUGINFOD_URLS': 'https://debuginfod.ubuntu.com', 'COLCON_PREFIX_PATH': '/home/aditya/ros2_ws/install', 'ROS_DISTRO': 'jazzy', 'LOGNAME': 'aditya', 'OPENCODE_CLIENT': 'desktop', 'JOURNAL_STREAM': '8:859740', '_': '/usr/bin/colcon', 'ROS_VERSION': '2', 'MEMORY_PRESSURE_WATCH': '/sys/fs/cgroup/user.slice/user-1000.slice/user@1000.service/session.slice/org.gnome.Shell@x11.service/memory.pressure', 'XDG_SESSION_CLASS': 'user', 'USERNAME': 'aditya', 'GNOME_DESKTOP_SESSION_ID': 'this-is-deprecated', 'WINDOWPATH': '2', 'OPENCODE': '1', 'PATH': '/usr/lib/ccache:/home/aditya/ardupilot/Tools/autotest:/opt/gcc-arm-none-eabi-10-2020-q4-major/bin:/home/aditya/venv-ardupilot/bin:/home/aditya/.local/bin:/usr/lib/ccache:/home/aditya/ardupilot/Tools/autotest:/opt/gcc-arm-none-eabi-10-2020-q4-major/bin:/home/aditya/venv-ardupilot/bin:/home/aditya/.local/bin:/opt/ros/jazzy/opt/gz_msgs_vendor/bin:/opt/ros/jazzy/opt/gz_tools_vendor/bin:/opt/ros/jazzy/opt/gz_ogre_next_vendor/bin:/opt/ros/jazzy/bin:/usr/lib/ccache:/home/aditya/ardupilot/Tools/autotest:/opt/gcc-arm-none-eabi-10-2020-q4-major/bin:/home/aditya/venv-ardupilot/bin:/home/aditya/.local/bin:/usr/local/sbin:/usr/local/bin:/usr/sbin:/usr/bin:/sbin:/bin:/usr/games:/usr/local/games:/snap/bin:/snap/bin', 'SESSION_MANAGER': 'local/LoopingOutlaw:@/tmp/.ICE-unix/140868,unix/LoopingOutlaw:/tmp/.ICE-unix/140868', 'INVOCATION_ID': '965e1948198e4ab58902122652835ed2', 'OPENCODE_SERVER_PASSWORD': 'b71fd97d-486a-443a-83bd-91cf6f471114', 'GTK3_MODULES': 'xapp-gtk3-module', 'XDG_MENU_PREFIX': 'gnome-', 'XDG_RUNTIME_DIR': '/run/user/1000', 'OPENCODE_EXPERIMENTAL_FILEWATCHER': 'true', 'DISPLAY': ':1', 'OPENCODE_PID': '143795', 'LANG': 'en_US.UTF-8', 'XDG_CURRENT_DESKTOP': 'ubuntu:GNOME', 'OPENCODE_EXPERIMENTAL_ICON_DISCOVERY': 'true', 'VIRTUAL_ENV_PROMPT': '(venv-ardupilot)', 'XMODIFIERS': '@im=ibus', 'XDG_SESSION_DESKTOP': 'ubuntu', 'XAUTHORITY': '/run/user/1000/gdm/Xauthority', 'LS_COLORS': '', 'SSH_AUTH_SOCK': '/run/user/1000/keyring/ssh', 'AMENT_PREFIX_PATH': '/home/aditya/Cpps/Dexter/install/dexter_moveit:/home/aditya/Cpps/Dexter/install/dexter_msgs:/home/aditya/Cpps/Dexter/install/dexter_description:/home/aditya/ros2_ws/install/my_robot_bringup:/home/aditya/ros2_ws/install/my_py_pkg:/home/aditya/ros2_ws/install/my_cpp_pkg:/home/aditya/ros2_ws/install/my_robot_interfaces:/opt/ros/jazzy', 'SHELL': '/bin/bash', 'QT_ACCESSIBILITY': '1', 'GDMSESSION': 'ubuntu', 'LESSCLOSE': '/usr/bin/lesspipe %s %s', 'GPG_AGENT_INFO': '/run/user/1000/gnupg/S.gpg-agent:0:1', 'GJS_DEBUG_OUTPUT': 'stderr', 'VIRTUAL_ENV': '/home/aditya/venv-ardupilot', 'ROS_AUTOMATIC_DISCOVERY_RANGE': 'SUBNET', 'QT_IM_MODULE': 'ibus', 'PWD': '/home/aditya/Cpps/Dexter/build/dexter_inventory', 'LC_ALL': 'en_US.UTF-8', 'XDG_CONFIG_DIRS': '/etc/xdg/xdg-ubuntu:/etc/xdg', 'XDG_DATA_DIRS': '/usr/share/ubuntu:/usr/share/gnome:/usr/local/share/:/usr/share/:/var/lib/snapd/desktop', 'QTWEBENGINE_DICTIONARIES_PATH': '/usr/share/hunspell-bdic/', 'PYTHONPATH': '/home/aditya/Cpps/Dexter/build/dexter_inventory/prefix_override:/usr/lib/python3/dist-packages/colcon_core/task/python/colcon_distutils_commands:/home/aditya/Cpps/Dexter/install/dexter_inventory/lib/python3.12/site-packages:/home/aditya/Cpps/Dexter/install/dexter_msgs/lib/python3.12/site-packages:/home/aditya/ros2_ws/install/my_py_pkg/lib/python3.12/site-packages:/home/aditya/ros2_ws/install/my_robot_interfaces/lib/python3.12/site-packages:/opt/ros/jazzy/lib/python3.12/site-packages', 'COLCON': '1', 'MEMORY_PRESSURE_WRITE': 'c29tZSAyMDAwMDAgMjAwMDAwMAA=', 'CMAKE_PREFIX_PATH': '/home/aditya/Cpps/Dexter/install/dexter_moveit:/home/aditya/Cpps/Dexter/install/dexter_msgs:/home/aditya/Cpps/Dexter/install/dexter_description:/home/aditya/ros2_ws/install/my_robot_bringup:/home/aditya/ros2_ws/install/my_cpp_pkg:/home/aditya/ros2_ws/install/my_robot_interfaces:/opt/ros/jazzy/opt/gz_sim_vendor:/opt/ros/jazzy/opt/gz_sensors_vendor:/opt/ros/jazzy/opt/gz_physics_vendor:/opt/ros/jazzy/opt/sdformat_vendor:/opt/ros/jazzy/opt/gz_gui_vendor:/opt/ros/jazzy/opt/gz_transport_vendor:/opt/ros/jazzy/opt/gz_rendering_vendor:/opt/ros/jazzy/opt/gz_plugin_vendor:/opt/ros/jazzy/opt/gz_fuel_tools_vendor:/opt/ros/jazzy/opt/gz_msgs_vendor:/opt/ros/jazzy/opt/gz_common_vendor:/opt/ros/jazzy/opt/gz_math_vendor:/opt/ros/jazzy/opt/gz_utils_vendor:/opt/ros/jazzy/opt/gz_tools_vendor:/opt/ros/jazzy/opt/gz_ogre_next_vendor:/opt/ros/jazzy/opt/gz_dartsim_vendor:/opt/ros/jazzy/opt/gz_cmake_vendor'}, 'shell': False}
[2.406370] (-) TimerEvent: {}
[2.506613] (-) TimerEvent: {}
[2.606947] (-) TimerEvent: {}
[2.707295] (-) TimerEvent: {}
[2.807669] (-) TimerEvent: {}
[2.908109] (-) TimerEvent: {}
[3.008518] (-) TimerEvent: {}
[3.108943] (-) TimerEvent: {}
[3.130901] (dexter_inventory) StdoutLine: {'line': b'running egg_info\n'}
[3.179987] (dexter_inventory) StdoutLine: {'line': b'writing ../build/dexter_inventory/dexter_inventory.egg-info/PKG-INFO\n'}
[3.180704] (dexter_inventory) StdoutLine: {'line': b'writing dependency_links to ../build/dexter_inventory/dexter_inventory.egg-info/dependency_links.txt\n'}
[3.181188] (dexter_inventory) StdoutLine: {'line': b'writing entry points to ../build/dexter_inventory/dexter_inventory.egg-info/entry_points.txt\n'}
[3.181857] (dexter_inventory) StdoutLine: {'line': b'writing requirements to ../build/dexter_inventory/dexter_inventory.egg-info/requires.txt\n'}
[3.182213] (dexter_inventory) StdoutLine: {'line': b'writing top-level names to ../build/dexter_inventory/dexter_inventory.egg-info/top_level.txt\n'}
[3.209072] (-) TimerEvent: {}
[3.283199] (dexter_inventory) StdoutLine: {'line': b"reading manifest file '../build/dexter_inventory/dexter_inventory.egg-info/SOURCES.txt'\n"}
[3.285313] (dexter_inventory) StdoutLine: {'line': b"writing manifest file '../build/dexter_inventory/dexter_inventory.egg-info/SOURCES.txt'\n"}
[3.286157] (dexter_inventory) StdoutLine: {'line': b'running build\n'}
[3.286548] (dexter_inventory) StdoutLine: {'line': b'running build_py\n'}
[3.287099] (dexter_inventory) StdoutLine: {'line': b'copying dexter_inventory/dispatch_engine.py -> /home/aditya/Cpps/Dexter/build/dexter_inventory/build/lib/dexter_inventory\n'}
[3.288157] (dexter_inventory) StdoutLine: {'line': b'running install\n'}
[3.306737] (dexter_inventory) StdoutLine: {'line': b'running install_lib\n'}
[3.309223] (-) TimerEvent: {}
[3.356851] (dexter_inventory) StdoutLine: {'line': b'copying /home/aditya/Cpps/Dexter/build/dexter_inventory/build/lib/dexter_inventory/dispatch_engine.py -> /home/aditya/Cpps/Dexter/install/dexter_inventory/lib/python3.12/site-packages/dexter_inventory\n'}
[3.359393] (dexter_inventory) StdoutLine: {'line': b'byte-compiling /home/aditya/Cpps/Dexter/install/dexter_inventory/lib/python3.12/site-packages/dexter_inventory/dispatch_engine.py to dispatch_engine.cpython-312.pyc\n'}
[3.363754] (dexter_inventory) StdoutLine: {'line': b'running install_data\n'}
[3.364560] (dexter_inventory) StdoutLine: {'line': b'running install_egg_info\n'}
[3.409362] (-) TimerEvent: {}
[3.418168] (dexter_inventory) StdoutLine: {'line': b"removing '/home/aditya/Cpps/Dexter/install/dexter_inventory/lib/python3.12/site-packages/dexter_inventory-0.1.0-py3.12.egg-info' (and everything under it)\n"}
[3.418890] (dexter_inventory) StdoutLine: {'line': b'Copying ../build/dexter_inventory/dexter_inventory.egg-info to /home/aditya/Cpps/Dexter/install/dexter_inventory/lib/python3.12/site-packages/dexter_inventory-0.1.0-py3.12.egg-info\n'}
[3.420302] (dexter_inventory) StdoutLine: {'line': b'running install_scripts\n'}
[3.509544] (-) TimerEvent: {}
[3.609847] (-) TimerEvent: {}
[3.710222] (-) TimerEvent: {}
[3.774119] (dexter_inventory) StdoutLine: {'line': b'Installing inventory_node script to /home/aditya/Cpps/Dexter/install/dexter_inventory/lib/dexter_inventory\n'}
[3.774784] (dexter_inventory) StdoutLine: {'line': b'Installing seed_data script to /home/aditya/Cpps/Dexter/install/dexter_inventory/lib/dexter_inventory\n'}
[3.775174] (dexter_inventory) StdoutLine: {'line': b'Installing standalone_dashboard script to /home/aditya/Cpps/Dexter/install/dexter_inventory/lib/dexter_inventory\n'}
[3.775542] (dexter_inventory) StdoutLine: {'line': b"writing list of installed files to '/home/aditya/Cpps/Dexter/build/dexter_inventory/install.log'\n"}
[3.810452] (-) TimerEvent: {}
[3.844248] (dexter_inventory) CommandEnded: {'returncode': 0}
[3.857407] (dexter_inventory) JobEnded: {'identifier': 'dexter_inventory', 'rc': 0}
[3.858627] (-) EventReactorShutdown: {}
