[0.020s] Invoking command in '/home/aditya/Cpps/Dexter/build/dexter_firmware': CMAKE_PREFIX_PATH=${CMAKE_PREFIX_PATH}:/home/aditya/Cpps/Dexter/install/dexter_py_examples:/home/aditya/Cpps/Dexter/install/dexter_inventory:/home/aditya/ros2_ws/install/my_py_pkg:/opt/ros/jazzy DEBUGINFOD_URLS=https://debuginfod.ubuntu.com PS1=\[\e]0;\u@\h: \w\a\]${debian_chroot:+($debian_chroot)}\[\033[01;32m\]\u@\h\[\033[00m\]:\[\033[01;34m\]\w\[\033[00m\]\$ VIRTUAL_ENV_PROMPT=(venv-ardupilot) /usr/bin/cmake --build /home/aditya/Cpps/Dexter/build/dexter_firmware -- -j28 -l28
[0.116s] [ 50%] Built target simple_serial_receiver
[0.116s] [100%] Built target simple_serial_transmitter
[0.119s] [100%] Built target ament_cmake_python_symlink_dexter_firmware
[0.666s] running egg_info
[0.709s] writing dexter_firmware.egg-info/PKG-INFO
[0.709s] writing dependency_links to dexter_firmware.egg-info/dependency_links.txt
[0.710s] writing top-level names to dexter_firmware.egg-info/top_level.txt
[0.838s] reading manifest file 'dexter_firmware.egg-info/SOURCES.txt'
[0.840s] writing manifest file 'dexter_firmware.egg-info/SOURCES.txt'
[0.907s] [100%] Built target ament_cmake_python_build_dexter_firmware_egg
[0.924s] Invoked command in '/home/aditya/Cpps/Dexter/build/dexter_firmware' returned '0': CMAKE_PREFIX_PATH=${CMAKE_PREFIX_PATH}:/home/aditya/Cpps/Dexter/install/dexter_py_examples:/home/aditya/Cpps/Dexter/install/dexter_inventory:/home/aditya/ros2_ws/install/my_py_pkg:/opt/ros/jazzy DEBUGINFOD_URLS=https://debuginfod.ubuntu.com PS1=\[\e]0;\u@\h: \w\a\]${debian_chroot:+($debian_chroot)}\[\033[01;32m\]\u@\h\[\033[00m\]:\[\033[01;34m\]\w\[\033[00m\]\$ VIRTUAL_ENV_PROMPT=(venv-ardupilot) /usr/bin/cmake --build /home/aditya/Cpps/Dexter/build/dexter_firmware -- -j28 -l28
[0.926s] Invoking command in '/home/aditya/Cpps/Dexter/build/dexter_firmware': CMAKE_PREFIX_PATH=${CMAKE_PREFIX_PATH}:/home/aditya/Cpps/Dexter/install/dexter_py_examples:/home/aditya/Cpps/Dexter/install/dexter_inventory:/home/aditya/ros2_ws/install/my_py_pkg:/opt/ros/jazzy DEBUGINFOD_URLS=https://debuginfod.ubuntu.com PS1=\[\e]0;\u@\h: \w\a\]${debian_chroot:+($debian_chroot)}\[\033[01;32m\]\u@\h\[\033[00m\]:\[\033[01;34m\]\w\[\033[00m\]\$ VIRTUAL_ENV_PROMPT=(venv-ardupilot) /usr/bin/cmake --install /home/aditya/Cpps/Dexter/build/dexter_firmware
[0.937s] -- Install configuration: ""
[0.938s] -- Execute custom install script
[0.939s] -- Up-to-date symlink: /home/aditya/Cpps/Dexter/install/dexter_firmware/share/dexter_firmware/environment/pythonpath.sh
[0.939s] -- Up-to-date symlink: /home/aditya/Cpps/Dexter/install/dexter_firmware/share/dexter_firmware/environment/pythonpath.dsv
[0.939s] -- Up-to-date symlink: /home/aditya/Cpps/Dexter/install/dexter_firmware/lib/python3.12/site-packages/dexter_firmware-0.0.0-py3.12.egg-info/PKG-INFO
[0.939s] -- Up-to-date symlink: /home/aditya/Cpps/Dexter/install/dexter_firmware/lib/python3.12/site-packages/dexter_firmware-0.0.0-py3.12.egg-info/SOURCES.txt
[0.939s] -- Up-to-date symlink: /home/aditya/Cpps/Dexter/install/dexter_firmware/lib/python3.12/site-packages/dexter_firmware-0.0.0-py3.12.egg-info/dependency_links.txt
[0.940s] -- Up-to-date symlink: /home/aditya/Cpps/Dexter/install/dexter_firmware/lib/python3.12/site-packages/dexter_firmware-0.0.0-py3.12.egg-info/top_level.txt
[0.940s] -- Up-to-date symlink: /home/aditya/Cpps/Dexter/install/dexter_firmware/lib/python3.12/site-packages/dexter_firmware/__init__.py
[0.941s] -- Up-to-date symlink: /home/aditya/Cpps/Dexter/install/dexter_firmware/lib/python3.12/site-packages/dexter_firmware/simple_serial_receiver.py
[0.941s] -- Up-to-date symlink: /home/aditya/Cpps/Dexter/install/dexter_firmware/lib/python3.12/site-packages/dexter_firmware/simple_serial_transmitter.py
[0.941s] -- Up-to-date symlink: /home/aditya/Cpps/Dexter/install/dexter_firmware/bin/simple_serial_receiver
[0.941s] -- Up-to-date symlink: /home/aditya/Cpps/Dexter/install/dexter_firmware/bin/simple_serial_transmitter
[0.941s] -- Up-to-date symlink: /home/aditya/Cpps/Dexter/install/dexter_firmware/lib/dexter_firmware/simple_serial_transmitter.py
[0.941s] -- Up-to-date symlink: /home/aditya/Cpps/Dexter/install/dexter_firmware/lib/dexter_firmware/simple_serial_receiver.py
[0.941s] -- Up-to-date symlink: /home/aditya/Cpps/Dexter/install/dexter_firmware/share/ament_index/resource_index/package_run_dependencies/dexter_firmware
[0.942s] -- Up-to-date symlink: /home/aditya/Cpps/Dexter/install/dexter_firmware/share/ament_index/resource_index/parent_prefix_path/dexter_firmware
[0.942s] -- Up-to-date symlink: /home/aditya/Cpps/Dexter/install/dexter_firmware/share/dexter_firmware/environment/ament_prefix_path.sh
[0.942s] -- Up-to-date symlink: /home/aditya/Cpps/Dexter/install/dexter_firmware/share/dexter_firmware/environment/ament_prefix_path.dsv
[0.942s] -- Up-to-date symlink: /home/aditya/Cpps/Dexter/install/dexter_firmware/share/dexter_firmware/environment/path.sh
[0.943s] -- Up-to-date symlink: /home/aditya/Cpps/Dexter/install/dexter_firmware/share/dexter_firmware/environment/path.dsv
[0.943s] -- Up-to-date symlink: /home/aditya/Cpps/Dexter/install/dexter_firmware/share/dexter_firmware/local_setup.bash
[0.943s] -- Up-to-date symlink: /home/aditya/Cpps/Dexter/install/dexter_firmware/share/dexter_firmware/local_setup.sh
[0.943s] -- Up-to-date symlink: /home/aditya/Cpps/Dexter/install/dexter_firmware/share/dexter_firmware/local_setup.zsh
[0.943s] -- Up-to-date symlink: /home/aditya/Cpps/Dexter/install/dexter_firmware/share/dexter_firmware/local_setup.dsv
[0.944s] -- Symlinking: /home/aditya/Cpps/Dexter/install/dexter_firmware/share/dexter_firmware/package.dsv
[0.956s] -- Up-to-date symlink: /home/aditya/Cpps/Dexter/install/dexter_firmware/share/ament_index/resource_index/packages/dexter_firmware
[0.957s] -- Up-to-date symlink: /home/aditya/Cpps/Dexter/install/dexter_firmware/share/dexter_firmware/cmake/dexter_firmwareConfig.cmake
[0.957s] -- Up-to-date symlink: /home/aditya/Cpps/Dexter/install/dexter_firmware/share/dexter_firmware/cmake/dexter_firmwareConfig-version.cmake
[0.957s] -- Up-to-date symlink: /home/aditya/Cpps/Dexter/install/dexter_firmware/share/dexter_firmware/package.xml
[1.027s] Listing '/home/aditya/Cpps/Dexter/install/dexter_firmware/lib/python3.12/site-packages/dexter_firmware'...
[1.037s] Invoked command in '/home/aditya/Cpps/Dexter/build/dexter_firmware' returned '0': CMAKE_PREFIX_PATH=${CMAKE_PREFIX_PATH}:/home/aditya/Cpps/Dexter/install/dexter_py_examples:/home/aditya/Cpps/Dexter/install/dexter_inventory:/home/aditya/ros2_ws/install/my_py_pkg:/opt/ros/jazzy DEBUGINFOD_URLS=https://debuginfod.ubuntu.com PS1=\[\e]0;\u@\h: \w\a\]${debian_chroot:+($debian_chroot)}\[\033[01;32m\]\u@\h\[\033[00m\]:\[\033[01;34m\]\w\[\033[00m\]\$ VIRTUAL_ENV_PROMPT=(venv-ardupilot) /usr/bin/cmake --install /home/aditya/Cpps/Dexter/build/dexter_firmware
