[1.459s] Invoking command in '/home/aditya/Cpps/Dexter/dexter_inventory': AMENT_PREFIX_PATH=/home/aditya/Cpps/Dexter/install/dexter_moveit:/home/aditya/Cpps/Dexter/install/dexter_msgs:/home/aditya/Cpps/Dexter/install/dexter_description:${AMENT_PREFIX_PATH} CMAKE_PREFIX_PATH=/home/aditya/Cpps/Dexter/install/dexter_moveit:/home/aditya/Cpps/Dexter/install/dexter_msgs:/home/aditya/Cpps/Dexter/install/dexter_description:${CMAKE_PREFIX_PATH} DEBUGINFOD_URLS=https://debuginfod.ubuntu.com LD_LIBRARY_PATH=/home/aditya/Cpps/Dexter/install/dexter_msgs/lib:${LD_LIBRARY_PATH} PS1=\[\e]0;\u@\h: \w\a\]${debian_chroot:+($debian_chroot)}\[\033[01;32m\]\u@\h\[\033[00m\]:\[\033[01;34m\]\w\[\033[00m\]\$ PYTHONPATH=/home/aditya/Cpps/Dexter/build/dexter_inventory/prefix_override:/usr/lib/python3/dist-packages/colcon_core/task/python/colcon_distutils_commands:/home/aditya/Cpps/Dexter/install/dexter_inventory/lib/python3.12/site-packages:/home/aditya/Cpps/Dexter/install/dexter_msgs/lib/python3.12/site-packages:${PYTHONPATH} VIRTUAL_ENV_PROMPT=(venv-ardupilot) /usr/bin/python3 -W ignore:setup.py install is deprecated -W ignore:easy_install command is deprecated setup.py egg_info --egg-base ../build/dexter_inventory build --build-base /home/aditya/Cpps/Dexter/build/dexter_inventory/build install --record /home/aditya/Cpps/Dexter/build/dexter_inventory/install.log --single-version-externally-managed install_data
[1.910s] running egg_info
[1.929s] writing ../build/dexter_inventory/dexter_inventory.egg-info/PKG-INFO
[1.929s] writing dependency_links to ../build/dexter_inventory/dexter_inventory.egg-info/dependency_links.txt
[1.929s] writing entry points to ../build/dexter_inventory/dexter_inventory.egg-info/entry_points.txt
[1.929s] writing requirements to ../build/dexter_inventory/dexter_inventory.egg-info/requires.txt
[1.930s] writing top-level names to ../build/dexter_inventory/dexter_inventory.egg-info/top_level.txt
[1.968s] reading manifest file '../build/dexter_inventory/dexter_inventory.egg-info/SOURCES.txt'
[1.969s] writing manifest file '../build/dexter_inventory/dexter_inventory.egg-info/SOURCES.txt'
[1.969s] running build
[1.969s] running build_py
[1.969s] copying dexter_inventory/visual_servo_node.py -> /home/aditya/Cpps/Dexter/build/dexter_inventory/build/lib/dexter_inventory
[1.969s] running install
[1.976s] running install_lib
[1.999s] copying /home/aditya/Cpps/Dexter/build/dexter_inventory/build/lib/dexter_inventory/visual_servo_node.py -> /home/aditya/Cpps/Dexter/install/dexter_inventory/lib/python3.12/site-packages/dexter_inventory
[2.000s] byte-compiling /home/aditya/Cpps/Dexter/install/dexter_inventory/lib/python3.12/site-packages/dexter_inventory/visual_servo_node.py to visual_servo_node.cpython-312.pyc
[2.005s] running install_data
[2.005s] running install_egg_info
[2.027s] removing '/home/aditya/Cpps/Dexter/install/dexter_inventory/lib/python3.12/site-packages/dexter_inventory-0.1.0-py3.12.egg-info' (and everything under it)
[2.028s] Copying ../build/dexter_inventory/dexter_inventory.egg-info to /home/aditya/Cpps/Dexter/install/dexter_inventory/lib/python3.12/site-packages/dexter_inventory-0.1.0-py3.12.egg-info
[2.029s] running install_scripts
[2.177s] Installing aruco_box_detector script to /home/aditya/Cpps/Dexter/install/dexter_inventory/lib/dexter_inventory
[2.177s] Installing inventory_node script to /home/aditya/Cpps/Dexter/install/dexter_inventory/lib/dexter_inventory
[2.177s] Installing seed_data script to /home/aditya/Cpps/Dexter/install/dexter_inventory/lib/dexter_inventory
[2.177s] Installing visual_servo_node script to /home/aditya/Cpps/Dexter/install/dexter_inventory/lib/dexter_inventory
[2.177s] writing list of installed files to '/home/aditya/Cpps/Dexter/build/dexter_inventory/install.log'
[2.224s] Invoked command in '/home/aditya/Cpps/Dexter/dexter_inventory' returned '0': AMENT_PREFIX_PATH=/home/aditya/Cpps/Dexter/install/dexter_moveit:/home/aditya/Cpps/Dexter/install/dexter_msgs:/home/aditya/Cpps/Dexter/install/dexter_description:${AMENT_PREFIX_PATH} CMAKE_PREFIX_PATH=/home/aditya/Cpps/Dexter/install/dexter_moveit:/home/aditya/Cpps/Dexter/install/dexter_msgs:/home/aditya/Cpps/Dexter/install/dexter_description:${CMAKE_PREFIX_PATH} DEBUGINFOD_URLS=https://debuginfod.ubuntu.com LD_LIBRARY_PATH=/home/aditya/Cpps/Dexter/install/dexter_msgs/lib:${LD_LIBRARY_PATH} PS1=\[\e]0;\u@\h: \w\a\]${debian_chroot:+($debian_chroot)}\[\033[01;32m\]\u@\h\[\033[00m\]:\[\033[01;34m\]\w\[\033[00m\]\$ PYTHONPATH=/home/aditya/Cpps/Dexter/build/dexter_inventory/prefix_override:/usr/lib/python3/dist-packages/colcon_core/task/python/colcon_distutils_commands:/home/aditya/Cpps/Dexter/install/dexter_inventory/lib/python3.12/site-packages:/home/aditya/Cpps/Dexter/install/dexter_msgs/lib/python3.12/site-packages:${PYTHONPATH} VIRTUAL_ENV_PROMPT=(venv-ardupilot) /usr/bin/python3 -W ignore:setup.py install is deprecated -W ignore:easy_install command is deprecated setup.py egg_info --egg-base ../build/dexter_inventory build --build-base /home/aditya/Cpps/Dexter/build/dexter_inventory/build install --record /home/aditya/Cpps/Dexter/build/dexter_inventory/install.log --single-version-externally-managed install_data
