[0.047s] Invoking command in '/home/aditya/Cpps/Dexter/build/dexter_msgs': CMAKE_PREFIX_PATH=${CMAKE_PREFIX_PATH}:/home/aditya/Cpps/Dexter/install/dexter_py_examples:/home/aditya/Cpps/Dexter/install/dexter_inventory:/home/aditya/ros2_ws/install/my_py_pkg:/opt/ros/jazzy DEBUGINFOD_URLS=https://debuginfod.ubuntu.com PS1=\[\e]0;\u@\h: \w\a\]${debian_chroot:+($debian_chroot)}\[\033[01;32m\]\u@\h\[\033[00m\]:\[\033[01;34m\]\w\[\033[00m\]\$ VIRTUAL_ENV_PROMPT=(venv-ardupilot) /usr/bin/cmake --build /home/aditya/Cpps/Dexter/build/dexter_msgs -- -j28 -l28
[0.223s] [  1%] Built target dexter_msgs__rosidl_generator_type_description
[0.251s] [  1%] Built target ament_cmake_python_symlink_dexter_msgs
[0.295s] [  2%] Built target dexter_msgs__cpp
[0.316s] [ 26%] Built target dexter_msgs__rosidl_generator_c
[0.399s] [ 36%] Built target dexter_msgs__rosidl_typesupport_c
[0.399s] [ 45%] Built target dexter_msgs__rosidl_typesupport_fastrtps_c
[0.400s] [ 55%] Built target dexter_msgs__rosidl_typesupport_introspection_cpp
[0.402s] [ 64%] Built target dexter_msgs__rosidl_typesupport_introspection_c
[0.405s] [ 74%] Built target dexter_msgs__rosidl_typesupport_cpp
[0.414s] [ 84%] Built target dexter_msgs__rosidl_typesupport_fastrtps_cpp
[0.483s] [ 84%] Built target dexter_msgs
[0.550s] [ 85%] Built target dexter_msgs__py
[0.639s] [ 93%] Built target dexter_msgs__rosidl_generator_py
[0.713s] [ 95%] Built target dexter_msgs_s__rosidl_typesupport_fastrtps_c
[0.713s] [ 97%] Built target dexter_msgs_s__rosidl_typesupport_c
[0.717s] [100%] Built target dexter_msgs_s__rosidl_typesupport_introspection_c
[1.176s] running egg_info
[1.251s] writing dexter_msgs.egg-info/PKG-INFO
[1.252s] writing dependency_links to dexter_msgs.egg-info/dependency_links.txt
[1.252s] writing top-level names to dexter_msgs.egg-info/top_level.txt
[1.471s] reading manifest file 'dexter_msgs.egg-info/SOURCES.txt'
[1.474s] writing manifest file 'dexter_msgs.egg-info/SOURCES.txt'
[1.568s] [100%] Built target ament_cmake_python_build_dexter_msgs_egg
[1.607s] Invoked command in '/home/aditya/Cpps/Dexter/build/dexter_msgs' returned '0': CMAKE_PREFIX_PATH=${CMAKE_PREFIX_PATH}:/home/aditya/Cpps/Dexter/install/dexter_py_examples:/home/aditya/Cpps/Dexter/install/dexter_inventory:/home/aditya/ros2_ws/install/my_py_pkg:/opt/ros/jazzy DEBUGINFOD_URLS=https://debuginfod.ubuntu.com PS1=\[\e]0;\u@\h: \w\a\]${debian_chroot:+($debian_chroot)}\[\033[01;32m\]\u@\h\[\033[00m\]:\[\033[01;34m\]\w\[\033[00m\]\$ VIRTUAL_ENV_PROMPT=(venv-ardupilot) /usr/bin/cmake --build /home/aditya/Cpps/Dexter/build/dexter_msgs -- -j28 -l28
[1.610s] Invoking command in '/home/aditya/Cpps/Dexter/build/dexter_msgs': CMAKE_PREFIX_PATH=${CMAKE_PREFIX_PATH}:/home/aditya/Cpps/Dexter/install/dexter_py_examples:/home/aditya/Cpps/Dexter/install/dexter_inventory:/home/aditya/ros2_ws/install/my_py_pkg:/opt/ros/jazzy DEBUGINFOD_URLS=https://debuginfod.ubuntu.com PS1=\[\e]0;\u@\h: \w\a\]${debian_chroot:+($debian_chroot)}\[\033[01;32m\]\u@\h\[\033[00m\]:\[\033[01;34m\]\w\[\033[00m\]\$ VIRTUAL_ENV_PROMPT=(venv-ardupilot) /usr/bin/cmake --install /home/aditya/Cpps/Dexter/build/dexter_msgs
[1.640s] -- Install configuration: ""
[1.642s] -- Execute custom install script
[1.643s] -- Up-to-date symlink: /home/aditya/Cpps/Dexter/install/dexter_msgs/share/ament_index/resource_index/rosidl_interfaces/dexter_msgs
[1.643s] -- Up-to-date symlink: /home/aditya/Cpps/Dexter/install/dexter_msgs/share/dexter_msgs/srv/AddTwoInts.json
[1.645s] -- Up-to-date symlink: /home/aditya/Cpps/Dexter/install/dexter_msgs/share/dexter_msgs/srv/EulerToQuaternion.json
[1.645s] -- Up-to-date symlink: /home/aditya/Cpps/Dexter/install/dexter_msgs/share/dexter_msgs/srv/QuaternionToEuler.json
[1.646s] -- Up-to-date symlink: /home/aditya/Cpps/Dexter/install/dexter_msgs/share/dexter_msgs/action/Fibonacci.json
[1.647s] -- Up-to-date symlink: /home/aditya/Cpps/Dexter/install/dexter_msgs/share/dexter_msgs/action/DexterTask.json
[1.647s] -- Up-to-date symlink: /home/aditya/Cpps/Dexter/install/dexter_msgs/share/dexter_msgs/srv/DispatchItem.json
[1.648s] -- Up-to-date symlink: /home/aditya/Cpps/Dexter/install/dexter_msgs/share/dexter_msgs/srv/AddItem.json
[1.650s] -- Up-to-date symlink: /home/aditya/Cpps/Dexter/install/dexter_msgs/include/dexter_msgs/dexter_msgs/action/detail/dexter_task__functions.h
[1.650s] -- Up-to-date symlink: /home/aditya/Cpps/Dexter/install/dexter_msgs/include/dexter_msgs/dexter_msgs/action/detail/dexter_task__struct.h
[1.650s] -- Up-to-date symlink: /home/aditya/Cpps/Dexter/install/dexter_msgs/include/dexter_msgs/dexter_msgs/action/detail/dexter_task__type_support.h
[1.651s] -- Up-to-date symlink: /home/aditya/Cpps/Dexter/install/dexter_msgs/include/dexter_msgs/dexter_msgs/action/detail/fibonacci__functions.h
[1.651s] -- Up-to-date symlink: /home/aditya/Cpps/Dexter/install/dexter_msgs/include/dexter_msgs/dexter_msgs/action/detail/fibonacci__struct.h
[1.651s] -- Up-to-date symlink: /home/aditya/Cpps/Dexter/install/dexter_msgs/include/dexter_msgs/dexter_msgs/action/detail/fibonacci__type_support.h
[1.651s] -- Up-to-date symlink: /home/aditya/Cpps/Dexter/install/dexter_msgs/include/dexter_msgs/dexter_msgs/action/dexter_task.h
[1.652s] -- Up-to-date symlink: /home/aditya/Cpps/Dexter/install/dexter_msgs/include/dexter_msgs/dexter_msgs/action/fibonacci.h
[1.652s] -- Up-to-date symlink: /home/aditya/Cpps/Dexter/install/dexter_msgs/include/dexter_msgs/dexter_msgs/msg/rosidl_generator_c__visibility_control.h
[1.652s] -- Up-to-date symlink: /home/aditya/Cpps/Dexter/install/dexter_msgs/include/dexter_msgs/dexter_msgs/srv/add_item.h
[1.652s] -- Up-to-date symlink: /home/aditya/Cpps/Dexter/install/dexter_msgs/include/dexter_msgs/dexter_msgs/srv/add_two_ints.h
[1.653s] -- Up-to-date symlink: /home/aditya/Cpps/Dexter/install/dexter_msgs/include/dexter_msgs/dexter_msgs/srv/detail/add_item__functions.h
[1.653s] -- Up-to-date symlink: /home/aditya/Cpps/Dexter/install/dexter_msgs/include/dexter_msgs/dexter_msgs/srv/detail/add_item__struct.h
[1.653s] -- Up-to-date symlink: /home/aditya/Cpps/Dexter/install/dexter_msgs/include/dexter_msgs/dexter_msgs/srv/detail/add_item__type_support.h
[1.653s] -- Up-to-date symlink: /home/aditya/Cpps/Dexter/install/dexter_msgs/include/dexter_msgs/dexter_msgs/srv/detail/add_two_ints__functions.h
[1.654s] -- Up-to-date symlink: /home/aditya/Cpps/Dexter/install/dexter_msgs/include/dexter_msgs/dexter_msgs/srv/detail/add_two_ints__struct.h
[1.654s] -- Up-to-date symlink: /home/aditya/Cpps/Dexter/install/dexter_msgs/include/dexter_msgs/dexter_msgs/srv/detail/add_two_ints__type_support.h
[1.654s] -- Up-to-date symlink: /home/aditya/Cpps/Dexter/install/dexter_msgs/include/dexter_msgs/dexter_msgs/srv/detail/dispatch_item__functions.h
[1.654s] -- Up-to-date symlink: /home/aditya/Cpps/Dexter/install/dexter_msgs/include/dexter_msgs/dexter_msgs/srv/detail/dispatch_item__struct.h
[1.655s] -- Up-to-date symlink: /home/aditya/Cpps/Dexter/install/dexter_msgs/include/dexter_msgs/dexter_msgs/srv/detail/dispatch_item__type_support.h
[1.655s] -- Up-to-date symlink: /home/aditya/Cpps/Dexter/install/dexter_msgs/include/dexter_msgs/dexter_msgs/srv/detail/euler_to_quaternion__functions.h
[1.655s] -- Up-to-date symlink: /home/aditya/Cpps/Dexter/install/dexter_msgs/include/dexter_msgs/dexter_msgs/srv/detail/euler_to_quaternion__struct.h
[1.655s] -- Up-to-date symlink: /home/aditya/Cpps/Dexter/install/dexter_msgs/include/dexter_msgs/dexter_msgs/srv/detail/euler_to_quaternion__type_support.h
[1.655s] -- Up-to-date symlink: /home/aditya/Cpps/Dexter/install/dexter_msgs/include/dexter_msgs/dexter_msgs/srv/detail/quaternion_to_euler__functions.h
[1.656s] -- Up-to-date symlink: /home/aditya/Cpps/Dexter/install/dexter_msgs/include/dexter_msgs/dexter_msgs/srv/detail/quaternion_to_euler__struct.h
[1.656s] -- Up-to-date symlink: /home/aditya/Cpps/Dexter/install/dexter_msgs/include/dexter_msgs/dexter_msgs/srv/detail/quaternion_to_euler__type_support.h
[1.656s] -- Up-to-date symlink: /home/aditya/Cpps/Dexter/install/dexter_msgs/include/dexter_msgs/dexter_msgs/srv/dispatch_item.h
[1.656s] -- Up-to-date symlink: /home/aditya/Cpps/Dexter/install/dexter_msgs/include/dexter_msgs/dexter_msgs/srv/euler_to_quaternion.h
[1.657s] -- Up-to-date symlink: /home/aditya/Cpps/Dexter/install/dexter_msgs/include/dexter_msgs/dexter_msgs/srv/quaternion_to_euler.h
[1.657s] -- Up-to-date symlink: /home/aditya/Cpps/Dexter/install/dexter_msgs/share/dexter_msgs/environment/library_path.sh
[1.657s] -- Up-to-date symlink: /home/aditya/Cpps/Dexter/install/dexter_msgs/share/dexter_msgs/environment/library_path.dsv
[1.658s] -- Up-to-date symlink: /home/aditya/Cpps/Dexter/install/dexter_msgs/include/dexter_msgs/dexter_msgs/action/detail/dexter_task__rosidl_typesupport_fastrtps_c.h
[1.659s] -- Up-to-date symlink: /home/aditya/Cpps/Dexter/install/dexter_msgs/include/dexter_msgs/dexter_msgs/action/detail/fibonacci__rosidl_typesupport_fastrtps_c.h
[1.659s] -- Up-to-date symlink: /home/aditya/Cpps/Dexter/install/dexter_msgs/include/dexter_msgs/dexter_msgs/msg/rosidl_typesupport_fastrtps_c__visibility_control.h
[1.659s] -- Up-to-date symlink: /home/aditya/Cpps/Dexter/install/dexter_msgs/include/dexter_msgs/dexter_msgs/srv/detail/add_item__rosidl_typesupport_fastrtps_c.h
[1.659s] -- Up-to-date symlink: /home/aditya/Cpps/Dexter/install/dexter_msgs/include/dexter_msgs/dexter_msgs/srv/detail/add_two_ints__rosidl_typesupport_fastrtps_c.h
[1.659s] -- Up-to-date symlink: /home/aditya/Cpps/Dexter/install/dexter_msgs/include/dexter_msgs/dexter_msgs/srv/detail/dispatch_item__rosidl_typesupport_fastrtps_c.h
[1.660s] -- Up-to-date symlink: /home/aditya/Cpps/Dexter/install/dexter_msgs/include/dexter_msgs/dexter_msgs/srv/detail/euler_to_quaternion__rosidl_typesupport_fastrtps_c.h
[1.660s] -- Up-to-date symlink: /home/aditya/Cpps/Dexter/install/dexter_msgs/include/dexter_msgs/dexter_msgs/srv/detail/quaternion_to_euler__rosidl_typesupport_fastrtps_c.h
[1.662s] -- Up-to-date symlink: /home/aditya/Cpps/Dexter/install/dexter_msgs/include/dexter_msgs/dexter_msgs/action/detail/dexter_task__builder.hpp
[1.663s] -- Up-to-date symlink: /home/aditya/Cpps/Dexter/install/dexter_msgs/include/dexter_msgs/dexter_msgs/action/detail/dexter_task__struct.hpp
[1.663s] -- Up-to-date symlink: /home/aditya/Cpps/Dexter/install/dexter_msgs/include/dexter_msgs/dexter_msgs/action/detail/dexter_task__traits.hpp
[1.663s] -- Up-to-date symlink: /home/aditya/Cpps/Dexter/install/dexter_msgs/include/dexter_msgs/dexter_msgs/action/detail/dexter_task__type_support.hpp
[1.664s] -- Up-to-date symlink: /home/aditya/Cpps/Dexter/install/dexter_msgs/include/dexter_msgs/dexter_msgs/action/detail/fibonacci__builder.hpp
[1.664s] -- Up-to-date symlink: /home/aditya/Cpps/Dexter/install/dexter_msgs/include/dexter_msgs/dexter_msgs/action/detail/fibonacci__struct.hpp
[1.664s] -- Up-to-date symlink: /home/aditya/Cpps/Dexter/install/dexter_msgs/include/dexter_msgs/dexter_msgs/action/detail/fibonacci__traits.hpp
[1.665s] -- Up-to-date symlink: /home/aditya/Cpps/Dexter/install/dexter_msgs/include/dexter_msgs/dexter_msgs/action/detail/fibonacci__type_support.hpp
[1.665s] -- Up-to-date symlink: /home/aditya/Cpps/Dexter/install/dexter_msgs/include/dexter_msgs/dexter_msgs/action/dexter_task.hpp
[1.665s] -- Up-to-date symlink: /home/aditya/Cpps/Dexter/install/dexter_msgs/include/dexter_msgs/dexter_msgs/action/fibonacci.hpp
[1.666s] -- Up-to-date symlink: /home/aditya/Cpps/Dexter/install/dexter_msgs/include/dexter_msgs/dexter_msgs/msg/rosidl_generator_cpp__visibility_control.hpp
[1.666s] -- Up-to-date symlink: /home/aditya/Cpps/Dexter/install/dexter_msgs/include/dexter_msgs/dexter_msgs/srv/add_item.hpp
[1.666s] -- Up-to-date symlink: /home/aditya/Cpps/Dexter/install/dexter_msgs/include/dexter_msgs/dexter_msgs/srv/add_two_ints.hpp
[1.666s] -- Up-to-date symlink: /home/aditya/Cpps/Dexter/install/dexter_msgs/include/dexter_msgs/dexter_msgs/srv/detail/add_item__builder.hpp
[1.667s] -- Up-to-date symlink: /home/aditya/Cpps/Dexter/install/dexter_msgs/include/dexter_msgs/dexter_msgs/srv/detail/add_item__struct.hpp
[1.667s] -- Up-to-date symlink: /home/aditya/Cpps/Dexter/install/dexter_msgs/include/dexter_msgs/dexter_msgs/srv/detail/add_item__traits.hpp
[1.668s] -- Up-to-date symlink: /home/aditya/Cpps/Dexter/install/dexter_msgs/include/dexter_msgs/dexter_msgs/srv/detail/add_item__type_support.hpp
[1.668s] -- Up-to-date symlink: /home/aditya/Cpps/Dexter/install/dexter_msgs/include/dexter_msgs/dexter_msgs/srv/detail/add_two_ints__builder.hpp
[1.669s] -- Up-to-date symlink: /home/aditya/Cpps/Dexter/install/dexter_msgs/include/dexter_msgs/dexter_msgs/srv/detail/add_two_ints__struct.hpp
[1.669s] -- Up-to-date symlink: /home/aditya/Cpps/Dexter/install/dexter_msgs/include/dexter_msgs/dexter_msgs/srv/detail/add_two_ints__traits.hpp
[1.669s] -- Up-to-date symlink: /home/aditya/Cpps/Dexter/install/dexter_msgs/include/dexter_msgs/dexter_msgs/srv/detail/add_two_ints__type_support.hpp
[1.669s] -- Up-to-date symlink: /home/aditya/Cpps/Dexter/install/dexter_msgs/include/dexter_msgs/dexter_msgs/srv/detail/dispatch_item__builder.hpp
[1.670s] -- Up-to-date symlink: /home/aditya/Cpps/Dexter/install/dexter_msgs/include/dexter_msgs/dexter_msgs/srv/detail/dispatch_item__struct.hpp
[1.670s] -- Up-to-date symlink: /home/aditya/Cpps/Dexter/install/dexter_msgs/include/dexter_msgs/dexter_msgs/srv/detail/dispatch_item__traits.hpp
[1.670s] -- Up-to-date symlink: /home/aditya/Cpps/Dexter/install/dexter_msgs/include/dexter_msgs/dexter_msgs/srv/detail/dispatch_item__type_support.hpp
[1.671s] -- Up-to-date symlink: /home/aditya/Cpps/Dexter/install/dexter_msgs/include/dexter_msgs/dexter_msgs/srv/detail/euler_to_quaternion__builder.hpp
[1.671s] -- Up-to-date symlink: /home/aditya/Cpps/Dexter/install/dexter_msgs/include/dexter_msgs/dexter_msgs/srv/detail/euler_to_quaternion__struct.hpp
[1.671s] -- Up-to-date symlink: /home/aditya/Cpps/Dexter/install/dexter_msgs/include/dexter_msgs/dexter_msgs/srv/detail/euler_to_quaternion__traits.hpp
[1.672s] -- Up-to-date symlink: /home/aditya/Cpps/Dexter/install/dexter_msgs/include/dexter_msgs/dexter_msgs/srv/detail/euler_to_quaternion__type_support.hpp
[1.672s] -- Up-to-date symlink: /home/aditya/Cpps/Dexter/install/dexter_msgs/include/dexter_msgs/dexter_msgs/srv/detail/quaternion_to_euler__builder.hpp
[1.672s] -- Up-to-date symlink: /home/aditya/Cpps/Dexter/install/dexter_msgs/include/dexter_msgs/dexter_msgs/srv/detail/quaternion_to_euler__struct.hpp
[1.672s] -- Up-to-date symlink: /home/aditya/Cpps/Dexter/install/dexter_msgs/include/dexter_msgs/dexter_msgs/srv/detail/quaternion_to_euler__traits.hpp
[1.673s] -- Up-to-date symlink: /home/aditya/Cpps/Dexter/install/dexter_msgs/include/dexter_msgs/dexter_msgs/srv/detail/quaternion_to_euler__type_support.hpp
[1.673s] -- Up-to-date symlink: /home/aditya/Cpps/Dexter/install/dexter_msgs/include/dexter_msgs/dexter_msgs/srv/dispatch_item.hpp
[1.673s] -- Up-to-date symlink: /home/aditya/Cpps/Dexter/install/dexter_msgs/include/dexter_msgs/dexter_msgs/srv/euler_to_quaternion.hpp
[1.673s] -- Up-to-date symlink: /home/aditya/Cpps/Dexter/install/dexter_msgs/include/dexter_msgs/dexter_msgs/srv/quaternion_to_euler.hpp
[1.676s] -- Up-to-date symlink: /home/aditya/Cpps/Dexter/install/dexter_msgs/include/dexter_msgs/dexter_msgs/action/detail/dexter_task__rosidl_typesupport_fastrtps_cpp.hpp
[1.676s] -- Up-to-date symlink: /home/aditya/Cpps/Dexter/install/dexter_msgs/include/dexter_msgs/dexter_msgs/action/detail/fibonacci__rosidl_typesupport_fastrtps_cpp.hpp
[1.677s] -- Up-to-date symlink: /home/aditya/Cpps/Dexter/install/dexter_msgs/include/dexter_msgs/dexter_msgs/msg/rosidl_typesupport_fastrtps_cpp__visibility_control.h
[1.677s] -- Up-to-date symlink: /home/aditya/Cpps/Dexter/install/dexter_msgs/include/dexter_msgs/dexter_msgs/srv/detail/add_item__rosidl_typesupport_fastrtps_cpp.hpp
[1.677s] -- Up-to-date symlink: /home/aditya/Cpps/Dexter/install/dexter_msgs/include/dexter_msgs/dexter_msgs/srv/detail/add_two_ints__rosidl_typesupport_fastrtps_cpp.hpp
[1.678s] -- Up-to-date symlink: /home/aditya/Cpps/Dexter/install/dexter_msgs/include/dexter_msgs/dexter_msgs/srv/detail/dispatch_item__rosidl_typesupport_fastrtps_cpp.hpp
[1.679s] -- Up-to-date symlink: /home/aditya/Cpps/Dexter/install/dexter_msgs/include/dexter_msgs/dexter_msgs/srv/detail/euler_to_quaternion__rosidl_typesupport_fastrtps_cpp.hpp
[1.679s] -- Up-to-date symlink: /home/aditya/Cpps/Dexter/install/dexter_msgs/include/dexter_msgs/dexter_msgs/srv/detail/quaternion_to_euler__rosidl_typesupport_fastrtps_cpp.hpp
[1.680s] -- Up-to-date symlink: /home/aditya/Cpps/Dexter/install/dexter_msgs/include/dexter_msgs/dexter_msgs/action/detail/dexter_task__rosidl_typesupport_introspection_c.h
[1.681s] -- Up-to-date symlink: /home/aditya/Cpps/Dexter/install/dexter_msgs/include/dexter_msgs/dexter_msgs/action/detail/fibonacci__rosidl_typesupport_introspection_c.h
[1.681s] -- Up-to-date symlink: /home/aditya/Cpps/Dexter/install/dexter_msgs/include/dexter_msgs/dexter_msgs/msg/rosidl_typesupport_introspection_c__visibility_control.h
[1.682s] -- Up-to-date symlink: /home/aditya/Cpps/Dexter/install/dexter_msgs/include/dexter_msgs/dexter_msgs/srv/detail/add_item__rosidl_typesupport_introspection_c.h
[1.682s] -- Up-to-date symlink: /home/aditya/Cpps/Dexter/install/dexter_msgs/include/dexter_msgs/dexter_msgs/srv/detail/add_two_ints__rosidl_typesupport_introspection_c.h
[1.683s] -- Up-to-date symlink: /home/aditya/Cpps/Dexter/install/dexter_msgs/include/dexter_msgs/dexter_msgs/srv/detail/dispatch_item__rosidl_typesupport_introspection_c.h
[1.683s] -- Up-to-date symlink: /home/aditya/Cpps/Dexter/install/dexter_msgs/include/dexter_msgs/dexter_msgs/srv/detail/euler_to_quaternion__rosidl_typesupport_introspection_c.h
[1.683s] -- Up-to-date symlink: /home/aditya/Cpps/Dexter/install/dexter_msgs/include/dexter_msgs/dexter_msgs/srv/detail/quaternion_to_euler__rosidl_typesupport_introspection_c.h
[1.684s] -- Up-to-date symlink: /home/aditya/Cpps/Dexter/install/dexter_msgs/include/dexter_msgs/dexter_msgs/action/detail/dexter_task__rosidl_typesupport_introspection_cpp.hpp
[1.685s] -- Up-to-date symlink: /home/aditya/Cpps/Dexter/install/dexter_msgs/include/dexter_msgs/dexter_msgs/action/detail/fibonacci__rosidl_typesupport_introspection_cpp.hpp
[1.685s] -- Up-to-date symlink: /home/aditya/Cpps/Dexter/install/dexter_msgs/include/dexter_msgs/dexter_msgs/srv/detail/add_item__rosidl_typesupport_introspection_cpp.hpp
[1.685s] -- Up-to-date symlink: /home/aditya/Cpps/Dexter/install/dexter_msgs/include/dexter_msgs/dexter_msgs/srv/detail/add_two_ints__rosidl_typesupport_introspection_cpp.hpp
[1.686s] -- Up-to-date symlink: /home/aditya/Cpps/Dexter/install/dexter_msgs/include/dexter_msgs/dexter_msgs/srv/detail/dispatch_item__rosidl_typesupport_introspection_cpp.hpp
[1.686s] -- Up-to-date symlink: /home/aditya/Cpps/Dexter/install/dexter_msgs/include/dexter_msgs/dexter_msgs/srv/detail/euler_to_quaternion__rosidl_typesupport_introspection_cpp.hpp
[1.687s] -- Up-to-date symlink: /home/aditya/Cpps/Dexter/install/dexter_msgs/include/dexter_msgs/dexter_msgs/srv/detail/quaternion_to_euler__rosidl_typesupport_introspection_cpp.hpp
[1.687s] -- Up-to-date symlink: /home/aditya/Cpps/Dexter/install/dexter_msgs/share/dexter_msgs/environment/pythonpath.sh
[1.688s] -- Up-to-date symlink: /home/aditya/Cpps/Dexter/install/dexter_msgs/share/dexter_msgs/environment/pythonpath.dsv
[1.689s] -- Up-to-date symlink: /home/aditya/Cpps/Dexter/install/dexter_msgs/lib/python3.12/site-packages/dexter_msgs-0.0.0-py3.12.egg-info/PKG-INFO
[1.690s] -- Up-to-date symlink: /home/aditya/Cpps/Dexter/install/dexter_msgs/lib/python3.12/site-packages/dexter_msgs-0.0.0-py3.12.egg-info/SOURCES.txt
[1.690s] -- Up-to-date symlink: /home/aditya/Cpps/Dexter/install/dexter_msgs/lib/python3.12/site-packages/dexter_msgs-0.0.0-py3.12.egg-info/dependency_links.txt
[1.690s] -- Up-to-date symlink: /home/aditya/Cpps/Dexter/install/dexter_msgs/lib/python3.12/site-packages/dexter_msgs-0.0.0-py3.12.egg-info/top_level.txt
[1.693s] -- Up-to-date symlink: /home/aditya/Cpps/Dexter/install/dexter_msgs/lib/python3.12/site-packages/dexter_msgs/__init__.py
[1.693s] -- Up-to-date symlink: /home/aditya/Cpps/Dexter/install/dexter_msgs/lib/python3.12/site-packages/dexter_msgs/_dexter_msgs_s.ep.rosidl_typesupport_c.c
[1.694s] -- Up-to-date symlink: /home/aditya/Cpps/Dexter/install/dexter_msgs/lib/python3.12/site-packages/dexter_msgs/_dexter_msgs_s.ep.rosidl_typesupport_fastrtps_c.c
[1.695s] -- Up-to-date symlink: /home/aditya/Cpps/Dexter/install/dexter_msgs/lib/python3.12/site-packages/dexter_msgs/_dexter_msgs_s.ep.rosidl_typesupport_introspection_c.c
[1.695s] -- Up-to-date symlink: /home/aditya/Cpps/Dexter/install/dexter_msgs/lib/python3.12/site-packages/dexter_msgs/action/__init__.py
[1.695s] -- Up-to-date symlink: /home/aditya/Cpps/Dexter/install/dexter_msgs/lib/python3.12/site-packages/dexter_msgs/action/_dexter_task.py
[1.696s] -- Up-to-date symlink: /home/aditya/Cpps/Dexter/install/dexter_msgs/lib/python3.12/site-packages/dexter_msgs/action/_dexter_task_s.c
[1.696s] -- Up-to-date symlink: /home/aditya/Cpps/Dexter/install/dexter_msgs/lib/python3.12/site-packages/dexter_msgs/action/_fibonacci.py
[1.696s] -- Up-to-date symlink: /home/aditya/Cpps/Dexter/install/dexter_msgs/lib/python3.12/site-packages/dexter_msgs/action/_fibonacci_s.c
[1.697s] -- Up-to-date symlink: /home/aditya/Cpps/Dexter/install/dexter_msgs/lib/python3.12/site-packages/dexter_msgs/dexter_msgs_s__rosidl_typesupport_c.so
[1.697s] -- Up-to-date symlink: /home/aditya/Cpps/Dexter/install/dexter_msgs/lib/python3.12/site-packages/dexter_msgs/dexter_msgs_s__rosidl_typesupport_fastrtps_c.so
[1.697s] -- Up-to-date symlink: /home/aditya/Cpps/Dexter/install/dexter_msgs/lib/python3.12/site-packages/dexter_msgs/dexter_msgs_s__rosidl_typesupport_introspection_c.so
[1.698s] -- Up-to-date symlink: /home/aditya/Cpps/Dexter/install/dexter_msgs/lib/python3.12/site-packages/dexter_msgs/srv/__init__.py
[1.698s] -- Up-to-date symlink: /home/aditya/Cpps/Dexter/install/dexter_msgs/lib/python3.12/site-packages/dexter_msgs/srv/_add_item.py
[1.698s] -- Up-to-date symlink: /home/aditya/Cpps/Dexter/install/dexter_msgs/lib/python3.12/site-packages/dexter_msgs/srv/_add_item_s.c
[1.698s] -- Up-to-date symlink: /home/aditya/Cpps/Dexter/install/dexter_msgs/lib/python3.12/site-packages/dexter_msgs/srv/_add_two_ints.py
[1.698s] -- Up-to-date symlink: /home/aditya/Cpps/Dexter/install/dexter_msgs/lib/python3.12/site-packages/dexter_msgs/srv/_add_two_ints_s.c
[1.698s] -- Up-to-date symlink: /home/aditya/Cpps/Dexter/install/dexter_msgs/lib/python3.12/site-packages/dexter_msgs/srv/_dispatch_item.py
[1.699s] -- Up-to-date symlink: /home/aditya/Cpps/Dexter/install/dexter_msgs/lib/python3.12/site-packages/dexter_msgs/srv/_dispatch_item_s.c
[1.699s] -- Up-to-date symlink: /home/aditya/Cpps/Dexter/install/dexter_msgs/lib/python3.12/site-packages/dexter_msgs/srv/_euler_to_quaternion.py
[1.699s] -- Up-to-date symlink: /home/aditya/Cpps/Dexter/install/dexter_msgs/lib/python3.12/site-packages/dexter_msgs/srv/_euler_to_quaternion_s.c
[1.699s] -- Up-to-date symlink: /home/aditya/Cpps/Dexter/install/dexter_msgs/lib/python3.12/site-packages/dexter_msgs/srv/_quaternion_to_euler.py
[1.699s] -- Up-to-date symlink: /home/aditya/Cpps/Dexter/install/dexter_msgs/lib/python3.12/site-packages/dexter_msgs/srv/_quaternion_to_euler_s.c
[1.699s] -- Up-to-date symlink: /home/aditya/Cpps/Dexter/install/dexter_msgs/lib/python3.12/site-packages/dexter_msgs/dexter_msgs_s__rosidl_typesupport_fastrtps_c.so
[1.700s] -- Up-to-date symlink: /home/aditya/Cpps/Dexter/install/dexter_msgs/lib/python3.12/site-packages/dexter_msgs/dexter_msgs_s__rosidl_typesupport_introspection_c.so
[1.700s] -- Up-to-date symlink: /home/aditya/Cpps/Dexter/install/dexter_msgs/lib/python3.12/site-packages/dexter_msgs/dexter_msgs_s__rosidl_typesupport_c.so
[1.700s] -- Up-to-date symlink: /home/aditya/Cpps/Dexter/install/dexter_msgs/share/dexter_msgs/srv/AddTwoInts.idl
[1.701s] -- Up-to-date symlink: /home/aditya/Cpps/Dexter/install/dexter_msgs/share/dexter_msgs/srv/EulerToQuaternion.idl
[1.701s] -- Up-to-date symlink: /home/aditya/Cpps/Dexter/install/dexter_msgs/share/dexter_msgs/srv/QuaternionToEuler.idl
[1.702s] -- Up-to-date symlink: /home/aditya/Cpps/Dexter/install/dexter_msgs/share/dexter_msgs/action/Fibonacci.idl
[1.702s] -- Up-to-date symlink: /home/aditya/Cpps/Dexter/install/dexter_msgs/share/dexter_msgs/action/DexterTask.idl
[1.702s] -- Up-to-date symlink: /home/aditya/Cpps/Dexter/install/dexter_msgs/share/dexter_msgs/srv/DispatchItem.idl
[1.703s] -- Up-to-date symlink: /home/aditya/Cpps/Dexter/install/dexter_msgs/share/dexter_msgs/srv/AddItem.idl
[1.703s] -- Up-to-date symlink: /home/aditya/Cpps/Dexter/install/dexter_msgs/share/dexter_msgs/srv/AddTwoInts.srv
[1.703s] -- Up-to-date symlink: /home/aditya/Cpps/Dexter/install/dexter_msgs/share/dexter_msgs/srv/EulerToQuaternion.srv
[1.704s] -- Up-to-date symlink: /home/aditya/Cpps/Dexter/install/dexter_msgs/share/dexter_msgs/srv/QuaternionToEuler.srv
[1.704s] -- Up-to-date symlink: /home/aditya/Cpps/Dexter/install/dexter_msgs/share/dexter_msgs/action/Fibonacci.action
[1.704s] -- Up-to-date symlink: /home/aditya/Cpps/Dexter/install/dexter_msgs/share/dexter_msgs/action/DexterTask.action
[1.704s] -- Up-to-date symlink: /home/aditya/Cpps/Dexter/install/dexter_msgs/share/dexter_msgs/srv/DispatchItem.srv
[1.705s] -- Up-to-date symlink: /home/aditya/Cpps/Dexter/install/dexter_msgs/share/dexter_msgs/srv/AddItem.srv
[1.705s] -- Up-to-date symlink: /home/aditya/Cpps/Dexter/install/dexter_msgs/share/ament_index/resource_index/package_run_dependencies/dexter_msgs
[1.705s] -- Up-to-date symlink: /home/aditya/Cpps/Dexter/install/dexter_msgs/share/ament_index/resource_index/parent_prefix_path/dexter_msgs
[1.706s] -- Up-to-date symlink: /home/aditya/Cpps/Dexter/install/dexter_msgs/share/dexter_msgs/environment/ament_prefix_path.sh
[1.707s] -- Up-to-date symlink: /home/aditya/Cpps/Dexter/install/dexter_msgs/share/dexter_msgs/environment/ament_prefix_path.dsv
[1.707s] -- Up-to-date symlink: /home/aditya/Cpps/Dexter/install/dexter_msgs/share/dexter_msgs/environment/path.sh
[1.707s] -- Up-to-date symlink: /home/aditya/Cpps/Dexter/install/dexter_msgs/share/dexter_msgs/environment/path.dsv
[1.708s] -- Up-to-date symlink: /home/aditya/Cpps/Dexter/install/dexter_msgs/share/dexter_msgs/local_setup.bash
[1.708s] -- Up-to-date symlink: /home/aditya/Cpps/Dexter/install/dexter_msgs/share/dexter_msgs/local_setup.sh
[1.708s] -- Up-to-date symlink: /home/aditya/Cpps/Dexter/install/dexter_msgs/share/dexter_msgs/local_setup.zsh
[1.709s] -- Up-to-date symlink: /home/aditya/Cpps/Dexter/install/dexter_msgs/share/dexter_msgs/local_setup.dsv
[1.709s] -- Symlinking: /home/aditya/Cpps/Dexter/install/dexter_msgs/share/dexter_msgs/package.dsv
[1.736s] -- Up-to-date symlink: /home/aditya/Cpps/Dexter/install/dexter_msgs/share/ament_index/resource_index/packages/dexter_msgs
[1.737s] -- Up-to-date symlink: /home/aditya/Cpps/Dexter/install/dexter_msgs/share/dexter_msgs/cmake/rosidl_cmake-extras.cmake
[1.737s] -- Up-to-date symlink: /home/aditya/Cpps/Dexter/install/dexter_msgs/share/dexter_msgs/cmake/ament_cmake_export_dependencies-extras.cmake
[1.737s] -- Up-to-date symlink: /home/aditya/Cpps/Dexter/install/dexter_msgs/share/dexter_msgs/cmake/ament_cmake_export_include_directories-extras.cmake
[1.737s] -- Up-to-date symlink: /home/aditya/Cpps/Dexter/install/dexter_msgs/share/dexter_msgs/cmake/ament_cmake_export_libraries-extras.cmake
[1.738s] -- Up-to-date symlink: /home/aditya/Cpps/Dexter/install/dexter_msgs/share/dexter_msgs/cmake/ament_cmake_export_targets-extras.cmake
[1.739s] -- Up-to-date symlink: /home/aditya/Cpps/Dexter/install/dexter_msgs/share/dexter_msgs/cmake/rosidl_cmake_export_typesupport_targets-extras.cmake
[1.739s] -- Up-to-date symlink: /home/aditya/Cpps/Dexter/install/dexter_msgs/share/dexter_msgs/cmake/rosidl_cmake_export_typesupport_libraries-extras.cmake
[1.740s] -- Up-to-date symlink: /home/aditya/Cpps/Dexter/install/dexter_msgs/share/dexter_msgs/cmake/dexter_msgsConfig.cmake
[1.740s] -- Up-to-date symlink: /home/aditya/Cpps/Dexter/install/dexter_msgs/share/dexter_msgs/cmake/dexter_msgsConfig-version.cmake
[1.741s] -- Up-to-date symlink: /home/aditya/Cpps/Dexter/install/dexter_msgs/share/dexter_msgs/package.xml
[1.741s] -- Up-to-date: /home/aditya/Cpps/Dexter/install/dexter_msgs/lib/libdexter_msgs__rosidl_generator_c.so
[1.743s] -- Up-to-date: /home/aditya/Cpps/Dexter/install/dexter_msgs/lib/libdexter_msgs__rosidl_typesupport_fastrtps_c.so
[1.743s] -- Up-to-date: /home/aditya/Cpps/Dexter/install/dexter_msgs/lib/libdexter_msgs__rosidl_typesupport_fastrtps_cpp.so
[1.745s] -- Up-to-date: /home/aditya/Cpps/Dexter/install/dexter_msgs/lib/libdexter_msgs__rosidl_typesupport_introspection_c.so
[1.745s] -- Up-to-date: /home/aditya/Cpps/Dexter/install/dexter_msgs/lib/libdexter_msgs__rosidl_typesupport_c.so
[1.746s] -- Up-to-date: /home/aditya/Cpps/Dexter/install/dexter_msgs/lib/libdexter_msgs__rosidl_typesupport_introspection_cpp.so
[1.747s] -- Up-to-date: /home/aditya/Cpps/Dexter/install/dexter_msgs/lib/libdexter_msgs__rosidl_typesupport_cpp.so
[1.882s] Listing '/home/aditya/Cpps/Dexter/install/dexter_msgs/lib/python3.12/site-packages/dexter_msgs'...
[1.882s] Listing '/home/aditya/Cpps/Dexter/install/dexter_msgs/lib/python3.12/site-packages/dexter_msgs/action'...
[1.882s] Listing '/home/aditya/Cpps/Dexter/install/dexter_msgs/lib/python3.12/site-packages/dexter_msgs/srv'...
[1.902s] -- Up-to-date: /home/aditya/Cpps/Dexter/install/dexter_msgs/lib/libdexter_msgs__rosidl_generator_py.so
[1.903s] -- Up-to-date: /home/aditya/Cpps/Dexter/install/dexter_msgs/share/dexter_msgs/cmake/export_dexter_msgs__rosidl_generator_cExport.cmake
[1.903s] -- Up-to-date: /home/aditya/Cpps/Dexter/install/dexter_msgs/share/dexter_msgs/cmake/export_dexter_msgs__rosidl_generator_cExport-noconfig.cmake
[1.904s] -- Up-to-date: /home/aditya/Cpps/Dexter/install/dexter_msgs/share/dexter_msgs/cmake/export_dexter_msgs__rosidl_typesupport_fastrtps_cExport.cmake
[1.904s] -- Up-to-date: /home/aditya/Cpps/Dexter/install/dexter_msgs/share/dexter_msgs/cmake/export_dexter_msgs__rosidl_typesupport_fastrtps_cExport-noconfig.cmake
[1.905s] -- Up-to-date: /home/aditya/Cpps/Dexter/install/dexter_msgs/share/dexter_msgs/cmake/export_dexter_msgs__rosidl_generator_cppExport.cmake
[1.905s] -- Up-to-date: /home/aditya/Cpps/Dexter/install/dexter_msgs/share/dexter_msgs/cmake/export_dexter_msgs__rosidl_typesupport_fastrtps_cppExport.cmake
[1.905s] -- Up-to-date: /home/aditya/Cpps/Dexter/install/dexter_msgs/share/dexter_msgs/cmake/export_dexter_msgs__rosidl_typesupport_fastrtps_cppExport-noconfig.cmake
[1.905s] -- Up-to-date: /home/aditya/Cpps/Dexter/install/dexter_msgs/share/dexter_msgs/cmake/dexter_msgs__rosidl_typesupport_introspection_cExport.cmake
[1.906s] -- Up-to-date: /home/aditya/Cpps/Dexter/install/dexter_msgs/share/dexter_msgs/cmake/dexter_msgs__rosidl_typesupport_introspection_cExport-noconfig.cmake
[1.906s] -- Up-to-date: /home/aditya/Cpps/Dexter/install/dexter_msgs/share/dexter_msgs/cmake/dexter_msgs__rosidl_typesupport_cExport.cmake
[1.906s] -- Up-to-date: /home/aditya/Cpps/Dexter/install/dexter_msgs/share/dexter_msgs/cmake/dexter_msgs__rosidl_typesupport_cExport-noconfig.cmake
[1.907s] -- Up-to-date: /home/aditya/Cpps/Dexter/install/dexter_msgs/share/dexter_msgs/cmake/dexter_msgs__rosidl_typesupport_introspection_cppExport.cmake
[1.907s] -- Up-to-date: /home/aditya/Cpps/Dexter/install/dexter_msgs/share/dexter_msgs/cmake/dexter_msgs__rosidl_typesupport_introspection_cppExport-noconfig.cmake
[1.908s] -- Up-to-date: /home/aditya/Cpps/Dexter/install/dexter_msgs/share/dexter_msgs/cmake/dexter_msgs__rosidl_typesupport_cppExport.cmake
[1.908s] -- Up-to-date: /home/aditya/Cpps/Dexter/install/dexter_msgs/share/dexter_msgs/cmake/dexter_msgs__rosidl_typesupport_cppExport-noconfig.cmake
[1.908s] -- Up-to-date: /home/aditya/Cpps/Dexter/install/dexter_msgs/share/dexter_msgs/cmake/export_dexter_msgs__rosidl_generator_pyExport.cmake
[1.908s] -- Up-to-date: /home/aditya/Cpps/Dexter/install/dexter_msgs/share/dexter_msgs/cmake/export_dexter_msgs__rosidl_generator_pyExport-noconfig.cmake
[1.916s] Invoked command in '/home/aditya/Cpps/Dexter/build/dexter_msgs' returned '0': CMAKE_PREFIX_PATH=${CMAKE_PREFIX_PATH}:/home/aditya/Cpps/Dexter/install/dexter_py_examples:/home/aditya/Cpps/Dexter/install/dexter_inventory:/home/aditya/ros2_ws/install/my_py_pkg:/opt/ros/jazzy DEBUGINFOD_URLS=https://debuginfod.ubuntu.com PS1=\[\e]0;\u@\h: \w\a\]${debian_chroot:+($debian_chroot)}\[\033[01;32m\]\u@\h\[\033[00m\]:\[\033[01;34m\]\w\[\033[00m\]\$ VIRTUAL_ENV_PROMPT=(venv-ardupilot) /usr/bin/cmake --install /home/aditya/Cpps/Dexter/build/dexter_msgs
