[0.028s] Invoking command in '/home/aditya/Cpps/Dexter/build/dexter_controller': CMAKE_PREFIX_PATH=/home/aditya/Cpps/Dexter/install/dexter_description:/home/aditya/Cpps/Dexter/install/dexter_utils:/home/aditya/Cpps/Dexter/install/dexter_bringup:/home/aditya/Cpps/Dexter/install/dexter_remote:/home/aditya/Cpps/Dexter/install/dexter_cpp_examples:/home/aditya/Cpps/Dexter/install/dexter_msgs:/home/aditya/Cpps/Dexter/install/dexter_moveit:/home/aditya/Cpps/Dexter/install/dexter_firmware:/home/aditya/Cpps/Dexter/install/dexter_controller:/home/aditya/ros2_ws/install/my_robot_bringup:/home/aditya/ros2_ws/install/my_cpp_pkg:/home/aditya/ros2_ws/install/my_robot_interfaces:/opt/ros/jazzy/opt/gz_sim_vendor:/opt/ros/jazzy/opt/gz_sensors_vendor:/opt/ros/jazzy/opt/gz_physics_vendor:/opt/ros/jazzy/opt/sdformat_vendor:/opt/ros/jazzy/opt/gz_gui_vendor:/opt/ros/jazzy/opt/gz_transport_vendor:/opt/ros/jazzy/opt/gz_rendering_vendor:/opt/ros/jazzy/opt/gz_plugin_vendor:/opt/ros/jazzy/opt/gz_fuel_tools_vendor:/opt/ros/jazzy/opt/gz_msgs_vendor:/opt/ros/jazzy/opt/gz_common_vendor:/opt/ros/jazzy/opt/gz_math_vendor:/opt/ros/jazzy/opt/gz_utils_vendor:/opt/ros/jazzy/opt/gz_tools_vendor:/opt/ros/jazzy/opt/gz_ogre_next_vendor:/opt/ros/jazzy/opt/gz_dartsim_vendor:/opt/ros/jazzy/opt/gz_cmake_vendor:/home/aditya/Cpps/Dexter/install/dexter_py_examples:/home/aditya/Cpps/Dexter/install/dexter_inventory:/home/aditya/ros2_ws/install/my_py_pkg:/opt/ros/jazzy DEBUGINFOD_URLS=https://debuginfod.ubuntu.com PS1=\[\e]0;\u@\h: \w\a\]${debian_chroot:+($debian_chroot)}\[\033[01;32m\]\u@\h\[\033[00m\]:\[\033[01;34m\]\w\[\033[00m\]\$ VIRTUAL_ENV_PROMPT=(venv-ardupilot) /usr/bin/cmake --build /home/aditya/Cpps/Dexter/build/dexter_controller -- -j28 -l28
[0.180s] [ 50%] Built target slider_control
[0.187s] [ 50%] Built target ament_cmake_python_symlink_dexter_controller
[0.189s] [100%] Built target dexter_controller
[0.815s] running egg_info
[0.891s] writing dexter_controller.egg-info/PKG-INFO
[0.893s] writing dependency_links to dexter_controller.egg-info/dependency_links.txt
[0.894s] writing top-level names to dexter_controller.egg-info/top_level.txt
[1.104s] reading manifest file 'dexter_controller.egg-info/SOURCES.txt'
[1.105s] writing manifest file 'dexter_controller.egg-info/SOURCES.txt'
[1.182s] [100%] Built target ament_cmake_python_build_dexter_controller_egg
[1.298s] Invoked command in '/home/aditya/Cpps/Dexter/build/dexter_controller' returned '0': CMAKE_PREFIX_PATH=/home/aditya/Cpps/Dexter/install/dexter_description:/home/aditya/Cpps/Dexter/install/dexter_utils:/home/aditya/Cpps/Dexter/install/dexter_bringup:/home/aditya/Cpps/Dexter/install/dexter_remote:/home/aditya/Cpps/Dexter/install/dexter_cpp_examples:/home/aditya/Cpps/Dexter/install/dexter_msgs:/home/aditya/Cpps/Dexter/install/dexter_moveit:/home/aditya/Cpps/Dexter/install/dexter_firmware:/home/aditya/Cpps/Dexter/install/dexter_controller:/home/aditya/ros2_ws/install/my_robot_bringup:/home/aditya/ros2_ws/install/my_cpp_pkg:/home/aditya/ros2_ws/install/my_robot_interfaces:/opt/ros/jazzy/opt/gz_sim_vendor:/opt/ros/jazzy/opt/gz_sensors_vendor:/opt/ros/jazzy/opt/gz_physics_vendor:/opt/ros/jazzy/opt/sdformat_vendor:/opt/ros/jazzy/opt/gz_gui_vendor:/opt/ros/jazzy/opt/gz_transport_vendor:/opt/ros/jazzy/opt/gz_rendering_vendor:/opt/ros/jazzy/opt/gz_plugin_vendor:/opt/ros/jazzy/opt/gz_fuel_tools_vendor:/opt/ros/jazzy/opt/gz_msgs_vendor:/opt/ros/jazzy/opt/gz_common_vendor:/opt/ros/jazzy/opt/gz_math_vendor:/opt/ros/jazzy/opt/gz_utils_vendor:/opt/ros/jazzy/opt/gz_tools_vendor:/opt/ros/jazzy/opt/gz_ogre_next_vendor:/opt/ros/jazzy/opt/gz_dartsim_vendor:/opt/ros/jazzy/opt/gz_cmake_vendor:/home/aditya/Cpps/Dexter/install/dexter_py_examples:/home/aditya/Cpps/Dexter/install/dexter_inventory:/home/aditya/ros2_ws/install/my_py_pkg:/opt/ros/jazzy DEBUGINFOD_URLS=https://debuginfod.ubuntu.com PS1=\[\e]0;\u@\h: \w\a\]${debian_chroot:+($debian_chroot)}\[\033[01;32m\]\u@\h\[\033[00m\]:\[\033[01;34m\]\w\[\033[00m\]\$ VIRTUAL_ENV_PROMPT=(venv-ardupilot) /usr/bin/cmake --build /home/aditya/Cpps/Dexter/build/dexter_controller -- -j28 -l28
[1.302s] Invoking command in '/home/aditya/Cpps/Dexter/build/dexter_controller': CMAKE_PREFIX_PATH=/home/aditya/Cpps/Dexter/install/dexter_description:/home/aditya/Cpps/Dexter/install/dexter_utils:/home/aditya/Cpps/Dexter/install/dexter_bringup:/home/aditya/Cpps/Dexter/install/dexter_remote:/home/aditya/Cpps/Dexter/install/dexter_cpp_examples:/home/aditya/Cpps/Dexter/install/dexter_msgs:/home/aditya/Cpps/Dexter/install/dexter_moveit:/home/aditya/Cpps/Dexter/install/dexter_firmware:/home/aditya/Cpps/Dexter/install/dexter_controller:/home/aditya/ros2_ws/install/my_robot_bringup:/home/aditya/ros2_ws/install/my_cpp_pkg:/home/aditya/ros2_ws/install/my_robot_interfaces:/opt/ros/jazzy/opt/gz_sim_vendor:/opt/ros/jazzy/opt/gz_sensors_vendor:/opt/ros/jazzy/opt/gz_physics_vendor:/opt/ros/jazzy/opt/sdformat_vendor:/opt/ros/jazzy/opt/gz_gui_vendor:/opt/ros/jazzy/opt/gz_transport_vendor:/opt/ros/jazzy/opt/gz_rendering_vendor:/opt/ros/jazzy/opt/gz_plugin_vendor:/opt/ros/jazzy/opt/gz_fuel_tools_vendor:/opt/ros/jazzy/opt/gz_msgs_vendor:/opt/ros/jazzy/opt/gz_common_vendor:/opt/ros/jazzy/opt/gz_math_vendor:/opt/ros/jazzy/opt/gz_utils_vendor:/opt/ros/jazzy/opt/gz_tools_vendor:/opt/ros/jazzy/opt/gz_ogre_next_vendor:/opt/ros/jazzy/opt/gz_dartsim_vendor:/opt/ros/jazzy/opt/gz_cmake_vendor:/home/aditya/Cpps/Dexter/install/dexter_py_examples:/home/aditya/Cpps/Dexter/install/dexter_inventory:/home/aditya/ros2_ws/install/my_py_pkg:/opt/ros/jazzy DEBUGINFOD_URLS=https://debuginfod.ubuntu.com PS1=\[\e]0;\u@\h: \w\a\]${debian_chroot:+($debian_chroot)}\[\033[01;32m\]\u@\h\[\033[00m\]:\[\033[01;34m\]\w\[\033[00m\]\$ VIRTUAL_ENV_PROMPT=(venv-ardupilot) /usr/bin/cmake --install /home/aditya/Cpps/Dexter/build/dexter_controller
[1.330s] -- Install configuration: ""
[1.332s] -- Execute custom install script
[1.332s] -- Up-to-date symlink: /home/aditya/Cpps/Dexter/install/dexter_controller/share/dexter_controller//dexter_controller.xml
[1.334s] -- Up-to-date symlink: /home/aditya/Cpps/Dexter/install/dexter_controller/share/dexter_controller/environment/pythonpath.sh
[1.334s] -- Up-to-date symlink: /home/aditya/Cpps/Dexter/install/dexter_controller/share/dexter_controller/environment/pythonpath.dsv
[1.335s] -- Up-to-date symlink: /home/aditya/Cpps/Dexter/install/dexter_controller/lib/python3.12/site-packages/dexter_controller-0.0.0-py3.12.egg-info/PKG-INFO
[1.335s] -- Up-to-date symlink: /home/aditya/Cpps/Dexter/install/dexter_controller/lib/python3.12/site-packages/dexter_controller-0.0.0-py3.12.egg-info/SOURCES.txt
[1.336s] -- Up-to-date symlink: /home/aditya/Cpps/Dexter/install/dexter_controller/lib/python3.12/site-packages/dexter_controller-0.0.0-py3.12.egg-info/dependency_links.txt
[1.336s] -- Up-to-date symlink: /home/aditya/Cpps/Dexter/install/dexter_controller/lib/python3.12/site-packages/dexter_controller-0.0.0-py3.12.egg-info/top_level.txt
[1.337s] -- Up-to-date symlink: /home/aditya/Cpps/Dexter/install/dexter_controller/lib/python3.12/site-packages/dexter_controller/__init__.py
[1.338s] -- Up-to-date symlink: /home/aditya/Cpps/Dexter/install/dexter_controller/lib/python3.12/site-packages/dexter_controller/slider_control.py
[1.339s] -- Up-to-date symlink: /home/aditya/Cpps/Dexter/install/dexter_controller/lib/dexter_controller/slider_control
[1.339s] -- Up-to-date symlink: /home/aditya/Cpps/Dexter/install/dexter_controller/lib/libdexter_controller.so
[1.340s] -- Up-to-date symlink: /home/aditya/Cpps/Dexter/install/dexter_controller/include/include/dexter_controller/dexter_interface.hpp
[1.342s] -- Up-to-date symlink: /home/aditya/Cpps/Dexter/install/dexter_controller/share/dexter_controller/launch/controller.launch.py
[1.342s] -- Up-to-date symlink: /home/aditya/Cpps/Dexter/install/dexter_controller/share/dexter_controller/launch/slider_controller.launch.py
[1.343s] -- Up-to-date symlink: /home/aditya/Cpps/Dexter/install/dexter_controller/share/dexter_controller/config/dexter_controllers.yaml
[1.343s] -- Up-to-date symlink: /home/aditya/Cpps/Dexter/install/dexter_controller/lib/dexter_controller/slider_control.py
[1.344s] -- Up-to-date symlink: /home/aditya/Cpps/Dexter/install/dexter_controller/share/dexter_controller/environment/library_path.sh
[1.345s] -- Up-to-date symlink: /home/aditya/Cpps/Dexter/install/dexter_controller/share/dexter_controller/environment/library_path.dsv
[1.346s] -- Up-to-date symlink: /home/aditya/Cpps/Dexter/install/dexter_controller/share/ament_index/resource_index/package_run_dependencies/dexter_controller
[1.346s] -- Up-to-date symlink: /home/aditya/Cpps/Dexter/install/dexter_controller/share/ament_index/resource_index/parent_prefix_path/dexter_controller
[1.347s] -- Up-to-date symlink: /home/aditya/Cpps/Dexter/install/dexter_controller/share/dexter_controller/environment/ament_prefix_path.sh
[1.348s] -- Up-to-date symlink: /home/aditya/Cpps/Dexter/install/dexter_controller/share/dexter_controller/environment/ament_prefix_path.dsv
[1.348s] -- Up-to-date symlink: /home/aditya/Cpps/Dexter/install/dexter_controller/share/dexter_controller/environment/path.sh
[1.349s] -- Up-to-date symlink: /home/aditya/Cpps/Dexter/install/dexter_controller/share/dexter_controller/environment/path.dsv
[1.349s] -- Up-to-date symlink: /home/aditya/Cpps/Dexter/install/dexter_controller/share/dexter_controller/local_setup.bash
[1.349s] -- Up-to-date symlink: /home/aditya/Cpps/Dexter/install/dexter_controller/share/dexter_controller/local_setup.sh
[1.350s] -- Up-to-date symlink: /home/aditya/Cpps/Dexter/install/dexter_controller/share/dexter_controller/local_setup.zsh
[1.351s] -- Up-to-date symlink: /home/aditya/Cpps/Dexter/install/dexter_controller/share/dexter_controller/local_setup.dsv
[1.351s] -- Symlinking: /home/aditya/Cpps/Dexter/install/dexter_controller/share/dexter_controller/package.dsv
[1.401s] -- Up-to-date symlink: /home/aditya/Cpps/Dexter/install/dexter_controller/share/ament_index/resource_index/packages/dexter_controller
[1.402s] -- Up-to-date symlink: /home/aditya/Cpps/Dexter/install/dexter_controller/share/ament_index/resource_index/hardware_interface__pluginlib__plugin/dexter_controller
[1.402s] -- Up-to-date symlink: /home/aditya/Cpps/Dexter/install/dexter_controller/share/dexter_controller/cmake/ament_cmake_export_include_directories-extras.cmake
[1.402s] -- Up-to-date symlink: /home/aditya/Cpps/Dexter/install/dexter_controller/share/dexter_controller/cmake/ament_cmake_export_libraries-extras.cmake
[1.407s] -- Up-to-date symlink: /home/aditya/Cpps/Dexter/install/dexter_controller/share/dexter_controller/cmake/ament_cmake_export_dependencies-extras.cmake
[1.408s] -- Up-to-date symlink: /home/aditya/Cpps/Dexter/install/dexter_controller/share/dexter_controller/cmake/dexter_controllerConfig.cmake
[1.408s] -- Up-to-date symlink: /home/aditya/Cpps/Dexter/install/dexter_controller/share/dexter_controller/cmake/dexter_controllerConfig-version.cmake
[1.415s] -- Up-to-date symlink: /home/aditya/Cpps/Dexter/install/dexter_controller/share/dexter_controller/package.xml
[1.558s] Listing '/home/aditya/Cpps/Dexter/install/dexter_controller/lib/python3.12/site-packages/dexter_controller'...
[2.004s] Invoked command in '/home/aditya/Cpps/Dexter/build/dexter_controller' returned '0': CMAKE_PREFIX_PATH=/home/aditya/Cpps/Dexter/install/dexter_description:/home/aditya/Cpps/Dexter/install/dexter_utils:/home/aditya/Cpps/Dexter/install/dexter_bringup:/home/aditya/Cpps/Dexter/install/dexter_remote:/home/aditya/Cpps/Dexter/install/dexter_cpp_examples:/home/aditya/Cpps/Dexter/install/dexter_msgs:/home/aditya/Cpps/Dexter/install/dexter_moveit:/home/aditya/Cpps/Dexter/install/dexter_firmware:/home/aditya/Cpps/Dexter/install/dexter_controller:/home/aditya/ros2_ws/install/my_robot_bringup:/home/aditya/ros2_ws/install/my_cpp_pkg:/home/aditya/ros2_ws/install/my_robot_interfaces:/opt/ros/jazzy/opt/gz_sim_vendor:/opt/ros/jazzy/opt/gz_sensors_vendor:/opt/ros/jazzy/opt/gz_physics_vendor:/opt/ros/jazzy/opt/sdformat_vendor:/opt/ros/jazzy/opt/gz_gui_vendor:/opt/ros/jazzy/opt/gz_transport_vendor:/opt/ros/jazzy/opt/gz_rendering_vendor:/opt/ros/jazzy/opt/gz_plugin_vendor:/opt/ros/jazzy/opt/gz_fuel_tools_vendor:/opt/ros/jazzy/opt/gz_msgs_vendor:/opt/ros/jazzy/opt/gz_common_vendor:/opt/ros/jazzy/opt/gz_math_vendor:/opt/ros/jazzy/opt/gz_utils_vendor:/opt/ros/jazzy/opt/gz_tools_vendor:/opt/ros/jazzy/opt/gz_ogre_next_vendor:/opt/ros/jazzy/opt/gz_dartsim_vendor:/opt/ros/jazzy/opt/gz_cmake_vendor:/home/aditya/Cpps/Dexter/install/dexter_py_examples:/home/aditya/Cpps/Dexter/install/dexter_inventory:/home/aditya/ros2_ws/install/my_py_pkg:/opt/ros/jazzy DEBUGINFOD_URLS=https://debuginfod.ubuntu.com PS1=\[\e]0;\u@\h: \w\a\]${debian_chroot:+($debian_chroot)}\[\033[01;32m\]\u@\h\[\033[00m\]:\[\033[01;34m\]\w\[\033[00m\]\$ VIRTUAL_ENV_PROMPT=(venv-ardupilot) /usr/bin/cmake --install /home/aditya/Cpps/Dexter/build/dexter_controller
