[  1%] Built target dexter_msgs__rosidl_generator_type_description
[  1%] Built target ament_cmake_python_copy_dexter_msgs
[  2%] Built target dexter_msgs__cpp
[ 26%] Built target dexter_msgs__rosidl_generator_c
[ 36%] Built target dexter_msgs__rosidl_typesupport_c
[ 45%] Built target dexter_msgs__rosidl_typesupport_introspection_c
[ 55%] Built target dexter_msgs__rosidl_typesupport_cpp
[ 64%] Built target dexter_msgs__rosidl_typesupport_fastrtps_c
[ 74%] Built target dexter_msgs__rosidl_typesupport_introspection_cpp
Traceback (most recent call last):
  File "/home/aditya/Cpps/Dexter/build/dexter_msgs/ament_cmake_python/dexter_msgs/setup.py", line 1, in <module>
    from setuptools import find_packages
  File "/home/aditya/venv-ardupilot/lib/python3.12/site-packages/setuptools/__init__.py", line 21, in <module>
    import _distutils_hack.override  # noqa: F401
    ^^^^^^^^^^^^^^^^^^^^^^^^^^^^^^^
  File "/home/aditya/venv-ardupilot/lib/python3.12/site-packages/_distutils_hack/override.py", line 1, in <module>
    __import__('_distutils_hack').do_override()
  File "/home/aditya/venv-ardupilot/lib/python3.12/site-packages/_distutils_hack/__init__.py", line 89, in do_override
gmake[1]: *** [CMakeFiles/Makefile2:321: CMakeFiles/dexter_msgs__rosidl_typesupport_fastrtps_cpp.dir/all] Interrupt
    ensure_local_distutils()
  File "/home/aditya/venv-ardupilot/lib/python3.12/site-packages/_distutils_hack/__init__.py", line 72, in ensure_local_distutils
    importlib.import_module('distutils')
  File "/usr/lib/python3.12/importlib/__init__.py", line 90, in import_module
    return _bootstrap._gcd_import(name[level:], package, level)
           ^^^^^^^^^^^^^^^^^^^^^^^^^^^^^^^^^^^^^^^^^^^^^^^^^^^^
  File "<frozen importlib._bootstrap>", line 1387, in _gcd_import
  File "<frozen importlib._bootstrap>", line 1360, in _find_and_load
  File "<frozen importlib._bootstrap>", line 1322, in _find_and_load_unlocked
  File "<frozen importlib._bootstrap>", line 1262, in _find_spec
  File "/home/aditya/venv-ardupilot/lib/python3.12/site-packages/_distutils_hack/__init__.py", line 109, in find_spec
    return method()
           ^^^^^^^^
  File "/home/aditya/venv-ardupilot/lib/python3.12/site-packages/_distutils_hack/__init__.py", line 116, in spec_for_distutils
    import importlib.abc
  File "/usr/lib/python3.12/importlib/abc.py", line 18, in <module>
    from .resources import abc as _resources_abc
  File "/usr/lib/python3.12/importlib/resources/__init__.py", line 3, in <module>
    from ._common import (
  File "/usr/lib/python3.12/importlib/resources/_common.py", line 3, in <module>
    import tempfile
  File "/usr/lib/python3.12/tempfile.py", line 44, in <module>
    import shutil as _shutil
  File "/usr/lib/python3.12/shutil.py", line 30, in <module>
    import lzma
  File "<frozen importlib._bootstrap>", line 1357, in _find_and_load
  File "<frozen importlib._bootstrap>", line 418, in __enter__
  File "<frozen importlib._bootstrap>", line 311, in acquire
  File "<frozen importlib._bootstrap>", line 170, in __enter__
  File "<frozen importlib._bootstrap>", line 132, in setdefault
  File "<frozen importlib._bootstrap>", line 80, in __init__
KeyboardInterrupt
gmake[2]: *** [CMakeFiles/ament_cmake_python_build_dexter_msgs_egg.dir/build.make:70: CMakeFiles/ament_cmake_python_build_dexter_msgs_egg] Interrupt
gmake[1]: *** [CMakeFiles/Makefile2:478: CMakeFiles/ament_cmake_python_build_dexter_msgs_egg.dir/all] Interrupt
gmake[1]: *** wait: No child processes.  Stop.
gmake[1]: *** Waiting for unfinished jobs....
gmake[1]: *** wait: No child processes.  Stop.
gmake: *** [Makefile:146: all] Error 2
