[2.213s] Invoking command in '/home/aditya/Cpps/Dexter/dexter_py_examples': CMAKE_PREFIX_PATH=/home/aditya/Cpps/Dexter/install/dexter_msgs:/home/aditya/Cpps/Dexter/install/dexter_utils:/home/aditya/Cpps/Dexter/install/dexter_bringup:/home/aditya/Cpps/Dexter/install/dexter_remote:/home/aditya/Cpps/Dexter/install/dexter_cpp_examples:/home/aditya/Cpps/Dexter/install/dexter_moveit:/home/aditya/Cpps/Dexter/install/dexter_firmware:/home/aditya/Cpps/Dexter/install/dexter_controller:/home/aditya/Cpps/Dexter/install/dexter_description:/home/aditya/ros2_ws/install/my_robot_bringup:/home/aditya/ros2_ws/install/my_cpp_pkg:/home/aditya/ros2_ws/install/my_robot_interfaces:/opt/ros/jazzy/opt/gz_sim_vendor:/opt/ros/jazzy/opt/gz_sensors_vendor:/opt/ros/jazzy/opt/gz_physics_vendor:/opt/ros/jazzy/opt/sdformat_vendor:/opt/ros/jazzy/opt/gz_gui_vendor:/opt/ros/jazzy/opt/gz_transport_vendor:/opt/ros/jazzy/opt/gz_rendering_vendor:/opt/ros/jazzy/opt/gz_plugin_vendor:/opt/ros/jazzy/opt/gz_fuel_tools_vendor:/opt/ros/jazzy/opt/gz_msgs_vendor:/opt/ros/jazzy/opt/gz_common_vendor:/opt/ros/jazzy/opt/gz_math_vendor:/opt/ros/jazzy/opt/gz_utils_vendor:/opt/ros/jazzy/opt/gz_tools_vendor:/opt/ros/jazzy/opt/gz_ogre_next_vendor:/opt/ros/jazzy/opt/gz_dartsim_vendor:/opt/ros/jazzy/opt/gz_cmake_vendor DEBUGINFOD_URLS=https://debuginfod.ubuntu.com LD_LIBRARY_PATH=/home/aditya/Cpps/Dexter/install/dexter_msgs/lib:/home/aditya/Cpps/Dexter/install/dexter_remote/lib:/home/aditya/Cpps/Dexter/install/dexter_cpp_examples/lib:/home/aditya/Cpps/Dexter/install/dexter_controller/lib:/home/aditya/ros2_ws/install/my_robot_interfaces/lib:/opt/ros/jazzy/opt/gz_sim_vendor/lib:/opt/ros/jazzy/opt/gz_sensors_vendor/lib:/opt/ros/jazzy/opt/gz_physics_vendor/lib:/opt/ros/jazzy/opt/sdformat_vendor/lib:/opt/ros/jazzy/opt/rviz_ogre_vendor/lib:/opt/ros/jazzy/lib/x86_64-linux-gnu:/opt/ros/jazzy/opt/gz_gui_vendor/lib:/opt/ros/jazzy/opt/gz_transport_vendor/lib:/opt/ros/jazzy/opt/gz_rendering_vendor/lib:/opt/ros/jazzy/opt/gz_plugin_vendor/lib:/opt/ros/jazzy/opt/gz_fuel_tools_vendor/lib:/opt/ros/jazzy/opt/gz_msgs_vendor/lib:/opt/ros/jazzy/opt/gz_common_vendor/lib:/opt/ros/jazzy/opt/gz_math_vendor/lib:/opt/ros/jazzy/opt/gz_utils_vendor/lib:/opt/ros/jazzy/opt/gz_tools_vendor/lib:/opt/ros/jazzy/opt/gz_ogre_next_vendor/lib:/opt/ros/jazzy/opt/gz_dartsim_vendor/lib:/opt/ros/jazzy/opt/gz_cmake_vendor/lib:/opt/ros/jazzy/lib PS1=\[\e]0;\u@\h: \w\a\]${debian_chroot:+($debian_chroot)}\[\033[01;32m\]\u@\h\[\033[00m\]:\[\033[01;34m\]\w\[\033[00m\]\$ PYTHONPATH=/home/aditya/Cpps/Dexter/build/dexter_py_examples/prefix_override:/usr/lib/python3/dist-packages/colcon_core/task/python/colcon_distutils_commands:/home/aditya/Cpps/Dexter/install/dexter_py_examples/lib/python3.12/site-packages:/home/aditya/Cpps/Dexter/install/dexter_msgs/lib/python3.12/site-packages:/home/aditya/Cpps/Dexter/install/dexter_utils/lib/python3.12/site-packages:/home/aditya/Cpps/Dexter/install/dexter_remote/lib/python3.12/site-packages:/home/aditya/Cpps/Dexter/install/dexter_py_examples/lib/python3.12/site-packages:/home/aditya/Cpps/Dexter/install/dexter_inventory/lib/python3.12/site-packages:/home/aditya/Cpps/Dexter/install/dexter_firmware/lib/python3.12/site-packages:/home/aditya/Cpps/Dexter/install/dexter_controller/lib/python3.12/site-packages:/home/aditya/ros2_ws/install/my_py_pkg/lib/python3.12/site-packages:/home/aditya/ros2_ws/install/my_robot_interfaces/lib/python3.12/site-packages:/opt/ros/jazzy/lib/python3.12/site-packages VIRTUAL_ENV_PROMPT=(venv-ardupilot) /usr/bin/python3 -W ignore:setup.py install is deprecated -W ignore:easy_install command is deprecated setup.py egg_info --egg-base ../build/dexter_py_examples build --build-base /home/aditya/Cpps/Dexter/build/dexter_py_examples/build install --record /home/aditya/Cpps/Dexter/build/dexter_py_examples/install.log --single-version-externally-managed install_data
[2.816s] running egg_info
[2.817s] creating ../build/dexter_py_examples/dexter_py_examples.egg-info
[2.841s] writing ../build/dexter_py_examples/dexter_py_examples.egg-info/PKG-INFO
[2.842s] writing dependency_links to ../build/dexter_py_examples/dexter_py_examples.egg-info/dependency_links.txt
[2.842s] writing entry points to ../build/dexter_py_examples/dexter_py_examples.egg-info/entry_points.txt
[2.843s] writing requirements to ../build/dexter_py_examples/dexter_py_examples.egg-info/requires.txt
[2.843s] writing top-level names to ../build/dexter_py_examples/dexter_py_examples.egg-info/top_level.txt
[2.843s] writing manifest file '../build/dexter_py_examples/dexter_py_examples.egg-info/SOURCES.txt'
[2.900s] reading manifest file '../build/dexter_py_examples/dexter_py_examples.egg-info/SOURCES.txt'
[2.901s] writing manifest file '../build/dexter_py_examples/dexter_py_examples.egg-info/SOURCES.txt'
[2.901s] running build
[2.902s] running build_py
[2.902s] creating /home/aditya/Cpps/Dexter/build/dexter_py_examples/build
[2.902s] creating /home/aditya/Cpps/Dexter/build/dexter_py_examples/build/lib
[2.902s] creating /home/aditya/Cpps/Dexter/build/dexter_py_examples/build/lib/dexter_py_examples
[2.902s] copying dexter_py_examples/simple_service_client.py -> /home/aditya/Cpps/Dexter/build/dexter_py_examples/build/lib/dexter_py_examples
[2.902s] copying dexter_py_examples/simple_action_client.py -> /home/aditya/Cpps/Dexter/build/dexter_py_examples/build/lib/dexter_py_examples
[2.903s] copying dexter_py_examples/simple_parameter.py -> /home/aditya/Cpps/Dexter/build/dexter_py_examples/build/lib/dexter_py_examples
[2.903s] copying dexter_py_examples/simple_publisher.py -> /home/aditya/Cpps/Dexter/build/dexter_py_examples/build/lib/dexter_py_examples
[2.903s] copying dexter_py_examples/simple_service_server.py -> /home/aditya/Cpps/Dexter/build/dexter_py_examples/build/lib/dexter_py_examples
[2.903s] copying dexter_py_examples/simple_action_server.py -> /home/aditya/Cpps/Dexter/build/dexter_py_examples/build/lib/dexter_py_examples
[2.903s] copying dexter_py_examples/simple_subscriber.py -> /home/aditya/Cpps/Dexter/build/dexter_py_examples/build/lib/dexter_py_examples
[2.903s] copying dexter_py_examples/simple_moveit_interface.py -> /home/aditya/Cpps/Dexter/build/dexter_py_examples/build/lib/dexter_py_examples
[2.903s] copying dexter_py_examples/__init__.py -> /home/aditya/Cpps/Dexter/build/dexter_py_examples/build/lib/dexter_py_examples
[2.904s] running install
[2.912s] running install_lib
[2.938s] creating /home/aditya/Cpps/Dexter/install/dexter_py_examples/lib/python3.12/site-packages/dexter_py_examples
[2.938s] copying /home/aditya/Cpps/Dexter/build/dexter_py_examples/build/lib/dexter_py_examples/simple_service_client.py -> /home/aditya/Cpps/Dexter/install/dexter_py_examples/lib/python3.12/site-packages/dexter_py_examples
[2.938s] copying /home/aditya/Cpps/Dexter/build/dexter_py_examples/build/lib/dexter_py_examples/simple_action_client.py -> /home/aditya/Cpps/Dexter/install/dexter_py_examples/lib/python3.12/site-packages/dexter_py_examples
[2.939s] copying /home/aditya/Cpps/Dexter/build/dexter_py_examples/build/lib/dexter_py_examples/simple_parameter.py -> /home/aditya/Cpps/Dexter/install/dexter_py_examples/lib/python3.12/site-packages/dexter_py_examples
[2.939s] copying /home/aditya/Cpps/Dexter/build/dexter_py_examples/build/lib/dexter_py_examples/simple_publisher.py -> /home/aditya/Cpps/Dexter/install/dexter_py_examples/lib/python3.12/site-packages/dexter_py_examples
[2.939s] copying /home/aditya/Cpps/Dexter/build/dexter_py_examples/build/lib/dexter_py_examples/simple_service_server.py -> /home/aditya/Cpps/Dexter/install/dexter_py_examples/lib/python3.12/site-packages/dexter_py_examples
[2.939s] copying /home/aditya/Cpps/Dexter/build/dexter_py_examples/build/lib/dexter_py_examples/simple_action_server.py -> /home/aditya/Cpps/Dexter/install/dexter_py_examples/lib/python3.12/site-packages/dexter_py_examples
[2.940s] copying /home/aditya/Cpps/Dexter/build/dexter_py_examples/build/lib/dexter_py_examples/simple_subscriber.py -> /home/aditya/Cpps/Dexter/install/dexter_py_examples/lib/python3.12/site-packages/dexter_py_examples
[2.940s] copying /home/aditya/Cpps/Dexter/build/dexter_py_examples/build/lib/dexter_py_examples/simple_moveit_interface.py -> /home/aditya/Cpps/Dexter/install/dexter_py_examples/lib/python3.12/site-packages/dexter_py_examples
[2.940s] copying /home/aditya/Cpps/Dexter/build/dexter_py_examples/build/lib/dexter_py_examples/__init__.py -> /home/aditya/Cpps/Dexter/install/dexter_py_examples/lib/python3.12/site-packages/dexter_py_examples
[2.940s] byte-compiling /home/aditya/Cpps/Dexter/install/dexter_py_examples/lib/python3.12/site-packages/dexter_py_examples/simple_service_client.py to simple_service_client.cpython-312.pyc
[2.941s] byte-compiling /home/aditya/Cpps/Dexter/install/dexter_py_examples/lib/python3.12/site-packages/dexter_py_examples/simple_action_client.py to simple_action_client.cpython-312.pyc
[2.941s] byte-compiling /home/aditya/Cpps/Dexter/install/dexter_py_examples/lib/python3.12/site-packages/dexter_py_examples/simple_parameter.py to simple_parameter.cpython-312.pyc
[2.942s] byte-compiling /home/aditya/Cpps/Dexter/install/dexter_py_examples/lib/python3.12/site-packages/dexter_py_examples/simple_publisher.py to simple_publisher.cpython-312.pyc
[2.942s] byte-compiling /home/aditya/Cpps/Dexter/install/dexter_py_examples/lib/python3.12/site-packages/dexter_py_examples/simple_service_server.py to simple_service_server.cpython-312.pyc
[2.943s] byte-compiling /home/aditya/Cpps/Dexter/install/dexter_py_examples/lib/python3.12/site-packages/dexter_py_examples/simple_action_server.py to simple_action_server.cpython-312.pyc
[2.944s] byte-compiling /home/aditya/Cpps/Dexter/install/dexter_py_examples/lib/python3.12/site-packages/dexter_py_examples/simple_subscriber.py to simple_subscriber.cpython-312.pyc
[2.944s] byte-compiling /home/aditya/Cpps/Dexter/install/dexter_py_examples/lib/python3.12/site-packages/dexter_py_examples/simple_moveit_interface.py to simple_moveit_interface.cpython-312.pyc
[2.945s] byte-compiling /home/aditya/Cpps/Dexter/install/dexter_py_examples/lib/python3.12/site-packages/dexter_py_examples/__init__.py to __init__.cpython-312.pyc
[2.945s] running install_data
[2.945s] creating /home/aditya/Cpps/Dexter/install/dexter_py_examples/share/ament_index
[2.945s] creating /home/aditya/Cpps/Dexter/install/dexter_py_examples/share/ament_index/resource_index
[2.945s] creating /home/aditya/Cpps/Dexter/install/dexter_py_examples/share/ament_index/resource_index/packages
[2.945s] copying resource/dexter_py_examples -> /home/aditya/Cpps/Dexter/install/dexter_py_examples/share/ament_index/resource_index/packages
[2.946s] copying package.xml -> /home/aditya/Cpps/Dexter/install/dexter_py_examples/share/dexter_py_examples
[2.946s] creating /home/aditya/Cpps/Dexter/install/dexter_py_examples/share/dexter_py_examples/launch
[2.946s] copying launch/simple_moveit_interface.launch.py -> /home/aditya/Cpps/Dexter/install/dexter_py_examples/share/dexter_py_examples/launch
[2.946s] running install_egg_info
[2.975s] Copying ../build/dexter_py_examples/dexter_py_examples.egg-info to /home/aditya/Cpps/Dexter/install/dexter_py_examples/lib/python3.12/site-packages/dexter_py_examples-0.0.0-py3.12.egg-info
[2.976s] running install_scripts
[3.270s] Installing simple_action_client script to /home/aditya/Cpps/Dexter/install/dexter_py_examples/lib/dexter_py_examples
[3.271s] Installing simple_action_server script to /home/aditya/Cpps/Dexter/install/dexter_py_examples/lib/dexter_py_examples
[3.271s] Installing simple_moveit_interface script to /home/aditya/Cpps/Dexter/install/dexter_py_examples/lib/dexter_py_examples
[3.272s] Installing simple_parameter script to /home/aditya/Cpps/Dexter/install/dexter_py_examples/lib/dexter_py_examples
[3.272s] Installing simple_publisher script to /home/aditya/Cpps/Dexter/install/dexter_py_examples/lib/dexter_py_examples
[3.273s] Installing simple_service_client script to /home/aditya/Cpps/Dexter/install/dexter_py_examples/lib/dexter_py_examples
[3.273s] Installing simple_service_server script to /home/aditya/Cpps/Dexter/install/dexter_py_examples/lib/dexter_py_examples
[3.273s] Installing simple_subscriber script to /home/aditya/Cpps/Dexter/install/dexter_py_examples/lib/dexter_py_examples
[3.273s] writing list of installed files to '/home/aditya/Cpps/Dexter/build/dexter_py_examples/install.log'
[3.334s] Invoked command in '/home/aditya/Cpps/Dexter/dexter_py_examples' returned '0': CMAKE_PREFIX_PATH=/home/aditya/Cpps/Dexter/install/dexter_msgs:/home/aditya/Cpps/Dexter/install/dexter_utils:/home/aditya/Cpps/Dexter/install/dexter_bringup:/home/aditya/Cpps/Dexter/install/dexter_remote:/home/aditya/Cpps/Dexter/install/dexter_cpp_examples:/home/aditya/Cpps/Dexter/install/dexter_moveit:/home/aditya/Cpps/Dexter/install/dexter_firmware:/home/aditya/Cpps/Dexter/install/dexter_controller:/home/aditya/Cpps/Dexter/install/dexter_description:/home/aditya/ros2_ws/install/my_robot_bringup:/home/aditya/ros2_ws/install/my_cpp_pkg:/home/aditya/ros2_ws/install/my_robot_interfaces:/opt/ros/jazzy/opt/gz_sim_vendor:/opt/ros/jazzy/opt/gz_sensors_vendor:/opt/ros/jazzy/opt/gz_physics_vendor:/opt/ros/jazzy/opt/sdformat_vendor:/opt/ros/jazzy/opt/gz_gui_vendor:/opt/ros/jazzy/opt/gz_transport_vendor:/opt/ros/jazzy/opt/gz_rendering_vendor:/opt/ros/jazzy/opt/gz_plugin_vendor:/opt/ros/jazzy/opt/gz_fuel_tools_vendor:/opt/ros/jazzy/opt/gz_msgs_vendor:/opt/ros/jazzy/opt/gz_common_vendor:/opt/ros/jazzy/opt/gz_math_vendor:/opt/ros/jazzy/opt/gz_utils_vendor:/opt/ros/jazzy/opt/gz_tools_vendor:/opt/ros/jazzy/opt/gz_ogre_next_vendor:/opt/ros/jazzy/opt/gz_dartsim_vendor:/opt/ros/jazzy/opt/gz_cmake_vendor DEBUGINFOD_URLS=https://debuginfod.ubuntu.com LD_LIBRARY_PATH=/home/aditya/Cpps/Dexter/install/dexter_msgs/lib:/home/aditya/Cpps/Dexter/install/dexter_remote/lib:/home/aditya/Cpps/Dexter/install/dexter_cpp_examples/lib:/home/aditya/Cpps/Dexter/install/dexter_controller/lib:/home/aditya/ros2_ws/install/my_robot_interfaces/lib:/opt/ros/jazzy/opt/gz_sim_vendor/lib:/opt/ros/jazzy/opt/gz_sensors_vendor/lib:/opt/ros/jazzy/opt/gz_physics_vendor/lib:/opt/ros/jazzy/opt/sdformat_vendor/lib:/opt/ros/jazzy/opt/rviz_ogre_vendor/lib:/opt/ros/jazzy/lib/x86_64-linux-gnu:/opt/ros/jazzy/opt/gz_gui_vendor/lib:/opt/ros/jazzy/opt/gz_transport_vendor/lib:/opt/ros/jazzy/opt/gz_rendering_vendor/lib:/opt/ros/jazzy/opt/gz_plugin_vendor/lib:/opt/ros/jazzy/opt/gz_fuel_tools_vendor/lib:/opt/ros/jazzy/opt/gz_msgs_vendor/lib:/opt/ros/jazzy/opt/gz_common_vendor/lib:/opt/ros/jazzy/opt/gz_math_vendor/lib:/opt/ros/jazzy/opt/gz_utils_vendor/lib:/opt/ros/jazzy/opt/gz_tools_vendor/lib:/opt/ros/jazzy/opt/gz_ogre_next_vendor/lib:/opt/ros/jazzy/opt/gz_dartsim_vendor/lib:/opt/ros/jazzy/opt/gz_cmake_vendor/lib:/opt/ros/jazzy/lib PS1=\[\e]0;\u@\h: \w\a\]${debian_chroot:+($debian_chroot)}\[\033[01;32m\]\u@\h\[\033[00m\]:\[\033[01;34m\]\w\[\033[00m\]\$ PYTHONPATH=/home/aditya/Cpps/Dexter/build/dexter_py_examples/prefix_override:/usr/lib/python3/dist-packages/colcon_core/task/python/colcon_distutils_commands:/home/aditya/Cpps/Dexter/install/dexter_py_examples/lib/python3.12/site-packages:/home/aditya/Cpps/Dexter/install/dexter_msgs/lib/python3.12/site-packages:/home/aditya/Cpps/Dexter/install/dexter_utils/lib/python3.12/site-packages:/home/aditya/Cpps/Dexter/install/dexter_remote/lib/python3.12/site-packages:/home/aditya/Cpps/Dexter/install/dexter_py_examples/lib/python3.12/site-packages:/home/aditya/Cpps/Dexter/install/dexter_inventory/lib/python3.12/site-packages:/home/aditya/Cpps/Dexter/install/dexter_firmware/lib/python3.12/site-packages:/home/aditya/Cpps/Dexter/install/dexter_controller/lib/python3.12/site-packages:/home/aditya/ros2_ws/install/my_py_pkg/lib/python3.12/site-packages:/home/aditya/ros2_ws/install/my_robot_interfaces/lib/python3.12/site-packages:/opt/ros/jazzy/lib/python3.12/site-packages VIRTUAL_ENV_PROMPT=(venv-ardupilot) /usr/bin/python3 -W ignore:setup.py install is deprecated -W ignore:easy_install command is deprecated setup.py egg_info --egg-base ../build/dexter_py_examples build --build-base /home/aditya/Cpps/Dexter/build/dexter_py_examples/build install --record /home/aditya/Cpps/Dexter/build/dexter_py_examples/install.log --single-version-externally-managed install_data
