[ 50%] Built target simple_serial_transmitter
[100%] Built target simple_serial_receiver
[100%] Built target ament_cmake_python_copy_dexter_firmware
Traceback (most recent call last):
  File "/home/aditya/Cpps/Dexter/build/dexter_firmware/ament_cmake_python/dexter_firmware/setup.py", line 1, in <module>
    from setuptools import find_packages
  File "/home/aditya/venv-ardupilot/lib/python3.12/site-packages/setuptools/__init__.py", line 21, in <module>
    import _distutils_hack.override  # noqa: F401
    ^^^^^^^^^^^^^^^^^^^^^^^^^^^^^^^
  File "/home/aditya/venv-ardupilot/lib/python3.12/site-packages/_distutils_hack/override.py", line 1, in <module>
    __import__('_distutils_hack').do_override()
  File "/home/aditya/venv-ardupilot/lib/python3.12/site-packages/_distutils_hack/__init__.py", line 89, in do_override
    ensure_local_distutils()
  File "/home/aditya/venv-ardupilot/lib/python3.12/site-packages/_distutils_hack/__init__.py", line 72, in ensure_local_distutils
    importlib.import_module('distutils')
  File "/usr/lib/python3.12/importlib/__init__.py", line 90, in import_module
    return _bootstrap._gcd_import(name[level:], package, level)
           ^^^^^^^^^^^^^^^^^^^^^^^^^^^^^^^^^^^^^^^^^^^^^^^^^^^^
  File "<frozen importlib._bootstrap>", line 1387, in _gcd_import
  File "<frozen importlib._bootstrap>", line 1360, in _find_and_load
  File "<frozen importlib._bootstrap>", line 1322, in _find_and_load_unlocked
  File "<frozen importlib._bootstrap>", line 1262, in _find_spec
  File "/home/aditya/venv-ardupilot/lib/python3.12/site-packages/_distutils_hack/__init__.py", line 109, in find_spec
    return method()
           ^^^^^^^^
  File "/home/aditya/venv-ardupilot/lib/python3.12/site-packages/_distutils_hack/__init__.py", line 116, in spec_for_distutils
    import importlib.abc
  File "/usr/lib/python3.12/importlib/abc.py", line 18, in <module>
    from .resources import abc as _resources_abc
  File "/usr/lib/python3.12/importlib/resources/__init__.py", line 3, in <module>
    from ._common import (
  File "/usr/lib/python3.12/importlib/resources/_common.py", line 2, in <module>
    import pathlib
  File "/usr/lib/python3.12/pathlib.py", line 19, in <module>
    from urllib.parse import quote_from_bytes as urlquote_from_bytes
  File "/usr/lib/python3.12/urllib/parse.py", line 250, in <module>
    _DefragResultBase = namedtuple('DefragResult', 'url fragment')
                        ^^^^^^^^^^^^^^^^^^^^^^^^^^^^^^^^^^^^^^^^^^
  File "/usr/lib/python3.12/collections/__init__.py", line 441, in namedtuple
    __new__ = eval(code, namespace)
              ^^^^^^^^^^^^^^^^^^^^^
  File "<string>", line 0, in <module>
KeyboardInterrupt
gmake[2]: *** [CMakeFiles/ament_cmake_python_build_dexter_firmware_egg.dir/build.make:70: CMakeFiles/ament_cmake_python_build_dexter_firmware_egg] Interrupt
gmake[1]: *** [CMakeFiles/Makefile2:168: CMakeFiles/ament_cmake_python_build_dexter_firmware_egg.dir/all] Interrupt
gmake: *** [Makefile:146: all] Interrupt
