[0.022s] Invoking command in '/home/aditya/Cpps/Dexter/build/dexter_description': CMAKE_PREFIX_PATH=${CMAKE_PREFIX_PATH}:/home/aditya/Cpps/Dexter/install/dexter_py_examples:/home/aditya/Cpps/Dexter/install/dexter_inventory:/home/aditya/ros2_ws/install/my_py_pkg:/opt/ros/jazzy DEBUGINFOD_URLS=https://debuginfod.ubuntu.com PS1=\[\e]0;\u@\h: \w\a\]${debian_chroot:+($debian_chroot)}\[\033[01;32m\]\u@\h\[\033[00m\]:\[\033[01;34m\]\w\[\033[00m\]\$ VIRTUAL_ENV_PROMPT=(venv-ardupilot) /usr/bin/cmake --build /home/aditya/Cpps/Dexter/build/dexter_description -- -j28 -l28
[0.091s] Invoked command in '/home/aditya/Cpps/Dexter/build/dexter_description' returned '0': CMAKE_PREFIX_PATH=${CMAKE_PREFIX_PATH}:/home/aditya/Cpps/Dexter/install/dexter_py_examples:/home/aditya/Cpps/Dexter/install/dexter_inventory:/home/aditya/ros2_ws/install/my_py_pkg:/opt/ros/jazzy DEBUGINFOD_URLS=https://debuginfod.ubuntu.com PS1=\[\e]0;\u@\h: \w\a\]${debian_chroot:+($debian_chroot)}\[\033[01;32m\]\u@\h\[\033[00m\]:\[\033[01;34m\]\w\[\033[00m\]\$ VIRTUAL_ENV_PROMPT=(venv-ardupilot) /usr/bin/cmake --build /home/aditya/Cpps/Dexter/build/dexter_description -- -j28 -l28
[0.110s] Invoking command in '/home/aditya/Cpps/Dexter/build/dexter_description': CMAKE_PREFIX_PATH=${CMAKE_PREFIX_PATH}:/home/aditya/Cpps/Dexter/install/dexter_py_examples:/home/aditya/Cpps/Dexter/install/dexter_inventory:/home/aditya/ros2_ws/install/my_py_pkg:/opt/ros/jazzy DEBUGINFOD_URLS=https://debuginfod.ubuntu.com PS1=\[\e]0;\u@\h: \w\a\]${debian_chroot:+($debian_chroot)}\[\033[01;32m\]\u@\h\[\033[00m\]:\[\033[01;34m\]\w\[\033[00m\]\$ VIRTUAL_ENV_PROMPT=(venv-ardupilot) /usr/bin/cmake --install /home/aditya/Cpps/Dexter/build/dexter_description
[0.121s] -- Install configuration: ""
[0.121s] -- Up-to-date: /home/aditya/Cpps/Dexter/install/dexter_description/share/dexter_description/launch
[0.121s] -- Up-to-date: /home/aditya/Cpps/Dexter/install/dexter_description/share/dexter_description/launch/display.launch.py
[0.121s] -- Up-to-date: /home/aditya/Cpps/Dexter/install/dexter_description/share/dexter_description/launch/gazebo.launch.py
[0.122s] -- Up-to-date: /home/aditya/Cpps/Dexter/install/dexter_description/share/dexter_description/meshes
[0.122s] -- Up-to-date: /home/aditya/Cpps/Dexter/install/dexter_description/share/dexter_description/meshes/link.STL
[0.122s] -- Up-to-date: /home/aditya/Cpps/Dexter/install/dexter_description/share/dexter_description/meshes/round_plate.STL
[0.122s] -- Up-to-date: /home/aditya/Cpps/Dexter/install/dexter_description/share/dexter_description/meshes/triangular_link.STL
[0.122s] -- Up-to-date: /home/aditya/Cpps/Dexter/install/dexter_description/share/dexter_description/meshes/plate.STL
[0.123s] -- Up-to-date: /home/aditya/Cpps/Dexter/install/dexter_description/share/dexter_description/meshes/left_finger.STL
[0.123s] -- Up-to-date: /home/aditya/Cpps/Dexter/install/dexter_description/share/dexter_description/meshes/basement.STL
[0.123s] -- Up-to-date: /home/aditya/Cpps/Dexter/install/dexter_description/share/dexter_description/meshes/right_finger.STL
[0.123s] -- Up-to-date: /home/aditya/Cpps/Dexter/install/dexter_description/share/dexter_description/meshes/base_plate.STL
[0.123s] -- Up-to-date: /home/aditya/Cpps/Dexter/install/dexter_description/share/dexter_description/meshes/forward_drive_arm.STL
[0.123s] -- Up-to-date: /home/aditya/Cpps/Dexter/install/dexter_description/share/dexter_description/meshes/claw_support.STL
[0.123s] -- Up-to-date: /home/aditya/Cpps/Dexter/install/dexter_description/share/dexter_description/meshes/servo_plate.STL
[0.124s] -- Up-to-date: /home/aditya/Cpps/Dexter/install/dexter_description/share/dexter_description/meshes/horizontal_arm.STL
[0.124s] -- Up-to-date: /home/aditya/Cpps/Dexter/install/dexter_description/share/dexter_description/meshes/vertical_drive_arm.STL
[0.124s] -- Up-to-date: /home/aditya/Cpps/Dexter/install/dexter_description/share/dexter_description/urdf
[0.124s] -- Up-to-date: /home/aditya/Cpps/Dexter/install/dexter_description/share/dexter_description/urdf/dexter_gazebo.xacro
[0.124s] -- Up-to-date: /home/aditya/Cpps/Dexter/install/dexter_description/share/dexter_description/urdf/dexter.urdf.xacro
[0.124s] -- Up-to-date: /home/aditya/Cpps/Dexter/install/dexter_description/share/dexter_description/urdf/dexter_ros2_control.xacro
[0.124s] -- Up-to-date: /home/aditya/Cpps/Dexter/install/dexter_description/share/dexter_description/rviz
[0.125s] -- Up-to-date: /home/aditya/Cpps/Dexter/install/dexter_description/share/dexter_description/rviz/display.rviz
[0.125s] -- Up-to-date: /home/aditya/Cpps/Dexter/install/dexter_description/share/ament_index/resource_index/package_run_dependencies/dexter_description
[0.125s] -- Up-to-date: /home/aditya/Cpps/Dexter/install/dexter_description/share/ament_index/resource_index/parent_prefix_path/dexter_description
[0.125s] -- Up-to-date: /home/aditya/Cpps/Dexter/install/dexter_description/share/dexter_description/environment/ament_prefix_path.sh
[0.125s] -- Up-to-date: /home/aditya/Cpps/Dexter/install/dexter_description/share/dexter_description/environment/ament_prefix_path.dsv
[0.127s] -- Up-to-date: /home/aditya/Cpps/Dexter/install/dexter_description/share/dexter_description/environment/path.sh
[0.128s] -- Up-to-date: /home/aditya/Cpps/Dexter/install/dexter_description/share/dexter_description/environment/path.dsv
[0.128s] -- Up-to-date: /home/aditya/Cpps/Dexter/install/dexter_description/share/dexter_description/local_setup.bash
[0.128s] -- Up-to-date: /home/aditya/Cpps/Dexter/install/dexter_description/share/dexter_description/local_setup.sh
[0.128s] -- Up-to-date: /home/aditya/Cpps/Dexter/install/dexter_description/share/dexter_description/local_setup.zsh
[0.128s] -- Up-to-date: /home/aditya/Cpps/Dexter/install/dexter_description/share/dexter_description/local_setup.dsv
[0.128s] -- Up-to-date: /home/aditya/Cpps/Dexter/install/dexter_description/share/dexter_description/package.dsv
[0.129s] -- Up-to-date: /home/aditya/Cpps/Dexter/install/dexter_description/share/ament_index/resource_index/packages/dexter_description
[0.129s] -- Up-to-date: /home/aditya/Cpps/Dexter/install/dexter_description/share/dexter_description/cmake/dexter_descriptionConfig.cmake
[0.129s] -- Up-to-date: /home/aditya/Cpps/Dexter/install/dexter_description/share/dexter_description/cmake/dexter_descriptionConfig-version.cmake
[0.129s] -- Up-to-date: /home/aditya/Cpps/Dexter/install/dexter_description/share/dexter_description/package.xml
[0.130s] Invoked command in '/home/aditya/Cpps/Dexter/build/dexter_description' returned '0': CMAKE_PREFIX_PATH=${CMAKE_PREFIX_PATH}:/home/aditya/Cpps/Dexter/install/dexter_py_examples:/home/aditya/Cpps/Dexter/install/dexter_inventory:/home/aditya/ros2_ws/install/my_py_pkg:/opt/ros/jazzy DEBUGINFOD_URLS=https://debuginfod.ubuntu.com PS1=\[\e]0;\u@\h: \w\a\]${debian_chroot:+($debian_chroot)}\[\033[01;32m\]\u@\h\[\033[00m\]:\[\033[01;34m\]\w\[\033[00m\]\$ VIRTUAL_ENV_PROMPT=(venv-ardupilot) /usr/bin/cmake --install /home/aditya/Cpps/Dexter/build/dexter_description
