[0.034s] Invoking command in '/home/aditya/Cpps/Dexter/build/dexter_controller': CMAKE_PREFIX_PATH=/home/aditya/Cpps/Dexter/install/dexter_description:/home/aditya/Cpps/Dexter/install/dexter_utils:/home/aditya/Cpps/Dexter/install/dexter_bringup:/home/aditya/Cpps/Dexter/install/dexter_remote:/home/aditya/Cpps/Dexter/install/dexter_cpp_examples:/home/aditya/Cpps/Dexter/install/dexter_msgs:/home/aditya/Cpps/Dexter/install/dexter_moveit:/home/aditya/Cpps/Dexter/install/dexter_firmware:/home/aditya/Cpps/Dexter/install/dexter_controller:/home/aditya/ros2_ws/install/my_robot_bringup:/home/aditya/ros2_ws/install/my_cpp_pkg:/home/aditya/ros2_ws/install/my_robot_interfaces:/opt/ros/jazzy/opt/gz_sim_vendor:/opt/ros/jazzy/opt/gz_sensors_vendor:/opt/ros/jazzy/opt/gz_physics_vendor:/opt/ros/jazzy/opt/sdformat_vendor:/opt/ros/jazzy/opt/gz_gui_vendor:/opt/ros/jazzy/opt/gz_transport_vendor:/opt/ros/jazzy/opt/gz_rendering_vendor:/opt/ros/jazzy/opt/gz_plugin_vendor:/opt/ros/jazzy/opt/gz_fuel_tools_vendor:/opt/ros/jazzy/opt/gz_msgs_vendor:/opt/ros/jazzy/opt/gz_common_vendor:/opt/ros/jazzy/opt/gz_math_vendor:/opt/ros/jazzy/opt/gz_utils_vendor:/opt/ros/jazzy/opt/gz_tools_vendor:/opt/ros/jazzy/opt/gz_ogre_next_vendor:/opt/ros/jazzy/opt/gz_dartsim_vendor:/opt/ros/jazzy/opt/gz_cmake_vendor:/home/aditya/Cpps/Dexter/install/dexter_py_examples:/home/aditya/Cpps/Dexter/install/dexter_inventory:/home/aditya/ros2_ws/install/my_py_pkg:/opt/ros/jazzy DEBUGINFOD_URLS=https://debuginfod.ubuntu.com PS1=\[\e]0;\u@\h: \w\a\]${debian_chroot:+($debian_chroot)}\[\033[01;32m\]\u@\h\[\033[00m\]:\[\033[01;34m\]\w\[\033[00m\]\$ VIRTUAL_ENV_PROMPT=(venv-ardupilot) /usr/bin/cmake --build /home/aditya/Cpps/Dexter/build/dexter_controller -- -j28 -l28
[0.250s] [ 50%] Built target slider_control
[0.261s] [ 50%] Built target ament_cmake_python_symlink_dexter_controller
[0.266s] [100%] Built target dexter_controller
[0.384s] Traceback (most recent call last):
[0.384s]   File "/home/aditya/Cpps/Dexter/build/dexter_controller/ament_cmake_python/dexter_controller/setup.py", line 1, in <module>
[0.384s]     from setuptools import find_packages
[0.385s]   File "/home/aditya/venv-ardupilot/lib/python3.12/site-packages/setuptools/__init__.py", line 21, in <module>
[0.385s]     import _distutils_hack.override  # noqa: F401
[0.393s]     ^^^^^^^^^^^^^^^^^^^^^^^^^^^^^^^
[0.393s]   File "/home/aditya/venv-ardupilot/lib/python3.12/site-packages/_distutils_hack/override.py", line 1, in <module>
[0.393s]     __import__('_distutils_hack').do_override()
[0.393s]   File "/home/aditya/venv-ardupilot/lib/python3.12/site-packages/_distutils_hack/__init__.py", line 89, in do_override
[0.393s]     ensure_local_distutils()
[0.393s]   File "/home/aditya/venv-ardupilot/lib/python3.12/site-packages/_distutils_hack/__init__.py", line 72, in ensure_local_distutils
[0.393s]     importlib.import_module('distutils')
[0.394s]   File "/usr/lib/python3.12/importlib/__init__.py", line 90, in import_module
[0.394s]     return _bootstrap._gcd_import(name[level:], package, level)
[0.394s]            ^^^^^^^^^^^^^^^^^^^^^^^^^^^^^^^^^^^^^^^^^^^^^^^^^^^^
[0.394s]   File "<frozen importlib._bootstrap>", line 1387, in _gcd_import
[0.394s]   File "<frozen importlib._bootstrap>", line 1360, in _find_and_load
[0.394s]   File "<frozen importlib._bootstrap>", line 1322, in _find_and_load_unlocked
[0.394s]   File "<frozen importlib._bootstrap>", line 1262, in _find_spec
[0.395s]   File "/home/aditya/venv-ardupilot/lib/python3.12/site-packages/_distutils_hack/__init__.py", line 109, in find_spec
[0.395s]     return method()
[0.395s]            ^^^^^^^^
[0.395s]   File "/home/aditya/venv-ardupilot/lib/python3.12/site-packages/_distutils_hack/__init__.py", line 116, in spec_for_distutils
[0.395s]     import importlib.abc
[0.395s]   File "/usr/lib/python3.12/importlib/abc.py", line 18, in <module>
[0.395s]     from .resources import abc as _resources_abc
[0.395s]   File "/usr/lib/python3.12/importlib/resources/__init__.py", line 3, in <module>
[0.396s]     from ._common import (
[0.396s]   File "/usr/lib/python3.12/importlib/resources/_common.py", line 2, in <module>
[0.396s]     import pathlib
[0.396s]   File "/usr/lib/python3.12/pathlib.py", line 19, in <module>
[0.396s]     from urllib.parse import quote_from_bytes as urlquote_from_bytes
[0.396s]   File "/usr/lib/python3.12/urllib/parse.py", line 40, in <module>
[0.396s]     import ipaddress
[0.396s]   File "<frozen importlib._bootstrap>", line 1360, in _find_and_load
[0.397s]   File "<frozen importlib._bootstrap>", line 1331, in _find_and_load_unlocked
[0.397s]   File "<frozen importlib._bootstrap>", line 935, in _load_unlocked
[0.397s]   File "<frozen importlib._bootstrap_external>", line 991, in exec_module
[0.397s]   File "<frozen importlib._bootstrap_external>", line 1087, in get_code
[0.397s]   File "<frozen importlib._bootstrap_external>", line 1186, in get_data
[0.397s] KeyboardInterrupt
[0.402s] gmake[2]: *** [CMakeFiles/ament_cmake_python_build_dexter_controller_egg.dir/build.make:70: CMakeFiles/ament_cmake_python_build_dexter_controller_egg] Interrupt
[0.402s] gmake[1]: *** [CMakeFiles/Makefile2:220: CMakeFiles/ament_cmake_python_build_dexter_controller_egg.dir/all] Interrupt
[0.403s] gmake: *** [Makefile:146: all] Interrupt
[0.406s] Invoked command in '/home/aditya/Cpps/Dexter/build/dexter_controller' returned '-2': CMAKE_PREFIX_PATH=/home/aditya/Cpps/Dexter/install/dexter_description:/home/aditya/Cpps/Dexter/install/dexter_utils:/home/aditya/Cpps/Dexter/install/dexter_bringup:/home/aditya/Cpps/Dexter/install/dexter_remote:/home/aditya/Cpps/Dexter/install/dexter_cpp_examples:/home/aditya/Cpps/Dexter/install/dexter_msgs:/home/aditya/Cpps/Dexter/install/dexter_moveit:/home/aditya/Cpps/Dexter/install/dexter_firmware:/home/aditya/Cpps/Dexter/install/dexter_controller:/home/aditya/ros2_ws/install/my_robot_bringup:/home/aditya/ros2_ws/install/my_cpp_pkg:/home/aditya/ros2_ws/install/my_robot_interfaces:/opt/ros/jazzy/opt/gz_sim_vendor:/opt/ros/jazzy/opt/gz_sensors_vendor:/opt/ros/jazzy/opt/gz_physics_vendor:/opt/ros/jazzy/opt/sdformat_vendor:/opt/ros/jazzy/opt/gz_gui_vendor:/opt/ros/jazzy/opt/gz_transport_vendor:/opt/ros/jazzy/opt/gz_rendering_vendor:/opt/ros/jazzy/opt/gz_plugin_vendor:/opt/ros/jazzy/opt/gz_fuel_tools_vendor:/opt/ros/jazzy/opt/gz_msgs_vendor:/opt/ros/jazzy/opt/gz_common_vendor:/opt/ros/jazzy/opt/gz_math_vendor:/opt/ros/jazzy/opt/gz_utils_vendor:/opt/ros/jazzy/opt/gz_tools_vendor:/opt/ros/jazzy/opt/gz_ogre_next_vendor:/opt/ros/jazzy/opt/gz_dartsim_vendor:/opt/ros/jazzy/opt/gz_cmake_vendor:/home/aditya/Cpps/Dexter/install/dexter_py_examples:/home/aditya/Cpps/Dexter/install/dexter_inventory:/home/aditya/ros2_ws/install/my_py_pkg:/opt/ros/jazzy DEBUGINFOD_URLS=https://debuginfod.ubuntu.com PS1=\[\e]0;\u@\h: \w\a\]${debian_chroot:+($debian_chroot)}\[\033[01;32m\]\u@\h\[\033[00m\]:\[\033[01;34m\]\w\[\033[00m\]\$ VIRTUAL_ENV_PROMPT=(venv-ardupilot) /usr/bin/cmake --build /home/aditya/Cpps/Dexter/build/dexter_controller -- -j28 -l28
