[0.025s] Invoking command in '/home/aditya/Cpps/Dexter/build/dexter_controller': AMENT_PREFIX_PATH=/home/aditya/Cpps/Dexter/install/dexter_description:${AMENT_PREFIX_PATH} CMAKE_PREFIX_PATH=/home/aditya/Cpps/Dexter/install/dexter_description:/home/aditya/ros2_ws/install/my_robot_bringup:/home/aditya/ros2_ws/install/my_cpp_pkg:/home/aditya/ros2_ws/install/my_robot_interfaces:/opt/ros/jazzy/opt/gz_sim_vendor:/opt/ros/jazzy/opt/gz_sensors_vendor:/opt/ros/jazzy/opt/gz_physics_vendor:/opt/ros/jazzy/opt/sdformat_vendor:/opt/ros/jazzy/opt/gz_gui_vendor:/opt/ros/jazzy/opt/gz_transport_vendor:/opt/ros/jazzy/opt/gz_rendering_vendor:/opt/ros/jazzy/opt/gz_plugin_vendor:/opt/ros/jazzy/opt/gz_fuel_tools_vendor:/opt/ros/jazzy/opt/gz_msgs_vendor:/opt/ros/jazzy/opt/gz_common_vendor:/opt/ros/jazzy/opt/gz_math_vendor:/opt/ros/jazzy/opt/gz_utils_vendor:/opt/ros/jazzy/opt/gz_tools_vendor:/opt/ros/jazzy/opt/gz_ogre_next_vendor:/opt/ros/jazzy/opt/gz_dartsim_vendor:/opt/ros/jazzy/opt/gz_cmake_vendor:/home/aditya/ros2_ws/install/my_py_pkg:/opt/ros/jazzy DEBUGINFOD_URLS=https://debuginfod.ubuntu.com VIRTUAL_ENV_PROMPT=(venv-ardupilot) /usr/bin/cmake /home/aditya/Cpps/Dexter/dexter_controller -DAMENT_CMAKE_SYMLINK_INSTALL=1 -DCMAKE_INSTALL_PREFIX=/home/aditya/Cpps/Dexter/install/dexter_controller
[0.065s] -- Found ament_cmake: 2.5.5 (/opt/ros/jazzy/share/ament_cmake/cmake)
[0.674s] -- Override CMake install command with custom implementation using symlinks instead of copying resources
[0.694s] -- Found trajectory_msgs: 5.3.6 (/opt/ros/jazzy/share/trajectory_msgs/cmake)
[0.778s] -- Found rosidl_generator_c: 4.6.7 (/opt/ros/jazzy/share/rosidl_generator_c/cmake)
[0.804s] -- Found rosidl_generator_cpp: 4.6.7 (/opt/ros/jazzy/share/rosidl_generator_cpp/cmake)
[0.837s] -- Using all available rosidl_typesupport_c: rosidl_typesupport_fastrtps_c;rosidl_typesupport_introspection_c
[0.876s] -- Using all available rosidl_typesupport_cpp: rosidl_typesupport_fastrtps_cpp;rosidl_typesupport_introspection_cpp
[1.091s] -- Found sensor_msgs: 5.3.6 (/opt/ros/jazzy/share/sensor_msgs/cmake)
[1.235s] -- Found rclcpp: 28.1.16 (/opt/ros/jazzy/share/rclcpp/cmake)
[1.339s] -- Found rmw_implementation_cmake: 7.3.3 (/opt/ros/jazzy/share/rmw_implementation_cmake/cmake)
[1.341s] -- Found rmw_fastrtps_cpp: 8.4.3 (/opt/ros/jazzy/share/rmw_fastrtps_cpp/cmake)
[1.521s] -- Using RMW implementation 'rmw_fastrtps_cpp' as default
[1.696s] -- Found rclpy: 7.1.9 (/opt/ros/jazzy/share/rclpy/cmake)
[1.697s] -- Found hardware_interface: 4.42.2 (/opt/ros/jazzy/share/hardware_interface/cmake)
[2.814s] -- Configuring done (2.8s)
[2.904s] -- Generating done (0.1s)
[2.922s] -- Build files have been written to: /home/aditya/Cpps/Dexter/build/dexter_controller
[2.947s] Invoked command in '/home/aditya/Cpps/Dexter/build/dexter_controller' returned '0': AMENT_PREFIX_PATH=/home/aditya/Cpps/Dexter/install/dexter_description:${AMENT_PREFIX_PATH} CMAKE_PREFIX_PATH=/home/aditya/Cpps/Dexter/install/dexter_description:/home/aditya/ros2_ws/install/my_robot_bringup:/home/aditya/ros2_ws/install/my_cpp_pkg:/home/aditya/ros2_ws/install/my_robot_interfaces:/opt/ros/jazzy/opt/gz_sim_vendor:/opt/ros/jazzy/opt/gz_sensors_vendor:/opt/ros/jazzy/opt/gz_physics_vendor:/opt/ros/jazzy/opt/sdformat_vendor:/opt/ros/jazzy/opt/gz_gui_vendor:/opt/ros/jazzy/opt/gz_transport_vendor:/opt/ros/jazzy/opt/gz_rendering_vendor:/opt/ros/jazzy/opt/gz_plugin_vendor:/opt/ros/jazzy/opt/gz_fuel_tools_vendor:/opt/ros/jazzy/opt/gz_msgs_vendor:/opt/ros/jazzy/opt/gz_common_vendor:/opt/ros/jazzy/opt/gz_math_vendor:/opt/ros/jazzy/opt/gz_utils_vendor:/opt/ros/jazzy/opt/gz_tools_vendor:/opt/ros/jazzy/opt/gz_ogre_next_vendor:/opt/ros/jazzy/opt/gz_dartsim_vendor:/opt/ros/jazzy/opt/gz_cmake_vendor:/home/aditya/ros2_ws/install/my_py_pkg:/opt/ros/jazzy DEBUGINFOD_URLS=https://debuginfod.ubuntu.com VIRTUAL_ENV_PROMPT=(venv-ardupilot) /usr/bin/cmake /home/aditya/Cpps/Dexter/dexter_controller -DAMENT_CMAKE_SYMLINK_INSTALL=1 -DCMAKE_INSTALL_PREFIX=/home/aditya/Cpps/Dexter/install/dexter_controller
[2.948s] Invoking command in '/home/aditya/Cpps/Dexter/build/dexter_controller': AMENT_PREFIX_PATH=/home/aditya/Cpps/Dexter/install/dexter_description:${AMENT_PREFIX_PATH} CMAKE_PREFIX_PATH=/home/aditya/Cpps/Dexter/install/dexter_description:/home/aditya/ros2_ws/install/my_robot_bringup:/home/aditya/ros2_ws/install/my_cpp_pkg:/home/aditya/ros2_ws/install/my_robot_interfaces:/opt/ros/jazzy/opt/gz_sim_vendor:/opt/ros/jazzy/opt/gz_sensors_vendor:/opt/ros/jazzy/opt/gz_physics_vendor:/opt/ros/jazzy/opt/sdformat_vendor:/opt/ros/jazzy/opt/gz_gui_vendor:/opt/ros/jazzy/opt/gz_transport_vendor:/opt/ros/jazzy/opt/gz_rendering_vendor:/opt/ros/jazzy/opt/gz_plugin_vendor:/opt/ros/jazzy/opt/gz_fuel_tools_vendor:/opt/ros/jazzy/opt/gz_msgs_vendor:/opt/ros/jazzy/opt/gz_common_vendor:/opt/ros/jazzy/opt/gz_math_vendor:/opt/ros/jazzy/opt/gz_utils_vendor:/opt/ros/jazzy/opt/gz_tools_vendor:/opt/ros/jazzy/opt/gz_ogre_next_vendor:/opt/ros/jazzy/opt/gz_dartsim_vendor:/opt/ros/jazzy/opt/gz_cmake_vendor:/home/aditya/ros2_ws/install/my_py_pkg:/opt/ros/jazzy DEBUGINFOD_URLS=https://debuginfod.ubuntu.com VIRTUAL_ENV_PROMPT=(venv-ardupilot) /usr/bin/cmake --build /home/aditya/Cpps/Dexter/build/dexter_controller -- -j28 -l28
[3.117s] [ 50%] Built target slider_control
[3.123s] [100%] Built target dexter_controller
[3.128s] [100%] Built target ament_cmake_python_symlink_dexter_controller
[3.878s] running egg_info
[3.879s] writing dexter_controller.egg-info/PKG-INFO
[3.879s] writing dependency_links to dexter_controller.egg-info/dependency_links.txt
[3.879s] writing top-level names to dexter_controller.egg-info/top_level.txt
[3.995s] reading manifest file 'dexter_controller.egg-info/SOURCES.txt'
[3.998s] writing manifest file 'dexter_controller.egg-info/SOURCES.txt'
[4.073s] [100%] Built target ament_cmake_python_build_dexter_controller_egg
[4.102s] Invoked command in '/home/aditya/Cpps/Dexter/build/dexter_controller' returned '0': AMENT_PREFIX_PATH=/home/aditya/Cpps/Dexter/install/dexter_description:${AMENT_PREFIX_PATH} CMAKE_PREFIX_PATH=/home/aditya/Cpps/Dexter/install/dexter_description:/home/aditya/ros2_ws/install/my_robot_bringup:/home/aditya/ros2_ws/install/my_cpp_pkg:/home/aditya/ros2_ws/install/my_robot_interfaces:/opt/ros/jazzy/opt/gz_sim_vendor:/opt/ros/jazzy/opt/gz_sensors_vendor:/opt/ros/jazzy/opt/gz_physics_vendor:/opt/ros/jazzy/opt/sdformat_vendor:/opt/ros/jazzy/opt/gz_gui_vendor:/opt/ros/jazzy/opt/gz_transport_vendor:/opt/ros/jazzy/opt/gz_rendering_vendor:/opt/ros/jazzy/opt/gz_plugin_vendor:/opt/ros/jazzy/opt/gz_fuel_tools_vendor:/opt/ros/jazzy/opt/gz_msgs_vendor:/opt/ros/jazzy/opt/gz_common_vendor:/opt/ros/jazzy/opt/gz_math_vendor:/opt/ros/jazzy/opt/gz_utils_vendor:/opt/ros/jazzy/opt/gz_tools_vendor:/opt/ros/jazzy/opt/gz_ogre_next_vendor:/opt/ros/jazzy/opt/gz_dartsim_vendor:/opt/ros/jazzy/opt/gz_cmake_vendor:/home/aditya/ros2_ws/install/my_py_pkg:/opt/ros/jazzy DEBUGINFOD_URLS=https://debuginfod.ubuntu.com VIRTUAL_ENV_PROMPT=(venv-ardupilot) /usr/bin/cmake --build /home/aditya/Cpps/Dexter/build/dexter_controller -- -j28 -l28
[4.115s] Invoking command in '/home/aditya/Cpps/Dexter/build/dexter_controller': AMENT_PREFIX_PATH=/home/aditya/Cpps/Dexter/install/dexter_description:${AMENT_PREFIX_PATH} CMAKE_PREFIX_PATH=/home/aditya/Cpps/Dexter/install/dexter_description:/home/aditya/ros2_ws/install/my_robot_bringup:/home/aditya/ros2_ws/install/my_cpp_pkg:/home/aditya/ros2_ws/install/my_robot_interfaces:/opt/ros/jazzy/opt/gz_sim_vendor:/opt/ros/jazzy/opt/gz_sensors_vendor:/opt/ros/jazzy/opt/gz_physics_vendor:/opt/ros/jazzy/opt/sdformat_vendor:/opt/ros/jazzy/opt/gz_gui_vendor:/opt/ros/jazzy/opt/gz_transport_vendor:/opt/ros/jazzy/opt/gz_rendering_vendor:/opt/ros/jazzy/opt/gz_plugin_vendor:/opt/ros/jazzy/opt/gz_fuel_tools_vendor:/opt/ros/jazzy/opt/gz_msgs_vendor:/opt/ros/jazzy/opt/gz_common_vendor:/opt/ros/jazzy/opt/gz_math_vendor:/opt/ros/jazzy/opt/gz_utils_vendor:/opt/ros/jazzy/opt/gz_tools_vendor:/opt/ros/jazzy/opt/gz_ogre_next_vendor:/opt/ros/jazzy/opt/gz_dartsim_vendor:/opt/ros/jazzy/opt/gz_cmake_vendor:/home/aditya/ros2_ws/install/my_py_pkg:/opt/ros/jazzy DEBUGINFOD_URLS=https://debuginfod.ubuntu.com VIRTUAL_ENV_PROMPT=(venv-ardupilot) /usr/bin/cmake --install /home/aditya/Cpps/Dexter/build/dexter_controller
[4.136s] -- Install configuration: ""
[4.138s] -- Execute custom install script
[4.138s] -- Up-to-date symlink: /home/aditya/Cpps/Dexter/install/dexter_controller/share/dexter_controller//dexter_controller.xml
[4.139s] -- Up-to-date symlink: /home/aditya/Cpps/Dexter/install/dexter_controller/share/dexter_controller/environment/pythonpath.sh
[4.139s] -- Up-to-date symlink: /home/aditya/Cpps/Dexter/install/dexter_controller/share/dexter_controller/environment/pythonpath.dsv
[4.140s] -- Up-to-date symlink: /home/aditya/Cpps/Dexter/install/dexter_controller/lib/python3.12/site-packages/dexter_controller-0.0.0-py3.12.egg-info/PKG-INFO
[4.140s] -- Up-to-date symlink: /home/aditya/Cpps/Dexter/install/dexter_controller/lib/python3.12/site-packages/dexter_controller-0.0.0-py3.12.egg-info/SOURCES.txt
[4.140s] -- Up-to-date symlink: /home/aditya/Cpps/Dexter/install/dexter_controller/lib/python3.12/site-packages/dexter_controller-0.0.0-py3.12.egg-info/dependency_links.txt
[4.141s] -- Up-to-date symlink: /home/aditya/Cpps/Dexter/install/dexter_controller/lib/python3.12/site-packages/dexter_controller-0.0.0-py3.12.egg-info/top_level.txt
[4.141s] -- Up-to-date symlink: /home/aditya/Cpps/Dexter/install/dexter_controller/lib/python3.12/site-packages/dexter_controller/__init__.py
[4.141s] -- Up-to-date symlink: /home/aditya/Cpps/Dexter/install/dexter_controller/lib/python3.12/site-packages/dexter_controller/slider_control.py
[4.142s] -- Up-to-date symlink: /home/aditya/Cpps/Dexter/install/dexter_controller/lib/dexter_controller/slider_control
[4.142s] -- Up-to-date symlink: /home/aditya/Cpps/Dexter/install/dexter_controller/lib/libdexter_controller.so
[4.143s] -- Up-to-date symlink: /home/aditya/Cpps/Dexter/install/dexter_controller/include/include/dexter_controller/dexter_interface.hpp
[4.144s] -- Up-to-date symlink: /home/aditya/Cpps/Dexter/install/dexter_controller/share/dexter_controller/launch/controller.launch.py
[4.144s] -- Up-to-date symlink: /home/aditya/Cpps/Dexter/install/dexter_controller/share/dexter_controller/launch/slider_controller.launch.py
[4.145s] -- Up-to-date symlink: /home/aditya/Cpps/Dexter/install/dexter_controller/share/dexter_controller/config/dexter_controllers.yaml
[4.145s] -- Up-to-date symlink: /home/aditya/Cpps/Dexter/install/dexter_controller/lib/dexter_controller/slider_control.py
[4.145s] -- Up-to-date symlink: /home/aditya/Cpps/Dexter/install/dexter_controller/share/dexter_controller/environment/library_path.sh
[4.145s] -- Up-to-date symlink: /home/aditya/Cpps/Dexter/install/dexter_controller/share/dexter_controller/environment/library_path.dsv
[4.146s] -- Up-to-date symlink: /home/aditya/Cpps/Dexter/install/dexter_controller/share/ament_index/resource_index/package_run_dependencies/dexter_controller
[4.146s] -- Up-to-date symlink: /home/aditya/Cpps/Dexter/install/dexter_controller/share/ament_index/resource_index/parent_prefix_path/dexter_controller
[4.146s] -- Up-to-date symlink: /home/aditya/Cpps/Dexter/install/dexter_controller/share/dexter_controller/environment/ament_prefix_path.sh
[4.147s] -- Up-to-date symlink: /home/aditya/Cpps/Dexter/install/dexter_controller/share/dexter_controller/environment/ament_prefix_path.dsv
[4.147s] -- Up-to-date symlink: /home/aditya/Cpps/Dexter/install/dexter_controller/share/dexter_controller/environment/path.sh
[4.147s] -- Up-to-date symlink: /home/aditya/Cpps/Dexter/install/dexter_controller/share/dexter_controller/environment/path.dsv
[4.148s] -- Up-to-date symlink: /home/aditya/Cpps/Dexter/install/dexter_controller/share/dexter_controller/local_setup.bash
[4.148s] -- Up-to-date symlink: /home/aditya/Cpps/Dexter/install/dexter_controller/share/dexter_controller/local_setup.sh
[4.148s] -- Up-to-date symlink: /home/aditya/Cpps/Dexter/install/dexter_controller/share/dexter_controller/local_setup.zsh
[4.148s] -- Up-to-date symlink: /home/aditya/Cpps/Dexter/install/dexter_controller/share/dexter_controller/local_setup.dsv
[4.149s] -- Symlinking: /home/aditya/Cpps/Dexter/install/dexter_controller/share/dexter_controller/package.dsv
[4.174s] -- Up-to-date symlink: /home/aditya/Cpps/Dexter/install/dexter_controller/share/ament_index/resource_index/packages/dexter_controller
[4.175s] -- Up-to-date symlink: /home/aditya/Cpps/Dexter/install/dexter_controller/share/ament_index/resource_index/hardware_interface__pluginlib__plugin/dexter_controller
[4.175s] -- Up-to-date symlink: /home/aditya/Cpps/Dexter/install/dexter_controller/share/dexter_controller/cmake/ament_cmake_export_include_directories-extras.cmake
[4.176s] -- Up-to-date symlink: /home/aditya/Cpps/Dexter/install/dexter_controller/share/dexter_controller/cmake/ament_cmake_export_libraries-extras.cmake
[4.176s] -- Up-to-date symlink: /home/aditya/Cpps/Dexter/install/dexter_controller/share/dexter_controller/cmake/ament_cmake_export_dependencies-extras.cmake
[4.176s] -- Up-to-date symlink: /home/aditya/Cpps/Dexter/install/dexter_controller/share/dexter_controller/cmake/dexter_controllerConfig.cmake
[4.176s] -- Up-to-date symlink: /home/aditya/Cpps/Dexter/install/dexter_controller/share/dexter_controller/cmake/dexter_controllerConfig-version.cmake
[4.176s] -- Up-to-date symlink: /home/aditya/Cpps/Dexter/install/dexter_controller/share/dexter_controller/package.xml
[4.284s] Listing '/home/aditya/Cpps/Dexter/install/dexter_controller/lib/python3.12/site-packages/dexter_controller'...
[4.303s] Invoked command in '/home/aditya/Cpps/Dexter/build/dexter_controller' returned '0': AMENT_PREFIX_PATH=/home/aditya/Cpps/Dexter/install/dexter_description:${AMENT_PREFIX_PATH} CMAKE_PREFIX_PATH=/home/aditya/Cpps/Dexter/install/dexter_description:/home/aditya/ros2_ws/install/my_robot_bringup:/home/aditya/ros2_ws/install/my_cpp_pkg:/home/aditya/ros2_ws/install/my_robot_interfaces:/opt/ros/jazzy/opt/gz_sim_vendor:/opt/ros/jazzy/opt/gz_sensors_vendor:/opt/ros/jazzy/opt/gz_physics_vendor:/opt/ros/jazzy/opt/sdformat_vendor:/opt/ros/jazzy/opt/gz_gui_vendor:/opt/ros/jazzy/opt/gz_transport_vendor:/opt/ros/jazzy/opt/gz_rendering_vendor:/opt/ros/jazzy/opt/gz_plugin_vendor:/opt/ros/jazzy/opt/gz_fuel_tools_vendor:/opt/ros/jazzy/opt/gz_msgs_vendor:/opt/ros/jazzy/opt/gz_common_vendor:/opt/ros/jazzy/opt/gz_math_vendor:/opt/ros/jazzy/opt/gz_utils_vendor:/opt/ros/jazzy/opt/gz_tools_vendor:/opt/ros/jazzy/opt/gz_ogre_next_vendor:/opt/ros/jazzy/opt/gz_dartsim_vendor:/opt/ros/jazzy/opt/gz_cmake_vendor:/home/aditya/ros2_ws/install/my_py_pkg:/opt/ros/jazzy DEBUGINFOD_URLS=https://debuginfod.ubuntu.com VIRTUAL_ENV_PROMPT=(venv-ardupilot) /usr/bin/cmake --install /home/aditya/Cpps/Dexter/build/dexter_controller
