[0.030s] Invoking command in '/home/aditya/Cpps/Dexter/build/dexter_controller': CMAKE_PREFIX_PATH=/home/aditya/Cpps/Dexter/install/dexter_description:/home/aditya/Cpps/Dexter/install/dexter_utils:/home/aditya/Cpps/Dexter/install/dexter_bringup:/home/aditya/Cpps/Dexter/install/dexter_remote:/home/aditya/Cpps/Dexter/install/dexter_cpp_examples:/home/aditya/Cpps/Dexter/install/dexter_msgs:/home/aditya/Cpps/Dexter/install/dexter_moveit:/home/aditya/Cpps/Dexter/install/dexter_firmware:/home/aditya/Cpps/Dexter/install/dexter_controller:/home/aditya/ros2_ws/install/my_robot_bringup:/home/aditya/ros2_ws/install/my_cpp_pkg:/home/aditya/ros2_ws/install/my_robot_interfaces:/opt/ros/jazzy/opt/gz_sim_vendor:/opt/ros/jazzy/opt/gz_sensors_vendor:/opt/ros/jazzy/opt/gz_physics_vendor:/opt/ros/jazzy/opt/sdformat_vendor:/opt/ros/jazzy/opt/gz_gui_vendor:/opt/ros/jazzy/opt/gz_transport_vendor:/opt/ros/jazzy/opt/gz_rendering_vendor:/opt/ros/jazzy/opt/gz_plugin_vendor:/opt/ros/jazzy/opt/gz_fuel_tools_vendor:/opt/ros/jazzy/opt/gz_msgs_vendor:/opt/ros/jazzy/opt/gz_common_vendor:/opt/ros/jazzy/opt/gz_math_vendor:/opt/ros/jazzy/opt/gz_utils_vendor:/opt/ros/jazzy/opt/gz_tools_vendor:/opt/ros/jazzy/opt/gz_ogre_next_vendor:/opt/ros/jazzy/opt/gz_dartsim_vendor:/opt/ros/jazzy/opt/gz_cmake_vendor:/home/aditya/Cpps/Dexter/install/dexter_py_examples:/home/aditya/Cpps/Dexter/install/dexter_inventory:/home/aditya/ros2_ws/install/my_py_pkg:/opt/ros/jazzy DEBUGINFOD_URLS=https://debuginfod.ubuntu.com PS1=\[\e]0;\u@\h: \w\a\]${debian_chroot:+($debian_chroot)}\[\033[01;32m\]\u@\h\[\033[00m\]:\[\033[01;34m\]\w\[\033[00m\]\$ VIRTUAL_ENV_PROMPT=(venv-ardupilot) /usr/bin/cmake /home/aditya/Cpps/Dexter/dexter_controller -DCMAKE_INSTALL_PREFIX=/home/aditya/Cpps/Dexter/install/dexter_controller
[0.071s] -- Found ament_cmake: 2.5.5 (/opt/ros/jazzy/share/ament_cmake/cmake)
[0.954s] -- Override CMake install command with custom implementation using symlinks instead of copying resources
[0.980s] -- Found trajectory_msgs: 5.3.6 (/opt/ros/jazzy/share/trajectory_msgs/cmake)
[1.085s] -- Found rosidl_generator_c: 4.6.7 (/opt/ros/jazzy/share/rosidl_generator_c/cmake)
[1.111s] -- Found rosidl_generator_cpp: 4.6.7 (/opt/ros/jazzy/share/rosidl_generator_cpp/cmake)
[1.147s] -- Using all available rosidl_typesupport_c: rosidl_typesupport_fastrtps_c;rosidl_typesupport_introspection_c
[1.197s] -- Using all available rosidl_typesupport_cpp: rosidl_typesupport_fastrtps_cpp;rosidl_typesupport_introspection_cpp
[1.501s] -- Found sensor_msgs: 5.3.6 (/opt/ros/jazzy/share/sensor_msgs/cmake)
[1.652s] -- Found rclcpp: 28.1.16 (/opt/ros/jazzy/share/rclcpp/cmake)
[1.802s] -- Found rmw_implementation_cmake: 7.3.3 (/opt/ros/jazzy/share/rmw_implementation_cmake/cmake)
[1.812s] -- Found rmw_fastrtps_cpp: 8.4.3 (/opt/ros/jazzy/share/rmw_fastrtps_cpp/cmake)
[2.089s] -- Using RMW implementation 'rmw_fastrtps_cpp' as default
[2.416s] -- Found rclpy: 7.1.9 (/opt/ros/jazzy/share/rclpy/cmake)
[2.417s] -- Found hardware_interface: 4.42.2 (/opt/ros/jazzy/share/hardware_interface/cmake)
[4.041s] -- Configuring done (4.0s)
[4.145s] -- Generating done (0.1s)
[4.169s] -- Build files have been written to: /home/aditya/Cpps/Dexter/build/dexter_controller
[4.203s] Invoked command in '/home/aditya/Cpps/Dexter/build/dexter_controller' returned '0': CMAKE_PREFIX_PATH=/home/aditya/Cpps/Dexter/install/dexter_description:/home/aditya/Cpps/Dexter/install/dexter_utils:/home/aditya/Cpps/Dexter/install/dexter_bringup:/home/aditya/Cpps/Dexter/install/dexter_remote:/home/aditya/Cpps/Dexter/install/dexter_cpp_examples:/home/aditya/Cpps/Dexter/install/dexter_msgs:/home/aditya/Cpps/Dexter/install/dexter_moveit:/home/aditya/Cpps/Dexter/install/dexter_firmware:/home/aditya/Cpps/Dexter/install/dexter_controller:/home/aditya/ros2_ws/install/my_robot_bringup:/home/aditya/ros2_ws/install/my_cpp_pkg:/home/aditya/ros2_ws/install/my_robot_interfaces:/opt/ros/jazzy/opt/gz_sim_vendor:/opt/ros/jazzy/opt/gz_sensors_vendor:/opt/ros/jazzy/opt/gz_physics_vendor:/opt/ros/jazzy/opt/sdformat_vendor:/opt/ros/jazzy/opt/gz_gui_vendor:/opt/ros/jazzy/opt/gz_transport_vendor:/opt/ros/jazzy/opt/gz_rendering_vendor:/opt/ros/jazzy/opt/gz_plugin_vendor:/opt/ros/jazzy/opt/gz_fuel_tools_vendor:/opt/ros/jazzy/opt/gz_msgs_vendor:/opt/ros/jazzy/opt/gz_common_vendor:/opt/ros/jazzy/opt/gz_math_vendor:/opt/ros/jazzy/opt/gz_utils_vendor:/opt/ros/jazzy/opt/gz_tools_vendor:/opt/ros/jazzy/opt/gz_ogre_next_vendor:/opt/ros/jazzy/opt/gz_dartsim_vendor:/opt/ros/jazzy/opt/gz_cmake_vendor:/home/aditya/Cpps/Dexter/install/dexter_py_examples:/home/aditya/Cpps/Dexter/install/dexter_inventory:/home/aditya/ros2_ws/install/my_py_pkg:/opt/ros/jazzy DEBUGINFOD_URLS=https://debuginfod.ubuntu.com PS1=\[\e]0;\u@\h: \w\a\]${debian_chroot:+($debian_chroot)}\[\033[01;32m\]\u@\h\[\033[00m\]:\[\033[01;34m\]\w\[\033[00m\]\$ VIRTUAL_ENV_PROMPT=(venv-ardupilot) /usr/bin/cmake /home/aditya/Cpps/Dexter/dexter_controller -DCMAKE_INSTALL_PREFIX=/home/aditya/Cpps/Dexter/install/dexter_controller
[4.207s] Invoking command in '/home/aditya/Cpps/Dexter/build/dexter_controller': CMAKE_PREFIX_PATH=/home/aditya/Cpps/Dexter/install/dexter_description:/home/aditya/Cpps/Dexter/install/dexter_utils:/home/aditya/Cpps/Dexter/install/dexter_bringup:/home/aditya/Cpps/Dexter/install/dexter_remote:/home/aditya/Cpps/Dexter/install/dexter_cpp_examples:/home/aditya/Cpps/Dexter/install/dexter_msgs:/home/aditya/Cpps/Dexter/install/dexter_moveit:/home/aditya/Cpps/Dexter/install/dexter_firmware:/home/aditya/Cpps/Dexter/install/dexter_controller:/home/aditya/ros2_ws/install/my_robot_bringup:/home/aditya/ros2_ws/install/my_cpp_pkg:/home/aditya/ros2_ws/install/my_robot_interfaces:/opt/ros/jazzy/opt/gz_sim_vendor:/opt/ros/jazzy/opt/gz_sensors_vendor:/opt/ros/jazzy/opt/gz_physics_vendor:/opt/ros/jazzy/opt/sdformat_vendor:/opt/ros/jazzy/opt/gz_gui_vendor:/opt/ros/jazzy/opt/gz_transport_vendor:/opt/ros/jazzy/opt/gz_rendering_vendor:/opt/ros/jazzy/opt/gz_plugin_vendor:/opt/ros/jazzy/opt/gz_fuel_tools_vendor:/opt/ros/jazzy/opt/gz_msgs_vendor:/opt/ros/jazzy/opt/gz_common_vendor:/opt/ros/jazzy/opt/gz_math_vendor:/opt/ros/jazzy/opt/gz_utils_vendor:/opt/ros/jazzy/opt/gz_tools_vendor:/opt/ros/jazzy/opt/gz_ogre_next_vendor:/opt/ros/jazzy/opt/gz_dartsim_vendor:/opt/ros/jazzy/opt/gz_cmake_vendor:/home/aditya/Cpps/Dexter/install/dexter_py_examples:/home/aditya/Cpps/Dexter/install/dexter_inventory:/home/aditya/ros2_ws/install/my_py_pkg:/opt/ros/jazzy DEBUGINFOD_URLS=https://debuginfod.ubuntu.com PS1=\[\e]0;\u@\h: \w\a\]${debian_chroot:+($debian_chroot)}\[\033[01;32m\]\u@\h\[\033[00m\]:\[\033[01;34m\]\w\[\033[00m\]\$ VIRTUAL_ENV_PROMPT=(venv-ardupilot) /usr/bin/cmake --build /home/aditya/Cpps/Dexter/build/dexter_controller -- -j28 -l28
[4.399s] [ 50%] Built target slider_control
[4.399s] [100%] Built target dexter_controller
[4.406s] [100%] Built target ament_cmake_python_symlink_dexter_controller
[5.370s] running egg_info
[5.436s] writing dexter_controller.egg-info/PKG-INFO
[5.437s] writing dependency_links to dexter_controller.egg-info/dependency_links.txt
[5.437s] writing top-level names to dexter_controller.egg-info/top_level.txt
[5.674s] reading manifest file 'dexter_controller.egg-info/SOURCES.txt'
[5.687s] writing manifest file 'dexter_controller.egg-info/SOURCES.txt'
[5.792s] [100%] Built target ament_cmake_python_build_dexter_controller_egg
[5.838s] Invoked command in '/home/aditya/Cpps/Dexter/build/dexter_controller' returned '0': CMAKE_PREFIX_PATH=/home/aditya/Cpps/Dexter/install/dexter_description:/home/aditya/Cpps/Dexter/install/dexter_utils:/home/aditya/Cpps/Dexter/install/dexter_bringup:/home/aditya/Cpps/Dexter/install/dexter_remote:/home/aditya/Cpps/Dexter/install/dexter_cpp_examples:/home/aditya/Cpps/Dexter/install/dexter_msgs:/home/aditya/Cpps/Dexter/install/dexter_moveit:/home/aditya/Cpps/Dexter/install/dexter_firmware:/home/aditya/Cpps/Dexter/install/dexter_controller:/home/aditya/ros2_ws/install/my_robot_bringup:/home/aditya/ros2_ws/install/my_cpp_pkg:/home/aditya/ros2_ws/install/my_robot_interfaces:/opt/ros/jazzy/opt/gz_sim_vendor:/opt/ros/jazzy/opt/gz_sensors_vendor:/opt/ros/jazzy/opt/gz_physics_vendor:/opt/ros/jazzy/opt/sdformat_vendor:/opt/ros/jazzy/opt/gz_gui_vendor:/opt/ros/jazzy/opt/gz_transport_vendor:/opt/ros/jazzy/opt/gz_rendering_vendor:/opt/ros/jazzy/opt/gz_plugin_vendor:/opt/ros/jazzy/opt/gz_fuel_tools_vendor:/opt/ros/jazzy/opt/gz_msgs_vendor:/opt/ros/jazzy/opt/gz_common_vendor:/opt/ros/jazzy/opt/gz_math_vendor:/opt/ros/jazzy/opt/gz_utils_vendor:/opt/ros/jazzy/opt/gz_tools_vendor:/opt/ros/jazzy/opt/gz_ogre_next_vendor:/opt/ros/jazzy/opt/gz_dartsim_vendor:/opt/ros/jazzy/opt/gz_cmake_vendor:/home/aditya/Cpps/Dexter/install/dexter_py_examples:/home/aditya/Cpps/Dexter/install/dexter_inventory:/home/aditya/ros2_ws/install/my_py_pkg:/opt/ros/jazzy DEBUGINFOD_URLS=https://debuginfod.ubuntu.com PS1=\[\e]0;\u@\h: \w\a\]${debian_chroot:+($debian_chroot)}\[\033[01;32m\]\u@\h\[\033[00m\]:\[\033[01;34m\]\w\[\033[00m\]\$ VIRTUAL_ENV_PROMPT=(venv-ardupilot) /usr/bin/cmake --build /home/aditya/Cpps/Dexter/build/dexter_controller -- -j28 -l28
[5.855s] Invoking command in '/home/aditya/Cpps/Dexter/build/dexter_controller': CMAKE_PREFIX_PATH=/home/aditya/Cpps/Dexter/install/dexter_description:/home/aditya/Cpps/Dexter/install/dexter_utils:/home/aditya/Cpps/Dexter/install/dexter_bringup:/home/aditya/Cpps/Dexter/install/dexter_remote:/home/aditya/Cpps/Dexter/install/dexter_cpp_examples:/home/aditya/Cpps/Dexter/install/dexter_msgs:/home/aditya/Cpps/Dexter/install/dexter_moveit:/home/aditya/Cpps/Dexter/install/dexter_firmware:/home/aditya/Cpps/Dexter/install/dexter_controller:/home/aditya/ros2_ws/install/my_robot_bringup:/home/aditya/ros2_ws/install/my_cpp_pkg:/home/aditya/ros2_ws/install/my_robot_interfaces:/opt/ros/jazzy/opt/gz_sim_vendor:/opt/ros/jazzy/opt/gz_sensors_vendor:/opt/ros/jazzy/opt/gz_physics_vendor:/opt/ros/jazzy/opt/sdformat_vendor:/opt/ros/jazzy/opt/gz_gui_vendor:/opt/ros/jazzy/opt/gz_transport_vendor:/opt/ros/jazzy/opt/gz_rendering_vendor:/opt/ros/jazzy/opt/gz_plugin_vendor:/opt/ros/jazzy/opt/gz_fuel_tools_vendor:/opt/ros/jazzy/opt/gz_msgs_vendor:/opt/ros/jazzy/opt/gz_common_vendor:/opt/ros/jazzy/opt/gz_math_vendor:/opt/ros/jazzy/opt/gz_utils_vendor:/opt/ros/jazzy/opt/gz_tools_vendor:/opt/ros/jazzy/opt/gz_ogre_next_vendor:/opt/ros/jazzy/opt/gz_dartsim_vendor:/opt/ros/jazzy/opt/gz_cmake_vendor:/home/aditya/Cpps/Dexter/install/dexter_py_examples:/home/aditya/Cpps/Dexter/install/dexter_inventory:/home/aditya/ros2_ws/install/my_py_pkg:/opt/ros/jazzy DEBUGINFOD_URLS=https://debuginfod.ubuntu.com PS1=\[\e]0;\u@\h: \w\a\]${debian_chroot:+($debian_chroot)}\[\033[01;32m\]\u@\h\[\033[00m\]:\[\033[01;34m\]\w\[\033[00m\]\$ VIRTUAL_ENV_PROMPT=(venv-ardupilot) /usr/bin/cmake --install /home/aditya/Cpps/Dexter/build/dexter_controller
[5.884s] -- Install configuration: ""
[5.886s] -- Execute custom install script
[5.888s] -- Up-to-date symlink: /home/aditya/Cpps/Dexter/install/dexter_controller/share/dexter_controller//dexter_controller.xml
[5.888s] -- Up-to-date symlink: /home/aditya/Cpps/Dexter/install/dexter_controller/share/dexter_controller/environment/pythonpath.sh
[5.888s] -- Up-to-date symlink: /home/aditya/Cpps/Dexter/install/dexter_controller/share/dexter_controller/environment/pythonpath.dsv
[5.889s] -- Up-to-date symlink: /home/aditya/Cpps/Dexter/install/dexter_controller/lib/python3.12/site-packages/dexter_controller-0.0.0-py3.12.egg-info/PKG-INFO
[5.889s] -- Up-to-date symlink: /home/aditya/Cpps/Dexter/install/dexter_controller/lib/python3.12/site-packages/dexter_controller-0.0.0-py3.12.egg-info/SOURCES.txt
[5.889s] -- Up-to-date symlink: /home/aditya/Cpps/Dexter/install/dexter_controller/lib/python3.12/site-packages/dexter_controller-0.0.0-py3.12.egg-info/dependency_links.txt
[5.890s] -- Up-to-date symlink: /home/aditya/Cpps/Dexter/install/dexter_controller/lib/python3.12/site-packages/dexter_controller-0.0.0-py3.12.egg-info/top_level.txt
[5.892s] -- Up-to-date symlink: /home/aditya/Cpps/Dexter/install/dexter_controller/lib/python3.12/site-packages/dexter_controller/__init__.py
[5.892s] -- Up-to-date symlink: /home/aditya/Cpps/Dexter/install/dexter_controller/lib/python3.12/site-packages/dexter_controller/slider_control.py
[5.893s] -- Up-to-date symlink: /home/aditya/Cpps/Dexter/install/dexter_controller/lib/dexter_controller/slider_control
[5.894s] -- Up-to-date symlink: /home/aditya/Cpps/Dexter/install/dexter_controller/lib/libdexter_controller.so
[5.894s] -- Up-to-date symlink: /home/aditya/Cpps/Dexter/install/dexter_controller/include/include/dexter_controller/dexter_interface.hpp
[5.895s] -- Up-to-date symlink: /home/aditya/Cpps/Dexter/install/dexter_controller/share/dexter_controller/launch/controller.launch.py
[5.896s] -- Up-to-date symlink: /home/aditya/Cpps/Dexter/install/dexter_controller/share/dexter_controller/launch/slider_controller.launch.py
[5.896s] -- Up-to-date symlink: /home/aditya/Cpps/Dexter/install/dexter_controller/share/dexter_controller/config/dexter_controllers.yaml
[5.897s] -- Up-to-date symlink: /home/aditya/Cpps/Dexter/install/dexter_controller/lib/dexter_controller/slider_control.py
[5.897s] -- Up-to-date symlink: /home/aditya/Cpps/Dexter/install/dexter_controller/share/dexter_controller/environment/library_path.sh
[5.898s] -- Up-to-date symlink: /home/aditya/Cpps/Dexter/install/dexter_controller/share/dexter_controller/environment/library_path.dsv
[5.898s] -- Up-to-date symlink: /home/aditya/Cpps/Dexter/install/dexter_controller/share/ament_index/resource_index/package_run_dependencies/dexter_controller
[5.898s] -- Up-to-date symlink: /home/aditya/Cpps/Dexter/install/dexter_controller/share/ament_index/resource_index/parent_prefix_path/dexter_controller
[5.899s] -- Up-to-date symlink: /home/aditya/Cpps/Dexter/install/dexter_controller/share/dexter_controller/environment/ament_prefix_path.sh
[5.899s] -- Up-to-date symlink: /home/aditya/Cpps/Dexter/install/dexter_controller/share/dexter_controller/environment/ament_prefix_path.dsv
[5.900s] -- Up-to-date symlink: /home/aditya/Cpps/Dexter/install/dexter_controller/share/dexter_controller/environment/path.sh
[5.900s] -- Up-to-date symlink: /home/aditya/Cpps/Dexter/install/dexter_controller/share/dexter_controller/environment/path.dsv
[5.901s] -- Up-to-date symlink: /home/aditya/Cpps/Dexter/install/dexter_controller/share/dexter_controller/local_setup.bash
[5.901s] -- Up-to-date symlink: /home/aditya/Cpps/Dexter/install/dexter_controller/share/dexter_controller/local_setup.sh
[5.901s] -- Up-to-date symlink: /home/aditya/Cpps/Dexter/install/dexter_controller/share/dexter_controller/local_setup.zsh
[5.902s] -- Up-to-date symlink: /home/aditya/Cpps/Dexter/install/dexter_controller/share/dexter_controller/local_setup.dsv
[5.902s] -- Symlinking: /home/aditya/Cpps/Dexter/install/dexter_controller/share/dexter_controller/package.dsv
[5.934s] -- Up-to-date symlink: /home/aditya/Cpps/Dexter/install/dexter_controller/share/ament_index/resource_index/packages/dexter_controller
[5.935s] -- Up-to-date symlink: /home/aditya/Cpps/Dexter/install/dexter_controller/share/ament_index/resource_index/hardware_interface__pluginlib__plugin/dexter_controller
[5.936s] -- Up-to-date symlink: /home/aditya/Cpps/Dexter/install/dexter_controller/share/dexter_controller/cmake/ament_cmake_export_include_directories-extras.cmake
[5.937s] -- Up-to-date symlink: /home/aditya/Cpps/Dexter/install/dexter_controller/share/dexter_controller/cmake/ament_cmake_export_libraries-extras.cmake
[5.937s] -- Up-to-date symlink: /home/aditya/Cpps/Dexter/install/dexter_controller/share/dexter_controller/cmake/ament_cmake_export_dependencies-extras.cmake
[5.937s] -- Up-to-date symlink: /home/aditya/Cpps/Dexter/install/dexter_controller/share/dexter_controller/cmake/dexter_controllerConfig.cmake
[5.937s] -- Up-to-date symlink: /home/aditya/Cpps/Dexter/install/dexter_controller/share/dexter_controller/cmake/dexter_controllerConfig-version.cmake
[5.938s] -- Up-to-date symlink: /home/aditya/Cpps/Dexter/install/dexter_controller/share/dexter_controller/package.xml
[6.064s] Listing '/home/aditya/Cpps/Dexter/install/dexter_controller/lib/python3.12/site-packages/dexter_controller'...
[6.103s] Invoked command in '/home/aditya/Cpps/Dexter/build/dexter_controller' returned '0': CMAKE_PREFIX_PATH=/home/aditya/Cpps/Dexter/install/dexter_description:/home/aditya/Cpps/Dexter/install/dexter_utils:/home/aditya/Cpps/Dexter/install/dexter_bringup:/home/aditya/Cpps/Dexter/install/dexter_remote:/home/aditya/Cpps/Dexter/install/dexter_cpp_examples:/home/aditya/Cpps/Dexter/install/dexter_msgs:/home/aditya/Cpps/Dexter/install/dexter_moveit:/home/aditya/Cpps/Dexter/install/dexter_firmware:/home/aditya/Cpps/Dexter/install/dexter_controller:/home/aditya/ros2_ws/install/my_robot_bringup:/home/aditya/ros2_ws/install/my_cpp_pkg:/home/aditya/ros2_ws/install/my_robot_interfaces:/opt/ros/jazzy/opt/gz_sim_vendor:/opt/ros/jazzy/opt/gz_sensors_vendor:/opt/ros/jazzy/opt/gz_physics_vendor:/opt/ros/jazzy/opt/sdformat_vendor:/opt/ros/jazzy/opt/gz_gui_vendor:/opt/ros/jazzy/opt/gz_transport_vendor:/opt/ros/jazzy/opt/gz_rendering_vendor:/opt/ros/jazzy/opt/gz_plugin_vendor:/opt/ros/jazzy/opt/gz_fuel_tools_vendor:/opt/ros/jazzy/opt/gz_msgs_vendor:/opt/ros/jazzy/opt/gz_common_vendor:/opt/ros/jazzy/opt/gz_math_vendor:/opt/ros/jazzy/opt/gz_utils_vendor:/opt/ros/jazzy/opt/gz_tools_vendor:/opt/ros/jazzy/opt/gz_ogre_next_vendor:/opt/ros/jazzy/opt/gz_dartsim_vendor:/opt/ros/jazzy/opt/gz_cmake_vendor:/home/aditya/Cpps/Dexter/install/dexter_py_examples:/home/aditya/Cpps/Dexter/install/dexter_inventory:/home/aditya/ros2_ws/install/my_py_pkg:/opt/ros/jazzy DEBUGINFOD_URLS=https://debuginfod.ubuntu.com PS1=\[\e]0;\u@\h: \w\a\]${debian_chroot:+($debian_chroot)}\[\033[01;32m\]\u@\h\[\033[00m\]:\[\033[01;34m\]\w\[\033[00m\]\$ VIRTUAL_ENV_PROMPT=(venv-ardupilot) /usr/bin/cmake --install /home/aditya/Cpps/Dexter/build/dexter_controller
