[0.000000] (-) TimerEvent: {}
[0.000078] (-) JobUnselected: {'identifier': 'dexter_bringup'}
[0.000119] (-) JobUnselected: {'identifier': 'dexter_controller'}
[0.000142] (-) JobUnselected: {'identifier': 'dexter_cpp_examples'}
[0.000159] (-) JobUnselected: {'identifier': 'dexter_description'}
[0.000174] (-) JobUnselected: {'identifier': 'dexter_firmware'}
[0.000187] (-) JobUnselected: {'identifier': 'dexter_inventory'}
[0.000213] (-) JobUnselected: {'identifier': 'dexter_moveit'}
[0.000228] (-) JobUnselected: {'identifier': 'dexter_msgs'}
[0.000243] (-) JobUnselected: {'identifier': 'dexter_py_examples'}
[0.000256] (-) JobUnselected: {'identifier': 'dexter_utils'}
[0.000272] (dexter_remote) JobQueued: {'identifier': 'dexter_remote', 'dependencies': OrderedDict({'dexter_description': '/home/aditya/Cpps/Dexter/install/dexter_description', 'dexter_msgs': '/home/aditya/Cpps/Dexter/install/dexter_msgs', 'dexter_moveit': '/home/aditya/Cpps/Dexter/install/dexter_moveit', 'dexter_inventory': '/home/aditya/Cpps/Dexter/install/dexter_inventory'})}
[0.000303] (dexter_remote) JobStarted: {'identifier': 'dexter_remote'}
[0.022744] (dexter_remote) JobProgress: {'identifier': 'dexter_remote', 'progress': 'cmake'}
[0.023325] (dexter_remote) Command: {'cmd': ['/usr/bin/cmake', '/home/aditya/Cpps/Dexter/dexter_remote', '-DAMENT_CMAKE_SYMLINK_INSTALL=1', '-DCMAKE_INSTALL_PREFIX=/home/aditya/Cpps/Dexter/install/dexter_remote'], 'cwd': '/home/aditya/Cpps/Dexter/build/dexter_remote', 'env': OrderedDict({'GJS_DEBUG_TOPICS': 'JS ERROR;JS LOG', 'LESSOPEN': '| /usr/bin/lesspipe %s', 'GZ_SIM_RESOURCE_PATH': '/opt/ros/jazzy/share', 'no_proxy': '127.0.0.1,localhost,::1', 'LANGUAGE': 'en_IN:en', 'OPENCODE_SERVER_USERNAME': 'opencode', 'USER': 'aditya', 'GZ_CONFIG_PATH': '/opt/ros/jazzy/opt/gz_sim_vendor/share/gz:/opt/ros/jazzy/opt/sdformat_vendor/share/gz:/opt/ros/jazzy/opt/gz_gui_vendor/share/gz:/opt/ros/jazzy/opt/gz_transport_vendor/share/gz:/opt/ros/jazzy/opt/gz_rendering_vendor/share/gz:/opt/ros/jazzy/opt/gz_plugin_vendor/share/gz:/opt/ros/jazzy/opt/gz_fuel_tools_vendor/share/gz:/opt/ros/jazzy/opt/gz_msgs_vendor/share/gz:/opt/ros/jazzy/opt/gz_common_vendor/share/gz', 'AGENT': '1', 'XDG_SESSION_TYPE': 'x11', 'CLUTTER_DISABLE_MIPMAPPED_TEXT': '1', 'SHLVL': '1', 'LD_LIBRARY_PATH': '/home/aditya/Cpps/Dexter/install/dexter_msgs/lib:/home/aditya/ros2_ws/install/my_robot_interfaces/lib:/opt/ros/jazzy/opt/gz_sim_vendor/lib:/opt/ros/jazzy/opt/gz_sensors_vendor/lib:/opt/ros/jazzy/opt/gz_physics_vendor/lib:/opt/ros/jazzy/opt/sdformat_vendor/lib:/opt/ros/jazzy/opt/rviz_ogre_vendor/lib:/opt/ros/jazzy/lib/x86_64-linux-gnu:/opt/ros/jazzy/opt/gz_gui_vendor/lib:/opt/ros/jazzy/opt/gz_transport_vendor/lib:/opt/ros/jazzy/opt/gz_rendering_vendor/lib:/opt/ros/jazzy/opt/gz_plugin_vendor/lib:/opt/ros/jazzy/opt/gz_fuel_tools_vendor/lib:/opt/ros/jazzy/opt/gz_msgs_vendor/lib:/opt/ros/jazzy/opt/gz_common_vendor/lib:/opt/ros/jazzy/opt/gz_math_vendor/lib:/opt/ros/jazzy/opt/gz_utils_vendor/lib:/opt/ros/jazzy/opt/gz_tools_vendor/lib:/opt/ros/jazzy/opt/gz_ogre_next_vendor/lib:/opt/ros/jazzy/opt/gz_dartsim_vendor/lib:/opt/ros/jazzy/opt/gz_cmake_vendor/lib:/opt/ros/jazzy/lib', 'HOME': '/home/aditya', 'OLDPWD': '/home/aditya/Cpps', 'DESKTOP_SESSION': 'ubuntu', 'NO_PROXY': '127.0.0.1,localhost,::1', 'GIO_LAUNCHED_DESKTOP_FILE': '/usr/share/applications/OpenCode.desktop', 'ROS_PYTHON_VERSION': '3', 'GNOME_SHELL_SESSION_MODE': 'ubuntu', 'GTK_MODULES': 'gail:atk-bridge', 'MANAGERPID': '3042', 'SYSTEMD_EXEC_PID': '3472', 'GSM_SKIP_SSH_AGENT_WORKAROUND': 'true', 'XDG_STATE_HOME': '/home/aditya/.local/share/ai.opencode.desktop/', 'DBUS_SESSION_BUS_ADDRESS': 'unix:path=/run/user/1000/bus', 'GIO_LAUNCHED_DESKTOP_FILE_PID': '7789', 'DEBUGINFOD_URLS': 'https://debuginfod.ubuntu.com', 'COLCON_PREFIX_PATH': '/home/aditya/ros2_ws/install', 'ROS_DISTRO': 'jazzy', 'LOGNAME': 'aditya', 'OPENCODE_CLIENT': 'desktop', 'JOURNAL_STREAM': '8:46461', '_': '/usr/bin/colcon', 'ROS_VERSION': '2', 'MEMORY_PRESSURE_WATCH': '/sys/fs/cgroup/user.slice/user-1000.slice/user@1000.service/session.slice/org.gnome.Shell@x11.service/memory.pressure', 'XDG_SESSION_CLASS': 'user', 'USERNAME': 'aditya', 'GNOME_DESKTOP_SESSION_ID': 'this-is-deprecated', 'WINDOWPATH': '2', 'OPENCODE': '1', 'PATH': '/usr/lib/ccache:/home/aditya/ardupilot/Tools/autotest:/opt/gcc-arm-none-eabi-10-2020-q4-major/bin:/home/aditya/venv-ardupilot/bin:/home/aditya/.local/bin:/usr/lib/ccache:/home/aditya/ardupilot/Tools/autotest:/opt/gcc-arm-none-eabi-10-2020-q4-major/bin:/home/aditya/venv-ardupilot/bin:/home/aditya/.local/bin:/opt/ros/jazzy/opt/gz_msgs_vendor/bin:/opt/ros/jazzy/opt/gz_tools_vendor/bin:/opt/ros/jazzy/opt/gz_ogre_next_vendor/bin:/opt/ros/jazzy/bin:/usr/lib/ccache:/home/aditya/ardupilot/Tools/autotest:/opt/gcc-arm-none-eabi-10-2020-q4-major/bin:/home/aditya/venv-ardupilot/bin:/home/aditya/.local/bin:/usr/local/sbin:/usr/local/bin:/usr/sbin:/usr/bin:/sbin:/bin:/usr/games:/usr/local/games:/snap/bin:/snap/bin', 'SESSION_MANAGER': 'local/LoopingOutlaw:@/tmp/.ICE-unix/3400,unix/LoopingOutlaw:/tmp/.ICE-unix/3400', 'INVOCATION_ID': '817e26ddbb1243b59d5e6eb4b9982978', 'OPENCODE_SERVER_PASSWORD': 'dc214394-065f-430a-b4be-bb0c3f63204b', 'GTK3_MODULES': 'xapp-gtk3-module', 'XDG_MENU_PREFIX': 'gnome-', 'XDG_RUNTIME_DIR': '/run/user/1000', 'OPENCODE_EXPERIMENTAL_FILEWATCHER': 'true', 'DISPLAY': ':1', 'OPENCODE_PID': '7919', 'LANG': 'en_US.UTF-8', 'XDG_CURRENT_DESKTOP': 'ubuntu:GNOME', 'OPENCODE_EXPERIMENTAL_ICON_DISCOVERY': 'true', 'VIRTUAL_ENV_PROMPT': '(venv-ardupilot)', 'XMODIFIERS': '@im=ibus', 'XDG_SESSION_DESKTOP': 'ubuntu', 'XAUTHORITY': '/run/user/1000/gdm/Xauthority', 'LS_COLORS': '', 'SSH_AUTH_SOCK': '/run/user/1000/keyring/ssh', 'AMENT_PREFIX_PATH': '/home/aditya/Cpps/Dexter/install/dexter_inventory:/home/aditya/Cpps/Dexter/install/dexter_moveit:/home/aditya/Cpps/Dexter/install/dexter_msgs:/home/aditya/Cpps/Dexter/install/dexter_description:/home/aditya/ros2_ws/install/my_robot_bringup:/home/aditya/ros2_ws/install/my_py_pkg:/home/aditya/ros2_ws/install/my_cpp_pkg:/home/aditya/ros2_ws/install/my_robot_interfaces:/opt/ros/jazzy', 'SHELL': '/bin/bash', 'QT_ACCESSIBILITY': '1', 'GDMSESSION': 'ubuntu', 'LESSCLOSE': '/usr/bin/lesspipe %s %s', 'GPG_AGENT_INFO': '/run/user/1000/gnupg/S.gpg-agent:0:1', 'GJS_DEBUG_OUTPUT': 'stderr', 'VIRTUAL_ENV': '/home/aditya/venv-ardupilot', 'ROS_AUTOMATIC_DISCOVERY_RANGE': 'SUBNET', 'QT_IM_MODULE': 'ibus', 'PWD': '/home/aditya/Cpps/Dexter/build/dexter_remote', 'LC_ALL': 'en_US.UTF-8', 'XDG_CONFIG_DIRS': '/etc/xdg/xdg-ubuntu:/etc/xdg', 'XDG_DATA_DIRS': '/usr/share/ubuntu:/usr/share/gnome:/usr/local/share/:/usr/share/:/var/lib/snapd/desktop', 'QTWEBENGINE_DICTIONARIES_PATH': '/usr/share/hunspell-bdic/', 'PYTHONPATH': '/home/aditya/Cpps/Dexter/build/dexter_inventory:/home/aditya/Cpps/Dexter/install/dexter_inventory/lib/python3.12/site-packages:/home/aditya/Cpps/Dexter/install/dexter_msgs/lib/python3.12/site-packages:/home/aditya/ros2_ws/install/my_py_pkg/lib/python3.12/site-packages:/home/aditya/ros2_ws/install/my_robot_interfaces/lib/python3.12/site-packages:/opt/ros/jazzy/lib/python3.12/site-packages', 'COLCON': '1', 'MEMORY_PRESSURE_WRITE': 'c29tZSAyMDAwMDAgMjAwMDAwMAA=', 'CMAKE_PREFIX_PATH': '/home/aditya/Cpps/Dexter/install/dexter_moveit:/home/aditya/Cpps/Dexter/install/dexter_msgs:/home/aditya/Cpps/Dexter/install/dexter_description:/home/aditya/ros2_ws/install/my_robot_bringup:/home/aditya/ros2_ws/install/my_cpp_pkg:/home/aditya/ros2_ws/install/my_robot_interfaces:/opt/ros/jazzy/opt/gz_sim_vendor:/opt/ros/jazzy/opt/gz_sensors_vendor:/opt/ros/jazzy/opt/gz_physics_vendor:/opt/ros/jazzy/opt/sdformat_vendor:/opt/ros/jazzy/opt/gz_gui_vendor:/opt/ros/jazzy/opt/gz_transport_vendor:/opt/ros/jazzy/opt/gz_rendering_vendor:/opt/ros/jazzy/opt/gz_plugin_vendor:/opt/ros/jazzy/opt/gz_fuel_tools_vendor:/opt/ros/jazzy/opt/gz_msgs_vendor:/opt/ros/jazzy/opt/gz_common_vendor:/opt/ros/jazzy/opt/gz_math_vendor:/opt/ros/jazzy/opt/gz_utils_vendor:/opt/ros/jazzy/opt/gz_tools_vendor:/opt/ros/jazzy/opt/gz_ogre_next_vendor:/opt/ros/jazzy/opt/gz_dartsim_vendor:/opt/ros/jazzy/opt/gz_cmake_vendor:/home/aditya/ros2_ws/install/my_py_pkg:/opt/ros/jazzy'}), 'shell': False}
[0.098506] (-) TimerEvent: {}
[0.157697] (dexter_remote) StdoutLine: {'line': b'-- The C compiler identification is GNU 13.3.0\n'}
[0.198654] (-) TimerEvent: {}
[0.299007] (dexter_remote) StdoutLine: {'line': b'-- The CXX compiler identification is GNU 13.3.0\n'}
[0.299399] (-) TimerEvent: {}
[0.346603] (dexter_remote) StdoutLine: {'line': b'-- Detecting C compiler ABI info\n'}
[0.399660] (-) TimerEvent: {}
[0.500049] (-) TimerEvent: {}
[0.600515] (-) TimerEvent: {}
[0.602434] (dexter_remote) StdoutLine: {'line': b'-- Detecting C compiler ABI info - done\n'}
[0.630805] (dexter_remote) StdoutLine: {'line': b'-- Check for working C compiler: /usr/bin/cc - skipped\n'}
[0.632427] (dexter_remote) StdoutLine: {'line': b'-- Detecting C compile features\n'}
[0.634175] (dexter_remote) StdoutLine: {'line': b'-- Detecting C compile features - done\n'}
[0.660521] (dexter_remote) StdoutLine: {'line': b'-- Detecting CXX compiler ABI info\n'}
[0.700657] (-) TimerEvent: {}
[0.800997] (-) TimerEvent: {}
[0.901407] (-) TimerEvent: {}
[0.919563] (dexter_remote) StdoutLine: {'line': b'-- Detecting CXX compiler ABI info - done\n'}
[0.947775] (dexter_remote) StdoutLine: {'line': b'-- Check for working CXX compiler: /usr/bin/c++ - skipped\n'}
[0.948592] (dexter_remote) StdoutLine: {'line': b'-- Detecting CXX compile features\n'}
[0.950050] (dexter_remote) StdoutLine: {'line': b'-- Detecting CXX compile features - done\n'}
[0.993495] (dexter_remote) StdoutLine: {'line': b'-- Found ament_cmake: 2.5.5 (/opt/ros/jazzy/share/ament_cmake/cmake)\n'}
[1.001535] (-) TimerEvent: {}
[1.101829] (-) TimerEvent: {}
[1.202213] (-) TimerEvent: {}
[1.302520] (-) TimerEvent: {}
[1.402875] (-) TimerEvent: {}
[1.424800] (dexter_remote) StdoutLine: {'line': b'-- Found Python3: /home/aditya/venv-ardupilot/bin/python3 (found version "3.12.3") found components: Interpreter \n'}
[1.503027] (-) TimerEvent: {}
[1.603368] (-) TimerEvent: {}
[1.649121] (dexter_remote) StdoutLine: {'line': b'-- Override CMake install command with custom implementation using symlinks instead of copying resources\n'}
[1.703573] (-) TimerEvent: {}
[1.801579] (dexter_remote) StdoutLine: {'line': b'-- Found rclcpp: 28.1.16 (/opt/ros/jazzy/share/rclcpp/cmake)\n'}
[1.803661] (-) TimerEvent: {}
[1.904001] (-) TimerEvent: {}
[1.971835] (dexter_remote) StdoutLine: {'line': b'-- Found rosidl_generator_c: 4.6.7 (/opt/ros/jazzy/share/rosidl_generator_c/cmake)\n'}
[2.001770] (dexter_remote) StdoutLine: {'line': b'-- Found rosidl_generator_cpp: 4.6.7 (/opt/ros/jazzy/share/rosidl_generator_cpp/cmake)\n'}
[2.004092] (-) TimerEvent: {}
[2.036789] (dexter_remote) StdoutLine: {'line': b'-- Using all available rosidl_typesupport_c: rosidl_typesupport_fastrtps_c;rosidl_typesupport_introspection_c\n'}
[2.074806] (dexter_remote) StdoutLine: {'line': b'-- Using all available rosidl_typesupport_cpp: rosidl_typesupport_fastrtps_cpp;rosidl_typesupport_introspection_cpp\n'}
[2.104223] (-) TimerEvent: {}
[2.204543] (-) TimerEvent: {}
[2.269402] (dexter_remote) StdoutLine: {'line': b'-- Found rmw_implementation_cmake: 7.3.3 (/opt/ros/jazzy/share/rmw_implementation_cmake/cmake)\n'}
[2.283559] (dexter_remote) StdoutLine: {'line': b'-- Found rmw_fastrtps_cpp: 8.4.3 (/opt/ros/jazzy/share/rmw_fastrtps_cpp/cmake)\n'}
[2.304689] (-) TimerEvent: {}
[2.404994] (-) TimerEvent: {}
[2.505404] (-) TimerEvent: {}
[2.605787] (-) TimerEvent: {}
[2.611132] (dexter_remote) StdoutLine: {'line': b'-- Found OpenSSL: /usr/lib/x86_64-linux-gnu/libcrypto.so (found version "3.0.13")  \n'}
[2.683324] (dexter_remote) StdoutLine: {'line': b'-- Found FastRTPS: /opt/ros/jazzy/include (Required is at least version "2.13") \n'}
[2.705980] (-) TimerEvent: {}
[2.770832] (dexter_remote) StdoutLine: {'line': b"-- Using RMW implementation 'rmw_fastrtps_cpp' as default\n"}
[2.806125] (-) TimerEvent: {}
[2.906394] (-) TimerEvent: {}
[2.974405] (dexter_remote) StdoutLine: {'line': b'-- Found rclcpp_action: 28.1.16 (/opt/ros/jazzy/share/rclcpp_action/cmake)\n'}
[3.006532] (-) TimerEvent: {}
[3.064607] (dexter_remote) StdoutLine: {'line': b'-- Found rclcpp_components: 28.1.16 (/opt/ros/jazzy/share/rclcpp_components/cmake)\n'}
[3.106654] (-) TimerEvent: {}
[3.135516] (dexter_remote) StdoutLine: {'line': b'-- Found dexter_msgs: 0.0.0 (/home/aditya/Cpps/Dexter/install/dexter_msgs/share/dexter_msgs/cmake)\n'}
[3.186708] (dexter_remote) StdoutLine: {'line': b'-- Found moveit_ros_planning_interface: 2.12.4 (/opt/ros/jazzy/share/moveit_ros_planning_interface/cmake)\n'}
[3.206760] (-) TimerEvent: {}
[3.306973] (-) TimerEvent: {}
[3.407273] (-) TimerEvent: {}
[3.428304] (dexter_remote) StdoutLine: {'line': b'-- Found Boost: /usr/lib/x86_64-linux-gnu/cmake/Boost-1.83.0/BoostConfig.cmake (found version "1.83.0") found components: date_time filesystem program_options system thread \n'}
[3.507524] (-) TimerEvent: {}
[3.607785] (-) TimerEvent: {}
[3.708162] (-) TimerEvent: {}
[3.808450] (-) TimerEvent: {}
[3.908973] (-) TimerEvent: {}
[4.009264] (-) TimerEvent: {}
[4.083925] (dexter_remote) StdoutLine: {'line': b'-- Found Boost: /usr/lib/x86_64-linux-gnu/cmake/Boost-1.83.0/BoostConfig.cmake (found version "1.83.0") found components: chrono date_time filesystem iostreams program_options regex serialization system thread \n'}
[4.109426] (-) TimerEvent: {}
[4.209783] (-) TimerEvent: {}
[4.310224] (-) TimerEvent: {}
[4.328692] (dexter_remote) StdoutLine: {'line': b'-- Found parameter_traits: 0.6.0 (/opt/ros/jazzy/share/parameter_traits/cmake)\n'}
[4.385299] (dexter_remote) StdoutLine: {'line': b'-- Found rclcpp_lifecycle: 28.1.16 (/opt/ros/jazzy/share/rclcpp_lifecycle/cmake)\n'}
[4.410463] (-) TimerEvent: {}
[4.510848] (-) TimerEvent: {}
[4.518277] (dexter_remote) StdoutLine: {'line': b'-- Found Boost: /usr/lib/x86_64-linux-gnu/cmake/Boost-1.83.0/BoostConfig.cmake (found version "1.83.0") found components: filesystem \n'}
[4.611101] (-) TimerEvent: {}
[4.711665] (-) TimerEvent: {}
[4.712291] (dexter_remote) StdoutLine: {'line': b'-- Found Eigen3: TRUE (found version "3.4.0") \n'}
[4.712727] (dexter_remote) StdoutLine: {'line': b'-- Ensuring Eigen3 include directory is part of orocos-kdl CMake target\n'}
[4.811892] (-) TimerEvent: {}
[4.912400] (-) TimerEvent: {}
[5.012852] (-) TimerEvent: {}
[5.113205] (-) TimerEvent: {}
[5.159479] (dexter_remote) StdoutLine: {'line': b'-- Found Boost: /usr/lib/x86_64-linux-gnu/cmake/Boost-1.83.0/BoostConfig.cmake (found version "1.83.0") found components: system filesystem date_time program_options thread chrono \n'}
[5.213412] (-) TimerEvent: {}
[5.313903] (-) TimerEvent: {}
[5.353779] (dexter_remote) StdoutLine: {'line': b'-- Found Boost: /usr/lib/x86_64-linux-gnu/cmake/Boost-1.83.0/BoostConfig.cmake (found version "1.83.0") found components: thread system filesystem regex date_time program_options \n'}
[5.414062] (-) TimerEvent: {}
[5.454764] (dexter_remote) StdoutLine: {'line': b'-- Found Boost: /usr/lib/x86_64-linux-gnu/cmake/Boost-1.83.0/BoostConfig.cmake (found version "1.83.0") found components: system filesystem date_time program_options thread \n'}
[5.514227] (-) TimerEvent: {}
[5.592377] (dexter_remote) StdoutLine: {'line': b'-- Found rclpy: 7.1.9 (/opt/ros/jazzy/share/rclpy/cmake)\n'}
[5.614404] (-) TimerEvent: {}
[5.715037] (-) TimerEvent: {}
[5.815460] (-) TimerEvent: {}
[5.915843] (-) TimerEvent: {}
[6.016239] (-) TimerEvent: {}
[6.116565] (-) TimerEvent: {}
[6.216925] (-) TimerEvent: {}
[6.253415] (dexter_remote) StdoutLine: {'line': b'-- Configuring done (6.2s)\n'}
[6.317139] (-) TimerEvent: {}
[6.342340] (dexter_remote) StdoutLine: {'line': b'-- Generating done (0.0s)\n'}
[6.363133] (dexter_remote) StdoutLine: {'line': b'-- Build files have been written to: /home/aditya/Cpps/Dexter/build/dexter_remote\n'}
[6.398603] (dexter_remote) CommandEnded: {'returncode': 0}
[6.400550] (dexter_remote) JobProgress: {'identifier': 'dexter_remote', 'progress': 'build'}
[6.402960] (dexter_remote) Command: {'cmd': ['/usr/bin/cmake', '--build', '/home/aditya/Cpps/Dexter/build/dexter_remote', '--', '-j28', '-l28'], 'cwd': '/home/aditya/Cpps/Dexter/build/dexter_remote', 'env': OrderedDict({'GJS_DEBUG_TOPICS': 'JS ERROR;JS LOG', 'LESSOPEN': '| /usr/bin/lesspipe %s', 'GZ_SIM_RESOURCE_PATH': '/opt/ros/jazzy/share', 'no_proxy': '127.0.0.1,localhost,::1', 'LANGUAGE': 'en_IN:en', 'OPENCODE_SERVER_USERNAME': 'opencode', 'USER': 'aditya', 'GZ_CONFIG_PATH': '/opt/ros/jazzy/opt/gz_sim_vendor/share/gz:/opt/ros/jazzy/opt/sdformat_vendor/share/gz:/opt/ros/jazzy/opt/gz_gui_vendor/share/gz:/opt/ros/jazzy/opt/gz_transport_vendor/share/gz:/opt/ros/jazzy/opt/gz_rendering_vendor/share/gz:/opt/ros/jazzy/opt/gz_plugin_vendor/share/gz:/opt/ros/jazzy/opt/gz_fuel_tools_vendor/share/gz:/opt/ros/jazzy/opt/gz_msgs_vendor/share/gz:/opt/ros/jazzy/opt/gz_common_vendor/share/gz', 'AGENT': '1', 'XDG_SESSION_TYPE': 'x11', 'CLUTTER_DISABLE_MIPMAPPED_TEXT': '1', 'SHLVL': '1', 'LD_LIBRARY_PATH': '/home/aditya/Cpps/Dexter/install/dexter_msgs/lib:/home/aditya/ros2_ws/install/my_robot_interfaces/lib:/opt/ros/jazzy/opt/gz_sim_vendor/lib:/opt/ros/jazzy/opt/gz_sensors_vendor/lib:/opt/ros/jazzy/opt/gz_physics_vendor/lib:/opt/ros/jazzy/opt/sdformat_vendor/lib:/opt/ros/jazzy/opt/rviz_ogre_vendor/lib:/opt/ros/jazzy/lib/x86_64-linux-gnu:/opt/ros/jazzy/opt/gz_gui_vendor/lib:/opt/ros/jazzy/opt/gz_transport_vendor/lib:/opt/ros/jazzy/opt/gz_rendering_vendor/lib:/opt/ros/jazzy/opt/gz_plugin_vendor/lib:/opt/ros/jazzy/opt/gz_fuel_tools_vendor/lib:/opt/ros/jazzy/opt/gz_msgs_vendor/lib:/opt/ros/jazzy/opt/gz_common_vendor/lib:/opt/ros/jazzy/opt/gz_math_vendor/lib:/opt/ros/jazzy/opt/gz_utils_vendor/lib:/opt/ros/jazzy/opt/gz_tools_vendor/lib:/opt/ros/jazzy/opt/gz_ogre_next_vendor/lib:/opt/ros/jazzy/opt/gz_dartsim_vendor/lib:/opt/ros/jazzy/opt/gz_cmake_vendor/lib:/opt/ros/jazzy/lib', 'HOME': '/home/aditya', 'OLDPWD': '/home/aditya/Cpps', 'DESKTOP_SESSION': 'ubuntu', 'NO_PROXY': '127.0.0.1,localhost,::1', 'GIO_LAUNCHED_DESKTOP_FILE': '/usr/share/applications/OpenCode.desktop', 'ROS_PYTHON_VERSION': '3', 'GNOME_SHELL_SESSION_MODE': 'ubuntu', 'GTK_MODULES': 'gail:atk-bridge', 'MANAGERPID': '3042', 'SYSTEMD_EXEC_PID': '3472', 'GSM_SKIP_SSH_AGENT_WORKAROUND': 'true', 'XDG_STATE_HOME': '/home/aditya/.local/share/ai.opencode.desktop/', 'DBUS_SESSION_BUS_ADDRESS': 'unix:path=/run/user/1000/bus', 'GIO_LAUNCHED_DESKTOP_FILE_PID': '7789', 'DEBUGINFOD_URLS': 'https://debuginfod.ubuntu.com', 'COLCON_PREFIX_PATH': '/home/aditya/ros2_ws/install', 'ROS_DISTRO': 'jazzy', 'LOGNAME': 'aditya', 'OPENCODE_CLIENT': 'desktop', 'JOURNAL_STREAM': '8:46461', '_': '/usr/bin/colcon', 'ROS_VERSION': '2', 'MEMORY_PRESSURE_WATCH': '/sys/fs/cgroup/user.slice/user-1000.slice/user@1000.service/session.slice/org.gnome.Shell@x11.service/memory.pressure', 'XDG_SESSION_CLASS': 'user', 'USERNAME': 'aditya', 'GNOME_DESKTOP_SESSION_ID': 'this-is-deprecated', 'WINDOWPATH': '2', 'OPENCODE': '1', 'PATH': '/usr/lib/ccache:/home/aditya/ardupilot/Tools/autotest:/opt/gcc-arm-none-eabi-10-2020-q4-major/bin:/home/aditya/venv-ardupilot/bin:/home/aditya/.local/bin:/usr/lib/ccache:/home/aditya/ardupilot/Tools/autotest:/opt/gcc-arm-none-eabi-10-2020-q4-major/bin:/home/aditya/venv-ardupilot/bin:/home/aditya/.local/bin:/opt/ros/jazzy/opt/gz_msgs_vendor/bin:/opt/ros/jazzy/opt/gz_tools_vendor/bin:/opt/ros/jazzy/opt/gz_ogre_next_vendor/bin:/opt/ros/jazzy/bin:/usr/lib/ccache:/home/aditya/ardupilot/Tools/autotest:/opt/gcc-arm-none-eabi-10-2020-q4-major/bin:/home/aditya/venv-ardupilot/bin:/home/aditya/.local/bin:/usr/local/sbin:/usr/local/bin:/usr/sbin:/usr/bin:/sbin:/bin:/usr/games:/usr/local/games:/snap/bin:/snap/bin', 'SESSION_MANAGER': 'local/LoopingOutlaw:@/tmp/.ICE-unix/3400,unix/LoopingOutlaw:/tmp/.ICE-unix/3400', 'INVOCATION_ID': '817e26ddbb1243b59d5e6eb4b9982978', 'OPENCODE_SERVER_PASSWORD': 'dc214394-065f-430a-b4be-bb0c3f63204b', 'GTK3_MODULES': 'xapp-gtk3-module', 'XDG_MENU_PREFIX': 'gnome-', 'XDG_RUNTIME_DIR': '/run/user/1000', 'OPENCODE_EXPERIMENTAL_FILEWATCHER': 'true', 'DISPLAY': ':1', 'OPENCODE_PID': '7919', 'LANG': 'en_US.UTF-8', 'XDG_CURRENT_DESKTOP': 'ubuntu:GNOME', 'OPENCODE_EXPERIMENTAL_ICON_DISCOVERY': 'true', 'VIRTUAL_ENV_PROMPT': '(venv-ardupilot)', 'XMODIFIERS': '@im=ibus', 'XDG_SESSION_DESKTOP': 'ubuntu', 'XAUTHORITY': '/run/user/1000/gdm/Xauthority', 'LS_COLORS': '', 'SSH_AUTH_SOCK': '/run/user/1000/keyring/ssh', 'AMENT_PREFIX_PATH': '/home/aditya/Cpps/Dexter/install/dexter_inventory:/home/aditya/Cpps/Dexter/install/dexter_moveit:/home/aditya/Cpps/Dexter/install/dexter_msgs:/home/aditya/Cpps/Dexter/install/dexter_description:/home/aditya/ros2_ws/install/my_robot_bringup:/home/aditya/ros2_ws/install/my_py_pkg:/home/aditya/ros2_ws/install/my_cpp_pkg:/home/aditya/ros2_ws/install/my_robot_interfaces:/opt/ros/jazzy', 'SHELL': '/bin/bash', 'QT_ACCESSIBILITY': '1', 'GDMSESSION': 'ubuntu', 'LESSCLOSE': '/usr/bin/lesspipe %s %s', 'GPG_AGENT_INFO': '/run/user/1000/gnupg/S.gpg-agent:0:1', 'GJS_DEBUG_OUTPUT': 'stderr', 'VIRTUAL_ENV': '/home/aditya/venv-ardupilot', 'ROS_AUTOMATIC_DISCOVERY_RANGE': 'SUBNET', 'QT_IM_MODULE': 'ibus', 'PWD': '/home/aditya/Cpps/Dexter/build/dexter_remote', 'LC_ALL': 'en_US.UTF-8', 'XDG_CONFIG_DIRS': '/etc/xdg/xdg-ubuntu:/etc/xdg', 'XDG_DATA_DIRS': '/usr/share/ubuntu:/usr/share/gnome:/usr/local/share/:/usr/share/:/var/lib/snapd/desktop', 'QTWEBENGINE_DICTIONARIES_PATH': '/usr/share/hunspell-bdic/', 'PYTHONPATH': '/home/aditya/Cpps/Dexter/build/dexter_inventory:/home/aditya/Cpps/Dexter/install/dexter_inventory/lib/python3.12/site-packages:/home/aditya/Cpps/Dexter/install/dexter_msgs/lib/python3.12/site-packages:/home/aditya/ros2_ws/install/my_py_pkg/lib/python3.12/site-packages:/home/aditya/ros2_ws/install/my_robot_interfaces/lib/python3.12/site-packages:/opt/ros/jazzy/lib/python3.12/site-packages', 'COLCON': '1', 'MEMORY_PRESSURE_WRITE': 'c29tZSAyMDAwMDAgMjAwMDAwMAA=', 'CMAKE_PREFIX_PATH': '/home/aditya/Cpps/Dexter/install/dexter_moveit:/home/aditya/Cpps/Dexter/install/dexter_msgs:/home/aditya/Cpps/Dexter/install/dexter_description:/home/aditya/ros2_ws/install/my_robot_bringup:/home/aditya/ros2_ws/install/my_cpp_pkg:/home/aditya/ros2_ws/install/my_robot_interfaces:/opt/ros/jazzy/opt/gz_sim_vendor:/opt/ros/jazzy/opt/gz_sensors_vendor:/opt/ros/jazzy/opt/gz_physics_vendor:/opt/ros/jazzy/opt/sdformat_vendor:/opt/ros/jazzy/opt/gz_gui_vendor:/opt/ros/jazzy/opt/gz_transport_vendor:/opt/ros/jazzy/opt/gz_rendering_vendor:/opt/ros/jazzy/opt/gz_plugin_vendor:/opt/ros/jazzy/opt/gz_fuel_tools_vendor:/opt/ros/jazzy/opt/gz_msgs_vendor:/opt/ros/jazzy/opt/gz_common_vendor:/opt/ros/jazzy/opt/gz_math_vendor:/opt/ros/jazzy/opt/gz_utils_vendor:/opt/ros/jazzy/opt/gz_tools_vendor:/opt/ros/jazzy/opt/gz_ogre_next_vendor:/opt/ros/jazzy/opt/gz_dartsim_vendor:/opt/ros/jazzy/opt/gz_cmake_vendor:/home/aditya/ros2_ws/install/my_py_pkg:/opt/ros/jazzy'}), 'shell': False}
[6.417309] (-) TimerEvent: {}
[6.517608] (-) TimerEvent: {}
[6.559793] (dexter_remote) StdoutLine: {'line': b'[ 25%] Building CXX object CMakeFiles/task_server_node.dir/rclcpp_components/node_main_task_server_node.cpp.o\n'}
[6.561187] (dexter_remote) StdoutLine: {'line': b'[ 50%] Building CXX object CMakeFiles/task_server.dir/src/task_server.cpp.o\n'}
[6.590180] (dexter_remote) StdoutLine: {'line': b'[ 50%] Built target ament_cmake_python_symlink_dexter_remote\n'}
[6.617763] (-) TimerEvent: {}
[6.718137] (-) TimerEvent: {}
[6.818456] (-) TimerEvent: {}
[6.918793] (-) TimerEvent: {}
[7.019066] (-) TimerEvent: {}
[7.119479] (-) TimerEvent: {}
[7.219921] (-) TimerEvent: {}
[7.303950] (dexter_remote) StdoutLine: {'line': b'running egg_info\n'}
[7.320080] (-) TimerEvent: {}
[7.364716] (dexter_remote) StdoutLine: {'line': b'creating dexter_remote.egg-info\n'}
[7.365250] (dexter_remote) StdoutLine: {'line': b'writing dexter_remote.egg-info/PKG-INFO\n'}
[7.365790] (dexter_remote) StdoutLine: {'line': b'writing dependency_links to dexter_remote.egg-info/dependency_links.txt\n'}
[7.366539] (dexter_remote) StdoutLine: {'line': b'writing top-level names to dexter_remote.egg-info/top_level.txt\n'}
[7.367014] (dexter_remote) StdoutLine: {'line': b"writing manifest file 'dexter_remote.egg-info/SOURCES.txt'\n"}
[7.420218] (-) TimerEvent: {}
[7.520495] (-) TimerEvent: {}
[7.543707] (dexter_remote) StdoutLine: {'line': b"reading manifest file 'dexter_remote.egg-info/SOURCES.txt'\n"}
[7.545787] (dexter_remote) StdoutLine: {'line': b"writing manifest file 'dexter_remote.egg-info/SOURCES.txt'\n"}
[7.620658] (-) TimerEvent: {}
[7.632133] (dexter_remote) StdoutLine: {'line': b'[ 50%] Built target ament_cmake_python_build_dexter_remote_egg\n'}
[7.720932] (-) TimerEvent: {}
[7.821351] (-) TimerEvent: {}
[7.921773] (-) TimerEvent: {}
[8.022115] (-) TimerEvent: {}
[8.122570] (-) TimerEvent: {}
[8.222862] (-) TimerEvent: {}
[8.323191] (-) TimerEvent: {}
[8.423527] (-) TimerEvent: {}
[8.524033] (-) TimerEvent: {}
[8.624413] (-) TimerEvent: {}
[8.724795] (-) TimerEvent: {}
[8.825229] (-) TimerEvent: {}
[8.925645] (-) TimerEvent: {}
[9.026009] (-) TimerEvent: {}
[9.126365] (-) TimerEvent: {}
[9.226740] (-) TimerEvent: {}
[9.327165] (-) TimerEvent: {}
[9.427537] (-) TimerEvent: {}
[9.527935] (-) TimerEvent: {}
[9.628291] (-) TimerEvent: {}
[9.728596] (-) TimerEvent: {}
[9.829011] (-) TimerEvent: {}
[9.929446] (-) TimerEvent: {}
[10.029874] (-) TimerEvent: {}
[10.130246] (-) TimerEvent: {}
[10.230585] (-) TimerEvent: {}
[10.330965] (-) TimerEvent: {}
[10.431306] (-) TimerEvent: {}
[10.531635] (-) TimerEvent: {}
[10.632064] (-) TimerEvent: {}
[10.732400] (-) TimerEvent: {}
[10.832797] (-) TimerEvent: {}
[10.933220] (-) TimerEvent: {}
[11.033534] (-) TimerEvent: {}
[11.134058] (-) TimerEvent: {}
[11.234526] (-) TimerEvent: {}
[11.334904] (-) TimerEvent: {}
[11.435272] (-) TimerEvent: {}
[11.535557] (-) TimerEvent: {}
[11.635895] (-) TimerEvent: {}
[11.736425] (-) TimerEvent: {}
[11.836896] (-) TimerEvent: {}
[11.937290] (-) TimerEvent: {}
[12.037691] (-) TimerEvent: {}
[12.138129] (-) TimerEvent: {}
[12.238496] (-) TimerEvent: {}
[12.338934] (-) TimerEvent: {}
[12.439252] (-) TimerEvent: {}
[12.539670] (-) TimerEvent: {}
[12.640021] (-) TimerEvent: {}
[12.740504] (-) TimerEvent: {}
[12.840898] (-) TimerEvent: {}
[12.941445] (-) TimerEvent: {}
[13.041808] (-) TimerEvent: {}
[13.142195] (-) TimerEvent: {}
[13.242570] (-) TimerEvent: {}
[13.343002] (-) TimerEvent: {}
[13.443415] (-) TimerEvent: {}
[13.446820] (dexter_remote) StderrLine: {'line': b'In file included from /home/aditya/Cpps/Dexter/dexter_remote/src/task_server.cpp:5:\n'}
[13.447484] (dexter_remote) StderrLine: {'line': b'/opt/ros/jazzy/include/moveit_ros_planning_interface/moveit/move_group_interface/move_group_interface.h:51:77: note: \xe2\x80\x98#pragma message: .h header is obsolete. Please use the .hpp header instead.\xe2\x80\x99\n'}
[13.447807] (dexter_remote) StderrLine: {'line': b'   51 | #pragma message(".h header is obsolete. Please use the .hpp header instead.")\n'}
[13.448122] (dexter_remote) StderrLine: {'line': b'      |                                                                             ^\n'}
[13.543560] (-) TimerEvent: {}
[13.643971] (-) TimerEvent: {}
[13.744327] (-) TimerEvent: {}
[13.844762] (-) TimerEvent: {}
[13.945234] (-) TimerEvent: {}
[14.045573] (-) TimerEvent: {}
[14.145955] (-) TimerEvent: {}
[14.246427] (-) TimerEvent: {}
[14.346873] (-) TimerEvent: {}
[14.447443] (-) TimerEvent: {}
[14.547835] (-) TimerEvent: {}
[14.648202] (-) TimerEvent: {}
[14.742145] (dexter_remote) StdoutLine: {'line': b'[ 75%] Linking CXX executable task_server_node\n'}
[14.748315] (-) TimerEvent: {}
[14.848545] (-) TimerEvent: {}
[14.948866] (-) TimerEvent: {}
[14.963501] (dexter_remote) StdoutLine: {'line': b'[ 75%] Built target task_server_node\n'}
[15.049119] (-) TimerEvent: {}
[15.149567] (-) TimerEvent: {}
[15.249915] (-) TimerEvent: {}
[15.350342] (-) TimerEvent: {}
[15.450826] (-) TimerEvent: {}
[15.551268] (-) TimerEvent: {}
[15.651702] (-) TimerEvent: {}
[15.752089] (-) TimerEvent: {}
[15.852500] (-) TimerEvent: {}
[15.952997] (-) TimerEvent: {}
[16.053405] (-) TimerEvent: {}
[16.153716] (-) TimerEvent: {}
[16.254066] (-) TimerEvent: {}
[16.354377] (-) TimerEvent: {}
[16.454790] (-) TimerEvent: {}
[16.555068] (-) TimerEvent: {}
[16.655439] (-) TimerEvent: {}
[16.755987] (-) TimerEvent: {}
[16.856508] (-) TimerEvent: {}
[16.956910] (-) TimerEvent: {}
[17.057261] (-) TimerEvent: {}
[17.157577] (-) TimerEvent: {}
[17.257997] (-) TimerEvent: {}
[17.358294] (-) TimerEvent: {}
[17.458563] (-) TimerEvent: {}
[17.558963] (-) TimerEvent: {}
[17.659402] (-) TimerEvent: {}
[17.759819] (-) TimerEvent: {}
[17.860282] (-) TimerEvent: {}
[17.960640] (-) TimerEvent: {}
[18.061043] (-) TimerEvent: {}
[18.161375] (-) TimerEvent: {}
[18.261741] (-) TimerEvent: {}
[18.362168] (-) TimerEvent: {}
[18.462450] (-) TimerEvent: {}
[18.562862] (-) TimerEvent: {}
[18.663347] (-) TimerEvent: {}
[18.763686] (-) TimerEvent: {}
[18.864143] (-) TimerEvent: {}
[18.964587] (-) TimerEvent: {}
[19.065071] (-) TimerEvent: {}
[19.165434] (-) TimerEvent: {}
[19.265831] (-) TimerEvent: {}
[19.366195] (-) TimerEvent: {}
[19.466700] (-) TimerEvent: {}
[19.567171] (-) TimerEvent: {}
[19.667515] (-) TimerEvent: {}
[19.767870] (-) TimerEvent: {}
[19.868308] (-) TimerEvent: {}
[19.968695] (-) TimerEvent: {}
[20.069093] (-) TimerEvent: {}
[20.169399] (-) TimerEvent: {}
[20.269810] (-) TimerEvent: {}
[20.370194] (-) TimerEvent: {}
[20.470600] (-) TimerEvent: {}
[20.571096] (-) TimerEvent: {}
[20.671466] (-) TimerEvent: {}
[20.771895] (-) TimerEvent: {}
[20.872387] (-) TimerEvent: {}
[20.972749] (-) TimerEvent: {}
[21.073115] (-) TimerEvent: {}
[21.173475] (-) TimerEvent: {}
[21.273829] (-) TimerEvent: {}
[21.374309] (-) TimerEvent: {}
[21.474653] (-) TimerEvent: {}
[21.575009] (-) TimerEvent: {}
[21.675424] (-) TimerEvent: {}
[21.775759] (-) TimerEvent: {}
[21.876139] (-) TimerEvent: {}
[21.976490] (-) TimerEvent: {}
[22.076865] (-) TimerEvent: {}
[22.177262] (-) TimerEvent: {}
[22.277625] (-) TimerEvent: {}
[22.378085] (-) TimerEvent: {}
[22.478521] (-) TimerEvent: {}
[22.578880] (-) TimerEvent: {}
[22.679255] (-) TimerEvent: {}
[22.779595] (-) TimerEvent: {}
[22.880132] (-) TimerEvent: {}
[22.980525] (-) TimerEvent: {}
[23.080908] (-) TimerEvent: {}
[23.181270] (-) TimerEvent: {}
[23.281644] (-) TimerEvent: {}
[23.382053] (-) TimerEvent: {}
[23.482462] (-) TimerEvent: {}
[23.582811] (-) TimerEvent: {}
[23.683155] (-) TimerEvent: {}
[23.783509] (-) TimerEvent: {}
[23.883813] (-) TimerEvent: {}
[23.984130] (-) TimerEvent: {}
[24.084405] (-) TimerEvent: {}
[24.184774] (-) TimerEvent: {}
[24.285096] (-) TimerEvent: {}
[24.385330] (-) TimerEvent: {}
[24.485672] (-) TimerEvent: {}
[24.586139] (-) TimerEvent: {}
[24.686538] (-) TimerEvent: {}
[24.786904] (-) TimerEvent: {}
[24.887197] (-) TimerEvent: {}
[24.987473] (-) TimerEvent: {}
[25.087773] (-) TimerEvent: {}
[25.188169] (-) TimerEvent: {}
[25.288539] (-) TimerEvent: {}
[25.350548] (dexter_remote) StdoutLine: {'line': b'[100%] Linking CXX shared library libtask_server.so\n'}
[25.388783] (-) TimerEvent: {}
[25.489314] (-) TimerEvent: {}
[25.589640] (-) TimerEvent: {}
[25.689925] (-) TimerEvent: {}
[25.790271] (-) TimerEvent: {}
[25.890657] (-) TimerEvent: {}
[25.990967] (-) TimerEvent: {}
[26.091316] (-) TimerEvent: {}
[26.093470] (dexter_remote) StdoutLine: {'line': b'[100%] Built target task_server\n'}
[26.125170] (dexter_remote) CommandEnded: {'returncode': 0}
[26.127292] (dexter_remote) JobProgress: {'identifier': 'dexter_remote', 'progress': 'install'}
[26.153465] (dexter_remote) Command: {'cmd': ['/usr/bin/cmake', '--install', '/home/aditya/Cpps/Dexter/build/dexter_remote'], 'cwd': '/home/aditya/Cpps/Dexter/build/dexter_remote', 'env': OrderedDict({'GJS_DEBUG_TOPICS': 'JS ERROR;JS LOG', 'LESSOPEN': '| /usr/bin/lesspipe %s', 'GZ_SIM_RESOURCE_PATH': '/opt/ros/jazzy/share', 'no_proxy': '127.0.0.1,localhost,::1', 'LANGUAGE': 'en_IN:en', 'OPENCODE_SERVER_USERNAME': 'opencode', 'USER': 'aditya', 'GZ_CONFIG_PATH': '/opt/ros/jazzy/opt/gz_sim_vendor/share/gz:/opt/ros/jazzy/opt/sdformat_vendor/share/gz:/opt/ros/jazzy/opt/gz_gui_vendor/share/gz:/opt/ros/jazzy/opt/gz_transport_vendor/share/gz:/opt/ros/jazzy/opt/gz_rendering_vendor/share/gz:/opt/ros/jazzy/opt/gz_plugin_vendor/share/gz:/opt/ros/jazzy/opt/gz_fuel_tools_vendor/share/gz:/opt/ros/jazzy/opt/gz_msgs_vendor/share/gz:/opt/ros/jazzy/opt/gz_common_vendor/share/gz', 'AGENT': '1', 'XDG_SESSION_TYPE': 'x11', 'CLUTTER_DISABLE_MIPMAPPED_TEXT': '1', 'SHLVL': '1', 'LD_LIBRARY_PATH': '/home/aditya/Cpps/Dexter/install/dexter_msgs/lib:/home/aditya/ros2_ws/install/my_robot_interfaces/lib:/opt/ros/jazzy/opt/gz_sim_vendor/lib:/opt/ros/jazzy/opt/gz_sensors_vendor/lib:/opt/ros/jazzy/opt/gz_physics_vendor/lib:/opt/ros/jazzy/opt/sdformat_vendor/lib:/opt/ros/jazzy/opt/rviz_ogre_vendor/lib:/opt/ros/jazzy/lib/x86_64-linux-gnu:/opt/ros/jazzy/opt/gz_gui_vendor/lib:/opt/ros/jazzy/opt/gz_transport_vendor/lib:/opt/ros/jazzy/opt/gz_rendering_vendor/lib:/opt/ros/jazzy/opt/gz_plugin_vendor/lib:/opt/ros/jazzy/opt/gz_fuel_tools_vendor/lib:/opt/ros/jazzy/opt/gz_msgs_vendor/lib:/opt/ros/jazzy/opt/gz_common_vendor/lib:/opt/ros/jazzy/opt/gz_math_vendor/lib:/opt/ros/jazzy/opt/gz_utils_vendor/lib:/opt/ros/jazzy/opt/gz_tools_vendor/lib:/opt/ros/jazzy/opt/gz_ogre_next_vendor/lib:/opt/ros/jazzy/opt/gz_dartsim_vendor/lib:/opt/ros/jazzy/opt/gz_cmake_vendor/lib:/opt/ros/jazzy/lib', 'HOME': '/home/aditya', 'OLDPWD': '/home/aditya/Cpps', 'DESKTOP_SESSION': 'ubuntu', 'NO_PROXY': '127.0.0.1,localhost,::1', 'GIO_LAUNCHED_DESKTOP_FILE': '/usr/share/applications/OpenCode.desktop', 'ROS_PYTHON_VERSION': '3', 'GNOME_SHELL_SESSION_MODE': 'ubuntu', 'GTK_MODULES': 'gail:atk-bridge', 'MANAGERPID': '3042', 'SYSTEMD_EXEC_PID': '3472', 'GSM_SKIP_SSH_AGENT_WORKAROUND': 'true', 'XDG_STATE_HOME': '/home/aditya/.local/share/ai.opencode.desktop/', 'DBUS_SESSION_BUS_ADDRESS': 'unix:path=/run/user/1000/bus', 'GIO_LAUNCHED_DESKTOP_FILE_PID': '7789', 'DEBUGINFOD_URLS': 'https://debuginfod.ubuntu.com', 'COLCON_PREFIX_PATH': '/home/aditya/ros2_ws/install', 'ROS_DISTRO': 'jazzy', 'LOGNAME': 'aditya', 'OPENCODE_CLIENT': 'desktop', 'JOURNAL_STREAM': '8:46461', '_': '/usr/bin/colcon', 'ROS_VERSION': '2', 'MEMORY_PRESSURE_WATCH': '/sys/fs/cgroup/user.slice/user-1000.slice/user@1000.service/session.slice/org.gnome.Shell@x11.service/memory.pressure', 'XDG_SESSION_CLASS': 'user', 'USERNAME': 'aditya', 'GNOME_DESKTOP_SESSION_ID': 'this-is-deprecated', 'WINDOWPATH': '2', 'OPENCODE': '1', 'PATH': '/usr/lib/ccache:/home/aditya/ardupilot/Tools/autotest:/opt/gcc-arm-none-eabi-10-2020-q4-major/bin:/home/aditya/venv-ardupilot/bin:/home/aditya/.local/bin:/usr/lib/ccache:/home/aditya/ardupilot/Tools/autotest:/opt/gcc-arm-none-eabi-10-2020-q4-major/bin:/home/aditya/venv-ardupilot/bin:/home/aditya/.local/bin:/opt/ros/jazzy/opt/gz_msgs_vendor/bin:/opt/ros/jazzy/opt/gz_tools_vendor/bin:/opt/ros/jazzy/opt/gz_ogre_next_vendor/bin:/opt/ros/jazzy/bin:/usr/lib/ccache:/home/aditya/ardupilot/Tools/autotest:/opt/gcc-arm-none-eabi-10-2020-q4-major/bin:/home/aditya/venv-ardupilot/bin:/home/aditya/.local/bin:/usr/local/sbin:/usr/local/bin:/usr/sbin:/usr/bin:/sbin:/bin:/usr/games:/usr/local/games:/snap/bin:/snap/bin', 'SESSION_MANAGER': 'local/LoopingOutlaw:@/tmp/.ICE-unix/3400,unix/LoopingOutlaw:/tmp/.ICE-unix/3400', 'INVOCATION_ID': '817e26ddbb1243b59d5e6eb4b9982978', 'OPENCODE_SERVER_PASSWORD': 'dc214394-065f-430a-b4be-bb0c3f63204b', 'GTK3_MODULES': 'xapp-gtk3-module', 'XDG_MENU_PREFIX': 'gnome-', 'XDG_RUNTIME_DIR': '/run/user/1000', 'OPENCODE_EXPERIMENTAL_FILEWATCHER': 'true', 'DISPLAY': ':1', 'OPENCODE_PID': '7919', 'LANG': 'en_US.UTF-8', 'XDG_CURRENT_DESKTOP': 'ubuntu:GNOME', 'OPENCODE_EXPERIMENTAL_ICON_DISCOVERY': 'true', 'VIRTUAL_ENV_PROMPT': '(venv-ardupilot)', 'XMODIFIERS': '@im=ibus', 'XDG_SESSION_DESKTOP': 'ubuntu', 'XAUTHORITY': '/run/user/1000/gdm/Xauthority', 'LS_COLORS': '', 'SSH_AUTH_SOCK': '/run/user/1000/keyring/ssh', 'AMENT_PREFIX_PATH': '/home/aditya/Cpps/Dexter/install/dexter_inventory:/home/aditya/Cpps/Dexter/install/dexter_moveit:/home/aditya/Cpps/Dexter/install/dexter_msgs:/home/aditya/Cpps/Dexter/install/dexter_description:/home/aditya/ros2_ws/install/my_robot_bringup:/home/aditya/ros2_ws/install/my_py_pkg:/home/aditya/ros2_ws/install/my_cpp_pkg:/home/aditya/ros2_ws/install/my_robot_interfaces:/opt/ros/jazzy', 'SHELL': '/bin/bash', 'QT_ACCESSIBILITY': '1', 'GDMSESSION': 'ubuntu', 'LESSCLOSE': '/usr/bin/lesspipe %s %s', 'GPG_AGENT_INFO': '/run/user/1000/gnupg/S.gpg-agent:0:1', 'GJS_DEBUG_OUTPUT': 'stderr', 'VIRTUAL_ENV': '/home/aditya/venv-ardupilot', 'ROS_AUTOMATIC_DISCOVERY_RANGE': 'SUBNET', 'QT_IM_MODULE': 'ibus', 'PWD': '/home/aditya/Cpps/Dexter/build/dexter_remote', 'LC_ALL': 'en_US.UTF-8', 'XDG_CONFIG_DIRS': '/etc/xdg/xdg-ubuntu:/etc/xdg', 'XDG_DATA_DIRS': '/usr/share/ubuntu:/usr/share/gnome:/usr/local/share/:/usr/share/:/var/lib/snapd/desktop', 'QTWEBENGINE_DICTIONARIES_PATH': '/usr/share/hunspell-bdic/', 'PYTHONPATH': '/home/aditya/Cpps/Dexter/build/dexter_inventory:/home/aditya/Cpps/Dexter/install/dexter_inventory/lib/python3.12/site-packages:/home/aditya/Cpps/Dexter/install/dexter_msgs/lib/python3.12/site-packages:/home/aditya/ros2_ws/install/my_py_pkg/lib/python3.12/site-packages:/home/aditya/ros2_ws/install/my_robot_interfaces/lib/python3.12/site-packages:/opt/ros/jazzy/lib/python3.12/site-packages', 'COLCON': '1', 'MEMORY_PRESSURE_WRITE': 'c29tZSAyMDAwMDAgMjAwMDAwMAA=', 'CMAKE_PREFIX_PATH': '/home/aditya/Cpps/Dexter/install/dexter_moveit:/home/aditya/Cpps/Dexter/install/dexter_msgs:/home/aditya/Cpps/Dexter/install/dexter_description:/home/aditya/ros2_ws/install/my_robot_bringup:/home/aditya/ros2_ws/install/my_cpp_pkg:/home/aditya/ros2_ws/install/my_robot_interfaces:/opt/ros/jazzy/opt/gz_sim_vendor:/opt/ros/jazzy/opt/gz_sensors_vendor:/opt/ros/jazzy/opt/gz_physics_vendor:/opt/ros/jazzy/opt/sdformat_vendor:/opt/ros/jazzy/opt/gz_gui_vendor:/opt/ros/jazzy/opt/gz_transport_vendor:/opt/ros/jazzy/opt/gz_rendering_vendor:/opt/ros/jazzy/opt/gz_plugin_vendor:/opt/ros/jazzy/opt/gz_fuel_tools_vendor:/opt/ros/jazzy/opt/gz_msgs_vendor:/opt/ros/jazzy/opt/gz_common_vendor:/opt/ros/jazzy/opt/gz_math_vendor:/opt/ros/jazzy/opt/gz_utils_vendor:/opt/ros/jazzy/opt/gz_tools_vendor:/opt/ros/jazzy/opt/gz_ogre_next_vendor:/opt/ros/jazzy/opt/gz_dartsim_vendor:/opt/ros/jazzy/opt/gz_cmake_vendor:/home/aditya/ros2_ws/install/my_py_pkg:/opt/ros/jazzy'}), 'shell': False}
[26.176775] (dexter_remote) StdoutLine: {'line': b'-- Install configuration: ""\n'}
[26.178055] (dexter_remote) StdoutLine: {'line': b'-- Execute custom install script\n'}
[26.179073] (dexter_remote) StdoutLine: {'line': b'-- Symlinking: /home/aditya/Cpps/Dexter/install/dexter_remote/lib/dexter_remote/task_server_node\n'}
[26.191564] (-) TimerEvent: {}
[26.205730] (dexter_remote) StdoutLine: {'line': b'-- Symlinking: /home/aditya/Cpps/Dexter/install/dexter_remote/share/dexter_remote/environment/pythonpath.sh\n'}
[26.229843] (dexter_remote) StdoutLine: {'line': b'-- Symlinking: /home/aditya/Cpps/Dexter/install/dexter_remote/share/dexter_remote/environment/pythonpath.dsv\n'}
[26.256506] (dexter_remote) StdoutLine: {'line': b'-- Symlinking: /home/aditya/Cpps/Dexter/install/dexter_remote/lib/python3.12/site-packages/dexter_remote-0.1.0-py3.12.egg-info/PKG-INFO\n'}
[26.280405] (dexter_remote) StdoutLine: {'line': b'-- Symlinking: /home/aditya/Cpps/Dexter/install/dexter_remote/lib/python3.12/site-packages/dexter_remote-0.1.0-py3.12.egg-info/SOURCES.txt\n'}
[26.291779] (-) TimerEvent: {}
[26.308096] (dexter_remote) StdoutLine: {'line': b'-- Symlinking: /home/aditya/Cpps/Dexter/install/dexter_remote/lib/python3.12/site-packages/dexter_remote-0.1.0-py3.12.egg-info/dependency_links.txt\n'}
[26.333888] (dexter_remote) StdoutLine: {'line': b'-- Symlinking: /home/aditya/Cpps/Dexter/install/dexter_remote/lib/python3.12/site-packages/dexter_remote-0.1.0-py3.12.egg-info/top_level.txt\n'}
[26.362214] (dexter_remote) StdoutLine: {'line': b'-- Symlinking: /home/aditya/Cpps/Dexter/install/dexter_remote/lib/python3.12/site-packages/dexter_remote/__init__.py\n'}
[26.386878] (dexter_remote) StdoutLine: {'line': b'-- Symlinking: /home/aditya/Cpps/Dexter/install/dexter_remote/lib/python3.12/site-packages/dexter_remote/task_server.py\n'}
[26.391988] (-) TimerEvent: {}
[26.411934] (dexter_remote) StdoutLine: {'line': b'-- Symlinking: /home/aditya/Cpps/Dexter/install/dexter_remote/lib/python3.12/site-packages/dexter_remote/web_interface.py\n'}
[26.436374] (dexter_remote) StdoutLine: {'line': b'-- Symlinking: /home/aditya/Cpps/Dexter/install/dexter_remote/share/dexter_remote/launch/remote_interface.launch.py\n'}
[26.463916] (dexter_remote) StdoutLine: {'line': b'-- Symlinking: /home/aditya/Cpps/Dexter/install/dexter_remote/share/dexter_remote/templates/index.html\n'}
[26.480023] (dexter_remote) StdoutLine: {'line': b'-- Symlinking: /home/aditya/Cpps/Dexter/install/dexter_remote/lib/libtask_server.so\n'}
[26.492113] (-) TimerEvent: {}
[26.501002] (dexter_remote) StdoutLine: {'line': b'-- Symlinking: /home/aditya/Cpps/Dexter/install/dexter_remote/lib/dexter_remote/task_server.py\n'}
[26.515917] (dexter_remote) StdoutLine: {'line': b'-- Symlinking: /home/aditya/Cpps/Dexter/install/dexter_remote/lib/dexter_remote/web_interface.py\n'}
[26.531320] (dexter_remote) StdoutLine: {'line': b'-- Symlinking: /home/aditya/Cpps/Dexter/install/dexter_remote/share/ament_index/resource_index/package_run_dependencies/dexter_remote\n'}
[26.547784] (dexter_remote) StdoutLine: {'line': b'-- Symlinking: /home/aditya/Cpps/Dexter/install/dexter_remote/share/ament_index/resource_index/parent_prefix_path/dexter_remote\n'}
[26.563862] (dexter_remote) StdoutLine: {'line': b'-- Symlinking: /home/aditya/Cpps/Dexter/install/dexter_remote/share/dexter_remote/environment/ament_prefix_path.sh\n'}
[26.580992] (dexter_remote) StdoutLine: {'line': b'-- Symlinking: /home/aditya/Cpps/Dexter/install/dexter_remote/share/dexter_remote/environment/ament_prefix_path.dsv\n'}
[26.592360] (-) TimerEvent: {}
[26.606346] (dexter_remote) StdoutLine: {'line': b'-- Symlinking: /home/aditya/Cpps/Dexter/install/dexter_remote/share/dexter_remote/environment/path.sh\n'}
[26.631319] (dexter_remote) StdoutLine: {'line': b'-- Symlinking: /home/aditya/Cpps/Dexter/install/dexter_remote/share/dexter_remote/environment/path.dsv\n'}
[26.657237] (dexter_remote) StdoutLine: {'line': b'-- Symlinking: /home/aditya/Cpps/Dexter/install/dexter_remote/share/dexter_remote/local_setup.bash\n'}
[26.688080] (dexter_remote) StdoutLine: {'line': b'-- Symlinking: /home/aditya/Cpps/Dexter/install/dexter_remote/share/dexter_remote/local_setup.sh\n'}
[26.692456] (-) TimerEvent: {}
[26.714928] (dexter_remote) StdoutLine: {'line': b'-- Symlinking: /home/aditya/Cpps/Dexter/install/dexter_remote/share/dexter_remote/local_setup.zsh\n'}
[26.740878] (dexter_remote) StdoutLine: {'line': b'-- Symlinking: /home/aditya/Cpps/Dexter/install/dexter_remote/share/dexter_remote/local_setup.dsv\n'}
[26.765779] (dexter_remote) StdoutLine: {'line': b'-- Symlinking: /home/aditya/Cpps/Dexter/install/dexter_remote/share/dexter_remote/package.dsv\n'}
[26.790907] (dexter_remote) StdoutLine: {'line': b'-- Symlinking: /home/aditya/Cpps/Dexter/install/dexter_remote/share/ament_index/resource_index/packages/dexter_remote\n'}
[26.792605] (-) TimerEvent: {}
[26.818527] (dexter_remote) StdoutLine: {'line': b'-- Symlinking: /home/aditya/Cpps/Dexter/install/dexter_remote/share/ament_index/resource_index/rclcpp_components/dexter_remote\n'}
[26.846178] (dexter_remote) StdoutLine: {'line': b'-- Symlinking: /home/aditya/Cpps/Dexter/install/dexter_remote/share/dexter_remote/cmake/dexter_remoteConfig.cmake\n'}
[26.871638] (dexter_remote) StdoutLine: {'line': b'-- Symlinking: /home/aditya/Cpps/Dexter/install/dexter_remote/share/dexter_remote/cmake/dexter_remoteConfig-version.cmake\n'}
[26.893073] (-) TimerEvent: {}
[26.896984] (dexter_remote) StdoutLine: {'line': b'-- Symlinking: /home/aditya/Cpps/Dexter/install/dexter_remote/share/dexter_remote/package.xml\n'}
[26.993170] (-) TimerEvent: {}
[27.010843] (dexter_remote) StdoutLine: {'line': b"Listing '/home/aditya/Cpps/Dexter/install/dexter_remote/lib/python3.12/site-packages/dexter_remote'...\n"}
[27.011191] (dexter_remote) StdoutLine: {'line': b"Compiling '/home/aditya/Cpps/Dexter/install/dexter_remote/lib/python3.12/site-packages/dexter_remote/__init__.py'...\n"}
[27.011348] (dexter_remote) StdoutLine: {'line': b"Compiling '/home/aditya/Cpps/Dexter/install/dexter_remote/lib/python3.12/site-packages/dexter_remote/task_server.py'...\n"}
[27.011665] (dexter_remote) StdoutLine: {'line': b"Compiling '/home/aditya/Cpps/Dexter/install/dexter_remote/lib/python3.12/site-packages/dexter_remote/web_interface.py'...\n"}
[27.023910] (dexter_remote) CommandEnded: {'returncode': 0}
[27.066079] (dexter_remote) JobEnded: {'identifier': 'dexter_remote', 'rc': 0}
[27.068083] (-) EventReactorShutdown: {}
