-- Found ament_cmake: 2.5.5 (/opt/ros/jazzy/share/ament_cmake/cmake)
-- Override CMake install command with custom implementation using symlinks instead of copying resources
-- Configuring done (1.1s)
-- Generating done (0.0s)
-- Build files have been written to: /home/aditya/Cpps/Dexter/build/dexter_bringup
-- Install configuration: ""
-- Execute custom install script
-- Symlinking: /home/aditya/Cpps/Dexter/install/dexter_bringup/share/dexter_bringup/launch/real_robot.launch.py
-- Symlinking: /home/aditya/Cpps/Dexter/install/dexter_bringup/share/dexter_bringup/launch/simulated_robot.launch.py
-- Symlinking: /home/aditya/Cpps/Dexter/install/dexter_bringup/share/ament_index/resource_index/package_run_dependencies/dexter_bringup
-- Symlinking: /home/aditya/Cpps/Dexter/install/dexter_bringup/share/ament_index/resource_index/parent_prefix_path/dexter_bringup
-- Symlinking: /home/aditya/Cpps/Dexter/install/dexter_bringup/share/dexter_bringup/environment/ament_prefix_path.sh
-- Symlinking: /home/aditya/Cpps/Dexter/install/dexter_bringup/share/dexter_bringup/environment/ament_prefix_path.dsv
-- Symlinking: /home/aditya/Cpps/Dexter/install/dexter_bringup/share/dexter_bringup/environment/path.sh
-- Symlinking: /home/aditya/Cpps/Dexter/install/dexter_bringup/share/dexter_bringup/environment/path.dsv
-- Symlinking: /home/aditya/Cpps/Dexter/install/dexter_bringup/share/dexter_bringup/local_setup.bash
-- Symlinking: /home/aditya/Cpps/Dexter/install/dexter_bringup/share/dexter_bringup/local_setup.sh
-- Symlinking: /home/aditya/Cpps/Dexter/install/dexter_bringup/share/dexter_bringup/local_setup.zsh
-- Symlinking: /home/aditya/Cpps/Dexter/install/dexter_bringup/share/dexter_bringup/local_setup.dsv
-- Symlinking: /home/aditya/Cpps/Dexter/install/dexter_bringup/share/dexter_bringup/package.dsv
-- Symlinking: /home/aditya/Cpps/Dexter/install/dexter_bringup/share/ament_index/resource_index/packages/dexter_bringup
-- Symlinking: /home/aditya/Cpps/Dexter/install/dexter_bringup/share/dexter_bringup/cmake/dexter_bringupConfig.cmake
-- Symlinking: /home/aditya/Cpps/Dexter/install/dexter_bringup/share/dexter_bringup/cmake/dexter_bringupConfig-version.cmake
-- Symlinking: /home/aditya/Cpps/Dexter/install/dexter_bringup/share/dexter_bringup/package.xml
