[0.042s] Invoking command in '/home/aditya/Cpps/Dexter/build/dexter_msgs': CMAKE_PREFIX_PATH=${CMAKE_PREFIX_PATH}:/home/aditya/Cpps/Dexter/install/dexter_py_examples:/home/aditya/Cpps/Dexter/install/dexter_inventory:/home/aditya/ros2_ws/install/my_py_pkg:/opt/ros/jazzy DEBUGINFOD_URLS=https://debuginfod.ubuntu.com PS1=\[\e]0;\u@\h: \w\a\]${debian_chroot:+($debian_chroot)}\[\033[01;32m\]\u@\h\[\033[00m\]:\[\033[01;34m\]\w\[\033[00m\]\$ VIRTUAL_ENV_PROMPT=(venv-ardupilot) /usr/bin/cmake --build /home/aditya/Cpps/Dexter/build/dexter_msgs -- -j28 -l28
[0.169s] [  1%] Built target dexter_msgs__rosidl_generator_type_description
[0.185s] [  1%] Built target ament_cmake_python_symlink_dexter_msgs
[0.220s] [  2%] Built target dexter_msgs__cpp
[0.235s] [ 26%] Built target dexter_msgs__rosidl_generator_c
[0.286s] [ 36%] Built target dexter_msgs__rosidl_typesupport_c
[0.286s] [ 45%] Built target dexter_msgs__rosidl_typesupport_introspection_c
[0.287s] [ 55%] Built target dexter_msgs__rosidl_typesupport_cpp
[0.289s] [ 64%] Built target dexter_msgs__rosidl_typesupport_introspection_cpp
[0.291s] [ 74%] Built target dexter_msgs__rosidl_typesupport_fastrtps_c
[0.310s] [ 84%] Built target dexter_msgs__rosidl_typesupport_fastrtps_cpp
[0.369s] [ 84%] Built target dexter_msgs
[0.432s] [ 85%] Built target dexter_msgs__py
[0.515s] [ 93%] Built target dexter_msgs__rosidl_generator_py
[0.589s] [ 97%] Built target dexter_msgs_s__rosidl_typesupport_fastrtps_c
[0.589s] [ 97%] Built target dexter_msgs_s__rosidl_typesupport_c
[0.590s] [100%] Built target dexter_msgs_s__rosidl_typesupport_introspection_c
[0.925s] running egg_info
[0.981s] writing dexter_msgs.egg-info/PKG-INFO
[0.982s] writing dependency_links to dexter_msgs.egg-info/dependency_links.txt
[0.983s] writing top-level names to dexter_msgs.egg-info/top_level.txt
[1.181s] reading manifest file 'dexter_msgs.egg-info/SOURCES.txt'
[1.184s] writing manifest file 'dexter_msgs.egg-info/SOURCES.txt'
[1.281s] [100%] Built target ament_cmake_python_build_dexter_msgs_egg
[1.324s] Invoked command in '/home/aditya/Cpps/Dexter/build/dexter_msgs' returned '0': CMAKE_PREFIX_PATH=${CMAKE_PREFIX_PATH}:/home/aditya/Cpps/Dexter/install/dexter_py_examples:/home/aditya/Cpps/Dexter/install/dexter_inventory:/home/aditya/ros2_ws/install/my_py_pkg:/opt/ros/jazzy DEBUGINFOD_URLS=https://debuginfod.ubuntu.com PS1=\[\e]0;\u@\h: \w\a\]${debian_chroot:+($debian_chroot)}\[\033[01;32m\]\u@\h\[\033[00m\]:\[\033[01;34m\]\w\[\033[00m\]\$ VIRTUAL_ENV_PROMPT=(venv-ardupilot) /usr/bin/cmake --build /home/aditya/Cpps/Dexter/build/dexter_msgs -- -j28 -l28
[1.327s] Invoking command in '/home/aditya/Cpps/Dexter/build/dexter_msgs': CMAKE_PREFIX_PATH=${CMAKE_PREFIX_PATH}:/home/aditya/Cpps/Dexter/install/dexter_py_examples:/home/aditya/Cpps/Dexter/install/dexter_inventory:/home/aditya/ros2_ws/install/my_py_pkg:/opt/ros/jazzy DEBUGINFOD_URLS=https://debuginfod.ubuntu.com PS1=\[\e]0;\u@\h: \w\a\]${debian_chroot:+($debian_chroot)}\[\033[01;32m\]\u@\h\[\033[00m\]:\[\033[01;34m\]\w\[\033[00m\]\$ VIRTUAL_ENV_PROMPT=(venv-ardupilot) /usr/bin/cmake --install /home/aditya/Cpps/Dexter/build/dexter_msgs
[1.356s] -- Install configuration: ""
[1.358s] -- Execute custom install script
[1.359s] -- Up-to-date symlink: /home/aditya/Cpps/Dexter/install/dexter_msgs/share/ament_index/resource_index/rosidl_interfaces/dexter_msgs
[1.359s] -- Up-to-date symlink: /home/aditya/Cpps/Dexter/install/dexter_msgs/share/dexter_msgs/srv/AddTwoInts.json
[1.360s] -- Up-to-date symlink: /home/aditya/Cpps/Dexter/install/dexter_msgs/share/dexter_msgs/srv/EulerToQuaternion.json
[1.360s] -- Up-to-date symlink: /home/aditya/Cpps/Dexter/install/dexter_msgs/share/dexter_msgs/srv/QuaternionToEuler.json
[1.360s] -- Up-to-date symlink: /home/aditya/Cpps/Dexter/install/dexter_msgs/share/dexter_msgs/action/Fibonacci.json
[1.361s] -- Up-to-date symlink: /home/aditya/Cpps/Dexter/install/dexter_msgs/share/dexter_msgs/action/DexterTask.json
[1.361s] -- Up-to-date symlink: /home/aditya/Cpps/Dexter/install/dexter_msgs/share/dexter_msgs/srv/DispatchItem.json
[1.362s] -- Up-to-date symlink: /home/aditya/Cpps/Dexter/install/dexter_msgs/share/dexter_msgs/srv/AddItem.json
[1.365s] -- Up-to-date symlink: /home/aditya/Cpps/Dexter/install/dexter_msgs/include/dexter_msgs/dexter_msgs/action/detail/dexter_task__functions.h
[1.365s] -- Up-to-date symlink: /home/aditya/Cpps/Dexter/install/dexter_msgs/include/dexter_msgs/dexter_msgs/action/detail/dexter_task__struct.h
[1.366s] -- Up-to-date symlink: /home/aditya/Cpps/Dexter/install/dexter_msgs/include/dexter_msgs/dexter_msgs/action/detail/dexter_task__type_support.h
[1.366s] -- Up-to-date symlink: /home/aditya/Cpps/Dexter/install/dexter_msgs/include/dexter_msgs/dexter_msgs/action/detail/fibonacci__functions.h
[1.366s] -- Up-to-date symlink: /home/aditya/Cpps/Dexter/install/dexter_msgs/include/dexter_msgs/dexter_msgs/action/detail/fibonacci__struct.h
[1.367s] -- Up-to-date symlink: /home/aditya/Cpps/Dexter/install/dexter_msgs/include/dexter_msgs/dexter_msgs/action/detail/fibonacci__type_support.h
[1.367s] -- Up-to-date symlink: /home/aditya/Cpps/Dexter/install/dexter_msgs/include/dexter_msgs/dexter_msgs/action/dexter_task.h
[1.367s] -- Up-to-date symlink: /home/aditya/Cpps/Dexter/install/dexter_msgs/include/dexter_msgs/dexter_msgs/action/fibonacci.h
[1.367s] -- Up-to-date symlink: /home/aditya/Cpps/Dexter/install/dexter_msgs/include/dexter_msgs/dexter_msgs/msg/rosidl_generator_c__visibility_control.h
[1.367s] -- Up-to-date symlink: /home/aditya/Cpps/Dexter/install/dexter_msgs/include/dexter_msgs/dexter_msgs/srv/add_item.h
[1.367s] -- Up-to-date symlink: /home/aditya/Cpps/Dexter/install/dexter_msgs/include/dexter_msgs/dexter_msgs/srv/add_two_ints.h
[1.368s] -- Up-to-date symlink: /home/aditya/Cpps/Dexter/install/dexter_msgs/include/dexter_msgs/dexter_msgs/srv/detail/add_item__functions.h
[1.368s] -- Up-to-date symlink: /home/aditya/Cpps/Dexter/install/dexter_msgs/include/dexter_msgs/dexter_msgs/srv/detail/add_item__struct.h
[1.368s] -- Up-to-date symlink: /home/aditya/Cpps/Dexter/install/dexter_msgs/include/dexter_msgs/dexter_msgs/srv/detail/add_item__type_support.h
[1.368s] -- Up-to-date symlink: /home/aditya/Cpps/Dexter/install/dexter_msgs/include/dexter_msgs/dexter_msgs/srv/detail/add_two_ints__functions.h
[1.369s] -- Up-to-date symlink: /home/aditya/Cpps/Dexter/install/dexter_msgs/include/dexter_msgs/dexter_msgs/srv/detail/add_two_ints__struct.h
[1.369s] -- Up-to-date symlink: /home/aditya/Cpps/Dexter/install/dexter_msgs/include/dexter_msgs/dexter_msgs/srv/detail/add_two_ints__type_support.h
[1.369s] -- Up-to-date symlink: /home/aditya/Cpps/Dexter/install/dexter_msgs/include/dexter_msgs/dexter_msgs/srv/detail/dispatch_item__functions.h
[1.369s] -- Up-to-date symlink: /home/aditya/Cpps/Dexter/install/dexter_msgs/include/dexter_msgs/dexter_msgs/srv/detail/dispatch_item__struct.h
[1.369s] -- Up-to-date symlink: /home/aditya/Cpps/Dexter/install/dexter_msgs/include/dexter_msgs/dexter_msgs/srv/detail/dispatch_item__type_support.h
[1.370s] -- Up-to-date symlink: /home/aditya/Cpps/Dexter/install/dexter_msgs/include/dexter_msgs/dexter_msgs/srv/detail/euler_to_quaternion__functions.h
[1.370s] -- Up-to-date symlink: /home/aditya/Cpps/Dexter/install/dexter_msgs/include/dexter_msgs/dexter_msgs/srv/detail/euler_to_quaternion__struct.h
[1.370s] -- Up-to-date symlink: /home/aditya/Cpps/Dexter/install/dexter_msgs/include/dexter_msgs/dexter_msgs/srv/detail/euler_to_quaternion__type_support.h
[1.370s] -- Up-to-date symlink: /home/aditya/Cpps/Dexter/install/dexter_msgs/include/dexter_msgs/dexter_msgs/srv/detail/quaternion_to_euler__functions.h
[1.370s] -- Up-to-date symlink: /home/aditya/Cpps/Dexter/install/dexter_msgs/include/dexter_msgs/dexter_msgs/srv/detail/quaternion_to_euler__struct.h
[1.371s] -- Up-to-date symlink: /home/aditya/Cpps/Dexter/install/dexter_msgs/include/dexter_msgs/dexter_msgs/srv/detail/quaternion_to_euler__type_support.h
[1.372s] -- Up-to-date symlink: /home/aditya/Cpps/Dexter/install/dexter_msgs/include/dexter_msgs/dexter_msgs/srv/dispatch_item.h
[1.372s] -- Up-to-date symlink: /home/aditya/Cpps/Dexter/install/dexter_msgs/include/dexter_msgs/dexter_msgs/srv/euler_to_quaternion.h
[1.372s] -- Up-to-date symlink: /home/aditya/Cpps/Dexter/install/dexter_msgs/include/dexter_msgs/dexter_msgs/srv/quaternion_to_euler.h
[1.373s] -- Up-to-date symlink: /home/aditya/Cpps/Dexter/install/dexter_msgs/share/dexter_msgs/environment/library_path.sh
[1.373s] -- Up-to-date symlink: /home/aditya/Cpps/Dexter/install/dexter_msgs/share/dexter_msgs/environment/library_path.dsv
[1.374s] -- Up-to-date symlink: /home/aditya/Cpps/Dexter/install/dexter_msgs/include/dexter_msgs/dexter_msgs/action/detail/dexter_task__rosidl_typesupport_fastrtps_c.h
[1.374s] -- Up-to-date symlink: /home/aditya/Cpps/Dexter/install/dexter_msgs/include/dexter_msgs/dexter_msgs/action/detail/fibonacci__rosidl_typesupport_fastrtps_c.h
[1.375s] -- Up-to-date symlink: /home/aditya/Cpps/Dexter/install/dexter_msgs/include/dexter_msgs/dexter_msgs/msg/rosidl_typesupport_fastrtps_c__visibility_control.h
[1.375s] -- Up-to-date symlink: /home/aditya/Cpps/Dexter/install/dexter_msgs/include/dexter_msgs/dexter_msgs/srv/detail/add_item__rosidl_typesupport_fastrtps_c.h
[1.375s] -- Up-to-date symlink: /home/aditya/Cpps/Dexter/install/dexter_msgs/include/dexter_msgs/dexter_msgs/srv/detail/add_two_ints__rosidl_typesupport_fastrtps_c.h
[1.375s] -- Up-to-date symlink: /home/aditya/Cpps/Dexter/install/dexter_msgs/include/dexter_msgs/dexter_msgs/srv/detail/dispatch_item__rosidl_typesupport_fastrtps_c.h
[1.376s] -- Up-to-date symlink: /home/aditya/Cpps/Dexter/install/dexter_msgs/include/dexter_msgs/dexter_msgs/srv/detail/euler_to_quaternion__rosidl_typesupport_fastrtps_c.h
[1.376s] -- Up-to-date symlink: /home/aditya/Cpps/Dexter/install/dexter_msgs/include/dexter_msgs/dexter_msgs/srv/detail/quaternion_to_euler__rosidl_typesupport_fastrtps_c.h
[1.376s] -- Up-to-date symlink: /home/aditya/Cpps/Dexter/install/dexter_msgs/include/dexter_msgs/dexter_msgs/action/detail/dexter_task__builder.hpp
[1.377s] -- Up-to-date symlink: /home/aditya/Cpps/Dexter/install/dexter_msgs/include/dexter_msgs/dexter_msgs/action/detail/dexter_task__struct.hpp
[1.377s] -- Up-to-date symlink: /home/aditya/Cpps/Dexter/install/dexter_msgs/include/dexter_msgs/dexter_msgs/action/detail/dexter_task__traits.hpp
[1.378s] -- Up-to-date symlink: /home/aditya/Cpps/Dexter/install/dexter_msgs/include/dexter_msgs/dexter_msgs/action/detail/dexter_task__type_support.hpp
[1.378s] -- Up-to-date symlink: /home/aditya/Cpps/Dexter/install/dexter_msgs/include/dexter_msgs/dexter_msgs/action/detail/fibonacci__builder.hpp
[1.379s] -- Up-to-date symlink: /home/aditya/Cpps/Dexter/install/dexter_msgs/include/dexter_msgs/dexter_msgs/action/detail/fibonacci__struct.hpp
[1.379s] -- Up-to-date symlink: /home/aditya/Cpps/Dexter/install/dexter_msgs/include/dexter_msgs/dexter_msgs/action/detail/fibonacci__traits.hpp
[1.379s] -- Up-to-date symlink: /home/aditya/Cpps/Dexter/install/dexter_msgs/include/dexter_msgs/dexter_msgs/action/detail/fibonacci__type_support.hpp
[1.380s] -- Up-to-date symlink: /home/aditya/Cpps/Dexter/install/dexter_msgs/include/dexter_msgs/dexter_msgs/action/dexter_task.hpp
[1.380s] -- Up-to-date symlink: /home/aditya/Cpps/Dexter/install/dexter_msgs/include/dexter_msgs/dexter_msgs/action/fibonacci.hpp
[1.380s] -- Up-to-date symlink: /home/aditya/Cpps/Dexter/install/dexter_msgs/include/dexter_msgs/dexter_msgs/msg/rosidl_generator_cpp__visibility_control.hpp
[1.381s] -- Up-to-date symlink: /home/aditya/Cpps/Dexter/install/dexter_msgs/include/dexter_msgs/dexter_msgs/srv/add_item.hpp
[1.381s] -- Up-to-date symlink: /home/aditya/Cpps/Dexter/install/dexter_msgs/include/dexter_msgs/dexter_msgs/srv/add_two_ints.hpp
[1.381s] -- Up-to-date symlink: /home/aditya/Cpps/Dexter/install/dexter_msgs/include/dexter_msgs/dexter_msgs/srv/detail/add_item__builder.hpp
[1.382s] -- Up-to-date symlink: /home/aditya/Cpps/Dexter/install/dexter_msgs/include/dexter_msgs/dexter_msgs/srv/detail/add_item__struct.hpp
[1.382s] -- Up-to-date symlink: /home/aditya/Cpps/Dexter/install/dexter_msgs/include/dexter_msgs/dexter_msgs/srv/detail/add_item__traits.hpp
[1.382s] -- Up-to-date symlink: /home/aditya/Cpps/Dexter/install/dexter_msgs/include/dexter_msgs/dexter_msgs/srv/detail/add_item__type_support.hpp
[1.383s] -- Up-to-date symlink: /home/aditya/Cpps/Dexter/install/dexter_msgs/include/dexter_msgs/dexter_msgs/srv/detail/add_two_ints__builder.hpp
[1.384s] -- Up-to-date symlink: /home/aditya/Cpps/Dexter/install/dexter_msgs/include/dexter_msgs/dexter_msgs/srv/detail/add_two_ints__struct.hpp
[1.384s] -- Up-to-date symlink: /home/aditya/Cpps/Dexter/install/dexter_msgs/include/dexter_msgs/dexter_msgs/srv/detail/add_two_ints__traits.hpp
[1.384s] -- Up-to-date symlink: /home/aditya/Cpps/Dexter/install/dexter_msgs/include/dexter_msgs/dexter_msgs/srv/detail/add_two_ints__type_support.hpp
[1.385s] -- Up-to-date symlink: /home/aditya/Cpps/Dexter/install/dexter_msgs/include/dexter_msgs/dexter_msgs/srv/detail/dispatch_item__builder.hpp
[1.385s] -- Up-to-date symlink: /home/aditya/Cpps/Dexter/install/dexter_msgs/include/dexter_msgs/dexter_msgs/srv/detail/dispatch_item__struct.hpp
[1.385s] -- Up-to-date symlink: /home/aditya/Cpps/Dexter/install/dexter_msgs/include/dexter_msgs/dexter_msgs/srv/detail/dispatch_item__traits.hpp
[1.385s] -- Up-to-date symlink: /home/aditya/Cpps/Dexter/install/dexter_msgs/include/dexter_msgs/dexter_msgs/srv/detail/dispatch_item__type_support.hpp
[1.385s] -- Up-to-date symlink: /home/aditya/Cpps/Dexter/install/dexter_msgs/include/dexter_msgs/dexter_msgs/srv/detail/euler_to_quaternion__builder.hpp
[1.386s] -- Up-to-date symlink: /home/aditya/Cpps/Dexter/install/dexter_msgs/include/dexter_msgs/dexter_msgs/srv/detail/euler_to_quaternion__struct.hpp
[1.386s] -- Up-to-date symlink: /home/aditya/Cpps/Dexter/install/dexter_msgs/include/dexter_msgs/dexter_msgs/srv/detail/euler_to_quaternion__traits.hpp
[1.386s] -- Up-to-date symlink: /home/aditya/Cpps/Dexter/install/dexter_msgs/include/dexter_msgs/dexter_msgs/srv/detail/euler_to_quaternion__type_support.hpp
[1.386s] -- Up-to-date symlink: /home/aditya/Cpps/Dexter/install/dexter_msgs/include/dexter_msgs/dexter_msgs/srv/detail/quaternion_to_euler__builder.hpp
[1.387s] -- Up-to-date symlink: /home/aditya/Cpps/Dexter/install/dexter_msgs/include/dexter_msgs/dexter_msgs/srv/detail/quaternion_to_euler__struct.hpp
[1.387s] -- Up-to-date symlink: /home/aditya/Cpps/Dexter/install/dexter_msgs/include/dexter_msgs/dexter_msgs/srv/detail/quaternion_to_euler__traits.hpp
[1.388s] -- Up-to-date symlink: /home/aditya/Cpps/Dexter/install/dexter_msgs/include/dexter_msgs/dexter_msgs/srv/detail/quaternion_to_euler__type_support.hpp
[1.388s] -- Up-to-date symlink: /home/aditya/Cpps/Dexter/install/dexter_msgs/include/dexter_msgs/dexter_msgs/srv/dispatch_item.hpp
[1.388s] -- Up-to-date symlink: /home/aditya/Cpps/Dexter/install/dexter_msgs/include/dexter_msgs/dexter_msgs/srv/euler_to_quaternion.hpp
[1.389s] -- Up-to-date symlink: /home/aditya/Cpps/Dexter/install/dexter_msgs/include/dexter_msgs/dexter_msgs/srv/quaternion_to_euler.hpp
[1.389s] -- Up-to-date symlink: /home/aditya/Cpps/Dexter/install/dexter_msgs/include/dexter_msgs/dexter_msgs/action/detail/dexter_task__rosidl_typesupport_fastrtps_cpp.hpp
[1.390s] -- Up-to-date symlink: /home/aditya/Cpps/Dexter/install/dexter_msgs/include/dexter_msgs/dexter_msgs/action/detail/fibonacci__rosidl_typesupport_fastrtps_cpp.hpp
[1.390s] -- Up-to-date symlink: /home/aditya/Cpps/Dexter/install/dexter_msgs/include/dexter_msgs/dexter_msgs/msg/rosidl_typesupport_fastrtps_cpp__visibility_control.h
[1.390s] -- Up-to-date symlink: /home/aditya/Cpps/Dexter/install/dexter_msgs/include/dexter_msgs/dexter_msgs/srv/detail/add_item__rosidl_typesupport_fastrtps_cpp.hpp
[1.391s] -- Up-to-date symlink: /home/aditya/Cpps/Dexter/install/dexter_msgs/include/dexter_msgs/dexter_msgs/srv/detail/add_two_ints__rosidl_typesupport_fastrtps_cpp.hpp
[1.391s] -- Up-to-date symlink: /home/aditya/Cpps/Dexter/install/dexter_msgs/include/dexter_msgs/dexter_msgs/srv/detail/dispatch_item__rosidl_typesupport_fastrtps_cpp.hpp
[1.391s] -- Up-to-date symlink: /home/aditya/Cpps/Dexter/install/dexter_msgs/include/dexter_msgs/dexter_msgs/srv/detail/euler_to_quaternion__rosidl_typesupport_fastrtps_cpp.hpp
[1.392s] -- Up-to-date symlink: /home/aditya/Cpps/Dexter/install/dexter_msgs/include/dexter_msgs/dexter_msgs/srv/detail/quaternion_to_euler__rosidl_typesupport_fastrtps_cpp.hpp
[1.392s] -- Up-to-date symlink: /home/aditya/Cpps/Dexter/install/dexter_msgs/include/dexter_msgs/dexter_msgs/action/detail/dexter_task__rosidl_typesupport_introspection_c.h
[1.393s] -- Up-to-date symlink: /home/aditya/Cpps/Dexter/install/dexter_msgs/include/dexter_msgs/dexter_msgs/action/detail/fibonacci__rosidl_typesupport_introspection_c.h
[1.393s] -- Up-to-date symlink: /home/aditya/Cpps/Dexter/install/dexter_msgs/include/dexter_msgs/dexter_msgs/msg/rosidl_typesupport_introspection_c__visibility_control.h
[1.393s] -- Up-to-date symlink: /home/aditya/Cpps/Dexter/install/dexter_msgs/include/dexter_msgs/dexter_msgs/srv/detail/add_item__rosidl_typesupport_introspection_c.h
[1.393s] -- Up-to-date symlink: /home/aditya/Cpps/Dexter/install/dexter_msgs/include/dexter_msgs/dexter_msgs/srv/detail/add_two_ints__rosidl_typesupport_introspection_c.h
[1.394s] -- Up-to-date symlink: /home/aditya/Cpps/Dexter/install/dexter_msgs/include/dexter_msgs/dexter_msgs/srv/detail/dispatch_item__rosidl_typesupport_introspection_c.h
[1.394s] -- Up-to-date symlink: /home/aditya/Cpps/Dexter/install/dexter_msgs/include/dexter_msgs/dexter_msgs/srv/detail/euler_to_quaternion__rosidl_typesupport_introspection_c.h
[1.394s] -- Up-to-date symlink: /home/aditya/Cpps/Dexter/install/dexter_msgs/include/dexter_msgs/dexter_msgs/srv/detail/quaternion_to_euler__rosidl_typesupport_introspection_c.h
[1.395s] -- Up-to-date symlink: /home/aditya/Cpps/Dexter/install/dexter_msgs/include/dexter_msgs/dexter_msgs/action/detail/dexter_task__rosidl_typesupport_introspection_cpp.hpp
[1.395s] -- Up-to-date symlink: /home/aditya/Cpps/Dexter/install/dexter_msgs/include/dexter_msgs/dexter_msgs/action/detail/fibonacci__rosidl_typesupport_introspection_cpp.hpp
[1.395s] -- Up-to-date symlink: /home/aditya/Cpps/Dexter/install/dexter_msgs/include/dexter_msgs/dexter_msgs/srv/detail/add_item__rosidl_typesupport_introspection_cpp.hpp
[1.395s] -- Up-to-date symlink: /home/aditya/Cpps/Dexter/install/dexter_msgs/include/dexter_msgs/dexter_msgs/srv/detail/add_two_ints__rosidl_typesupport_introspection_cpp.hpp
[1.395s] -- Up-to-date symlink: /home/aditya/Cpps/Dexter/install/dexter_msgs/include/dexter_msgs/dexter_msgs/srv/detail/dispatch_item__rosidl_typesupport_introspection_cpp.hpp
[1.396s] -- Up-to-date symlink: /home/aditya/Cpps/Dexter/install/dexter_msgs/include/dexter_msgs/dexter_msgs/srv/detail/euler_to_quaternion__rosidl_typesupport_introspection_cpp.hpp
[1.396s] -- Up-to-date symlink: /home/aditya/Cpps/Dexter/install/dexter_msgs/include/dexter_msgs/dexter_msgs/srv/detail/quaternion_to_euler__rosidl_typesupport_introspection_cpp.hpp
[1.396s] -- Up-to-date symlink: /home/aditya/Cpps/Dexter/install/dexter_msgs/share/dexter_msgs/environment/pythonpath.sh
[1.397s] -- Up-to-date symlink: /home/aditya/Cpps/Dexter/install/dexter_msgs/share/dexter_msgs/environment/pythonpath.dsv
[1.397s] -- Up-to-date symlink: /home/aditya/Cpps/Dexter/install/dexter_msgs/lib/python3.12/site-packages/dexter_msgs-0.0.0-py3.12.egg-info/PKG-INFO
[1.397s] -- Up-to-date symlink: /home/aditya/Cpps/Dexter/install/dexter_msgs/lib/python3.12/site-packages/dexter_msgs-0.0.0-py3.12.egg-info/SOURCES.txt
[1.397s] -- Up-to-date symlink: /home/aditya/Cpps/Dexter/install/dexter_msgs/lib/python3.12/site-packages/dexter_msgs-0.0.0-py3.12.egg-info/dependency_links.txt
[1.398s] -- Up-to-date symlink: /home/aditya/Cpps/Dexter/install/dexter_msgs/lib/python3.12/site-packages/dexter_msgs-0.0.0-py3.12.egg-info/top_level.txt
[1.398s] -- Up-to-date symlink: /home/aditya/Cpps/Dexter/install/dexter_msgs/lib/python3.12/site-packages/dexter_msgs/__init__.py
[1.399s] -- Up-to-date symlink: /home/aditya/Cpps/Dexter/install/dexter_msgs/lib/python3.12/site-packages/dexter_msgs/_dexter_msgs_s.ep.rosidl_typesupport_c.c
[1.399s] -- Up-to-date symlink: /home/aditya/Cpps/Dexter/install/dexter_msgs/lib/python3.12/site-packages/dexter_msgs/_dexter_msgs_s.ep.rosidl_typesupport_fastrtps_c.c
[1.399s] -- Up-to-date symlink: /home/aditya/Cpps/Dexter/install/dexter_msgs/lib/python3.12/site-packages/dexter_msgs/_dexter_msgs_s.ep.rosidl_typesupport_introspection_c.c
[1.400s] -- Up-to-date symlink: /home/aditya/Cpps/Dexter/install/dexter_msgs/lib/python3.12/site-packages/dexter_msgs/action/__init__.py
[1.400s] -- Up-to-date symlink: /home/aditya/Cpps/Dexter/install/dexter_msgs/lib/python3.12/site-packages/dexter_msgs/action/_dexter_task.py
[1.400s] -- Up-to-date symlink: /home/aditya/Cpps/Dexter/install/dexter_msgs/lib/python3.12/site-packages/dexter_msgs/action/_dexter_task_s.c
[1.401s] -- Up-to-date symlink: /home/aditya/Cpps/Dexter/install/dexter_msgs/lib/python3.12/site-packages/dexter_msgs/action/_fibonacci.py
[1.401s] -- Up-to-date symlink: /home/aditya/Cpps/Dexter/install/dexter_msgs/lib/python3.12/site-packages/dexter_msgs/action/_fibonacci_s.c
[1.401s] -- Up-to-date symlink: /home/aditya/Cpps/Dexter/install/dexter_msgs/lib/python3.12/site-packages/dexter_msgs/dexter_msgs_s__rosidl_typesupport_c.so
[1.402s] -- Up-to-date symlink: /home/aditya/Cpps/Dexter/install/dexter_msgs/lib/python3.12/site-packages/dexter_msgs/dexter_msgs_s__rosidl_typesupport_fastrtps_c.so
[1.402s] -- Up-to-date symlink: /home/aditya/Cpps/Dexter/install/dexter_msgs/lib/python3.12/site-packages/dexter_msgs/dexter_msgs_s__rosidl_typesupport_introspection_c.so
[1.402s] -- Up-to-date symlink: /home/aditya/Cpps/Dexter/install/dexter_msgs/lib/python3.12/site-packages/dexter_msgs/srv/__init__.py
[1.402s] -- Up-to-date symlink: /home/aditya/Cpps/Dexter/install/dexter_msgs/lib/python3.12/site-packages/dexter_msgs/srv/_add_item.py
[1.403s] -- Up-to-date symlink: /home/aditya/Cpps/Dexter/install/dexter_msgs/lib/python3.12/site-packages/dexter_msgs/srv/_add_item_s.c
[1.403s] -- Up-to-date symlink: /home/aditya/Cpps/Dexter/install/dexter_msgs/lib/python3.12/site-packages/dexter_msgs/srv/_add_two_ints.py
[1.403s] -- Up-to-date symlink: /home/aditya/Cpps/Dexter/install/dexter_msgs/lib/python3.12/site-packages/dexter_msgs/srv/_add_two_ints_s.c
[1.404s] -- Up-to-date symlink: /home/aditya/Cpps/Dexter/install/dexter_msgs/lib/python3.12/site-packages/dexter_msgs/srv/_dispatch_item.py
[1.404s] -- Up-to-date symlink: /home/aditya/Cpps/Dexter/install/dexter_msgs/lib/python3.12/site-packages/dexter_msgs/srv/_dispatch_item_s.c
[1.404s] -- Up-to-date symlink: /home/aditya/Cpps/Dexter/install/dexter_msgs/lib/python3.12/site-packages/dexter_msgs/srv/_euler_to_quaternion.py
[1.405s] -- Up-to-date symlink: /home/aditya/Cpps/Dexter/install/dexter_msgs/lib/python3.12/site-packages/dexter_msgs/srv/_euler_to_quaternion_s.c
[1.405s] -- Up-to-date symlink: /home/aditya/Cpps/Dexter/install/dexter_msgs/lib/python3.12/site-packages/dexter_msgs/srv/_quaternion_to_euler.py
[1.405s] -- Up-to-date symlink: /home/aditya/Cpps/Dexter/install/dexter_msgs/lib/python3.12/site-packages/dexter_msgs/srv/_quaternion_to_euler_s.c
[1.405s] -- Up-to-date symlink: /home/aditya/Cpps/Dexter/install/dexter_msgs/lib/python3.12/site-packages/dexter_msgs/dexter_msgs_s__rosidl_typesupport_fastrtps_c.so
[1.406s] -- Up-to-date symlink: /home/aditya/Cpps/Dexter/install/dexter_msgs/lib/python3.12/site-packages/dexter_msgs/dexter_msgs_s__rosidl_typesupport_introspection_c.so
[1.406s] -- Up-to-date symlink: /home/aditya/Cpps/Dexter/install/dexter_msgs/lib/python3.12/site-packages/dexter_msgs/dexter_msgs_s__rosidl_typesupport_c.so
[1.406s] -- Up-to-date symlink: /home/aditya/Cpps/Dexter/install/dexter_msgs/share/dexter_msgs/srv/AddTwoInts.idl
[1.406s] -- Up-to-date symlink: /home/aditya/Cpps/Dexter/install/dexter_msgs/share/dexter_msgs/srv/EulerToQuaternion.idl
[1.406s] -- Up-to-date symlink: /home/aditya/Cpps/Dexter/install/dexter_msgs/share/dexter_msgs/srv/QuaternionToEuler.idl
[1.406s] -- Up-to-date symlink: /home/aditya/Cpps/Dexter/install/dexter_msgs/share/dexter_msgs/action/Fibonacci.idl
[1.407s] -- Up-to-date symlink: /home/aditya/Cpps/Dexter/install/dexter_msgs/share/dexter_msgs/action/DexterTask.idl
[1.407s] -- Up-to-date symlink: /home/aditya/Cpps/Dexter/install/dexter_msgs/share/dexter_msgs/srv/DispatchItem.idl
[1.407s] -- Up-to-date symlink: /home/aditya/Cpps/Dexter/install/dexter_msgs/share/dexter_msgs/srv/AddItem.idl
[1.407s] -- Up-to-date symlink: /home/aditya/Cpps/Dexter/install/dexter_msgs/share/dexter_msgs/srv/AddTwoInts.srv
[1.408s] -- Up-to-date symlink: /home/aditya/Cpps/Dexter/install/dexter_msgs/share/dexter_msgs/srv/EulerToQuaternion.srv
[1.408s] -- Up-to-date symlink: /home/aditya/Cpps/Dexter/install/dexter_msgs/share/dexter_msgs/srv/QuaternionToEuler.srv
[1.408s] -- Up-to-date symlink: /home/aditya/Cpps/Dexter/install/dexter_msgs/share/dexter_msgs/action/Fibonacci.action
[1.408s] -- Up-to-date symlink: /home/aditya/Cpps/Dexter/install/dexter_msgs/share/dexter_msgs/action/DexterTask.action
[1.408s] -- Up-to-date symlink: /home/aditya/Cpps/Dexter/install/dexter_msgs/share/dexter_msgs/srv/DispatchItem.srv
[1.409s] -- Up-to-date symlink: /home/aditya/Cpps/Dexter/install/dexter_msgs/share/dexter_msgs/srv/AddItem.srv
[1.409s] -- Up-to-date symlink: /home/aditya/Cpps/Dexter/install/dexter_msgs/share/ament_index/resource_index/package_run_dependencies/dexter_msgs
[1.409s] -- Up-to-date symlink: /home/aditya/Cpps/Dexter/install/dexter_msgs/share/ament_index/resource_index/parent_prefix_path/dexter_msgs
[1.410s] -- Up-to-date symlink: /home/aditya/Cpps/Dexter/install/dexter_msgs/share/dexter_msgs/environment/ament_prefix_path.sh
[1.410s] -- Up-to-date symlink: /home/aditya/Cpps/Dexter/install/dexter_msgs/share/dexter_msgs/environment/ament_prefix_path.dsv
[1.410s] -- Up-to-date symlink: /home/aditya/Cpps/Dexter/install/dexter_msgs/share/dexter_msgs/environment/path.sh
[1.411s] -- Up-to-date symlink: /home/aditya/Cpps/Dexter/install/dexter_msgs/share/dexter_msgs/environment/path.dsv
[1.411s] -- Up-to-date symlink: /home/aditya/Cpps/Dexter/install/dexter_msgs/share/dexter_msgs/local_setup.bash
[1.411s] -- Up-to-date symlink: /home/aditya/Cpps/Dexter/install/dexter_msgs/share/dexter_msgs/local_setup.sh
[1.411s] -- Up-to-date symlink: /home/aditya/Cpps/Dexter/install/dexter_msgs/share/dexter_msgs/local_setup.zsh
[1.412s] -- Up-to-date symlink: /home/aditya/Cpps/Dexter/install/dexter_msgs/share/dexter_msgs/local_setup.dsv
[1.412s] -- Symlinking: /home/aditya/Cpps/Dexter/install/dexter_msgs/share/dexter_msgs/package.dsv
[1.442s] -- Up-to-date symlink: /home/aditya/Cpps/Dexter/install/dexter_msgs/share/ament_index/resource_index/packages/dexter_msgs
[1.442s] -- Up-to-date symlink: /home/aditya/Cpps/Dexter/install/dexter_msgs/share/dexter_msgs/cmake/rosidl_cmake-extras.cmake
[1.442s] -- Up-to-date symlink: /home/aditya/Cpps/Dexter/install/dexter_msgs/share/dexter_msgs/cmake/ament_cmake_export_dependencies-extras.cmake
[1.443s] -- Up-to-date symlink: /home/aditya/Cpps/Dexter/install/dexter_msgs/share/dexter_msgs/cmake/ament_cmake_export_include_directories-extras.cmake
[1.443s] -- Up-to-date symlink: /home/aditya/Cpps/Dexter/install/dexter_msgs/share/dexter_msgs/cmake/ament_cmake_export_libraries-extras.cmake
[1.444s] -- Up-to-date symlink: /home/aditya/Cpps/Dexter/install/dexter_msgs/share/dexter_msgs/cmake/ament_cmake_export_targets-extras.cmake
[1.444s] -- Up-to-date symlink: /home/aditya/Cpps/Dexter/install/dexter_msgs/share/dexter_msgs/cmake/rosidl_cmake_export_typesupport_targets-extras.cmake
[1.445s] -- Up-to-date symlink: /home/aditya/Cpps/Dexter/install/dexter_msgs/share/dexter_msgs/cmake/rosidl_cmake_export_typesupport_libraries-extras.cmake
[1.445s] -- Up-to-date symlink: /home/aditya/Cpps/Dexter/install/dexter_msgs/share/dexter_msgs/cmake/dexter_msgsConfig.cmake
[1.445s] -- Up-to-date symlink: /home/aditya/Cpps/Dexter/install/dexter_msgs/share/dexter_msgs/cmake/dexter_msgsConfig-version.cmake
[1.449s] -- Up-to-date symlink: /home/aditya/Cpps/Dexter/install/dexter_msgs/share/dexter_msgs/package.xml
[1.450s] -- Up-to-date: /home/aditya/Cpps/Dexter/install/dexter_msgs/lib/libdexter_msgs__rosidl_generator_c.so
[1.450s] -- Up-to-date: /home/aditya/Cpps/Dexter/install/dexter_msgs/lib/libdexter_msgs__rosidl_typesupport_fastrtps_c.so
[1.450s] -- Up-to-date: /home/aditya/Cpps/Dexter/install/dexter_msgs/lib/libdexter_msgs__rosidl_typesupport_fastrtps_cpp.so
[1.451s] -- Up-to-date: /home/aditya/Cpps/Dexter/install/dexter_msgs/lib/libdexter_msgs__rosidl_typesupport_introspection_c.so
[1.451s] -- Up-to-date: /home/aditya/Cpps/Dexter/install/dexter_msgs/lib/libdexter_msgs__rosidl_typesupport_c.so
[1.451s] -- Up-to-date: /home/aditya/Cpps/Dexter/install/dexter_msgs/lib/libdexter_msgs__rosidl_typesupport_introspection_cpp.so
[1.451s] -- Up-to-date: /home/aditya/Cpps/Dexter/install/dexter_msgs/lib/libdexter_msgs__rosidl_typesupport_cpp.so
[1.581s] Listing '/home/aditya/Cpps/Dexter/install/dexter_msgs/lib/python3.12/site-packages/dexter_msgs'...
[1.581s] Listing '/home/aditya/Cpps/Dexter/install/dexter_msgs/lib/python3.12/site-packages/dexter_msgs/action'...
[1.582s] Listing '/home/aditya/Cpps/Dexter/install/dexter_msgs/lib/python3.12/site-packages/dexter_msgs/srv'...
[1.599s] -- Up-to-date: /home/aditya/Cpps/Dexter/install/dexter_msgs/lib/libdexter_msgs__rosidl_generator_py.so
[1.600s] -- Up-to-date: /home/aditya/Cpps/Dexter/install/dexter_msgs/share/dexter_msgs/cmake/export_dexter_msgs__rosidl_generator_cExport.cmake
[1.600s] -- Up-to-date: /home/aditya/Cpps/Dexter/install/dexter_msgs/share/dexter_msgs/cmake/export_dexter_msgs__rosidl_generator_cExport-noconfig.cmake
[1.601s] -- Up-to-date: /home/aditya/Cpps/Dexter/install/dexter_msgs/share/dexter_msgs/cmake/export_dexter_msgs__rosidl_typesupport_fastrtps_cExport.cmake
[1.601s] -- Up-to-date: /home/aditya/Cpps/Dexter/install/dexter_msgs/share/dexter_msgs/cmake/export_dexter_msgs__rosidl_typesupport_fastrtps_cExport-noconfig.cmake
[1.601s] -- Up-to-date: /home/aditya/Cpps/Dexter/install/dexter_msgs/share/dexter_msgs/cmake/export_dexter_msgs__rosidl_generator_cppExport.cmake
[1.602s] -- Up-to-date: /home/aditya/Cpps/Dexter/install/dexter_msgs/share/dexter_msgs/cmake/export_dexter_msgs__rosidl_typesupport_fastrtps_cppExport.cmake
[1.602s] -- Up-to-date: /home/aditya/Cpps/Dexter/install/dexter_msgs/share/dexter_msgs/cmake/export_dexter_msgs__rosidl_typesupport_fastrtps_cppExport-noconfig.cmake
[1.602s] -- Up-to-date: /home/aditya/Cpps/Dexter/install/dexter_msgs/share/dexter_msgs/cmake/dexter_msgs__rosidl_typesupport_introspection_cExport.cmake
[1.603s] -- Up-to-date: /home/aditya/Cpps/Dexter/install/dexter_msgs/share/dexter_msgs/cmake/dexter_msgs__rosidl_typesupport_introspection_cExport-noconfig.cmake
[1.603s] -- Up-to-date: /home/aditya/Cpps/Dexter/install/dexter_msgs/share/dexter_msgs/cmake/dexter_msgs__rosidl_typesupport_cExport.cmake
[1.603s] -- Up-to-date: /home/aditya/Cpps/Dexter/install/dexter_msgs/share/dexter_msgs/cmake/dexter_msgs__rosidl_typesupport_cExport-noconfig.cmake
[1.604s] -- Up-to-date: /home/aditya/Cpps/Dexter/install/dexter_msgs/share/dexter_msgs/cmake/dexter_msgs__rosidl_typesupport_introspection_cppExport.cmake
[1.604s] -- Up-to-date: /home/aditya/Cpps/Dexter/install/dexter_msgs/share/dexter_msgs/cmake/dexter_msgs__rosidl_typesupport_introspection_cppExport-noconfig.cmake
[1.604s] -- Up-to-date: /home/aditya/Cpps/Dexter/install/dexter_msgs/share/dexter_msgs/cmake/dexter_msgs__rosidl_typesupport_cppExport.cmake
[1.604s] -- Up-to-date: /home/aditya/Cpps/Dexter/install/dexter_msgs/share/dexter_msgs/cmake/dexter_msgs__rosidl_typesupport_cppExport-noconfig.cmake
[1.605s] -- Up-to-date: /home/aditya/Cpps/Dexter/install/dexter_msgs/share/dexter_msgs/cmake/export_dexter_msgs__rosidl_generator_pyExport.cmake
[1.605s] -- Up-to-date: /home/aditya/Cpps/Dexter/install/dexter_msgs/share/dexter_msgs/cmake/export_dexter_msgs__rosidl_generator_pyExport-noconfig.cmake
[1.608s] Invoked command in '/home/aditya/Cpps/Dexter/build/dexter_msgs' returned '0': CMAKE_PREFIX_PATH=${CMAKE_PREFIX_PATH}:/home/aditya/Cpps/Dexter/install/dexter_py_examples:/home/aditya/Cpps/Dexter/install/dexter_inventory:/home/aditya/ros2_ws/install/my_py_pkg:/opt/ros/jazzy DEBUGINFOD_URLS=https://debuginfod.ubuntu.com PS1=\[\e]0;\u@\h: \w\a\]${debian_chroot:+($debian_chroot)}\[\033[01;32m\]\u@\h\[\033[00m\]:\[\033[01;34m\]\w\[\033[00m\]\$ VIRTUAL_ENV_PROMPT=(venv-ardupilot) /usr/bin/cmake --install /home/aditya/Cpps/Dexter/build/dexter_msgs
