[2.552s] Invoking command in '/home/aditya/Cpps/Dexter/build/dexter_inventory': AMENT_PREFIX_PATH=/home/aditya/Cpps/Dexter/install/dexter_moveit:/home/aditya/Cpps/Dexter/install/dexter_msgs:/home/aditya/Cpps/Dexter/install/dexter_description:${AMENT_PREFIX_PATH} CMAKE_PREFIX_PATH=/home/aditya/Cpps/Dexter/install/dexter_moveit:/home/aditya/Cpps/Dexter/install/dexter_msgs:/home/aditya/Cpps/Dexter/install/dexter_description:${CMAKE_PREFIX_PATH} DEBUGINFOD_URLS=https://debuginfod.ubuntu.com LD_LIBRARY_PATH=/home/aditya/Cpps/Dexter/install/dexter_msgs/lib:${LD_LIBRARY_PATH} PYTHONPATH=/home/aditya/Cpps/Dexter/build/dexter_inventory/prefix_override:/usr/lib/python3/dist-packages/colcon_core/task/python/colcon_distutils_commands:/home/aditya/Cpps/Dexter/install/dexter_inventory/lib/python3.12/site-packages:/home/aditya/Cpps/Dexter/install/dexter_msgs/lib/python3.12/site-packages:${PYTHONPATH} VIRTUAL_ENV_PROMPT=(venv-ardupilot) /usr/bin/python3 -W ignore:setup.py install is deprecated -W ignore:easy_install command is deprecated setup.py develop --editable --build-directory /home/aditya/Cpps/Dexter/build/dexter_inventory/build --no-deps symlink_data --force
[3.415s] running develop
[3.839s] running egg_info
[3.886s] writing dexter_inventory.egg-info/PKG-INFO
[3.886s] writing dependency_links to dexter_inventory.egg-info/dependency_links.txt
[3.886s] writing entry points to dexter_inventory.egg-info/entry_points.txt
[3.886s] writing requirements to dexter_inventory.egg-info/requires.txt
[3.887s] writing top-level names to dexter_inventory.egg-info/top_level.txt
[3.983s] reading manifest file 'dexter_inventory.egg-info/SOURCES.txt'
[3.986s] writing manifest file 'dexter_inventory.egg-info/SOURCES.txt'
[4.038s] running build_ext
[4.039s] Creating /home/aditya/Cpps/Dexter/install/dexter_inventory/lib/python3.12/site-packages/dexter-inventory.egg-link (link to .)
[4.040s] Installing aruco_box_detector script to /home/aditya/Cpps/Dexter/install/dexter_inventory/lib/dexter_inventory
[4.041s] Installing inventory_node script to /home/aditya/Cpps/Dexter/install/dexter_inventory/lib/dexter_inventory
[4.042s] Installing seed_data script to /home/aditya/Cpps/Dexter/install/dexter_inventory/lib/dexter_inventory
[4.043s] Installing visual_servo_node script to /home/aditya/Cpps/Dexter/install/dexter_inventory/lib/dexter_inventory
[4.043s] 
[4.043s] Installed /home/aditya/Cpps/Dexter/build/dexter_inventory
[4.044s] running symlink_data
[4.044s] symbolically linking /home/aditya/Cpps/Dexter/build/dexter_inventory/resource/dexter_inventory -> /home/aditya/Cpps/Dexter/install/dexter_inventory/share/ament_index/resource_index/packages
[4.044s] symbolically linking /home/aditya/Cpps/Dexter/build/dexter_inventory/package.xml -> /home/aditya/Cpps/Dexter/install/dexter_inventory/share/dexter_inventory
[4.044s] symbolically linking /home/aditya/Cpps/Dexter/build/dexter_inventory/launch/inventory.launch.py -> /home/aditya/Cpps/Dexter/install/dexter_inventory/share/dexter_inventory/launch
[4.045s] symbolically linking /home/aditya/Cpps/Dexter/build/dexter_inventory/templates/index.html -> /home/aditya/Cpps/Dexter/install/dexter_inventory/share/dexter_inventory/templates
[4.123s] Invoked command in '/home/aditya/Cpps/Dexter/build/dexter_inventory' returned '0': AMENT_PREFIX_PATH=/home/aditya/Cpps/Dexter/install/dexter_moveit:/home/aditya/Cpps/Dexter/install/dexter_msgs:/home/aditya/Cpps/Dexter/install/dexter_description:${AMENT_PREFIX_PATH} CMAKE_PREFIX_PATH=/home/aditya/Cpps/Dexter/install/dexter_moveit:/home/aditya/Cpps/Dexter/install/dexter_msgs:/home/aditya/Cpps/Dexter/install/dexter_description:${CMAKE_PREFIX_PATH} DEBUGINFOD_URLS=https://debuginfod.ubuntu.com LD_LIBRARY_PATH=/home/aditya/Cpps/Dexter/install/dexter_msgs/lib:${LD_LIBRARY_PATH} PYTHONPATH=/home/aditya/Cpps/Dexter/build/dexter_inventory/prefix_override:/usr/lib/python3/dist-packages/colcon_core/task/python/colcon_distutils_commands:/home/aditya/Cpps/Dexter/install/dexter_inventory/lib/python3.12/site-packages:/home/aditya/Cpps/Dexter/install/dexter_msgs/lib/python3.12/site-packages:${PYTHONPATH} VIRTUAL_ENV_PROMPT=(venv-ardupilot) /usr/bin/python3 -W ignore:setup.py install is deprecated -W ignore:easy_install command is deprecated setup.py develop --editable --build-directory /home/aditya/Cpps/Dexter/build/dexter_inventory/build --no-deps symlink_data --force
