/home/aditya/Cpps/Dexter/install/dexter_inventory/lib/python3.12/site-packages/dexter_inventory/seed_data.py
/home/aditya/Cpps/Dexter/install/dexter_inventory/lib/python3.12/site-packages/dexter_inventory/standalone_dashboard.py
/home/aditya/Cpps/Dexter/install/dexter_inventory/lib/python3.12/site-packages/dexter_inventory/inventory_db.py
/home/aditya/Cpps/Dexter/install/dexter_inventory/lib/python3.12/site-packages/dexter_inventory/inventory_node.py
/home/aditya/Cpps/Dexter/install/dexter_inventory/lib/python3.12/site-packages/dexter_inventory/dispatch_engine.py
/home/aditya/Cpps/Dexter/install/dexter_inventory/lib/python3.12/site-packages/dexter_inventory/ml_forecast.py
/home/aditya/Cpps/Dexter/install/dexter_inventory/lib/python3.12/site-packages/dexter_inventory/__init__.py
/home/aditya/Cpps/Dexter/install/dexter_inventory/lib/python3.12/site-packages/dexter_inventory/__pycache__/seed_data.cpython-312.pyc
/home/aditya/Cpps/Dexter/install/dexter_inventory/lib/python3.12/site-packages/dexter_inventory/__pycache__/standalone_dashboard.cpython-312.pyc
/home/aditya/Cpps/Dexter/install/dexter_inventory/lib/python3.12/site-packages/dexter_inventory/__pycache__/inventory_db.cpython-312.pyc
/home/aditya/Cpps/Dexter/install/dexter_inventory/lib/python3.12/site-packages/dexter_inventory/__pycache__/inventory_node.cpython-312.pyc
/home/aditya/Cpps/Dexter/install/dexter_inventory/lib/python3.12/site-packages/dexter_inventory/__pycache__/dispatch_engine.cpython-312.pyc
/home/aditya/Cpps/Dexter/install/dexter_inventory/lib/python3.12/site-packages/dexter_inventory/__pycache__/ml_forecast.cpython-312.pyc
/home/aditya/Cpps/Dexter/install/dexter_inventory/lib/python3.12/site-packages/dexter_inventory/__pycache__/__init__.cpython-312.pyc
/home/aditya/Cpps/Dexter/install/dexter_inventory/share/ament_index/resource_index/packages/dexter_inventory
/home/aditya/Cpps/Dexter/install/dexter_inventory/share/dexter_inventory/package.xml
/home/aditya/Cpps/Dexter/install/dexter_inventory/share/dexter_inventory/launch/inventory.launch.py
/home/aditya/Cpps/Dexter/install/dexter_inventory/share/dexter_inventory/templates/index.html
/home/aditya/Cpps/Dexter/install/dexter_inventory/lib/python3.12/site-packages/dexter_inventory-0.1.0-py3.12.egg-info/SOURCES.txt
/home/aditya/Cpps/Dexter/install/dexter_inventory/lib/python3.12/site-packages/dexter_inventory-0.1.0-py3.12.egg-info/PKG-INFO
/home/aditya/Cpps/Dexter/install/dexter_inventory/lib/python3.12/site-packages/dexter_inventory-0.1.0-py3.12.egg-info/dependency_links.txt
/home/aditya/Cpps/Dexter/install/dexter_inventory/lib/python3.12/site-packages/dexter_inventory-0.1.0-py3.12.egg-info/entry_points.txt
/home/aditya/Cpps/Dexter/install/dexter_inventory/lib/python3.12/site-packages/dexter_inventory-0.1.0-py3.12.egg-info/top_level.txt
/home/aditya/Cpps/Dexter/install/dexter_inventory/lib/python3.12/site-packages/dexter_inventory-0.1.0-py3.12.egg-info/zip-safe
/home/aditya/Cpps/Dexter/install/dexter_inventory/lib/python3.12/site-packages/dexter_inventory-0.1.0-py3.12.egg-info/requires.txt
/home/aditya/Cpps/Dexter/install/dexter_inventory/lib/dexter_inventory/inventory_node
/home/aditya/Cpps/Dexter/install/dexter_inventory/lib/dexter_inventory/seed_data
/home/aditya/Cpps/Dexter/install/dexter_inventory/lib/dexter_inventory/standalone_dashboard
