[0.020s] Invoking command in '/home/aditya/Cpps/Dexter/build/dexter_moveit': CMAKE_PREFIX_PATH=/home/aditya/Cpps/Dexter/install/dexter_description:/home/aditya/Cpps/Dexter/install/dexter_utils:/home/aditya/Cpps/Dexter/install/dexter_bringup:/home/aditya/Cpps/Dexter/install/dexter_remote:/home/aditya/Cpps/Dexter/install/dexter_cpp_examples:/home/aditya/Cpps/Dexter/install/dexter_msgs:/home/aditya/Cpps/Dexter/install/dexter_moveit:/home/aditya/Cpps/Dexter/install/dexter_firmware:/home/aditya/Cpps/Dexter/install/dexter_controller:/home/aditya/ros2_ws/install/my_robot_bringup:/home/aditya/ros2_ws/install/my_cpp_pkg:/home/aditya/ros2_ws/install/my_robot_interfaces:/opt/ros/jazzy/opt/gz_sim_vendor:/opt/ros/jazzy/opt/gz_sensors_vendor:/opt/ros/jazzy/opt/gz_physics_vendor:/opt/ros/jazzy/opt/sdformat_vendor:/opt/ros/jazzy/opt/gz_gui_vendor:/opt/ros/jazzy/opt/gz_transport_vendor:/opt/ros/jazzy/opt/gz_rendering_vendor:/opt/ros/jazzy/opt/gz_plugin_vendor:/opt/ros/jazzy/opt/gz_fuel_tools_vendor:/opt/ros/jazzy/opt/gz_msgs_vendor:/opt/ros/jazzy/opt/gz_common_vendor:/opt/ros/jazzy/opt/gz_math_vendor:/opt/ros/jazzy/opt/gz_utils_vendor:/opt/ros/jazzy/opt/gz_tools_vendor:/opt/ros/jazzy/opt/gz_ogre_next_vendor:/opt/ros/jazzy/opt/gz_dartsim_vendor:/opt/ros/jazzy/opt/gz_cmake_vendor:/home/aditya/Cpps/Dexter/install/dexter_py_examples:/home/aditya/Cpps/Dexter/install/dexter_inventory:/home/aditya/ros2_ws/install/my_py_pkg:/opt/ros/jazzy DEBUGINFOD_URLS=https://debuginfod.ubuntu.com PS1=\[\e]0;\u@\h: \w\a\]${debian_chroot:+($debian_chroot)}\[\033[01;32m\]\u@\h\[\033[00m\]:\[\033[01;34m\]\w\[\033[00m\]\$ VIRTUAL_ENV_PROMPT=(venv-ardupilot) /usr/bin/cmake --build /home/aditya/Cpps/Dexter/build/dexter_moveit -- -j28 -l28
[0.068s] -- Found ament_cmake: 2.5.5 (/opt/ros/jazzy/share/ament_cmake/cmake)
[0.605s] -- Found ament_lint_auto: 0.17.4 (/opt/ros/jazzy/share/ament_lint_auto/cmake)
[0.857s] -- Added test 'copyright' to check source files copyright and LICENSE
[0.862s] -- Added test 'flake8' to check Python code syntax and style conventions
[0.862s] -- Configured 'flake8' exclude dirs and/or files: 
[0.862s] -- Added test 'lint_cmake' to check CMake code style
[0.863s] -- Added test 'pep257' to check Python code against some of the docstring style conventions in PEP 257
[0.866s] -- Added test 'xmllint' to check XML markup files
[0.868s] -- Configuring done (0.8s)
[0.874s] -- Generating done (0.0s)
[0.878s] -- Build files have been written to: /home/aditya/Cpps/Dexter/build/dexter_moveit
[0.935s] Invoked command in '/home/aditya/Cpps/Dexter/build/dexter_moveit' returned '0': CMAKE_PREFIX_PATH=/home/aditya/Cpps/Dexter/install/dexter_description:/home/aditya/Cpps/Dexter/install/dexter_utils:/home/aditya/Cpps/Dexter/install/dexter_bringup:/home/aditya/Cpps/Dexter/install/dexter_remote:/home/aditya/Cpps/Dexter/install/dexter_cpp_examples:/home/aditya/Cpps/Dexter/install/dexter_msgs:/home/aditya/Cpps/Dexter/install/dexter_moveit:/home/aditya/Cpps/Dexter/install/dexter_firmware:/home/aditya/Cpps/Dexter/install/dexter_controller:/home/aditya/ros2_ws/install/my_robot_bringup:/home/aditya/ros2_ws/install/my_cpp_pkg:/home/aditya/ros2_ws/install/my_robot_interfaces:/opt/ros/jazzy/opt/gz_sim_vendor:/opt/ros/jazzy/opt/gz_sensors_vendor:/opt/ros/jazzy/opt/gz_physics_vendor:/opt/ros/jazzy/opt/sdformat_vendor:/opt/ros/jazzy/opt/gz_gui_vendor:/opt/ros/jazzy/opt/gz_transport_vendor:/opt/ros/jazzy/opt/gz_rendering_vendor:/opt/ros/jazzy/opt/gz_plugin_vendor:/opt/ros/jazzy/opt/gz_fuel_tools_vendor:/opt/ros/jazzy/opt/gz_msgs_vendor:/opt/ros/jazzy/opt/gz_common_vendor:/opt/ros/jazzy/opt/gz_math_vendor:/opt/ros/jazzy/opt/gz_utils_vendor:/opt/ros/jazzy/opt/gz_tools_vendor:/opt/ros/jazzy/opt/gz_ogre_next_vendor:/opt/ros/jazzy/opt/gz_dartsim_vendor:/opt/ros/jazzy/opt/gz_cmake_vendor:/home/aditya/Cpps/Dexter/install/dexter_py_examples:/home/aditya/Cpps/Dexter/install/dexter_inventory:/home/aditya/ros2_ws/install/my_py_pkg:/opt/ros/jazzy DEBUGINFOD_URLS=https://debuginfod.ubuntu.com PS1=\[\e]0;\u@\h: \w\a\]${debian_chroot:+($debian_chroot)}\[\033[01;32m\]\u@\h\[\033[00m\]:\[\033[01;34m\]\w\[\033[00m\]\$ VIRTUAL_ENV_PROMPT=(venv-ardupilot) /usr/bin/cmake --build /home/aditya/Cpps/Dexter/build/dexter_moveit -- -j28 -l28
[0.938s] Invoking command in '/home/aditya/Cpps/Dexter/build/dexter_moveit': CMAKE_PREFIX_PATH=/home/aditya/Cpps/Dexter/install/dexter_description:/home/aditya/Cpps/Dexter/install/dexter_utils:/home/aditya/Cpps/Dexter/install/dexter_bringup:/home/aditya/Cpps/Dexter/install/dexter_remote:/home/aditya/Cpps/Dexter/install/dexter_cpp_examples:/home/aditya/Cpps/Dexter/install/dexter_msgs:/home/aditya/Cpps/Dexter/install/dexter_moveit:/home/aditya/Cpps/Dexter/install/dexter_firmware:/home/aditya/Cpps/Dexter/install/dexter_controller:/home/aditya/ros2_ws/install/my_robot_bringup:/home/aditya/ros2_ws/install/my_cpp_pkg:/home/aditya/ros2_ws/install/my_robot_interfaces:/opt/ros/jazzy/opt/gz_sim_vendor:/opt/ros/jazzy/opt/gz_sensors_vendor:/opt/ros/jazzy/opt/gz_physics_vendor:/opt/ros/jazzy/opt/sdformat_vendor:/opt/ros/jazzy/opt/gz_gui_vendor:/opt/ros/jazzy/opt/gz_transport_vendor:/opt/ros/jazzy/opt/gz_rendering_vendor:/opt/ros/jazzy/opt/gz_plugin_vendor:/opt/ros/jazzy/opt/gz_fuel_tools_vendor:/opt/ros/jazzy/opt/gz_msgs_vendor:/opt/ros/jazzy/opt/gz_common_vendor:/opt/ros/jazzy/opt/gz_math_vendor:/opt/ros/jazzy/opt/gz_utils_vendor:/opt/ros/jazzy/opt/gz_tools_vendor:/opt/ros/jazzy/opt/gz_ogre_next_vendor:/opt/ros/jazzy/opt/gz_dartsim_vendor:/opt/ros/jazzy/opt/gz_cmake_vendor:/home/aditya/Cpps/Dexter/install/dexter_py_examples:/home/aditya/Cpps/Dexter/install/dexter_inventory:/home/aditya/ros2_ws/install/my_py_pkg:/opt/ros/jazzy DEBUGINFOD_URLS=https://debuginfod.ubuntu.com PS1=\[\e]0;\u@\h: \w\a\]${debian_chroot:+($debian_chroot)}\[\033[01;32m\]\u@\h\[\033[00m\]:\[\033[01;34m\]\w\[\033[00m\]\$ VIRTUAL_ENV_PROMPT=(venv-ardupilot) /usr/bin/cmake --install /home/aditya/Cpps/Dexter/build/dexter_moveit
[0.956s] -- Install configuration: ""
[0.956s] -- Up-to-date: /home/aditya/Cpps/Dexter/install/dexter_moveit/share/dexter_moveit/launch
[0.956s] -- Up-to-date: /home/aditya/Cpps/Dexter/install/dexter_moveit/share/dexter_moveit/launch/moveit.launch.py
[0.956s] -- Up-to-date: /home/aditya/Cpps/Dexter/install/dexter_moveit/share/dexter_moveit/config
[0.956s] -- Up-to-date: /home/aditya/Cpps/Dexter/install/dexter_moveit/share/dexter_moveit/config/moveit_controllers.yaml
[0.956s] -- Up-to-date: /home/aditya/Cpps/Dexter/install/dexter_moveit/share/dexter_moveit/config/planning_python_api.yaml
[0.957s] -- Up-to-date: /home/aditya/Cpps/Dexter/install/dexter_moveit/share/dexter_moveit/config/moveit.rviz
[0.957s] -- Up-to-date: /home/aditya/Cpps/Dexter/install/dexter_moveit/share/dexter_moveit/config/joint_limits.yaml
[0.957s] -- Up-to-date: /home/aditya/Cpps/Dexter/install/dexter_moveit/share/dexter_moveit/config/initial_positions.yaml
[0.957s] -- Up-to-date: /home/aditya/Cpps/Dexter/install/dexter_moveit/share/dexter_moveit/config/dexter.srdf
[0.957s] -- Up-to-date: /home/aditya/Cpps/Dexter/install/dexter_moveit/share/dexter_moveit/config/pilz_cartesian_limits.yaml
[0.958s] -- Up-to-date: /home/aditya/Cpps/Dexter/install/dexter_moveit/share/dexter_moveit/config/kinematics.yaml
[0.958s] -- Up-to-date: /home/aditya/Cpps/Dexter/install/dexter_moveit/share/ament_index/resource_index/package_run_dependencies/dexter_moveit
[0.959s] -- Up-to-date: /home/aditya/Cpps/Dexter/install/dexter_moveit/share/ament_index/resource_index/parent_prefix_path/dexter_moveit
[0.959s] -- Installing: /home/aditya/Cpps/Dexter/install/dexter_moveit/share/dexter_moveit/environment/ament_prefix_path.sh
[0.959s] -- Up-to-date: /home/aditya/Cpps/Dexter/install/dexter_moveit/share/dexter_moveit/environment/ament_prefix_path.dsv
[0.959s] -- Installing: /home/aditya/Cpps/Dexter/install/dexter_moveit/share/dexter_moveit/environment/path.sh
[0.959s] -- Up-to-date: /home/aditya/Cpps/Dexter/install/dexter_moveit/share/dexter_moveit/environment/path.dsv
[0.959s] -- Up-to-date: /home/aditya/Cpps/Dexter/install/dexter_moveit/share/dexter_moveit/local_setup.bash
[0.959s] -- Up-to-date: /home/aditya/Cpps/Dexter/install/dexter_moveit/share/dexter_moveit/local_setup.sh
[0.960s] -- Up-to-date: /home/aditya/Cpps/Dexter/install/dexter_moveit/share/dexter_moveit/local_setup.zsh
[0.960s] -- Up-to-date: /home/aditya/Cpps/Dexter/install/dexter_moveit/share/dexter_moveit/local_setup.dsv
[0.960s] -- Up-to-date: /home/aditya/Cpps/Dexter/install/dexter_moveit/share/dexter_moveit/package.dsv
[0.960s] -- Up-to-date: /home/aditya/Cpps/Dexter/install/dexter_moveit/share/ament_index/resource_index/packages/dexter_moveit
[0.960s] -- Up-to-date: /home/aditya/Cpps/Dexter/install/dexter_moveit/share/dexter_moveit/cmake/dexter_moveitConfig.cmake
[0.960s] -- Up-to-date: /home/aditya/Cpps/Dexter/install/dexter_moveit/share/dexter_moveit/cmake/dexter_moveitConfig-version.cmake
[0.960s] -- Up-to-date: /home/aditya/Cpps/Dexter/install/dexter_moveit/share/dexter_moveit/package.xml
[0.962s] Invoked command in '/home/aditya/Cpps/Dexter/build/dexter_moveit' returned '0': CMAKE_PREFIX_PATH=/home/aditya/Cpps/Dexter/install/dexter_description:/home/aditya/Cpps/Dexter/install/dexter_utils:/home/aditya/Cpps/Dexter/install/dexter_bringup:/home/aditya/Cpps/Dexter/install/dexter_remote:/home/aditya/Cpps/Dexter/install/dexter_cpp_examples:/home/aditya/Cpps/Dexter/install/dexter_msgs:/home/aditya/Cpps/Dexter/install/dexter_moveit:/home/aditya/Cpps/Dexter/install/dexter_firmware:/home/aditya/Cpps/Dexter/install/dexter_controller:/home/aditya/ros2_ws/install/my_robot_bringup:/home/aditya/ros2_ws/install/my_cpp_pkg:/home/aditya/ros2_ws/install/my_robot_interfaces:/opt/ros/jazzy/opt/gz_sim_vendor:/opt/ros/jazzy/opt/gz_sensors_vendor:/opt/ros/jazzy/opt/gz_physics_vendor:/opt/ros/jazzy/opt/sdformat_vendor:/opt/ros/jazzy/opt/gz_gui_vendor:/opt/ros/jazzy/opt/gz_transport_vendor:/opt/ros/jazzy/opt/gz_rendering_vendor:/opt/ros/jazzy/opt/gz_plugin_vendor:/opt/ros/jazzy/opt/gz_fuel_tools_vendor:/opt/ros/jazzy/opt/gz_msgs_vendor:/opt/ros/jazzy/opt/gz_common_vendor:/opt/ros/jazzy/opt/gz_math_vendor:/opt/ros/jazzy/opt/gz_utils_vendor:/opt/ros/jazzy/opt/gz_tools_vendor:/opt/ros/jazzy/opt/gz_ogre_next_vendor:/opt/ros/jazzy/opt/gz_dartsim_vendor:/opt/ros/jazzy/opt/gz_cmake_vendor:/home/aditya/Cpps/Dexter/install/dexter_py_examples:/home/aditya/Cpps/Dexter/install/dexter_inventory:/home/aditya/ros2_ws/install/my_py_pkg:/opt/ros/jazzy DEBUGINFOD_URLS=https://debuginfod.ubuntu.com PS1=\[\e]0;\u@\h: \w\a\]${debian_chroot:+($debian_chroot)}\[\033[01;32m\]\u@\h\[\033[00m\]:\[\033[01;34m\]\w\[\033[00m\]\$ VIRTUAL_ENV_PROMPT=(venv-ardupilot) /usr/bin/cmake --install /home/aditya/Cpps/Dexter/build/dexter_moveit
