[0.043s] Invoking command in '/home/aditya/Cpps/Dexter/build/dexter_msgs': CMAKE_PREFIX_PATH=${CMAKE_PREFIX_PATH}:/home/aditya/Cpps/Dexter/install/dexter_py_examples:/home/aditya/Cpps/Dexter/install/dexter_inventory:/home/aditya/ros2_ws/install/my_py_pkg:/opt/ros/jazzy DEBUGINFOD_URLS=https://debuginfod.ubuntu.com PS1=\[\e]0;\u@\h: \w\a\]${debian_chroot:+($debian_chroot)}\[\033[01;32m\]\u@\h\[\033[00m\]:\[\033[01;34m\]\w\[\033[00m\]\$ VIRTUAL_ENV_PROMPT=(venv-ardupilot) /usr/bin/cmake --build /home/aditya/Cpps/Dexter/build/dexter_msgs -- -j28 -l28
[0.202s] [  1%] Built target dexter_msgs__rosidl_generator_type_description
[0.227s] [  1%] Built target ament_cmake_python_symlink_dexter_msgs
[0.267s] [  2%] Built target dexter_msgs__cpp
[0.303s] [ 26%] Built target dexter_msgs__rosidl_generator_c
[0.380s] [ 36%] Built target dexter_msgs__rosidl_typesupport_c
[0.383s] [ 45%] Built target dexter_msgs__rosidl_typesupport_introspection_c
[0.388s] [ 55%] Built target dexter_msgs__rosidl_typesupport_fastrtps_cpp
[0.391s] [ 73%] Built target dexter_msgs__rosidl_typesupport_fastrtps_c
[0.391s] [ 74%] Built target dexter_msgs__rosidl_typesupport_cpp
[0.395s] [ 84%] Built target dexter_msgs__rosidl_typesupport_introspection_cpp
[0.468s] [ 84%] Built target dexter_msgs
[0.535s] [ 85%] Built target dexter_msgs__py
[0.623s] [ 93%] Built target dexter_msgs__rosidl_generator_py
[0.696s] [ 95%] Built target dexter_msgs_s__rosidl_typesupport_fastrtps_c
[0.700s] [100%] Built target dexter_msgs_s__rosidl_typesupport_introspection_c
[0.700s] [100%] Built target dexter_msgs_s__rosidl_typesupport_c
[1.160s] running egg_info
[1.243s] writing dexter_msgs.egg-info/PKG-INFO
[1.244s] writing dependency_links to dexter_msgs.egg-info/dependency_links.txt
[1.245s] writing top-level names to dexter_msgs.egg-info/top_level.txt
[1.540s] reading manifest file 'dexter_msgs.egg-info/SOURCES.txt'
[1.546s] writing manifest file 'dexter_msgs.egg-info/SOURCES.txt'
[1.682s] [100%] Built target ament_cmake_python_build_dexter_msgs_egg
[1.733s] Invoked command in '/home/aditya/Cpps/Dexter/build/dexter_msgs' returned '0': CMAKE_PREFIX_PATH=${CMAKE_PREFIX_PATH}:/home/aditya/Cpps/Dexter/install/dexter_py_examples:/home/aditya/Cpps/Dexter/install/dexter_inventory:/home/aditya/ros2_ws/install/my_py_pkg:/opt/ros/jazzy DEBUGINFOD_URLS=https://debuginfod.ubuntu.com PS1=\[\e]0;\u@\h: \w\a\]${debian_chroot:+($debian_chroot)}\[\033[01;32m\]\u@\h\[\033[00m\]:\[\033[01;34m\]\w\[\033[00m\]\$ VIRTUAL_ENV_PROMPT=(venv-ardupilot) /usr/bin/cmake --build /home/aditya/Cpps/Dexter/build/dexter_msgs -- -j28 -l28
[1.737s] Invoking command in '/home/aditya/Cpps/Dexter/build/dexter_msgs': CMAKE_PREFIX_PATH=${CMAKE_PREFIX_PATH}:/home/aditya/Cpps/Dexter/install/dexter_py_examples:/home/aditya/Cpps/Dexter/install/dexter_inventory:/home/aditya/ros2_ws/install/my_py_pkg:/opt/ros/jazzy DEBUGINFOD_URLS=https://debuginfod.ubuntu.com PS1=\[\e]0;\u@\h: \w\a\]${debian_chroot:+($debian_chroot)}\[\033[01;32m\]\u@\h\[\033[00m\]:\[\033[01;34m\]\w\[\033[00m\]\$ VIRTUAL_ENV_PROMPT=(venv-ardupilot) /usr/bin/cmake --install /home/aditya/Cpps/Dexter/build/dexter_msgs
[1.777s] -- Install configuration: ""
[1.779s] -- Execute custom install script
[1.781s] -- Up-to-date symlink: /home/aditya/Cpps/Dexter/install/dexter_msgs/share/ament_index/resource_index/rosidl_interfaces/dexter_msgs
[1.782s] -- Up-to-date symlink: /home/aditya/Cpps/Dexter/install/dexter_msgs/share/dexter_msgs/srv/AddTwoInts.json
[1.782s] -- Up-to-date symlink: /home/aditya/Cpps/Dexter/install/dexter_msgs/share/dexter_msgs/srv/EulerToQuaternion.json
[1.782s] -- Up-to-date symlink: /home/aditya/Cpps/Dexter/install/dexter_msgs/share/dexter_msgs/srv/QuaternionToEuler.json
[1.783s] -- Up-to-date symlink: /home/aditya/Cpps/Dexter/install/dexter_msgs/share/dexter_msgs/action/Fibonacci.json
[1.784s] -- Up-to-date symlink: /home/aditya/Cpps/Dexter/install/dexter_msgs/share/dexter_msgs/action/DexterTask.json
[1.784s] -- Up-to-date symlink: /home/aditya/Cpps/Dexter/install/dexter_msgs/share/dexter_msgs/srv/DispatchItem.json
[1.785s] -- Up-to-date symlink: /home/aditya/Cpps/Dexter/install/dexter_msgs/share/dexter_msgs/srv/AddItem.json
[1.787s] -- Up-to-date symlink: /home/aditya/Cpps/Dexter/install/dexter_msgs/include/dexter_msgs/dexter_msgs/action/detail/dexter_task__functions.h
[1.787s] -- Up-to-date symlink: /home/aditya/Cpps/Dexter/install/dexter_msgs/include/dexter_msgs/dexter_msgs/action/detail/dexter_task__struct.h
[1.788s] -- Up-to-date symlink: /home/aditya/Cpps/Dexter/install/dexter_msgs/include/dexter_msgs/dexter_msgs/action/detail/dexter_task__type_support.h
[1.789s] -- Up-to-date symlink: /home/aditya/Cpps/Dexter/install/dexter_msgs/include/dexter_msgs/dexter_msgs/action/detail/fibonacci__functions.h
[1.789s] -- Up-to-date symlink: /home/aditya/Cpps/Dexter/install/dexter_msgs/include/dexter_msgs/dexter_msgs/action/detail/fibonacci__struct.h
[1.790s] -- Up-to-date symlink: /home/aditya/Cpps/Dexter/install/dexter_msgs/include/dexter_msgs/dexter_msgs/action/detail/fibonacci__type_support.h
[1.790s] -- Up-to-date symlink: /home/aditya/Cpps/Dexter/install/dexter_msgs/include/dexter_msgs/dexter_msgs/action/dexter_task.h
[1.790s] -- Up-to-date symlink: /home/aditya/Cpps/Dexter/install/dexter_msgs/include/dexter_msgs/dexter_msgs/action/fibonacci.h
[1.791s] -- Up-to-date symlink: /home/aditya/Cpps/Dexter/install/dexter_msgs/include/dexter_msgs/dexter_msgs/msg/rosidl_generator_c__visibility_control.h
[1.791s] -- Up-to-date symlink: /home/aditya/Cpps/Dexter/install/dexter_msgs/include/dexter_msgs/dexter_msgs/srv/add_item.h
[1.791s] -- Up-to-date symlink: /home/aditya/Cpps/Dexter/install/dexter_msgs/include/dexter_msgs/dexter_msgs/srv/add_two_ints.h
[1.792s] -- Up-to-date symlink: /home/aditya/Cpps/Dexter/install/dexter_msgs/include/dexter_msgs/dexter_msgs/srv/detail/add_item__functions.h
[1.792s] -- Up-to-date symlink: /home/aditya/Cpps/Dexter/install/dexter_msgs/include/dexter_msgs/dexter_msgs/srv/detail/add_item__struct.h
[1.792s] -- Up-to-date symlink: /home/aditya/Cpps/Dexter/install/dexter_msgs/include/dexter_msgs/dexter_msgs/srv/detail/add_item__type_support.h
[1.793s] -- Up-to-date symlink: /home/aditya/Cpps/Dexter/install/dexter_msgs/include/dexter_msgs/dexter_msgs/srv/detail/add_two_ints__functions.h
[1.793s] -- Up-to-date symlink: /home/aditya/Cpps/Dexter/install/dexter_msgs/include/dexter_msgs/dexter_msgs/srv/detail/add_two_ints__struct.h
[1.793s] -- Up-to-date symlink: /home/aditya/Cpps/Dexter/install/dexter_msgs/include/dexter_msgs/dexter_msgs/srv/detail/add_two_ints__type_support.h
[1.794s] -- Up-to-date symlink: /home/aditya/Cpps/Dexter/install/dexter_msgs/include/dexter_msgs/dexter_msgs/srv/detail/dispatch_item__functions.h
[1.794s] -- Up-to-date symlink: /home/aditya/Cpps/Dexter/install/dexter_msgs/include/dexter_msgs/dexter_msgs/srv/detail/dispatch_item__struct.h
[1.795s] -- Up-to-date symlink: /home/aditya/Cpps/Dexter/install/dexter_msgs/include/dexter_msgs/dexter_msgs/srv/detail/dispatch_item__type_support.h
[1.796s] -- Up-to-date symlink: /home/aditya/Cpps/Dexter/install/dexter_msgs/include/dexter_msgs/dexter_msgs/srv/detail/euler_to_quaternion__functions.h
[1.796s] -- Up-to-date symlink: /home/aditya/Cpps/Dexter/install/dexter_msgs/include/dexter_msgs/dexter_msgs/srv/detail/euler_to_quaternion__struct.h
[1.797s] -- Up-to-date symlink: /home/aditya/Cpps/Dexter/install/dexter_msgs/include/dexter_msgs/dexter_msgs/srv/detail/euler_to_quaternion__type_support.h
[1.797s] -- Up-to-date symlink: /home/aditya/Cpps/Dexter/install/dexter_msgs/include/dexter_msgs/dexter_msgs/srv/detail/quaternion_to_euler__functions.h
[1.797s] -- Up-to-date symlink: /home/aditya/Cpps/Dexter/install/dexter_msgs/include/dexter_msgs/dexter_msgs/srv/detail/quaternion_to_euler__struct.h
[1.800s] -- Up-to-date symlink: /home/aditya/Cpps/Dexter/install/dexter_msgs/include/dexter_msgs/dexter_msgs/srv/detail/quaternion_to_euler__type_support.h
[1.800s] -- Up-to-date symlink: /home/aditya/Cpps/Dexter/install/dexter_msgs/include/dexter_msgs/dexter_msgs/srv/dispatch_item.h
[1.801s] -- Up-to-date symlink: /home/aditya/Cpps/Dexter/install/dexter_msgs/include/dexter_msgs/dexter_msgs/srv/euler_to_quaternion.h
[1.801s] -- Up-to-date symlink: /home/aditya/Cpps/Dexter/install/dexter_msgs/include/dexter_msgs/dexter_msgs/srv/quaternion_to_euler.h
[1.801s] -- Up-to-date symlink: /home/aditya/Cpps/Dexter/install/dexter_msgs/share/dexter_msgs/environment/library_path.sh
[1.802s] -- Up-to-date symlink: /home/aditya/Cpps/Dexter/install/dexter_msgs/share/dexter_msgs/environment/library_path.dsv
[1.803s] -- Up-to-date symlink: /home/aditya/Cpps/Dexter/install/dexter_msgs/include/dexter_msgs/dexter_msgs/action/detail/dexter_task__rosidl_typesupport_fastrtps_c.h
[1.803s] -- Up-to-date symlink: /home/aditya/Cpps/Dexter/install/dexter_msgs/include/dexter_msgs/dexter_msgs/action/detail/fibonacci__rosidl_typesupport_fastrtps_c.h
[1.804s] -- Up-to-date symlink: /home/aditya/Cpps/Dexter/install/dexter_msgs/include/dexter_msgs/dexter_msgs/msg/rosidl_typesupport_fastrtps_c__visibility_control.h
[1.804s] -- Up-to-date symlink: /home/aditya/Cpps/Dexter/install/dexter_msgs/include/dexter_msgs/dexter_msgs/srv/detail/add_item__rosidl_typesupport_fastrtps_c.h
[1.804s] -- Up-to-date symlink: /home/aditya/Cpps/Dexter/install/dexter_msgs/include/dexter_msgs/dexter_msgs/srv/detail/add_two_ints__rosidl_typesupport_fastrtps_c.h
[1.805s] -- Up-to-date symlink: /home/aditya/Cpps/Dexter/install/dexter_msgs/include/dexter_msgs/dexter_msgs/srv/detail/dispatch_item__rosidl_typesupport_fastrtps_c.h
[1.805s] -- Up-to-date symlink: /home/aditya/Cpps/Dexter/install/dexter_msgs/include/dexter_msgs/dexter_msgs/srv/detail/euler_to_quaternion__rosidl_typesupport_fastrtps_c.h
[1.805s] -- Up-to-date symlink: /home/aditya/Cpps/Dexter/install/dexter_msgs/include/dexter_msgs/dexter_msgs/srv/detail/quaternion_to_euler__rosidl_typesupport_fastrtps_c.h
[1.807s] -- Up-to-date symlink: /home/aditya/Cpps/Dexter/install/dexter_msgs/include/dexter_msgs/dexter_msgs/action/detail/dexter_task__builder.hpp
[1.808s] -- Up-to-date symlink: /home/aditya/Cpps/Dexter/install/dexter_msgs/include/dexter_msgs/dexter_msgs/action/detail/dexter_task__struct.hpp
[1.808s] -- Up-to-date symlink: /home/aditya/Cpps/Dexter/install/dexter_msgs/include/dexter_msgs/dexter_msgs/action/detail/dexter_task__traits.hpp
[1.809s] -- Up-to-date symlink: /home/aditya/Cpps/Dexter/install/dexter_msgs/include/dexter_msgs/dexter_msgs/action/detail/dexter_task__type_support.hpp
[1.809s] -- Up-to-date symlink: /home/aditya/Cpps/Dexter/install/dexter_msgs/include/dexter_msgs/dexter_msgs/action/detail/fibonacci__builder.hpp
[1.810s] -- Up-to-date symlink: /home/aditya/Cpps/Dexter/install/dexter_msgs/include/dexter_msgs/dexter_msgs/action/detail/fibonacci__struct.hpp
[1.811s] -- Up-to-date symlink: /home/aditya/Cpps/Dexter/install/dexter_msgs/include/dexter_msgs/dexter_msgs/action/detail/fibonacci__traits.hpp
[1.811s] -- Up-to-date symlink: /home/aditya/Cpps/Dexter/install/dexter_msgs/include/dexter_msgs/dexter_msgs/action/detail/fibonacci__type_support.hpp
[1.811s] -- Up-to-date symlink: /home/aditya/Cpps/Dexter/install/dexter_msgs/include/dexter_msgs/dexter_msgs/action/dexter_task.hpp
[1.812s] -- Up-to-date symlink: /home/aditya/Cpps/Dexter/install/dexter_msgs/include/dexter_msgs/dexter_msgs/action/fibonacci.hpp
[1.812s] -- Up-to-date symlink: /home/aditya/Cpps/Dexter/install/dexter_msgs/include/dexter_msgs/dexter_msgs/msg/rosidl_generator_cpp__visibility_control.hpp
[1.812s] -- Up-to-date symlink: /home/aditya/Cpps/Dexter/install/dexter_msgs/include/dexter_msgs/dexter_msgs/srv/add_item.hpp
[1.812s] -- Up-to-date symlink: /home/aditya/Cpps/Dexter/install/dexter_msgs/include/dexter_msgs/dexter_msgs/srv/add_two_ints.hpp
[1.813s] -- Up-to-date symlink: /home/aditya/Cpps/Dexter/install/dexter_msgs/include/dexter_msgs/dexter_msgs/srv/detail/add_item__builder.hpp
[1.813s] -- Up-to-date symlink: /home/aditya/Cpps/Dexter/install/dexter_msgs/include/dexter_msgs/dexter_msgs/srv/detail/add_item__struct.hpp
[1.813s] -- Up-to-date symlink: /home/aditya/Cpps/Dexter/install/dexter_msgs/include/dexter_msgs/dexter_msgs/srv/detail/add_item__traits.hpp
[1.813s] -- Up-to-date symlink: /home/aditya/Cpps/Dexter/install/dexter_msgs/include/dexter_msgs/dexter_msgs/srv/detail/add_item__type_support.hpp
[1.814s] -- Up-to-date symlink: /home/aditya/Cpps/Dexter/install/dexter_msgs/include/dexter_msgs/dexter_msgs/srv/detail/add_two_ints__builder.hpp
[1.814s] -- Up-to-date symlink: /home/aditya/Cpps/Dexter/install/dexter_msgs/include/dexter_msgs/dexter_msgs/srv/detail/add_two_ints__struct.hpp
[1.814s] -- Up-to-date symlink: /home/aditya/Cpps/Dexter/install/dexter_msgs/include/dexter_msgs/dexter_msgs/srv/detail/add_two_ints__traits.hpp
[1.815s] -- Up-to-date symlink: /home/aditya/Cpps/Dexter/install/dexter_msgs/include/dexter_msgs/dexter_msgs/srv/detail/add_two_ints__type_support.hpp
[1.815s] -- Up-to-date symlink: /home/aditya/Cpps/Dexter/install/dexter_msgs/include/dexter_msgs/dexter_msgs/srv/detail/dispatch_item__builder.hpp
[1.816s] -- Up-to-date symlink: /home/aditya/Cpps/Dexter/install/dexter_msgs/include/dexter_msgs/dexter_msgs/srv/detail/dispatch_item__struct.hpp
[1.816s] -- Up-to-date symlink: /home/aditya/Cpps/Dexter/install/dexter_msgs/include/dexter_msgs/dexter_msgs/srv/detail/dispatch_item__traits.hpp
[1.817s] -- Up-to-date symlink: /home/aditya/Cpps/Dexter/install/dexter_msgs/include/dexter_msgs/dexter_msgs/srv/detail/dispatch_item__type_support.hpp
[1.817s] -- Up-to-date symlink: /home/aditya/Cpps/Dexter/install/dexter_msgs/include/dexter_msgs/dexter_msgs/srv/detail/euler_to_quaternion__builder.hpp
[1.817s] -- Up-to-date symlink: /home/aditya/Cpps/Dexter/install/dexter_msgs/include/dexter_msgs/dexter_msgs/srv/detail/euler_to_quaternion__struct.hpp
[1.818s] -- Up-to-date symlink: /home/aditya/Cpps/Dexter/install/dexter_msgs/include/dexter_msgs/dexter_msgs/srv/detail/euler_to_quaternion__traits.hpp
[1.818s] -- Up-to-date symlink: /home/aditya/Cpps/Dexter/install/dexter_msgs/include/dexter_msgs/dexter_msgs/srv/detail/euler_to_quaternion__type_support.hpp
[1.818s] -- Up-to-date symlink: /home/aditya/Cpps/Dexter/install/dexter_msgs/include/dexter_msgs/dexter_msgs/srv/detail/quaternion_to_euler__builder.hpp
[1.819s] -- Up-to-date symlink: /home/aditya/Cpps/Dexter/install/dexter_msgs/include/dexter_msgs/dexter_msgs/srv/detail/quaternion_to_euler__struct.hpp
[1.820s] -- Up-to-date symlink: /home/aditya/Cpps/Dexter/install/dexter_msgs/include/dexter_msgs/dexter_msgs/srv/detail/quaternion_to_euler__traits.hpp
[1.820s] -- Up-to-date symlink: /home/aditya/Cpps/Dexter/install/dexter_msgs/include/dexter_msgs/dexter_msgs/srv/detail/quaternion_to_euler__type_support.hpp
[1.821s] -- Up-to-date symlink: /home/aditya/Cpps/Dexter/install/dexter_msgs/include/dexter_msgs/dexter_msgs/srv/dispatch_item.hpp
[1.821s] -- Up-to-date symlink: /home/aditya/Cpps/Dexter/install/dexter_msgs/include/dexter_msgs/dexter_msgs/srv/euler_to_quaternion.hpp
[1.821s] -- Up-to-date symlink: /home/aditya/Cpps/Dexter/install/dexter_msgs/include/dexter_msgs/dexter_msgs/srv/quaternion_to_euler.hpp
[1.823s] -- Up-to-date symlink: /home/aditya/Cpps/Dexter/install/dexter_msgs/include/dexter_msgs/dexter_msgs/action/detail/dexter_task__rosidl_typesupport_fastrtps_cpp.hpp
[1.823s] -- Up-to-date symlink: /home/aditya/Cpps/Dexter/install/dexter_msgs/include/dexter_msgs/dexter_msgs/action/detail/fibonacci__rosidl_typesupport_fastrtps_cpp.hpp
[1.824s] -- Up-to-date symlink: /home/aditya/Cpps/Dexter/install/dexter_msgs/include/dexter_msgs/dexter_msgs/msg/rosidl_typesupport_fastrtps_cpp__visibility_control.h
[1.825s] -- Up-to-date symlink: /home/aditya/Cpps/Dexter/install/dexter_msgs/include/dexter_msgs/dexter_msgs/srv/detail/add_item__rosidl_typesupport_fastrtps_cpp.hpp
[1.826s] -- Up-to-date symlink: /home/aditya/Cpps/Dexter/install/dexter_msgs/include/dexter_msgs/dexter_msgs/srv/detail/add_two_ints__rosidl_typesupport_fastrtps_cpp.hpp
[1.826s] -- Up-to-date symlink: /home/aditya/Cpps/Dexter/install/dexter_msgs/include/dexter_msgs/dexter_msgs/srv/detail/dispatch_item__rosidl_typesupport_fastrtps_cpp.hpp
[1.826s] -- Up-to-date symlink: /home/aditya/Cpps/Dexter/install/dexter_msgs/include/dexter_msgs/dexter_msgs/srv/detail/euler_to_quaternion__rosidl_typesupport_fastrtps_cpp.hpp
[1.826s] -- Up-to-date symlink: /home/aditya/Cpps/Dexter/install/dexter_msgs/include/dexter_msgs/dexter_msgs/srv/detail/quaternion_to_euler__rosidl_typesupport_fastrtps_cpp.hpp
[1.827s] -- Up-to-date symlink: /home/aditya/Cpps/Dexter/install/dexter_msgs/include/dexter_msgs/dexter_msgs/action/detail/dexter_task__rosidl_typesupport_introspection_c.h
[1.829s] -- Up-to-date symlink: /home/aditya/Cpps/Dexter/install/dexter_msgs/include/dexter_msgs/dexter_msgs/action/detail/fibonacci__rosidl_typesupport_introspection_c.h
[1.831s] -- Up-to-date symlink: /home/aditya/Cpps/Dexter/install/dexter_msgs/include/dexter_msgs/dexter_msgs/msg/rosidl_typesupport_introspection_c__visibility_control.h
[1.831s] -- Up-to-date symlink: /home/aditya/Cpps/Dexter/install/dexter_msgs/include/dexter_msgs/dexter_msgs/srv/detail/add_item__rosidl_typesupport_introspection_c.h
[1.831s] -- Up-to-date symlink: /home/aditya/Cpps/Dexter/install/dexter_msgs/include/dexter_msgs/dexter_msgs/srv/detail/add_two_ints__rosidl_typesupport_introspection_c.h
[1.832s] -- Up-to-date symlink: /home/aditya/Cpps/Dexter/install/dexter_msgs/include/dexter_msgs/dexter_msgs/srv/detail/dispatch_item__rosidl_typesupport_introspection_c.h
[1.832s] -- Up-to-date symlink: /home/aditya/Cpps/Dexter/install/dexter_msgs/include/dexter_msgs/dexter_msgs/srv/detail/euler_to_quaternion__rosidl_typesupport_introspection_c.h
[1.835s] -- Up-to-date symlink: /home/aditya/Cpps/Dexter/install/dexter_msgs/include/dexter_msgs/dexter_msgs/srv/detail/quaternion_to_euler__rosidl_typesupport_introspection_c.h
[1.836s] -- Up-to-date symlink: /home/aditya/Cpps/Dexter/install/dexter_msgs/include/dexter_msgs/dexter_msgs/action/detail/dexter_task__rosidl_typesupport_introspection_cpp.hpp
[1.836s] -- Up-to-date symlink: /home/aditya/Cpps/Dexter/install/dexter_msgs/include/dexter_msgs/dexter_msgs/action/detail/fibonacci__rosidl_typesupport_introspection_cpp.hpp
[1.836s] -- Up-to-date symlink: /home/aditya/Cpps/Dexter/install/dexter_msgs/include/dexter_msgs/dexter_msgs/srv/detail/add_item__rosidl_typesupport_introspection_cpp.hpp
[1.837s] -- Up-to-date symlink: /home/aditya/Cpps/Dexter/install/dexter_msgs/include/dexter_msgs/dexter_msgs/srv/detail/add_two_ints__rosidl_typesupport_introspection_cpp.hpp
[1.839s] -- Up-to-date symlink: /home/aditya/Cpps/Dexter/install/dexter_msgs/include/dexter_msgs/dexter_msgs/srv/detail/dispatch_item__rosidl_typesupport_introspection_cpp.hpp
[1.839s] -- Up-to-date symlink: /home/aditya/Cpps/Dexter/install/dexter_msgs/include/dexter_msgs/dexter_msgs/srv/detail/euler_to_quaternion__rosidl_typesupport_introspection_cpp.hpp
[1.839s] -- Up-to-date symlink: /home/aditya/Cpps/Dexter/install/dexter_msgs/include/dexter_msgs/dexter_msgs/srv/detail/quaternion_to_euler__rosidl_typesupport_introspection_cpp.hpp
[1.839s] -- Up-to-date symlink: /home/aditya/Cpps/Dexter/install/dexter_msgs/share/dexter_msgs/environment/pythonpath.sh
[1.840s] -- Up-to-date symlink: /home/aditya/Cpps/Dexter/install/dexter_msgs/share/dexter_msgs/environment/pythonpath.dsv
[1.840s] -- Up-to-date symlink: /home/aditya/Cpps/Dexter/install/dexter_msgs/lib/python3.12/site-packages/dexter_msgs-0.0.0-py3.12.egg-info/PKG-INFO
[1.840s] -- Up-to-date symlink: /home/aditya/Cpps/Dexter/install/dexter_msgs/lib/python3.12/site-packages/dexter_msgs-0.0.0-py3.12.egg-info/SOURCES.txt
[1.841s] -- Up-to-date symlink: /home/aditya/Cpps/Dexter/install/dexter_msgs/lib/python3.12/site-packages/dexter_msgs-0.0.0-py3.12.egg-info/dependency_links.txt
[1.841s] -- Up-to-date symlink: /home/aditya/Cpps/Dexter/install/dexter_msgs/lib/python3.12/site-packages/dexter_msgs-0.0.0-py3.12.egg-info/top_level.txt
[1.842s] -- Up-to-date symlink: /home/aditya/Cpps/Dexter/install/dexter_msgs/lib/python3.12/site-packages/dexter_msgs/__init__.py
[1.843s] -- Up-to-date symlink: /home/aditya/Cpps/Dexter/install/dexter_msgs/lib/python3.12/site-packages/dexter_msgs/_dexter_msgs_s.ep.rosidl_typesupport_c.c
[1.843s] -- Up-to-date symlink: /home/aditya/Cpps/Dexter/install/dexter_msgs/lib/python3.12/site-packages/dexter_msgs/_dexter_msgs_s.ep.rosidl_typesupport_fastrtps_c.c
[1.844s] -- Up-to-date symlink: /home/aditya/Cpps/Dexter/install/dexter_msgs/lib/python3.12/site-packages/dexter_msgs/_dexter_msgs_s.ep.rosidl_typesupport_introspection_c.c
[1.845s] -- Up-to-date symlink: /home/aditya/Cpps/Dexter/install/dexter_msgs/lib/python3.12/site-packages/dexter_msgs/action/__init__.py
[1.846s] -- Up-to-date symlink: /home/aditya/Cpps/Dexter/install/dexter_msgs/lib/python3.12/site-packages/dexter_msgs/action/_dexter_task.py
[1.847s] -- Up-to-date symlink: /home/aditya/Cpps/Dexter/install/dexter_msgs/lib/python3.12/site-packages/dexter_msgs/action/_dexter_task_s.c
[1.847s] -- Up-to-date symlink: /home/aditya/Cpps/Dexter/install/dexter_msgs/lib/python3.12/site-packages/dexter_msgs/action/_fibonacci.py
[1.848s] -- Up-to-date symlink: /home/aditya/Cpps/Dexter/install/dexter_msgs/lib/python3.12/site-packages/dexter_msgs/action/_fibonacci_s.c
[1.849s] -- Up-to-date symlink: /home/aditya/Cpps/Dexter/install/dexter_msgs/lib/python3.12/site-packages/dexter_msgs/dexter_msgs_s__rosidl_typesupport_c.so
[1.849s] -- Up-to-date symlink: /home/aditya/Cpps/Dexter/install/dexter_msgs/lib/python3.12/site-packages/dexter_msgs/dexter_msgs_s__rosidl_typesupport_fastrtps_c.so
[1.850s] -- Up-to-date symlink: /home/aditya/Cpps/Dexter/install/dexter_msgs/lib/python3.12/site-packages/dexter_msgs/dexter_msgs_s__rosidl_typesupport_introspection_c.so
[1.851s] -- Up-to-date symlink: /home/aditya/Cpps/Dexter/install/dexter_msgs/lib/python3.12/site-packages/dexter_msgs/srv/__init__.py
[1.851s] -- Up-to-date symlink: /home/aditya/Cpps/Dexter/install/dexter_msgs/lib/python3.12/site-packages/dexter_msgs/srv/_add_item.py
[1.852s] -- Up-to-date symlink: /home/aditya/Cpps/Dexter/install/dexter_msgs/lib/python3.12/site-packages/dexter_msgs/srv/_add_item_s.c
[1.853s] -- Up-to-date symlink: /home/aditya/Cpps/Dexter/install/dexter_msgs/lib/python3.12/site-packages/dexter_msgs/srv/_add_two_ints.py
[1.853s] -- Up-to-date symlink: /home/aditya/Cpps/Dexter/install/dexter_msgs/lib/python3.12/site-packages/dexter_msgs/srv/_add_two_ints_s.c
[1.853s] -- Up-to-date symlink: /home/aditya/Cpps/Dexter/install/dexter_msgs/lib/python3.12/site-packages/dexter_msgs/srv/_dispatch_item.py
[1.854s] -- Up-to-date symlink: /home/aditya/Cpps/Dexter/install/dexter_msgs/lib/python3.12/site-packages/dexter_msgs/srv/_dispatch_item_s.c
[1.854s] -- Up-to-date symlink: /home/aditya/Cpps/Dexter/install/dexter_msgs/lib/python3.12/site-packages/dexter_msgs/srv/_euler_to_quaternion.py
[1.854s] -- Up-to-date symlink: /home/aditya/Cpps/Dexter/install/dexter_msgs/lib/python3.12/site-packages/dexter_msgs/srv/_euler_to_quaternion_s.c
[1.854s] -- Up-to-date symlink: /home/aditya/Cpps/Dexter/install/dexter_msgs/lib/python3.12/site-packages/dexter_msgs/srv/_quaternion_to_euler.py
[1.855s] -- Up-to-date symlink: /home/aditya/Cpps/Dexter/install/dexter_msgs/lib/python3.12/site-packages/dexter_msgs/srv/_quaternion_to_euler_s.c
[1.855s] -- Up-to-date symlink: /home/aditya/Cpps/Dexter/install/dexter_msgs/lib/python3.12/site-packages/dexter_msgs/dexter_msgs_s__rosidl_typesupport_fastrtps_c.so
[1.856s] -- Up-to-date symlink: /home/aditya/Cpps/Dexter/install/dexter_msgs/lib/python3.12/site-packages/dexter_msgs/dexter_msgs_s__rosidl_typesupport_introspection_c.so
[1.856s] -- Up-to-date symlink: /home/aditya/Cpps/Dexter/install/dexter_msgs/lib/python3.12/site-packages/dexter_msgs/dexter_msgs_s__rosidl_typesupport_c.so
[1.856s] -- Up-to-date symlink: /home/aditya/Cpps/Dexter/install/dexter_msgs/share/dexter_msgs/srv/AddTwoInts.idl
[1.856s] -- Up-to-date symlink: /home/aditya/Cpps/Dexter/install/dexter_msgs/share/dexter_msgs/srv/EulerToQuaternion.idl
[1.857s] -- Up-to-date symlink: /home/aditya/Cpps/Dexter/install/dexter_msgs/share/dexter_msgs/srv/QuaternionToEuler.idl
[1.857s] -- Up-to-date symlink: /home/aditya/Cpps/Dexter/install/dexter_msgs/share/dexter_msgs/action/Fibonacci.idl
[1.857s] -- Up-to-date symlink: /home/aditya/Cpps/Dexter/install/dexter_msgs/share/dexter_msgs/action/DexterTask.idl
[1.857s] -- Up-to-date symlink: /home/aditya/Cpps/Dexter/install/dexter_msgs/share/dexter_msgs/srv/DispatchItem.idl
[1.858s] -- Up-to-date symlink: /home/aditya/Cpps/Dexter/install/dexter_msgs/share/dexter_msgs/srv/AddItem.idl
[1.859s] -- Up-to-date symlink: /home/aditya/Cpps/Dexter/install/dexter_msgs/share/dexter_msgs/srv/AddTwoInts.srv
[1.860s] -- Up-to-date symlink: /home/aditya/Cpps/Dexter/install/dexter_msgs/share/dexter_msgs/srv/EulerToQuaternion.srv
[1.860s] -- Up-to-date symlink: /home/aditya/Cpps/Dexter/install/dexter_msgs/share/dexter_msgs/srv/QuaternionToEuler.srv
[1.861s] -- Up-to-date symlink: /home/aditya/Cpps/Dexter/install/dexter_msgs/share/dexter_msgs/action/Fibonacci.action
[1.861s] -- Up-to-date symlink: /home/aditya/Cpps/Dexter/install/dexter_msgs/share/dexter_msgs/action/DexterTask.action
[1.861s] -- Up-to-date symlink: /home/aditya/Cpps/Dexter/install/dexter_msgs/share/dexter_msgs/srv/DispatchItem.srv
[1.861s] -- Up-to-date symlink: /home/aditya/Cpps/Dexter/install/dexter_msgs/share/dexter_msgs/srv/AddItem.srv
[1.862s] -- Up-to-date symlink: /home/aditya/Cpps/Dexter/install/dexter_msgs/share/ament_index/resource_index/package_run_dependencies/dexter_msgs
[1.862s] -- Up-to-date symlink: /home/aditya/Cpps/Dexter/install/dexter_msgs/share/ament_index/resource_index/parent_prefix_path/dexter_msgs
[1.862s] -- Up-to-date symlink: /home/aditya/Cpps/Dexter/install/dexter_msgs/share/dexter_msgs/environment/ament_prefix_path.sh
[1.863s] -- Up-to-date symlink: /home/aditya/Cpps/Dexter/install/dexter_msgs/share/dexter_msgs/environment/ament_prefix_path.dsv
[1.864s] -- Up-to-date symlink: /home/aditya/Cpps/Dexter/install/dexter_msgs/share/dexter_msgs/environment/path.sh
[1.865s] -- Up-to-date symlink: /home/aditya/Cpps/Dexter/install/dexter_msgs/share/dexter_msgs/environment/path.dsv
[1.867s] -- Up-to-date symlink: /home/aditya/Cpps/Dexter/install/dexter_msgs/share/dexter_msgs/local_setup.bash
[1.868s] -- Up-to-date symlink: /home/aditya/Cpps/Dexter/install/dexter_msgs/share/dexter_msgs/local_setup.sh
[1.869s] -- Up-to-date symlink: /home/aditya/Cpps/Dexter/install/dexter_msgs/share/dexter_msgs/local_setup.zsh
[1.869s] -- Up-to-date symlink: /home/aditya/Cpps/Dexter/install/dexter_msgs/share/dexter_msgs/local_setup.dsv
[1.869s] -- Symlinking: /home/aditya/Cpps/Dexter/install/dexter_msgs/share/dexter_msgs/package.dsv
[1.899s] -- Up-to-date symlink: /home/aditya/Cpps/Dexter/install/dexter_msgs/share/ament_index/resource_index/packages/dexter_msgs
[1.899s] -- Up-to-date symlink: /home/aditya/Cpps/Dexter/install/dexter_msgs/share/dexter_msgs/cmake/rosidl_cmake-extras.cmake
[1.900s] -- Up-to-date symlink: /home/aditya/Cpps/Dexter/install/dexter_msgs/share/dexter_msgs/cmake/ament_cmake_export_dependencies-extras.cmake
[1.902s] -- Up-to-date symlink: /home/aditya/Cpps/Dexter/install/dexter_msgs/share/dexter_msgs/cmake/ament_cmake_export_include_directories-extras.cmake
[1.903s] -- Up-to-date symlink: /home/aditya/Cpps/Dexter/install/dexter_msgs/share/dexter_msgs/cmake/ament_cmake_export_libraries-extras.cmake
[1.906s] -- Up-to-date symlink: /home/aditya/Cpps/Dexter/install/dexter_msgs/share/dexter_msgs/cmake/ament_cmake_export_targets-extras.cmake
[1.907s] -- Up-to-date symlink: /home/aditya/Cpps/Dexter/install/dexter_msgs/share/dexter_msgs/cmake/rosidl_cmake_export_typesupport_targets-extras.cmake
[1.907s] -- Up-to-date symlink: /home/aditya/Cpps/Dexter/install/dexter_msgs/share/dexter_msgs/cmake/rosidl_cmake_export_typesupport_libraries-extras.cmake
[1.909s] -- Up-to-date symlink: /home/aditya/Cpps/Dexter/install/dexter_msgs/share/dexter_msgs/cmake/dexter_msgsConfig.cmake
[1.910s] -- Up-to-date symlink: /home/aditya/Cpps/Dexter/install/dexter_msgs/share/dexter_msgs/cmake/dexter_msgsConfig-version.cmake
[1.911s] -- Up-to-date symlink: /home/aditya/Cpps/Dexter/install/dexter_msgs/share/dexter_msgs/package.xml
[1.912s] -- Up-to-date: /home/aditya/Cpps/Dexter/install/dexter_msgs/lib/libdexter_msgs__rosidl_generator_c.so
[1.912s] -- Up-to-date: /home/aditya/Cpps/Dexter/install/dexter_msgs/lib/libdexter_msgs__rosidl_typesupport_fastrtps_c.so
[1.914s] -- Up-to-date: /home/aditya/Cpps/Dexter/install/dexter_msgs/lib/libdexter_msgs__rosidl_typesupport_fastrtps_cpp.so
[1.915s] -- Up-to-date: /home/aditya/Cpps/Dexter/install/dexter_msgs/lib/libdexter_msgs__rosidl_typesupport_introspection_c.so
[1.916s] -- Up-to-date: /home/aditya/Cpps/Dexter/install/dexter_msgs/lib/libdexter_msgs__rosidl_typesupport_c.so
[1.916s] -- Up-to-date: /home/aditya/Cpps/Dexter/install/dexter_msgs/lib/libdexter_msgs__rosidl_typesupport_introspection_cpp.so
[1.916s] -- Up-to-date: /home/aditya/Cpps/Dexter/install/dexter_msgs/lib/libdexter_msgs__rosidl_typesupport_cpp.so
[2.061s] Listing '/home/aditya/Cpps/Dexter/install/dexter_msgs/lib/python3.12/site-packages/dexter_msgs'...
[2.061s] Listing '/home/aditya/Cpps/Dexter/install/dexter_msgs/lib/python3.12/site-packages/dexter_msgs/action'...
[2.062s] Listing '/home/aditya/Cpps/Dexter/install/dexter_msgs/lib/python3.12/site-packages/dexter_msgs/srv'...
[2.085s] -- Up-to-date: /home/aditya/Cpps/Dexter/install/dexter_msgs/lib/libdexter_msgs__rosidl_generator_py.so
[2.097s] -- Up-to-date: /home/aditya/Cpps/Dexter/install/dexter_msgs/share/dexter_msgs/cmake/export_dexter_msgs__rosidl_generator_cExport.cmake
[2.098s] -- Up-to-date: /home/aditya/Cpps/Dexter/install/dexter_msgs/share/dexter_msgs/cmake/export_dexter_msgs__rosidl_generator_cExport-noconfig.cmake
[2.099s] -- Up-to-date: /home/aditya/Cpps/Dexter/install/dexter_msgs/share/dexter_msgs/cmake/export_dexter_msgs__rosidl_typesupport_fastrtps_cExport.cmake
[2.099s] -- Up-to-date: /home/aditya/Cpps/Dexter/install/dexter_msgs/share/dexter_msgs/cmake/export_dexter_msgs__rosidl_typesupport_fastrtps_cExport-noconfig.cmake
[2.100s] -- Up-to-date: /home/aditya/Cpps/Dexter/install/dexter_msgs/share/dexter_msgs/cmake/export_dexter_msgs__rosidl_generator_cppExport.cmake
[2.101s] -- Up-to-date: /home/aditya/Cpps/Dexter/install/dexter_msgs/share/dexter_msgs/cmake/export_dexter_msgs__rosidl_typesupport_fastrtps_cppExport.cmake
[2.101s] -- Up-to-date: /home/aditya/Cpps/Dexter/install/dexter_msgs/share/dexter_msgs/cmake/export_dexter_msgs__rosidl_typesupport_fastrtps_cppExport-noconfig.cmake
[2.102s] -- Up-to-date: /home/aditya/Cpps/Dexter/install/dexter_msgs/share/dexter_msgs/cmake/dexter_msgs__rosidl_typesupport_introspection_cExport.cmake
[2.102s] -- Up-to-date: /home/aditya/Cpps/Dexter/install/dexter_msgs/share/dexter_msgs/cmake/dexter_msgs__rosidl_typesupport_introspection_cExport-noconfig.cmake
[2.102s] -- Up-to-date: /home/aditya/Cpps/Dexter/install/dexter_msgs/share/dexter_msgs/cmake/dexter_msgs__rosidl_typesupport_cExport.cmake
[2.103s] -- Up-to-date: /home/aditya/Cpps/Dexter/install/dexter_msgs/share/dexter_msgs/cmake/dexter_msgs__rosidl_typesupport_cExport-noconfig.cmake
[2.103s] -- Up-to-date: /home/aditya/Cpps/Dexter/install/dexter_msgs/share/dexter_msgs/cmake/dexter_msgs__rosidl_typesupport_introspection_cppExport.cmake
[2.103s] -- Up-to-date: /home/aditya/Cpps/Dexter/install/dexter_msgs/share/dexter_msgs/cmake/dexter_msgs__rosidl_typesupport_introspection_cppExport-noconfig.cmake
[2.103s] -- Up-to-date: /home/aditya/Cpps/Dexter/install/dexter_msgs/share/dexter_msgs/cmake/dexter_msgs__rosidl_typesupport_cppExport.cmake
[2.103s] -- Up-to-date: /home/aditya/Cpps/Dexter/install/dexter_msgs/share/dexter_msgs/cmake/dexter_msgs__rosidl_typesupport_cppExport-noconfig.cmake
[2.104s] -- Up-to-date: /home/aditya/Cpps/Dexter/install/dexter_msgs/share/dexter_msgs/cmake/export_dexter_msgs__rosidl_generator_pyExport.cmake
[2.104s] -- Up-to-date: /home/aditya/Cpps/Dexter/install/dexter_msgs/share/dexter_msgs/cmake/export_dexter_msgs__rosidl_generator_pyExport-noconfig.cmake
[2.115s] Invoked command in '/home/aditya/Cpps/Dexter/build/dexter_msgs' returned '0': CMAKE_PREFIX_PATH=${CMAKE_PREFIX_PATH}:/home/aditya/Cpps/Dexter/install/dexter_py_examples:/home/aditya/Cpps/Dexter/install/dexter_inventory:/home/aditya/ros2_ws/install/my_py_pkg:/opt/ros/jazzy DEBUGINFOD_URLS=https://debuginfod.ubuntu.com PS1=\[\e]0;\u@\h: \w\a\]${debian_chroot:+($debian_chroot)}\[\033[01;32m\]\u@\h\[\033[00m\]:\[\033[01;34m\]\w\[\033[00m\]\$ VIRTUAL_ENV_PROMPT=(venv-ardupilot) /usr/bin/cmake --install /home/aditya/Cpps/Dexter/build/dexter_msgs
