[0.725s] Invoking command in '/home/aditya/Cpps/Dexter/build/dexter_utils': AMENT_PREFIX_PATH=/home/aditya/Cpps/Dexter/install/dexter_msgs:${AMENT_PREFIX_PATH} CMAKE_PREFIX_PATH=/home/aditya/Cpps/Dexter/install/dexter_msgs:/home/aditya/ros2_ws/install/my_robot_bringup:/home/aditya/ros2_ws/install/my_cpp_pkg:/home/aditya/ros2_ws/install/my_robot_interfaces:/opt/ros/jazzy/opt/gz_sim_vendor:/opt/ros/jazzy/opt/gz_sensors_vendor:/opt/ros/jazzy/opt/gz_physics_vendor:/opt/ros/jazzy/opt/sdformat_vendor:/opt/ros/jazzy/opt/gz_gui_vendor:/opt/ros/jazzy/opt/gz_transport_vendor:/opt/ros/jazzy/opt/gz_rendering_vendor:/opt/ros/jazzy/opt/gz_plugin_vendor:/opt/ros/jazzy/opt/gz_fuel_tools_vendor:/opt/ros/jazzy/opt/gz_msgs_vendor:/opt/ros/jazzy/opt/gz_common_vendor:/opt/ros/jazzy/opt/gz_math_vendor:/opt/ros/jazzy/opt/gz_utils_vendor:/opt/ros/jazzy/opt/gz_tools_vendor:/opt/ros/jazzy/opt/gz_ogre_next_vendor:/opt/ros/jazzy/opt/gz_dartsim_vendor:/opt/ros/jazzy/opt/gz_cmake_vendor:/home/aditya/ros2_ws/install/my_py_pkg:/opt/ros/jazzy DEBUGINFOD_URLS=https://debuginfod.ubuntu.com LD_LIBRARY_PATH=/home/aditya/Cpps/Dexter/install/dexter_msgs/lib:${LD_LIBRARY_PATH} PYTHONPATH=/home/aditya/Cpps/Dexter/install/dexter_msgs/lib/python3.12/site-packages:${PYTHONPATH} VIRTUAL_ENV_PROMPT=(venv-ardupilot) /usr/bin/cmake /home/aditya/Cpps/Dexter/dexter_utils -DAMENT_CMAKE_SYMLINK_INSTALL=1 -DCMAKE_INSTALL_PREFIX=/home/aditya/Cpps/Dexter/install/dexter_utils
[0.775s] -- Found ament_cmake: 2.5.5 (/opt/ros/jazzy/share/ament_cmake/cmake)
[1.504s] -- Override CMake install command with custom implementation using symlinks instead of copying resources
[1.526s] -- Found rclcpp: 28.1.16 (/opt/ros/jazzy/share/rclcpp/cmake)
[1.628s] -- Found rosidl_generator_c: 4.6.7 (/opt/ros/jazzy/share/rosidl_generator_c/cmake)
[1.662s] -- Found rosidl_generator_cpp: 4.6.7 (/opt/ros/jazzy/share/rosidl_generator_cpp/cmake)
[1.709s] -- Using all available rosidl_typesupport_c: rosidl_typesupport_fastrtps_c;rosidl_typesupport_introspection_c
[1.758s] -- Using all available rosidl_typesupport_cpp: rosidl_typesupport_fastrtps_cpp;rosidl_typesupport_introspection_cpp
[1.998s] -- Found rmw_implementation_cmake: 7.3.3 (/opt/ros/jazzy/share/rmw_implementation_cmake/cmake)
[2.003s] -- Found rmw_fastrtps_cpp: 8.4.3 (/opt/ros/jazzy/share/rmw_fastrtps_cpp/cmake)
[2.225s] -- Using RMW implementation 'rmw_fastrtps_cpp' as default
[2.480s] -- Found rclpy: 7.1.9 (/opt/ros/jazzy/share/rclpy/cmake)
[2.480s] -- Found dexter_msgs: 0.0.0 (/home/aditya/Cpps/Dexter/install/dexter_msgs/share/dexter_msgs/cmake)
[2.682s] -- Found tf2: 0.36.19 (/opt/ros/jazzy/share/tf2/cmake)
[3.454s] -- Configuring done (2.7s)
[3.501s] -- Generating done (0.0s)
[3.513s] -- Build files have been written to: /home/aditya/Cpps/Dexter/build/dexter_utils
[3.533s] Invoked command in '/home/aditya/Cpps/Dexter/build/dexter_utils' returned '0': AMENT_PREFIX_PATH=/home/aditya/Cpps/Dexter/install/dexter_msgs:${AMENT_PREFIX_PATH} CMAKE_PREFIX_PATH=/home/aditya/Cpps/Dexter/install/dexter_msgs:/home/aditya/ros2_ws/install/my_robot_bringup:/home/aditya/ros2_ws/install/my_cpp_pkg:/home/aditya/ros2_ws/install/my_robot_interfaces:/opt/ros/jazzy/opt/gz_sim_vendor:/opt/ros/jazzy/opt/gz_sensors_vendor:/opt/ros/jazzy/opt/gz_physics_vendor:/opt/ros/jazzy/opt/sdformat_vendor:/opt/ros/jazzy/opt/gz_gui_vendor:/opt/ros/jazzy/opt/gz_transport_vendor:/opt/ros/jazzy/opt/gz_rendering_vendor:/opt/ros/jazzy/opt/gz_plugin_vendor:/opt/ros/jazzy/opt/gz_fuel_tools_vendor:/opt/ros/jazzy/opt/gz_msgs_vendor:/opt/ros/jazzy/opt/gz_common_vendor:/opt/ros/jazzy/opt/gz_math_vendor:/opt/ros/jazzy/opt/gz_utils_vendor:/opt/ros/jazzy/opt/gz_tools_vendor:/opt/ros/jazzy/opt/gz_ogre_next_vendor:/opt/ros/jazzy/opt/gz_dartsim_vendor:/opt/ros/jazzy/opt/gz_cmake_vendor:/home/aditya/ros2_ws/install/my_py_pkg:/opt/ros/jazzy DEBUGINFOD_URLS=https://debuginfod.ubuntu.com LD_LIBRARY_PATH=/home/aditya/Cpps/Dexter/install/dexter_msgs/lib:${LD_LIBRARY_PATH} PYTHONPATH=/home/aditya/Cpps/Dexter/install/dexter_msgs/lib/python3.12/site-packages:${PYTHONPATH} VIRTUAL_ENV_PROMPT=(venv-ardupilot) /usr/bin/cmake /home/aditya/Cpps/Dexter/dexter_utils -DAMENT_CMAKE_SYMLINK_INSTALL=1 -DCMAKE_INSTALL_PREFIX=/home/aditya/Cpps/Dexter/install/dexter_utils
[3.535s] Invoking command in '/home/aditya/Cpps/Dexter/build/dexter_utils': AMENT_PREFIX_PATH=/home/aditya/Cpps/Dexter/install/dexter_msgs:${AMENT_PREFIX_PATH} CMAKE_PREFIX_PATH=/home/aditya/Cpps/Dexter/install/dexter_msgs:/home/aditya/ros2_ws/install/my_robot_bringup:/home/aditya/ros2_ws/install/my_cpp_pkg:/home/aditya/ros2_ws/install/my_robot_interfaces:/opt/ros/jazzy/opt/gz_sim_vendor:/opt/ros/jazzy/opt/gz_sensors_vendor:/opt/ros/jazzy/opt/gz_physics_vendor:/opt/ros/jazzy/opt/sdformat_vendor:/opt/ros/jazzy/opt/gz_gui_vendor:/opt/ros/jazzy/opt/gz_transport_vendor:/opt/ros/jazzy/opt/gz_rendering_vendor:/opt/ros/jazzy/opt/gz_plugin_vendor:/opt/ros/jazzy/opt/gz_fuel_tools_vendor:/opt/ros/jazzy/opt/gz_msgs_vendor:/opt/ros/jazzy/opt/gz_common_vendor:/opt/ros/jazzy/opt/gz_math_vendor:/opt/ros/jazzy/opt/gz_utils_vendor:/opt/ros/jazzy/opt/gz_tools_vendor:/opt/ros/jazzy/opt/gz_ogre_next_vendor:/opt/ros/jazzy/opt/gz_dartsim_vendor:/opt/ros/jazzy/opt/gz_cmake_vendor:/home/aditya/ros2_ws/install/my_py_pkg:/opt/ros/jazzy DEBUGINFOD_URLS=https://debuginfod.ubuntu.com LD_LIBRARY_PATH=/home/aditya/Cpps/Dexter/install/dexter_msgs/lib:${LD_LIBRARY_PATH} PYTHONPATH=/home/aditya/Cpps/Dexter/install/dexter_msgs/lib/python3.12/site-packages:${PYTHONPATH} VIRTUAL_ENV_PROMPT=(venv-ardupilot) /usr/bin/cmake --build /home/aditya/Cpps/Dexter/build/dexter_utils -- -j28 -l28
[3.726s] [  0%] Built target ament_cmake_python_symlink_dexter_utils
[3.729s] [ 50%] Linking CXX executable angle_conversion
[4.328s] [100%] Built target angle_conversion
[4.531s] running egg_info
[4.607s] creating dexter_utils.egg-info
[4.608s] writing dexter_utils.egg-info/PKG-INFO
[4.608s] writing dependency_links to dexter_utils.egg-info/dependency_links.txt
[4.610s] writing top-level names to dexter_utils.egg-info/top_level.txt
[4.610s] writing manifest file 'dexter_utils.egg-info/SOURCES.txt'
[4.835s] reading manifest file 'dexter_utils.egg-info/SOURCES.txt'
[4.837s] writing manifest file 'dexter_utils.egg-info/SOURCES.txt'
[4.933s] [100%] Built target ament_cmake_python_build_dexter_utils_egg
[4.967s] Invoked command in '/home/aditya/Cpps/Dexter/build/dexter_utils' returned '0': AMENT_PREFIX_PATH=/home/aditya/Cpps/Dexter/install/dexter_msgs:${AMENT_PREFIX_PATH} CMAKE_PREFIX_PATH=/home/aditya/Cpps/Dexter/install/dexter_msgs:/home/aditya/ros2_ws/install/my_robot_bringup:/home/aditya/ros2_ws/install/my_cpp_pkg:/home/aditya/ros2_ws/install/my_robot_interfaces:/opt/ros/jazzy/opt/gz_sim_vendor:/opt/ros/jazzy/opt/gz_sensors_vendor:/opt/ros/jazzy/opt/gz_physics_vendor:/opt/ros/jazzy/opt/sdformat_vendor:/opt/ros/jazzy/opt/gz_gui_vendor:/opt/ros/jazzy/opt/gz_transport_vendor:/opt/ros/jazzy/opt/gz_rendering_vendor:/opt/ros/jazzy/opt/gz_plugin_vendor:/opt/ros/jazzy/opt/gz_fuel_tools_vendor:/opt/ros/jazzy/opt/gz_msgs_vendor:/opt/ros/jazzy/opt/gz_common_vendor:/opt/ros/jazzy/opt/gz_math_vendor:/opt/ros/jazzy/opt/gz_utils_vendor:/opt/ros/jazzy/opt/gz_tools_vendor:/opt/ros/jazzy/opt/gz_ogre_next_vendor:/opt/ros/jazzy/opt/gz_dartsim_vendor:/opt/ros/jazzy/opt/gz_cmake_vendor:/home/aditya/ros2_ws/install/my_py_pkg:/opt/ros/jazzy DEBUGINFOD_URLS=https://debuginfod.ubuntu.com LD_LIBRARY_PATH=/home/aditya/Cpps/Dexter/install/dexter_msgs/lib:${LD_LIBRARY_PATH} PYTHONPATH=/home/aditya/Cpps/Dexter/install/dexter_msgs/lib/python3.12/site-packages:${PYTHONPATH} VIRTUAL_ENV_PROMPT=(venv-ardupilot) /usr/bin/cmake --build /home/aditya/Cpps/Dexter/build/dexter_utils -- -j28 -l28
[4.971s] Invoking command in '/home/aditya/Cpps/Dexter/build/dexter_utils': AMENT_PREFIX_PATH=/home/aditya/Cpps/Dexter/install/dexter_msgs:${AMENT_PREFIX_PATH} CMAKE_PREFIX_PATH=/home/aditya/Cpps/Dexter/install/dexter_msgs:/home/aditya/ros2_ws/install/my_robot_bringup:/home/aditya/ros2_ws/install/my_cpp_pkg:/home/aditya/ros2_ws/install/my_robot_interfaces:/opt/ros/jazzy/opt/gz_sim_vendor:/opt/ros/jazzy/opt/gz_sensors_vendor:/opt/ros/jazzy/opt/gz_physics_vendor:/opt/ros/jazzy/opt/sdformat_vendor:/opt/ros/jazzy/opt/gz_gui_vendor:/opt/ros/jazzy/opt/gz_transport_vendor:/opt/ros/jazzy/opt/gz_rendering_vendor:/opt/ros/jazzy/opt/gz_plugin_vendor:/opt/ros/jazzy/opt/gz_fuel_tools_vendor:/opt/ros/jazzy/opt/gz_msgs_vendor:/opt/ros/jazzy/opt/gz_common_vendor:/opt/ros/jazzy/opt/gz_math_vendor:/opt/ros/jazzy/opt/gz_utils_vendor:/opt/ros/jazzy/opt/gz_tools_vendor:/opt/ros/jazzy/opt/gz_ogre_next_vendor:/opt/ros/jazzy/opt/gz_dartsim_vendor:/opt/ros/jazzy/opt/gz_cmake_vendor:/home/aditya/ros2_ws/install/my_py_pkg:/opt/ros/jazzy DEBUGINFOD_URLS=https://debuginfod.ubuntu.com LD_LIBRARY_PATH=/home/aditya/Cpps/Dexter/install/dexter_msgs/lib:${LD_LIBRARY_PATH} PYTHONPATH=/home/aditya/Cpps/Dexter/install/dexter_msgs/lib/python3.12/site-packages:${PYTHONPATH} VIRTUAL_ENV_PROMPT=(venv-ardupilot) /usr/bin/cmake --install /home/aditya/Cpps/Dexter/build/dexter_utils
[4.996s] -- Install configuration: ""
[4.998s] -- Execute custom install script
[4.998s] -- Symlinking: /home/aditya/Cpps/Dexter/install/dexter_utils/share/dexter_utils/environment/pythonpath.sh
[5.032s] -- Symlinking: /home/aditya/Cpps/Dexter/install/dexter_utils/share/dexter_utils/environment/pythonpath.dsv
[5.058s] -- Symlinking: /home/aditya/Cpps/Dexter/install/dexter_utils/lib/python3.12/site-packages/dexter_utils-0.0.0-py3.12.egg-info/PKG-INFO
[5.083s] -- Symlinking: /home/aditya/Cpps/Dexter/install/dexter_utils/lib/python3.12/site-packages/dexter_utils-0.0.0-py3.12.egg-info/SOURCES.txt
[5.110s] -- Symlinking: /home/aditya/Cpps/Dexter/install/dexter_utils/lib/python3.12/site-packages/dexter_utils-0.0.0-py3.12.egg-info/dependency_links.txt
[5.138s] -- Symlinking: /home/aditya/Cpps/Dexter/install/dexter_utils/lib/python3.12/site-packages/dexter_utils-0.0.0-py3.12.egg-info/top_level.txt
[5.168s] -- Symlinking: /home/aditya/Cpps/Dexter/install/dexter_utils/lib/python3.12/site-packages/dexter_utils/__init__.py
[5.194s] -- Symlinking: /home/aditya/Cpps/Dexter/install/dexter_utils/lib/python3.12/site-packages/dexter_utils/angle_conversion.py
[5.226s] -- Symlinking: /home/aditya/Cpps/Dexter/install/dexter_utils/lib/dexter_utils/angle_conversion
[5.263s] -- Symlinking: /home/aditya/Cpps/Dexter/install/dexter_utils/lib/dexter_utils/angle_conversion.py
[5.293s] -- Symlinking: /home/aditya/Cpps/Dexter/install/dexter_utils/share/ament_index/resource_index/package_run_dependencies/dexter_utils
[5.323s] -- Symlinking: /home/aditya/Cpps/Dexter/install/dexter_utils/share/ament_index/resource_index/parent_prefix_path/dexter_utils
[5.350s] -- Symlinking: /home/aditya/Cpps/Dexter/install/dexter_utils/share/dexter_utils/environment/ament_prefix_path.sh
[5.384s] -- Symlinking: /home/aditya/Cpps/Dexter/install/dexter_utils/share/dexter_utils/environment/ament_prefix_path.dsv
[5.415s] -- Symlinking: /home/aditya/Cpps/Dexter/install/dexter_utils/share/dexter_utils/environment/path.sh
[5.445s] -- Symlinking: /home/aditya/Cpps/Dexter/install/dexter_utils/share/dexter_utils/environment/path.dsv
[5.476s] -- Symlinking: /home/aditya/Cpps/Dexter/install/dexter_utils/share/dexter_utils/local_setup.bash
[5.504s] -- Symlinking: /home/aditya/Cpps/Dexter/install/dexter_utils/share/dexter_utils/local_setup.sh
[5.535s] -- Symlinking: /home/aditya/Cpps/Dexter/install/dexter_utils/share/dexter_utils/local_setup.zsh
[5.562s] -- Symlinking: /home/aditya/Cpps/Dexter/install/dexter_utils/share/dexter_utils/local_setup.dsv
[5.591s] -- Symlinking: /home/aditya/Cpps/Dexter/install/dexter_utils/share/dexter_utils/package.dsv
[5.622s] -- Symlinking: /home/aditya/Cpps/Dexter/install/dexter_utils/share/ament_index/resource_index/packages/dexter_utils
[5.649s] -- Symlinking: /home/aditya/Cpps/Dexter/install/dexter_utils/share/dexter_utils/cmake/dexter_utilsConfig.cmake
[5.677s] -- Symlinking: /home/aditya/Cpps/Dexter/install/dexter_utils/share/dexter_utils/cmake/dexter_utilsConfig-version.cmake
[5.705s] -- Symlinking: /home/aditya/Cpps/Dexter/install/dexter_utils/share/dexter_utils/package.xml
[5.882s] Listing '/home/aditya/Cpps/Dexter/install/dexter_utils/lib/python3.12/site-packages/dexter_utils'...
[5.882s] Compiling '/home/aditya/Cpps/Dexter/install/dexter_utils/lib/python3.12/site-packages/dexter_utils/__init__.py'...
[5.883s] Compiling '/home/aditya/Cpps/Dexter/install/dexter_utils/lib/python3.12/site-packages/dexter_utils/angle_conversion.py'...
[5.909s] Invoked command in '/home/aditya/Cpps/Dexter/build/dexter_utils' returned '0': AMENT_PREFIX_PATH=/home/aditya/Cpps/Dexter/install/dexter_msgs:${AMENT_PREFIX_PATH} CMAKE_PREFIX_PATH=/home/aditya/Cpps/Dexter/install/dexter_msgs:/home/aditya/ros2_ws/install/my_robot_bringup:/home/aditya/ros2_ws/install/my_cpp_pkg:/home/aditya/ros2_ws/install/my_robot_interfaces:/opt/ros/jazzy/opt/gz_sim_vendor:/opt/ros/jazzy/opt/gz_sensors_vendor:/opt/ros/jazzy/opt/gz_physics_vendor:/opt/ros/jazzy/opt/sdformat_vendor:/opt/ros/jazzy/opt/gz_gui_vendor:/opt/ros/jazzy/opt/gz_transport_vendor:/opt/ros/jazzy/opt/gz_rendering_vendor:/opt/ros/jazzy/opt/gz_plugin_vendor:/opt/ros/jazzy/opt/gz_fuel_tools_vendor:/opt/ros/jazzy/opt/gz_msgs_vendor:/opt/ros/jazzy/opt/gz_common_vendor:/opt/ros/jazzy/opt/gz_math_vendor:/opt/ros/jazzy/opt/gz_utils_vendor:/opt/ros/jazzy/opt/gz_tools_vendor:/opt/ros/jazzy/opt/gz_ogre_next_vendor:/opt/ros/jazzy/opt/gz_dartsim_vendor:/opt/ros/jazzy/opt/gz_cmake_vendor:/home/aditya/ros2_ws/install/my_py_pkg:/opt/ros/jazzy DEBUGINFOD_URLS=https://debuginfod.ubuntu.com LD_LIBRARY_PATH=/home/aditya/Cpps/Dexter/install/dexter_msgs/lib:${LD_LIBRARY_PATH} PYTHONPATH=/home/aditya/Cpps/Dexter/install/dexter_msgs/lib/python3.12/site-packages:${PYTHONPATH} VIRTUAL_ENV_PROMPT=(venv-ardupilot) /usr/bin/cmake --install /home/aditya/Cpps/Dexter/build/dexter_utils
