[0.565s] Invoking command in '/home/aditya/Cpps/Dexter/build/dexter_cpp_examples': AMENT_PREFIX_PATH=/home/aditya/Cpps/Dexter/install/dexter_msgs:${AMENT_PREFIX_PATH} CMAKE_PREFIX_PATH=/home/aditya/Cpps/Dexter/install/dexter_msgs:/home/aditya/ros2_ws/install/my_robot_bringup:/home/aditya/ros2_ws/install/my_cpp_pkg:/home/aditya/ros2_ws/install/my_robot_interfaces:/opt/ros/jazzy/opt/gz_sim_vendor:/opt/ros/jazzy/opt/gz_sensors_vendor:/opt/ros/jazzy/opt/gz_physics_vendor:/opt/ros/jazzy/opt/sdformat_vendor:/opt/ros/jazzy/opt/gz_gui_vendor:/opt/ros/jazzy/opt/gz_transport_vendor:/opt/ros/jazzy/opt/gz_rendering_vendor:/opt/ros/jazzy/opt/gz_plugin_vendor:/opt/ros/jazzy/opt/gz_fuel_tools_vendor:/opt/ros/jazzy/opt/gz_msgs_vendor:/opt/ros/jazzy/opt/gz_common_vendor:/opt/ros/jazzy/opt/gz_math_vendor:/opt/ros/jazzy/opt/gz_utils_vendor:/opt/ros/jazzy/opt/gz_tools_vendor:/opt/ros/jazzy/opt/gz_ogre_next_vendor:/opt/ros/jazzy/opt/gz_dartsim_vendor:/opt/ros/jazzy/opt/gz_cmake_vendor:/home/aditya/ros2_ws/install/my_py_pkg:/opt/ros/jazzy DEBUGINFOD_URLS=https://debuginfod.ubuntu.com LD_LIBRARY_PATH=/home/aditya/Cpps/Dexter/install/dexter_msgs/lib:${LD_LIBRARY_PATH} PS1=\[\e]0;\u@\h: \w\a\]${debian_chroot:+($debian_chroot)}\[\033[01;32m\]\u@\h\[\033[00m\]:\[\033[01;34m\]\w\[\033[00m\]\$ PYTHONPATH=/home/aditya/Cpps/Dexter/install/dexter_msgs/lib/python3.12/site-packages:${PYTHONPATH} VIRTUAL_ENV_PROMPT=(venv-ardupilot) /usr/bin/cmake --build /home/aditya/Cpps/Dexter/build/dexter_cpp_examples -- -j28 -l28
[0.928s] [ 18%] Built target simple_lifecycle_node
[0.928s] [ 18%] Built target simple_subscriber
[0.928s] [ 27%] Built target simple_service_client
[0.929s] [ 36%] Built target simple_parameter
[0.929s] [ 45%] Built target simple_publisher
[0.929s] [ 54%] Built target simple_action_client_node
[0.929s] [ 63%] Built target simple_service_server
[0.929s] [ 72%] Built target simple_action_server_node
[0.929s] [ 81%] Built target simple_action_client
[0.929s] [ 90%] Built target simple_action_server
[0.929s] [100%] Built target simple_moveit_interface
[0.961s] Invoked command in '/home/aditya/Cpps/Dexter/build/dexter_cpp_examples' returned '0': AMENT_PREFIX_PATH=/home/aditya/Cpps/Dexter/install/dexter_msgs:${AMENT_PREFIX_PATH} CMAKE_PREFIX_PATH=/home/aditya/Cpps/Dexter/install/dexter_msgs:/home/aditya/ros2_ws/install/my_robot_bringup:/home/aditya/ros2_ws/install/my_cpp_pkg:/home/aditya/ros2_ws/install/my_robot_interfaces:/opt/ros/jazzy/opt/gz_sim_vendor:/opt/ros/jazzy/opt/gz_sensors_vendor:/opt/ros/jazzy/opt/gz_physics_vendor:/opt/ros/jazzy/opt/sdformat_vendor:/opt/ros/jazzy/opt/gz_gui_vendor:/opt/ros/jazzy/opt/gz_transport_vendor:/opt/ros/jazzy/opt/gz_rendering_vendor:/opt/ros/jazzy/opt/gz_plugin_vendor:/opt/ros/jazzy/opt/gz_fuel_tools_vendor:/opt/ros/jazzy/opt/gz_msgs_vendor:/opt/ros/jazzy/opt/gz_common_vendor:/opt/ros/jazzy/opt/gz_math_vendor:/opt/ros/jazzy/opt/gz_utils_vendor:/opt/ros/jazzy/opt/gz_tools_vendor:/opt/ros/jazzy/opt/gz_ogre_next_vendor:/opt/ros/jazzy/opt/gz_dartsim_vendor:/opt/ros/jazzy/opt/gz_cmake_vendor:/home/aditya/ros2_ws/install/my_py_pkg:/opt/ros/jazzy DEBUGINFOD_URLS=https://debuginfod.ubuntu.com LD_LIBRARY_PATH=/home/aditya/Cpps/Dexter/install/dexter_msgs/lib:${LD_LIBRARY_PATH} PS1=\[\e]0;\u@\h: \w\a\]${debian_chroot:+($debian_chroot)}\[\033[01;32m\]\u@\h\[\033[00m\]:\[\033[01;34m\]\w\[\033[00m\]\$ PYTHONPATH=/home/aditya/Cpps/Dexter/install/dexter_msgs/lib/python3.12/site-packages:${PYTHONPATH} VIRTUAL_ENV_PROMPT=(venv-ardupilot) /usr/bin/cmake --build /home/aditya/Cpps/Dexter/build/dexter_cpp_examples -- -j28 -l28
[0.963s] Invoking command in '/home/aditya/Cpps/Dexter/build/dexter_cpp_examples': AMENT_PREFIX_PATH=/home/aditya/Cpps/Dexter/install/dexter_msgs:${AMENT_PREFIX_PATH} CMAKE_PREFIX_PATH=/home/aditya/Cpps/Dexter/install/dexter_msgs:/home/aditya/ros2_ws/install/my_robot_bringup:/home/aditya/ros2_ws/install/my_cpp_pkg:/home/aditya/ros2_ws/install/my_robot_interfaces:/opt/ros/jazzy/opt/gz_sim_vendor:/opt/ros/jazzy/opt/gz_sensors_vendor:/opt/ros/jazzy/opt/gz_physics_vendor:/opt/ros/jazzy/opt/sdformat_vendor:/opt/ros/jazzy/opt/gz_gui_vendor:/opt/ros/jazzy/opt/gz_transport_vendor:/opt/ros/jazzy/opt/gz_rendering_vendor:/opt/ros/jazzy/opt/gz_plugin_vendor:/opt/ros/jazzy/opt/gz_fuel_tools_vendor:/opt/ros/jazzy/opt/gz_msgs_vendor:/opt/ros/jazzy/opt/gz_common_vendor:/opt/ros/jazzy/opt/gz_math_vendor:/opt/ros/jazzy/opt/gz_utils_vendor:/opt/ros/jazzy/opt/gz_tools_vendor:/opt/ros/jazzy/opt/gz_ogre_next_vendor:/opt/ros/jazzy/opt/gz_dartsim_vendor:/opt/ros/jazzy/opt/gz_cmake_vendor:/home/aditya/ros2_ws/install/my_py_pkg:/opt/ros/jazzy DEBUGINFOD_URLS=https://debuginfod.ubuntu.com LD_LIBRARY_PATH=/home/aditya/Cpps/Dexter/install/dexter_msgs/lib:${LD_LIBRARY_PATH} PS1=\[\e]0;\u@\h: \w\a\]${debian_chroot:+($debian_chroot)}\[\033[01;32m\]\u@\h\[\033[00m\]:\[\033[01;34m\]\w\[\033[00m\]\$ PYTHONPATH=/home/aditya/Cpps/Dexter/install/dexter_msgs/lib/python3.12/site-packages:${PYTHONPATH} VIRTUAL_ENV_PROMPT=(venv-ardupilot) /usr/bin/cmake --install /home/aditya/Cpps/Dexter/build/dexter_cpp_examples
[0.979s] -- Install configuration: ""
[0.980s] -- Up-to-date: /home/aditya/Cpps/Dexter/install/dexter_cpp_examples/lib/dexter_cpp_examples/simple_action_server_node
[0.982s] -- Up-to-date: /home/aditya/Cpps/Dexter/install/dexter_cpp_examples/lib/dexter_cpp_examples/simple_action_client_node
[0.983s] -- Up-to-date: /home/aditya/Cpps/Dexter/install/dexter_cpp_examples/lib/dexter_cpp_examples/simple_publisher
[0.985s] -- Up-to-date: /home/aditya/Cpps/Dexter/install/dexter_cpp_examples/lib/dexter_cpp_examples/simple_subscriber
[0.986s] -- Up-to-date: /home/aditya/Cpps/Dexter/install/dexter_cpp_examples/lib/dexter_cpp_examples/simple_parameter
[0.987s] -- Up-to-date: /home/aditya/Cpps/Dexter/install/dexter_cpp_examples/lib/dexter_cpp_examples/simple_service_server
[0.987s] -- Up-to-date: /home/aditya/Cpps/Dexter/install/dexter_cpp_examples/lib/dexter_cpp_examples/simple_service_client
[0.988s] -- Up-to-date: /home/aditya/Cpps/Dexter/install/dexter_cpp_examples/lib/dexter_cpp_examples/simple_moveit_interface
[0.989s] -- Up-to-date: /home/aditya/Cpps/Dexter/install/dexter_cpp_examples/lib/dexter_cpp_examples/simple_lifecycle_node
[0.990s] -- Up-to-date: /home/aditya/Cpps/Dexter/install/dexter_cpp_examples/lib/libsimple_action_server.so
[0.991s] -- Up-to-date: /home/aditya/Cpps/Dexter/install/dexter_cpp_examples/lib/libsimple_action_client.so
[0.991s] -- Up-to-date: /home/aditya/Cpps/Dexter/install/dexter_cpp_examples/share/ament_index/resource_index/package_run_dependencies/dexter_cpp_examples
[0.991s] -- Up-to-date: /home/aditya/Cpps/Dexter/install/dexter_cpp_examples/share/ament_index/resource_index/parent_prefix_path/dexter_cpp_examples
[0.991s] -- Up-to-date: /home/aditya/Cpps/Dexter/install/dexter_cpp_examples/share/dexter_cpp_examples/environment/ament_prefix_path.sh
[0.991s] -- Up-to-date: /home/aditya/Cpps/Dexter/install/dexter_cpp_examples/share/dexter_cpp_examples/environment/ament_prefix_path.dsv
[0.992s] -- Up-to-date: /home/aditya/Cpps/Dexter/install/dexter_cpp_examples/share/dexter_cpp_examples/environment/path.sh
[0.992s] -- Up-to-date: /home/aditya/Cpps/Dexter/install/dexter_cpp_examples/share/dexter_cpp_examples/environment/path.dsv
[0.992s] -- Up-to-date: /home/aditya/Cpps/Dexter/install/dexter_cpp_examples/share/dexter_cpp_examples/local_setup.bash
[0.992s] -- Up-to-date: /home/aditya/Cpps/Dexter/install/dexter_cpp_examples/share/dexter_cpp_examples/local_setup.sh
[0.992s] -- Up-to-date: /home/aditya/Cpps/Dexter/install/dexter_cpp_examples/share/dexter_cpp_examples/local_setup.zsh
[0.992s] -- Up-to-date: /home/aditya/Cpps/Dexter/install/dexter_cpp_examples/share/dexter_cpp_examples/local_setup.dsv
[0.993s] -- Installing: /home/aditya/Cpps/Dexter/install/dexter_cpp_examples/share/dexter_cpp_examples/package.dsv
[0.993s] -- Up-to-date: /home/aditya/Cpps/Dexter/install/dexter_cpp_examples/share/ament_index/resource_index/packages/dexter_cpp_examples
[0.993s] -- Up-to-date: /home/aditya/Cpps/Dexter/install/dexter_cpp_examples/share/ament_index/resource_index/rclcpp_components/dexter_cpp_examples
[0.993s] -- Up-to-date: /home/aditya/Cpps/Dexter/install/dexter_cpp_examples/share/dexter_cpp_examples/cmake/dexter_cpp_examplesConfig.cmake
[0.993s] -- Up-to-date: /home/aditya/Cpps/Dexter/install/dexter_cpp_examples/share/dexter_cpp_examples/cmake/dexter_cpp_examplesConfig-version.cmake
[0.993s] -- Up-to-date: /home/aditya/Cpps/Dexter/install/dexter_cpp_examples/share/dexter_cpp_examples/package.xml
[0.995s] Invoked command in '/home/aditya/Cpps/Dexter/build/dexter_cpp_examples' returned '0': AMENT_PREFIX_PATH=/home/aditya/Cpps/Dexter/install/dexter_msgs:${AMENT_PREFIX_PATH} CMAKE_PREFIX_PATH=/home/aditya/Cpps/Dexter/install/dexter_msgs:/home/aditya/ros2_ws/install/my_robot_bringup:/home/aditya/ros2_ws/install/my_cpp_pkg:/home/aditya/ros2_ws/install/my_robot_interfaces:/opt/ros/jazzy/opt/gz_sim_vendor:/opt/ros/jazzy/opt/gz_sensors_vendor:/opt/ros/jazzy/opt/gz_physics_vendor:/opt/ros/jazzy/opt/sdformat_vendor:/opt/ros/jazzy/opt/gz_gui_vendor:/opt/ros/jazzy/opt/gz_transport_vendor:/opt/ros/jazzy/opt/gz_rendering_vendor:/opt/ros/jazzy/opt/gz_plugin_vendor:/opt/ros/jazzy/opt/gz_fuel_tools_vendor:/opt/ros/jazzy/opt/gz_msgs_vendor:/opt/ros/jazzy/opt/gz_common_vendor:/opt/ros/jazzy/opt/gz_math_vendor:/opt/ros/jazzy/opt/gz_utils_vendor:/opt/ros/jazzy/opt/gz_tools_vendor:/opt/ros/jazzy/opt/gz_ogre_next_vendor:/opt/ros/jazzy/opt/gz_dartsim_vendor:/opt/ros/jazzy/opt/gz_cmake_vendor:/home/aditya/ros2_ws/install/my_py_pkg:/opt/ros/jazzy DEBUGINFOD_URLS=https://debuginfod.ubuntu.com LD_LIBRARY_PATH=/home/aditya/Cpps/Dexter/install/dexter_msgs/lib:${LD_LIBRARY_PATH} PS1=\[\e]0;\u@\h: \w\a\]${debian_chroot:+($debian_chroot)}\[\033[01;32m\]\u@\h\[\033[00m\]:\[\033[01;34m\]\w\[\033[00m\]\$ PYTHONPATH=/home/aditya/Cpps/Dexter/install/dexter_msgs/lib/python3.12/site-packages:${PYTHONPATH} VIRTUAL_ENV_PROMPT=(venv-ardupilot) /usr/bin/cmake --install /home/aditya/Cpps/Dexter/build/dexter_cpp_examples
