[0.000000] (-) TimerEvent: {}
[0.000656] (-) JobUnselected: {'identifier': 'dexter_bringup'}
[0.001278] (-) JobUnselected: {'identifier': 'dexter_controller'}
[0.001421] (-) JobUnselected: {'identifier': 'dexter_cpp_examples'}
[0.001635] (-) JobUnselected: {'identifier': 'dexter_description'}
[0.001699] (-) JobUnselected: {'identifier': 'dexter_firmware'}
[0.001779] (-) JobUnselected: {'identifier': 'dexter_inventory'}
[0.001830] (-) JobUnselected: {'identifier': 'dexter_moveit'}
[0.001882] (-) JobUnselected: {'identifier': 'dexter_msgs'}
[0.001931] (-) JobUnselected: {'identifier': 'dexter_py_examples'}
[0.001978] (-) JobUnselected: {'identifier': 'dexter_utils'}
[0.002036] (dexter_remote) JobQueued: {'identifier': 'dexter_remote', 'dependencies': OrderedDict({'dexter_description': '/home/aditya/Cpps/Dexter/install/dexter_description', 'dexter_msgs': '/home/aditya/Cpps/Dexter/install/dexter_msgs', 'dexter_moveit': '/home/aditya/Cpps/Dexter/install/dexter_moveit', 'dexter_inventory': '/home/aditya/Cpps/Dexter/install/dexter_inventory'})}
[0.002166] (dexter_remote) JobStarted: {'identifier': 'dexter_remote'}
[0.055898] (dexter_remote) JobProgress: {'identifier': 'dexter_remote', 'progress': 'cmake'}
[0.059867] (dexter_remote) JobProgress: {'identifier': 'dexter_remote', 'progress': 'build'}
[0.060000] (dexter_remote) Command: {'cmd': ['/usr/bin/cmake', '--build', '/home/aditya/Cpps/Dexter/build/dexter_remote', '--', '-j28', '-l28'], 'cwd': '/home/aditya/Cpps/Dexter/build/dexter_remote', 'env': OrderedDict({'GJS_DEBUG_TOPICS': 'JS ERROR;JS LOG', 'LESSOPEN': '| /usr/bin/lesspipe %s', 'GZ_SIM_RESOURCE_PATH': '/opt/ros/jazzy/share', 'no_proxy': '127.0.0.1,localhost,::1', 'LANGUAGE': 'en_IN:en', 'OPENCODE_SERVER_USERNAME': 'opencode', 'USER': 'aditya', 'GZ_CONFIG_PATH': '/opt/ros/jazzy/opt/gz_sim_vendor/share/gz:/opt/ros/jazzy/opt/sdformat_vendor/share/gz:/opt/ros/jazzy/opt/gz_gui_vendor/share/gz:/opt/ros/jazzy/opt/gz_transport_vendor/share/gz:/opt/ros/jazzy/opt/gz_rendering_vendor/share/gz:/opt/ros/jazzy/opt/gz_plugin_vendor/share/gz:/opt/ros/jazzy/opt/gz_fuel_tools_vendor/share/gz:/opt/ros/jazzy/opt/gz_msgs_vendor/share/gz:/opt/ros/jazzy/opt/gz_common_vendor/share/gz', 'AGENT': '1', 'XDG_SESSION_TYPE': 'x11', 'CLUTTER_DISABLE_MIPMAPPED_TEXT': '1', 'SHLVL': '1', 'LD_LIBRARY_PATH': '/home/aditya/Cpps/Dexter/install/dexter_msgs/lib:/home/aditya/ros2_ws/install/my_robot_interfaces/lib:/opt/ros/jazzy/opt/gz_sim_vendor/lib:/opt/ros/jazzy/opt/gz_sensors_vendor/lib:/opt/ros/jazzy/opt/gz_physics_vendor/lib:/opt/ros/jazzy/opt/sdformat_vendor/lib:/opt/ros/jazzy/opt/rviz_ogre_vendor/lib:/opt/ros/jazzy/lib/x86_64-linux-gnu:/opt/ros/jazzy/opt/gz_gui_vendor/lib:/opt/ros/jazzy/opt/gz_transport_vendor/lib:/opt/ros/jazzy/opt/gz_rendering_vendor/lib:/opt/ros/jazzy/opt/gz_plugin_vendor/lib:/opt/ros/jazzy/opt/gz_fuel_tools_vendor/lib:/opt/ros/jazzy/opt/gz_msgs_vendor/lib:/opt/ros/jazzy/opt/gz_common_vendor/lib:/opt/ros/jazzy/opt/gz_math_vendor/lib:/opt/ros/jazzy/opt/gz_utils_vendor/lib:/opt/ros/jazzy/opt/gz_tools_vendor/lib:/opt/ros/jazzy/opt/gz_ogre_next_vendor/lib:/opt/ros/jazzy/opt/gz_dartsim_vendor/lib:/opt/ros/jazzy/opt/gz_cmake_vendor/lib:/opt/ros/jazzy/lib', 'HOME': '/home/aditya', 'OLDPWD': '/home/aditya/Cpps', 'DESKTOP_SESSION': 'ubuntu', 'NO_PROXY': '127.0.0.1,localhost,::1', 'GIO_LAUNCHED_DESKTOP_FILE': '/usr/share/applications/OpenCode.desktop', 'ROS_PYTHON_VERSION': '3', 'GNOME_SHELL_SESSION_MODE': 'ubuntu', 'GTK_MODULES': 'gail:atk-bridge', 'MANAGERPID': '3042', 'SYSTEMD_EXEC_PID': '3472', 'GSM_SKIP_SSH_AGENT_WORKAROUND': 'true', 'XDG_STATE_HOME': '/home/aditya/.local/share/ai.opencode.desktop/', 'DBUS_SESSION_BUS_ADDRESS': 'unix:path=/run/user/1000/bus', 'GIO_LAUNCHED_DESKTOP_FILE_PID': '129325', 'DEBUGINFOD_URLS': 'https://debuginfod.ubuntu.com', 'COLCON_PREFIX_PATH': '/home/aditya/ros2_ws/install', 'ROS_DISTRO': 'jazzy', 'LOGNAME': 'aditya', 'OPENCODE_CLIENT': 'desktop', 'JOURNAL_STREAM': '8:46461', '_': '/usr/bin/colcon', 'ROS_VERSION': '2', 'MEMORY_PRESSURE_WATCH': '/sys/fs/cgroup/user.slice/user-1000.slice/user@1000.service/session.slice/org.gnome.Shell@x11.service/memory.pressure', 'XDG_SESSION_CLASS': 'user', 'USERNAME': 'aditya', 'GNOME_DESKTOP_SESSION_ID': 'this-is-deprecated', 'WINDOWPATH': '2', 'OPENCODE': '1', 'PATH': '/usr/lib/ccache:/home/aditya/ardupilot/Tools/autotest:/opt/gcc-arm-none-eabi-10-2020-q4-major/bin:/home/aditya/venv-ardupilot/bin:/home/aditya/.local/bin:/usr/lib/ccache:/home/aditya/ardupilot/Tools/autotest:/opt/gcc-arm-none-eabi-10-2020-q4-major/bin:/home/aditya/venv-ardupilot/bin:/home/aditya/.local/bin:/opt/ros/jazzy/opt/gz_msgs_vendor/bin:/opt/ros/jazzy/opt/gz_tools_vendor/bin:/opt/ros/jazzy/opt/gz_ogre_next_vendor/bin:/opt/ros/jazzy/bin:/usr/lib/ccache:/home/aditya/ardupilot/Tools/autotest:/opt/gcc-arm-none-eabi-10-2020-q4-major/bin:/home/aditya/venv-ardupilot/bin:/home/aditya/.local/bin:/usr/local/sbin:/usr/local/bin:/usr/sbin:/usr/bin:/sbin:/bin:/usr/games:/usr/local/games:/snap/bin:/snap/bin', 'SESSION_MANAGER': 'local/LoopingOutlaw:@/tmp/.ICE-unix/3400,unix/LoopingOutlaw:/tmp/.ICE-unix/3400', 'INVOCATION_ID': '817e26ddbb1243b59d5e6eb4b9982978', 'OPENCODE_SERVER_PASSWORD': '4cff57fb-357a-4906-bae4-fa3f32087f30', 'GTK3_MODULES': 'xapp-gtk3-module', 'XDG_MENU_PREFIX': 'gnome-', 'XDG_RUNTIME_DIR': '/run/user/1000', 'OPENCODE_EXPERIMENTAL_FILEWATCHER': 'true', 'DISPLAY': ':1', 'OPENCODE_PID': '129420', 'LANG': 'en_US.UTF-8', 'XDG_CURRENT_DESKTOP': 'ubuntu:GNOME', 'OPENCODE_EXPERIMENTAL_ICON_DISCOVERY': 'true', 'VIRTUAL_ENV_PROMPT': '(venv-ardupilot)', 'XMODIFIERS': '@im=ibus', 'XDG_SESSION_DESKTOP': 'ubuntu', 'XAUTHORITY': '/run/user/1000/gdm/Xauthority', 'LS_COLORS': '', 'SSH_AUTH_SOCK': '/run/user/1000/keyring/ssh', 'AMENT_PREFIX_PATH': '/home/aditya/Cpps/Dexter/install/dexter_inventory:/home/aditya/Cpps/Dexter/install/dexter_moveit:/home/aditya/Cpps/Dexter/install/dexter_msgs:/home/aditya/Cpps/Dexter/install/dexter_description:/home/aditya/ros2_ws/install/my_robot_bringup:/home/aditya/ros2_ws/install/my_py_pkg:/home/aditya/ros2_ws/install/my_cpp_pkg:/home/aditya/ros2_ws/install/my_robot_interfaces:/opt/ros/jazzy', 'SHELL': '/bin/bash', 'QT_ACCESSIBILITY': '1', 'GDMSESSION': 'ubuntu', 'LESSCLOSE': '/usr/bin/lesspipe %s %s', 'GPG_AGENT_INFO': '/run/user/1000/gnupg/S.gpg-agent:0:1', 'GJS_DEBUG_OUTPUT': 'stderr', 'VIRTUAL_ENV': '/home/aditya/venv-ardupilot', 'ROS_AUTOMATIC_DISCOVERY_RANGE': 'SUBNET', 'QT_IM_MODULE': 'ibus', 'PWD': '/home/aditya/Cpps/Dexter/build/dexter_remote', 'LC_ALL': 'en_US.UTF-8', 'XDG_CONFIG_DIRS': '/etc/xdg/xdg-ubuntu:/etc/xdg', 'XDG_DATA_DIRS': '/usr/share/ubuntu:/usr/share/gnome:/usr/local/share/:/usr/share/:/var/lib/snapd/desktop', 'QTWEBENGINE_DICTIONARIES_PATH': '/usr/share/hunspell-bdic/', 'PYTHONPATH': '/home/aditya/Cpps/Dexter/install/dexter_inventory/lib/python3.12/site-packages:/home/aditya/Cpps/Dexter/install/dexter_msgs/lib/python3.12/site-packages:/home/aditya/ros2_ws/install/my_py_pkg/lib/python3.12/site-packages:/home/aditya/ros2_ws/install/my_robot_interfaces/lib/python3.12/site-packages:/opt/ros/jazzy/lib/python3.12/site-packages', 'COLCON': '1', 'MEMORY_PRESSURE_WRITE': 'c29tZSAyMDAwMDAgMjAwMDAwMAA=', 'CMAKE_PREFIX_PATH': '/home/aditya/Cpps/Dexter/install/dexter_moveit:/home/aditya/Cpps/Dexter/install/dexter_msgs:/home/aditya/Cpps/Dexter/install/dexter_description:/home/aditya/ros2_ws/install/my_robot_bringup:/home/aditya/ros2_ws/install/my_cpp_pkg:/home/aditya/ros2_ws/install/my_robot_interfaces:/opt/ros/jazzy/opt/gz_sim_vendor:/opt/ros/jazzy/opt/gz_sensors_vendor:/opt/ros/jazzy/opt/gz_physics_vendor:/opt/ros/jazzy/opt/sdformat_vendor:/opt/ros/jazzy/opt/gz_gui_vendor:/opt/ros/jazzy/opt/gz_transport_vendor:/opt/ros/jazzy/opt/gz_rendering_vendor:/opt/ros/jazzy/opt/gz_plugin_vendor:/opt/ros/jazzy/opt/gz_fuel_tools_vendor:/opt/ros/jazzy/opt/gz_msgs_vendor:/opt/ros/jazzy/opt/gz_common_vendor:/opt/ros/jazzy/opt/gz_math_vendor:/opt/ros/jazzy/opt/gz_utils_vendor:/opt/ros/jazzy/opt/gz_tools_vendor:/opt/ros/jazzy/opt/gz_ogre_next_vendor:/opt/ros/jazzy/opt/gz_dartsim_vendor:/opt/ros/jazzy/opt/gz_cmake_vendor:/home/aditya/ros2_ws/install/my_py_pkg:/opt/ros/jazzy'}), 'shell': False}
[0.098839] (-) TimerEvent: {}
[0.199292] (-) TimerEvent: {}
[0.299817] (-) TimerEvent: {}
[0.350095] (dexter_remote) StdoutLine: {'line': b'[  0%] Built target ament_cmake_python_symlink_dexter_remote\n'}
[0.374582] (dexter_remote) StdoutLine: {'line': b'[ 50%] Built target task_server_node\n'}
[0.399936] (-) TimerEvent: {}
[0.409025] (dexter_remote) StdoutLine: {'line': b'[100%] Built target task_server\n'}
[0.500233] (-) TimerEvent: {}
[0.600580] (-) TimerEvent: {}
[0.700927] (-) TimerEvent: {}
[0.801256] (-) TimerEvent: {}
[0.901615] (-) TimerEvent: {}
[1.002110] (-) TimerEvent: {}
[1.101053] (dexter_remote) StdoutLine: {'line': b'running egg_info\n'}
[1.102239] (-) TimerEvent: {}
[1.161028] (dexter_remote) StdoutLine: {'line': b'writing dexter_remote.egg-info/PKG-INFO\n'}
[1.162168] (dexter_remote) StdoutLine: {'line': b'writing dependency_links to dexter_remote.egg-info/dependency_links.txt\n'}
[1.162851] (dexter_remote) StdoutLine: {'line': b'writing top-level names to dexter_remote.egg-info/top_level.txt\n'}
[1.202397] (-) TimerEvent: {}
[1.302710] (-) TimerEvent: {}
[1.344288] (dexter_remote) StdoutLine: {'line': b"reading manifest file 'dexter_remote.egg-info/SOURCES.txt'\n"}
[1.346899] (dexter_remote) StdoutLine: {'line': b"writing manifest file 'dexter_remote.egg-info/SOURCES.txt'\n"}
[1.402930] (-) TimerEvent: {}
[1.438431] (dexter_remote) StdoutLine: {'line': b'[100%] Built target ament_cmake_python_build_dexter_remote_egg\n'}
[1.473333] (dexter_remote) CommandEnded: {'returncode': 0}
[1.475912] (dexter_remote) JobProgress: {'identifier': 'dexter_remote', 'progress': 'install'}
[1.502145] (dexter_remote) Command: {'cmd': ['/usr/bin/cmake', '--install', '/home/aditya/Cpps/Dexter/build/dexter_remote'], 'cwd': '/home/aditya/Cpps/Dexter/build/dexter_remote', 'env': OrderedDict({'GJS_DEBUG_TOPICS': 'JS ERROR;JS LOG', 'LESSOPEN': '| /usr/bin/lesspipe %s', 'GZ_SIM_RESOURCE_PATH': '/opt/ros/jazzy/share', 'no_proxy': '127.0.0.1,localhost,::1', 'LANGUAGE': 'en_IN:en', 'OPENCODE_SERVER_USERNAME': 'opencode', 'USER': 'aditya', 'GZ_CONFIG_PATH': '/opt/ros/jazzy/opt/gz_sim_vendor/share/gz:/opt/ros/jazzy/opt/sdformat_vendor/share/gz:/opt/ros/jazzy/opt/gz_gui_vendor/share/gz:/opt/ros/jazzy/opt/gz_transport_vendor/share/gz:/opt/ros/jazzy/opt/gz_rendering_vendor/share/gz:/opt/ros/jazzy/opt/gz_plugin_vendor/share/gz:/opt/ros/jazzy/opt/gz_fuel_tools_vendor/share/gz:/opt/ros/jazzy/opt/gz_msgs_vendor/share/gz:/opt/ros/jazzy/opt/gz_common_vendor/share/gz', 'AGENT': '1', 'XDG_SESSION_TYPE': 'x11', 'CLUTTER_DISABLE_MIPMAPPED_TEXT': '1', 'SHLVL': '1', 'LD_LIBRARY_PATH': '/home/aditya/Cpps/Dexter/install/dexter_msgs/lib:/home/aditya/ros2_ws/install/my_robot_interfaces/lib:/opt/ros/jazzy/opt/gz_sim_vendor/lib:/opt/ros/jazzy/opt/gz_sensors_vendor/lib:/opt/ros/jazzy/opt/gz_physics_vendor/lib:/opt/ros/jazzy/opt/sdformat_vendor/lib:/opt/ros/jazzy/opt/rviz_ogre_vendor/lib:/opt/ros/jazzy/lib/x86_64-linux-gnu:/opt/ros/jazzy/opt/gz_gui_vendor/lib:/opt/ros/jazzy/opt/gz_transport_vendor/lib:/opt/ros/jazzy/opt/gz_rendering_vendor/lib:/opt/ros/jazzy/opt/gz_plugin_vendor/lib:/opt/ros/jazzy/opt/gz_fuel_tools_vendor/lib:/opt/ros/jazzy/opt/gz_msgs_vendor/lib:/opt/ros/jazzy/opt/gz_common_vendor/lib:/opt/ros/jazzy/opt/gz_math_vendor/lib:/opt/ros/jazzy/opt/gz_utils_vendor/lib:/opt/ros/jazzy/opt/gz_tools_vendor/lib:/opt/ros/jazzy/opt/gz_ogre_next_vendor/lib:/opt/ros/jazzy/opt/gz_dartsim_vendor/lib:/opt/ros/jazzy/opt/gz_cmake_vendor/lib:/opt/ros/jazzy/lib', 'HOME': '/home/aditya', 'OLDPWD': '/home/aditya/Cpps', 'DESKTOP_SESSION': 'ubuntu', 'NO_PROXY': '127.0.0.1,localhost,::1', 'GIO_LAUNCHED_DESKTOP_FILE': '/usr/share/applications/OpenCode.desktop', 'ROS_PYTHON_VERSION': '3', 'GNOME_SHELL_SESSION_MODE': 'ubuntu', 'GTK_MODULES': 'gail:atk-bridge', 'MANAGERPID': '3042', 'SYSTEMD_EXEC_PID': '3472', 'GSM_SKIP_SSH_AGENT_WORKAROUND': 'true', 'XDG_STATE_HOME': '/home/aditya/.local/share/ai.opencode.desktop/', 'DBUS_SESSION_BUS_ADDRESS': 'unix:path=/run/user/1000/bus', 'GIO_LAUNCHED_DESKTOP_FILE_PID': '129325', 'DEBUGINFOD_URLS': 'https://debuginfod.ubuntu.com', 'COLCON_PREFIX_PATH': '/home/aditya/ros2_ws/install', 'ROS_DISTRO': 'jazzy', 'LOGNAME': 'aditya', 'OPENCODE_CLIENT': 'desktop', 'JOURNAL_STREAM': '8:46461', '_': '/usr/bin/colcon', 'ROS_VERSION': '2', 'MEMORY_PRESSURE_WATCH': '/sys/fs/cgroup/user.slice/user-1000.slice/user@1000.service/session.slice/org.gnome.Shell@x11.service/memory.pressure', 'XDG_SESSION_CLASS': 'user', 'USERNAME': 'aditya', 'GNOME_DESKTOP_SESSION_ID': 'this-is-deprecated', 'WINDOWPATH': '2', 'OPENCODE': '1', 'PATH': '/usr/lib/ccache:/home/aditya/ardupilot/Tools/autotest:/opt/gcc-arm-none-eabi-10-2020-q4-major/bin:/home/aditya/venv-ardupilot/bin:/home/aditya/.local/bin:/usr/lib/ccache:/home/aditya/ardupilot/Tools/autotest:/opt/gcc-arm-none-eabi-10-2020-q4-major/bin:/home/aditya/venv-ardupilot/bin:/home/aditya/.local/bin:/opt/ros/jazzy/opt/gz_msgs_vendor/bin:/opt/ros/jazzy/opt/gz_tools_vendor/bin:/opt/ros/jazzy/opt/gz_ogre_next_vendor/bin:/opt/ros/jazzy/bin:/usr/lib/ccache:/home/aditya/ardupilot/Tools/autotest:/opt/gcc-arm-none-eabi-10-2020-q4-major/bin:/home/aditya/venv-ardupilot/bin:/home/aditya/.local/bin:/usr/local/sbin:/usr/local/bin:/usr/sbin:/usr/bin:/sbin:/bin:/usr/games:/usr/local/games:/snap/bin:/snap/bin', 'SESSION_MANAGER': 'local/LoopingOutlaw:@/tmp/.ICE-unix/3400,unix/LoopingOutlaw:/tmp/.ICE-unix/3400', 'INVOCATION_ID': '817e26ddbb1243b59d5e6eb4b9982978', 'OPENCODE_SERVER_PASSWORD': '4cff57fb-357a-4906-bae4-fa3f32087f30', 'GTK3_MODULES': 'xapp-gtk3-module', 'XDG_MENU_PREFIX': 'gnome-', 'XDG_RUNTIME_DIR': '/run/user/1000', 'OPENCODE_EXPERIMENTAL_FILEWATCHER': 'true', 'DISPLAY': ':1', 'OPENCODE_PID': '129420', 'LANG': 'en_US.UTF-8', 'XDG_CURRENT_DESKTOP': 'ubuntu:GNOME', 'OPENCODE_EXPERIMENTAL_ICON_DISCOVERY': 'true', 'VIRTUAL_ENV_PROMPT': '(venv-ardupilot)', 'XMODIFIERS': '@im=ibus', 'XDG_SESSION_DESKTOP': 'ubuntu', 'XAUTHORITY': '/run/user/1000/gdm/Xauthority', 'LS_COLORS': '', 'SSH_AUTH_SOCK': '/run/user/1000/keyring/ssh', 'AMENT_PREFIX_PATH': '/home/aditya/Cpps/Dexter/install/dexter_inventory:/home/aditya/Cpps/Dexter/install/dexter_moveit:/home/aditya/Cpps/Dexter/install/dexter_msgs:/home/aditya/Cpps/Dexter/install/dexter_description:/home/aditya/ros2_ws/install/my_robot_bringup:/home/aditya/ros2_ws/install/my_py_pkg:/home/aditya/ros2_ws/install/my_cpp_pkg:/home/aditya/ros2_ws/install/my_robot_interfaces:/opt/ros/jazzy', 'SHELL': '/bin/bash', 'QT_ACCESSIBILITY': '1', 'GDMSESSION': 'ubuntu', 'LESSCLOSE': '/usr/bin/lesspipe %s %s', 'GPG_AGENT_INFO': '/run/user/1000/gnupg/S.gpg-agent:0:1', 'GJS_DEBUG_OUTPUT': 'stderr', 'VIRTUAL_ENV': '/home/aditya/venv-ardupilot', 'ROS_AUTOMATIC_DISCOVERY_RANGE': 'SUBNET', 'QT_IM_MODULE': 'ibus', 'PWD': '/home/aditya/Cpps/Dexter/build/dexter_remote', 'LC_ALL': 'en_US.UTF-8', 'XDG_CONFIG_DIRS': '/etc/xdg/xdg-ubuntu:/etc/xdg', 'XDG_DATA_DIRS': '/usr/share/ubuntu:/usr/share/gnome:/usr/local/share/:/usr/share/:/var/lib/snapd/desktop', 'QTWEBENGINE_DICTIONARIES_PATH': '/usr/share/hunspell-bdic/', 'PYTHONPATH': '/home/aditya/Cpps/Dexter/install/dexter_inventory/lib/python3.12/site-packages:/home/aditya/Cpps/Dexter/install/dexter_msgs/lib/python3.12/site-packages:/home/aditya/ros2_ws/install/my_py_pkg/lib/python3.12/site-packages:/home/aditya/ros2_ws/install/my_robot_interfaces/lib/python3.12/site-packages:/opt/ros/jazzy/lib/python3.12/site-packages', 'COLCON': '1', 'MEMORY_PRESSURE_WRITE': 'c29tZSAyMDAwMDAgMjAwMDAwMAA=', 'CMAKE_PREFIX_PATH': '/home/aditya/Cpps/Dexter/install/dexter_moveit:/home/aditya/Cpps/Dexter/install/dexter_msgs:/home/aditya/Cpps/Dexter/install/dexter_description:/home/aditya/ros2_ws/install/my_robot_bringup:/home/aditya/ros2_ws/install/my_cpp_pkg:/home/aditya/ros2_ws/install/my_robot_interfaces:/opt/ros/jazzy/opt/gz_sim_vendor:/opt/ros/jazzy/opt/gz_sensors_vendor:/opt/ros/jazzy/opt/gz_physics_vendor:/opt/ros/jazzy/opt/sdformat_vendor:/opt/ros/jazzy/opt/gz_gui_vendor:/opt/ros/jazzy/opt/gz_transport_vendor:/opt/ros/jazzy/opt/gz_rendering_vendor:/opt/ros/jazzy/opt/gz_plugin_vendor:/opt/ros/jazzy/opt/gz_fuel_tools_vendor:/opt/ros/jazzy/opt/gz_msgs_vendor:/opt/ros/jazzy/opt/gz_common_vendor:/opt/ros/jazzy/opt/gz_math_vendor:/opt/ros/jazzy/opt/gz_utils_vendor:/opt/ros/jazzy/opt/gz_tools_vendor:/opt/ros/jazzy/opt/gz_ogre_next_vendor:/opt/ros/jazzy/opt/gz_dartsim_vendor:/opt/ros/jazzy/opt/gz_cmake_vendor:/home/aditya/ros2_ws/install/my_py_pkg:/opt/ros/jazzy'}), 'shell': False}
[1.504300] (-) TimerEvent: {}
[1.531384] (dexter_remote) StdoutLine: {'line': b'-- Install configuration: ""\n'}
[1.533832] (dexter_remote) StdoutLine: {'line': b'-- Execute custom install script\n'}
[1.535040] (dexter_remote) StdoutLine: {'line': b'-- Up-to-date symlink: /home/aditya/Cpps/Dexter/install/dexter_remote/lib/dexter_remote/task_server_node\n'}
[1.535991] (dexter_remote) StdoutLine: {'line': b'-- Up-to-date symlink: /home/aditya/Cpps/Dexter/install/dexter_remote/share/dexter_remote/environment/pythonpath.sh\n'}
[1.536468] (dexter_remote) StdoutLine: {'line': b'-- Up-to-date symlink: /home/aditya/Cpps/Dexter/install/dexter_remote/share/dexter_remote/environment/pythonpath.dsv\n'}
[1.538919] (dexter_remote) StdoutLine: {'line': b'-- Up-to-date symlink: /home/aditya/Cpps/Dexter/install/dexter_remote/lib/python3.12/site-packages/dexter_remote-0.1.0-py3.12.egg-info/PKG-INFO\n'}
[1.539875] (dexter_remote) StdoutLine: {'line': b'-- Up-to-date symlink: /home/aditya/Cpps/Dexter/install/dexter_remote/lib/python3.12/site-packages/dexter_remote-0.1.0-py3.12.egg-info/SOURCES.txt\n'}
[1.540489] (dexter_remote) StdoutLine: {'line': b'-- Up-to-date symlink: /home/aditya/Cpps/Dexter/install/dexter_remote/lib/python3.12/site-packages/dexter_remote-0.1.0-py3.12.egg-info/dependency_links.txt\n'}
[1.540812] (dexter_remote) StdoutLine: {'line': b'-- Up-to-date symlink: /home/aditya/Cpps/Dexter/install/dexter_remote/lib/python3.12/site-packages/dexter_remote-0.1.0-py3.12.egg-info/top_level.txt\n'}
[1.541498] (dexter_remote) StdoutLine: {'line': b'-- Up-to-date symlink: /home/aditya/Cpps/Dexter/install/dexter_remote/lib/python3.12/site-packages/dexter_remote/__init__.py\n'}
[1.542371] (dexter_remote) StdoutLine: {'line': b'-- Up-to-date symlink: /home/aditya/Cpps/Dexter/install/dexter_remote/lib/python3.12/site-packages/dexter_remote/task_server.py\n'}
[1.542763] (dexter_remote) StdoutLine: {'line': b'-- Up-to-date symlink: /home/aditya/Cpps/Dexter/install/dexter_remote/lib/python3.12/site-packages/dexter_remote/web_interface.py\n'}
[1.543555] (dexter_remote) StdoutLine: {'line': b'-- Up-to-date symlink: /home/aditya/Cpps/Dexter/install/dexter_remote/share/dexter_remote/launch/remote_interface.launch.py\n'}
[1.544013] (dexter_remote) StdoutLine: {'line': b'-- Up-to-date symlink: /home/aditya/Cpps/Dexter/install/dexter_remote/share/dexter_remote/templates/index.html\n'}
[1.544619] (dexter_remote) StdoutLine: {'line': b'-- Up-to-date symlink: /home/aditya/Cpps/Dexter/install/dexter_remote/lib/libtask_server.so\n'}
[1.545223] (dexter_remote) StdoutLine: {'line': b'-- Up-to-date symlink: /home/aditya/Cpps/Dexter/install/dexter_remote/lib/dexter_remote/task_server.py\n'}
[1.545667] (dexter_remote) StdoutLine: {'line': b'-- Up-to-date symlink: /home/aditya/Cpps/Dexter/install/dexter_remote/lib/dexter_remote/web_interface.py\n'}
[1.545944] (dexter_remote) StdoutLine: {'line': b'-- Up-to-date symlink: /home/aditya/Cpps/Dexter/install/dexter_remote/share/ament_index/resource_index/package_run_dependencies/dexter_remote\n'}
[1.546417] (dexter_remote) StdoutLine: {'line': b'-- Up-to-date symlink: /home/aditya/Cpps/Dexter/install/dexter_remote/share/ament_index/resource_index/parent_prefix_path/dexter_remote\n'}
[1.546882] (dexter_remote) StdoutLine: {'line': b'-- Up-to-date symlink: /home/aditya/Cpps/Dexter/install/dexter_remote/share/dexter_remote/environment/ament_prefix_path.sh\n'}
[1.547444] (dexter_remote) StdoutLine: {'line': b'-- Up-to-date symlink: /home/aditya/Cpps/Dexter/install/dexter_remote/share/dexter_remote/environment/ament_prefix_path.dsv\n'}
[1.547796] (dexter_remote) StdoutLine: {'line': b'-- Up-to-date symlink: /home/aditya/Cpps/Dexter/install/dexter_remote/share/dexter_remote/environment/path.sh\n'}
[1.548402] (dexter_remote) StdoutLine: {'line': b'-- Up-to-date symlink: /home/aditya/Cpps/Dexter/install/dexter_remote/share/dexter_remote/environment/path.dsv\n'}
[1.549335] (dexter_remote) StdoutLine: {'line': b'-- Up-to-date symlink: /home/aditya/Cpps/Dexter/install/dexter_remote/share/dexter_remote/local_setup.bash\n'}
[1.550121] (dexter_remote) StdoutLine: {'line': b'-- Up-to-date symlink: /home/aditya/Cpps/Dexter/install/dexter_remote/share/dexter_remote/local_setup.sh\n'}
[1.550704] (dexter_remote) StdoutLine: {'line': b'-- Up-to-date symlink: /home/aditya/Cpps/Dexter/install/dexter_remote/share/dexter_remote/local_setup.zsh\n'}
[1.551204] (dexter_remote) StdoutLine: {'line': b'-- Up-to-date symlink: /home/aditya/Cpps/Dexter/install/dexter_remote/share/dexter_remote/local_setup.dsv\n'}
[1.551678] (dexter_remote) StdoutLine: {'line': b'-- Symlinking: /home/aditya/Cpps/Dexter/install/dexter_remote/share/dexter_remote/package.dsv\n'}
[1.581367] (dexter_remote) StdoutLine: {'line': b'-- Up-to-date symlink: /home/aditya/Cpps/Dexter/install/dexter_remote/share/ament_index/resource_index/packages/dexter_remote\n'}
[1.582161] (dexter_remote) StdoutLine: {'line': b'-- Up-to-date symlink: /home/aditya/Cpps/Dexter/install/dexter_remote/share/ament_index/resource_index/rclcpp_components/dexter_remote\n'}
[1.583116] (dexter_remote) StdoutLine: {'line': b'-- Up-to-date symlink: /home/aditya/Cpps/Dexter/install/dexter_remote/share/dexter_remote/cmake/dexter_remoteConfig.cmake\n'}
[1.583536] (dexter_remote) StdoutLine: {'line': b'-- Up-to-date symlink: /home/aditya/Cpps/Dexter/install/dexter_remote/share/dexter_remote/cmake/dexter_remoteConfig-version.cmake\n'}
[1.584071] (dexter_remote) StdoutLine: {'line': b'-- Up-to-date symlink: /home/aditya/Cpps/Dexter/install/dexter_remote/share/dexter_remote/package.xml\n'}
[1.604556] (-) TimerEvent: {}
[1.698832] (dexter_remote) StdoutLine: {'line': b"Listing '/home/aditya/Cpps/Dexter/install/dexter_remote/lib/python3.12/site-packages/dexter_remote'...\n"}
[1.704714] (-) TimerEvent: {}
[1.719453] (dexter_remote) CommandEnded: {'returncode': 0}
[1.776749] (dexter_remote) JobEnded: {'identifier': 'dexter_remote', 'rc': 0}
[1.778716] (-) EventReactorShutdown: {}
