running egg_info
writing ../build/dexter_py_examples/dexter_py_examples.egg-info/PKG-INFO
writing dependency_links to ../build/dexter_py_examples/dexter_py_examples.egg-info/dependency_links.txt
writing entry points to ../build/dexter_py_examples/dexter_py_examples.egg-info/entry_points.txt
writing requirements to ../build/dexter_py_examples/dexter_py_examples.egg-info/requires.txt
writing top-level names to ../build/dexter_py_examples/dexter_py_examples.egg-info/top_level.txt
reading manifest file '../build/dexter_py_examples/dexter_py_examples.egg-info/SOURCES.txt'
writing manifest file '../build/dexter_py_examples/dexter_py_examples.egg-info/SOURCES.txt'
running build
running build_py
running install
running install_lib
running install_data
running install_egg_info
removing '/home/aditya/Cpps/Dexter/install/dexter_py_examples/lib/python3.12/site-packages/dexter_py_examples-0.0.0-py3.12.egg-info' (and everything under it)
Copying ../build/dexter_py_examples/dexter_py_examples.egg-info to /home/aditya/Cpps/Dexter/install/dexter_py_examples/lib/python3.12/site-packages/dexter_py_examples-0.0.0-py3.12.egg-info
running install_scripts
Installing simple_action_client script to /home/aditya/Cpps/Dexter/install/dexter_py_examples/lib/dexter_py_examples
Installing simple_action_server script to /home/aditya/Cpps/Dexter/install/dexter_py_examples/lib/dexter_py_examples
Installing simple_moveit_interface script to /home/aditya/Cpps/Dexter/install/dexter_py_examples/lib/dexter_py_examples
Installing simple_parameter script to /home/aditya/Cpps/Dexter/install/dexter_py_examples/lib/dexter_py_examples
Installing simple_publisher script to /home/aditya/Cpps/Dexter/install/dexter_py_examples/lib/dexter_py_examples
Installing simple_service_client script to /home/aditya/Cpps/Dexter/install/dexter_py_examples/lib/dexter_py_examples
Installing simple_service_server script to /home/aditya/Cpps/Dexter/install/dexter_py_examples/lib/dexter_py_examples
Installing simple_subscriber script to /home/aditya/Cpps/Dexter/install/dexter_py_examples/lib/dexter_py_examples
writing list of installed files to '/home/aditya/Cpps/Dexter/build/dexter_py_examples/install.log'
