[0.000000] (-) TimerEvent: {}
[0.000385] (-) JobUnselected: {'identifier': 'dexter_bringup'}
[0.000472] (-) JobUnselected: {'identifier': 'dexter_controller'}
[0.000517] (-) JobUnselected: {'identifier': 'dexter_cpp_examples'}
[0.000552] (-) JobUnselected: {'identifier': 'dexter_firmware'}
[0.000580] (-) JobUnselected: {'identifier': 'dexter_moveit'}
[0.000610] (-) JobUnselected: {'identifier': 'dexter_msgs'}
[0.000635] (-) JobUnselected: {'identifier': 'dexter_py_examples'}
[0.000660] (-) JobUnselected: {'identifier': 'dexter_utils'}
[0.000693] (dexter_description) JobQueued: {'identifier': 'dexter_description', 'dependencies': OrderedDict()}
[0.000733] (dexter_inventory) JobQueued: {'identifier': 'dexter_inventory', 'dependencies': OrderedDict({'dexter_description': '/home/aditya/Cpps/Dexter/install/dexter_description', 'dexter_msgs': '/home/aditya/Cpps/Dexter/install/dexter_msgs', 'dexter_moveit': '/home/aditya/Cpps/Dexter/install/dexter_moveit'})}
[0.000794] (dexter_remote) JobQueued: {'identifier': 'dexter_remote', 'dependencies': OrderedDict({'dexter_description': '/home/aditya/Cpps/Dexter/install/dexter_description', 'dexter_msgs': '/home/aditya/Cpps/Dexter/install/dexter_msgs', 'dexter_moveit': '/home/aditya/Cpps/Dexter/install/dexter_moveit', 'dexter_inventory': '/home/aditya/Cpps/Dexter/install/dexter_inventory'})}
[0.002095] (dexter_description) JobStarted: {'identifier': 'dexter_description'}
[0.040646] (dexter_description) JobProgress: {'identifier': 'dexter_description', 'progress': 'cmake'}
[0.042358] (dexter_description) JobProgress: {'identifier': 'dexter_description', 'progress': 'build'}
[0.044247] (dexter_description) Command: {'cmd': ['/usr/bin/cmake', '--build', '/home/aditya/Cpps/Dexter/build/dexter_description', '--', '-j28', '-l28'], 'cwd': '/home/aditya/Cpps/Dexter/build/dexter_description', 'env': OrderedDict({'GJS_DEBUG_TOPICS': 'JS ERROR;JS LOG', 'LESSOPEN': '| /usr/bin/lesspipe %s', 'GZ_SIM_RESOURCE_PATH': '/opt/ros/jazzy/share', 'no_proxy': '127.0.0.1,localhost,::1', 'LANGUAGE': 'en_IN:en', 'OPENCODE_SERVER_USERNAME': 'opencode', 'USER': 'aditya', 'GZ_CONFIG_PATH': '/opt/ros/jazzy/opt/gz_sim_vendor/share/gz:/opt/ros/jazzy/opt/sdformat_vendor/share/gz:/opt/ros/jazzy/opt/gz_gui_vendor/share/gz:/opt/ros/jazzy/opt/gz_transport_vendor/share/gz:/opt/ros/jazzy/opt/gz_rendering_vendor/share/gz:/opt/ros/jazzy/opt/gz_plugin_vendor/share/gz:/opt/ros/jazzy/opt/gz_fuel_tools_vendor/share/gz:/opt/ros/jazzy/opt/gz_msgs_vendor/share/gz:/opt/ros/jazzy/opt/gz_common_vendor/share/gz', 'AGENT': '1', 'XDG_SESSION_TYPE': 'x11', 'CLUTTER_DISABLE_MIPMAPPED_TEXT': '1', 'SHLVL': '1', 'LD_LIBRARY_PATH': '/home/aditya/ros2_ws/install/my_robot_interfaces/lib:/opt/ros/jazzy/opt/gz_sim_vendor/lib:/opt/ros/jazzy/opt/gz_sensors_vendor/lib:/opt/ros/jazzy/opt/gz_physics_vendor/lib:/opt/ros/jazzy/opt/sdformat_vendor/lib:/opt/ros/jazzy/opt/rviz_ogre_vendor/lib:/opt/ros/jazzy/lib/x86_64-linux-gnu:/opt/ros/jazzy/opt/gz_gui_vendor/lib:/opt/ros/jazzy/opt/gz_transport_vendor/lib:/opt/ros/jazzy/opt/gz_rendering_vendor/lib:/opt/ros/jazzy/opt/gz_plugin_vendor/lib:/opt/ros/jazzy/opt/gz_fuel_tools_vendor/lib:/opt/ros/jazzy/opt/gz_msgs_vendor/lib:/opt/ros/jazzy/opt/gz_common_vendor/lib:/opt/ros/jazzy/opt/gz_math_vendor/lib:/opt/ros/jazzy/opt/gz_utils_vendor/lib:/opt/ros/jazzy/opt/gz_tools_vendor/lib:/opt/ros/jazzy/opt/gz_ogre_next_vendor/lib:/opt/ros/jazzy/opt/gz_dartsim_vendor/lib:/opt/ros/jazzy/opt/gz_cmake_vendor/lib:/opt/ros/jazzy/lib', 'HOME': '/home/aditya', 'OLDPWD': '/home/aditya/Cpps', 'DESKTOP_SESSION': 'ubuntu', 'NO_PROXY': '127.0.0.1,localhost,::1', 'GIO_LAUNCHED_DESKTOP_FILE': '/usr/share/applications/OpenCode.desktop', 'ROS_PYTHON_VERSION': '3', 'GNOME_SHELL_SESSION_MODE': 'ubuntu', 'GTK_MODULES': 'gail:atk-bridge', 'MANAGERPID': '3023', 'SYSTEMD_EXEC_PID': '3503', 'GSM_SKIP_SSH_AGENT_WORKAROUND': 'true', 'XDG_STATE_HOME': '/home/aditya/.local/share/ai.opencode.desktop/', 'DBUS_SESSION_BUS_ADDRESS': 'unix:path=/run/user/1000/bus', 'GIO_LAUNCHED_DESKTOP_FILE_PID': '6088', 'DEBUGINFOD_URLS': 'https://debuginfod.ubuntu.com', 'COLCON_PREFIX_PATH': '/home/aditya/ros2_ws/install', 'ROS_DISTRO': 'jazzy', 'LOGNAME': 'aditya', 'OPENCODE_CLIENT': 'desktop', 'JOURNAL_STREAM': '8:49155', '_': '/usr/bin/colcon', 'ROS_VERSION': '2', 'MEMORY_PRESSURE_WATCH': '/sys/fs/cgroup/user.slice/user-1000.slice/user@1000.service/session.slice/org.gnome.Shell@x11.service/memory.pressure', 'XDG_SESSION_CLASS': 'user', 'USERNAME': 'aditya', 'GNOME_DESKTOP_SESSION_ID': 'this-is-deprecated', 'WINDOWPATH': '2', 'OPENCODE': '1', 'PATH': '/usr/lib/ccache:/home/aditya/ardupilot/Tools/autotest:/opt/gcc-arm-none-eabi-10-2020-q4-major/bin:/home/aditya/venv-ardupilot/bin:/home/aditya/.local/bin:/usr/lib/ccache:/home/aditya/ardupilot/Tools/autotest:/opt/gcc-arm-none-eabi-10-2020-q4-major/bin:/home/aditya/venv-ardupilot/bin:/home/aditya/.local/bin:/opt/ros/jazzy/opt/gz_msgs_vendor/bin:/opt/ros/jazzy/opt/gz_tools_vendor/bin:/opt/ros/jazzy/opt/gz_ogre_next_vendor/bin:/opt/ros/jazzy/bin:/usr/lib/ccache:/home/aditya/ardupilot/Tools/autotest:/opt/gcc-arm-none-eabi-10-2020-q4-major/bin:/home/aditya/venv-ardupilot/bin:/home/aditya/.local/bin:/usr/local/sbin:/usr/local/bin:/usr/sbin:/usr/bin:/sbin:/bin:/usr/games:/usr/local/games:/snap/bin:/snap/bin', 'SESSION_MANAGER': 'local/LoopingOutlaw:@/tmp/.ICE-unix/3459,unix/LoopingOutlaw:/tmp/.ICE-unix/3459', 'INVOCATION_ID': '56ba7f98d7004807b9a79383d4b08d7e', 'OPENCODE_SERVER_PASSWORD': 'ef465f45-f08f-4f05-80d7-46eb01184edb', 'GTK3_MODULES': 'xapp-gtk3-module', 'XDG_MENU_PREFIX': 'gnome-', 'XDG_RUNTIME_DIR': '/run/user/1000', 'OPENCODE_EXPERIMENTAL_FILEWATCHER': 'true', 'DISPLAY': ':1', 'OPENCODE_PID': '6253', 'LANG': 'en_US.UTF-8', 'XDG_CURRENT_DESKTOP': 'ubuntu:GNOME', 'OPENCODE_EXPERIMENTAL_ICON_DISCOVERY': 'true', 'VIRTUAL_ENV_PROMPT': '(venv-ardupilot)', 'XMODIFIERS': '@im=ibus', 'XDG_SESSION_DESKTOP': 'ubuntu', 'XAUTHORITY': '/run/user/1000/gdm/Xauthority', 'LS_COLORS': '', 'SSH_AUTH_SOCK': '/run/user/1000/keyring/ssh', 'AMENT_PREFIX_PATH': '/home/aditya/ros2_ws/install/my_robot_bringup:/home/aditya/ros2_ws/install/my_py_pkg:/home/aditya/ros2_ws/install/my_cpp_pkg:/home/aditya/ros2_ws/install/my_robot_interfaces:/opt/ros/jazzy', 'SHELL': '/bin/bash', 'QT_ACCESSIBILITY': '1', 'GDMSESSION': 'ubuntu', 'LESSCLOSE': '/usr/bin/lesspipe %s %s', 'GPG_AGENT_INFO': '/run/user/1000/gnupg/S.gpg-agent:0:1', 'GJS_DEBUG_OUTPUT': 'stderr', 'VIRTUAL_ENV': '/home/aditya/venv-ardupilot', 'ROS_AUTOMATIC_DISCOVERY_RANGE': 'SUBNET', 'QT_IM_MODULE': 'ibus', 'PWD': '/home/aditya/Cpps/Dexter/build/dexter_description', 'LC_ALL': 'en_US.UTF-8', 'XDG_CONFIG_DIRS': '/etc/xdg/xdg-ubuntu:/etc/xdg', 'XDG_DATA_DIRS': '/usr/share/ubuntu:/usr/share/gnome:/usr/local/share/:/usr/share/:/var/lib/snapd/desktop', 'QTWEBENGINE_DICTIONARIES_PATH': '/usr/share/hunspell-bdic/', 'PYTHONPATH': '/home/aditya/ros2_ws/install/my_py_pkg/lib/python3.12/site-packages:/home/aditya/ros2_ws/install/my_robot_interfaces/lib/python3.12/site-packages:/opt/ros/jazzy/lib/python3.12/site-packages', 'COLCON': '1', 'MEMORY_PRESSURE_WRITE': 'c29tZSAyMDAwMDAgMjAwMDAwMAA=', 'CMAKE_PREFIX_PATH': '/home/aditya/ros2_ws/install/my_robot_bringup:/home/aditya/ros2_ws/install/my_cpp_pkg:/home/aditya/ros2_ws/install/my_robot_interfaces:/opt/ros/jazzy/opt/gz_sim_vendor:/opt/ros/jazzy/opt/gz_sensors_vendor:/opt/ros/jazzy/opt/gz_physics_vendor:/opt/ros/jazzy/opt/sdformat_vendor:/opt/ros/jazzy/opt/gz_gui_vendor:/opt/ros/jazzy/opt/gz_transport_vendor:/opt/ros/jazzy/opt/gz_rendering_vendor:/opt/ros/jazzy/opt/gz_plugin_vendor:/opt/ros/jazzy/opt/gz_fuel_tools_vendor:/opt/ros/jazzy/opt/gz_msgs_vendor:/opt/ros/jazzy/opt/gz_common_vendor:/opt/ros/jazzy/opt/gz_math_vendor:/opt/ros/jazzy/opt/gz_utils_vendor:/opt/ros/jazzy/opt/gz_tools_vendor:/opt/ros/jazzy/opt/gz_ogre_next_vendor:/opt/ros/jazzy/opt/gz_dartsim_vendor:/opt/ros/jazzy/opt/gz_cmake_vendor:/home/aditya/ros2_ws/install/my_py_pkg:/opt/ros/jazzy'}), 'shell': False}
[0.099080] (-) TimerEvent: {}
[0.178314] (dexter_description) CommandEnded: {'returncode': 0}
[0.181211] (dexter_description) JobProgress: {'identifier': 'dexter_description', 'progress': 'install'}
[0.199220] (-) TimerEvent: {}
[0.209740] (dexter_description) Command: {'cmd': ['/usr/bin/cmake', '--install', '/home/aditya/Cpps/Dexter/build/dexter_description'], 'cwd': '/home/aditya/Cpps/Dexter/build/dexter_description', 'env': OrderedDict({'GJS_DEBUG_TOPICS': 'JS ERROR;JS LOG', 'LESSOPEN': '| /usr/bin/lesspipe %s', 'GZ_SIM_RESOURCE_PATH': '/opt/ros/jazzy/share', 'no_proxy': '127.0.0.1,localhost,::1', 'LANGUAGE': 'en_IN:en', 'OPENCODE_SERVER_USERNAME': 'opencode', 'USER': 'aditya', 'GZ_CONFIG_PATH': '/opt/ros/jazzy/opt/gz_sim_vendor/share/gz:/opt/ros/jazzy/opt/sdformat_vendor/share/gz:/opt/ros/jazzy/opt/gz_gui_vendor/share/gz:/opt/ros/jazzy/opt/gz_transport_vendor/share/gz:/opt/ros/jazzy/opt/gz_rendering_vendor/share/gz:/opt/ros/jazzy/opt/gz_plugin_vendor/share/gz:/opt/ros/jazzy/opt/gz_fuel_tools_vendor/share/gz:/opt/ros/jazzy/opt/gz_msgs_vendor/share/gz:/opt/ros/jazzy/opt/gz_common_vendor/share/gz', 'AGENT': '1', 'XDG_SESSION_TYPE': 'x11', 'CLUTTER_DISABLE_MIPMAPPED_TEXT': '1', 'SHLVL': '1', 'LD_LIBRARY_PATH': '/home/aditya/ros2_ws/install/my_robot_interfaces/lib:/opt/ros/jazzy/opt/gz_sim_vendor/lib:/opt/ros/jazzy/opt/gz_sensors_vendor/lib:/opt/ros/jazzy/opt/gz_physics_vendor/lib:/opt/ros/jazzy/opt/sdformat_vendor/lib:/opt/ros/jazzy/opt/rviz_ogre_vendor/lib:/opt/ros/jazzy/lib/x86_64-linux-gnu:/opt/ros/jazzy/opt/gz_gui_vendor/lib:/opt/ros/jazzy/opt/gz_transport_vendor/lib:/opt/ros/jazzy/opt/gz_rendering_vendor/lib:/opt/ros/jazzy/opt/gz_plugin_vendor/lib:/opt/ros/jazzy/opt/gz_fuel_tools_vendor/lib:/opt/ros/jazzy/opt/gz_msgs_vendor/lib:/opt/ros/jazzy/opt/gz_common_vendor/lib:/opt/ros/jazzy/opt/gz_math_vendor/lib:/opt/ros/jazzy/opt/gz_utils_vendor/lib:/opt/ros/jazzy/opt/gz_tools_vendor/lib:/opt/ros/jazzy/opt/gz_ogre_next_vendor/lib:/opt/ros/jazzy/opt/gz_dartsim_vendor/lib:/opt/ros/jazzy/opt/gz_cmake_vendor/lib:/opt/ros/jazzy/lib', 'HOME': '/home/aditya', 'OLDPWD': '/home/aditya/Cpps', 'DESKTOP_SESSION': 'ubuntu', 'NO_PROXY': '127.0.0.1,localhost,::1', 'GIO_LAUNCHED_DESKTOP_FILE': '/usr/share/applications/OpenCode.desktop', 'ROS_PYTHON_VERSION': '3', 'GNOME_SHELL_SESSION_MODE': 'ubuntu', 'GTK_MODULES': 'gail:atk-bridge', 'MANAGERPID': '3023', 'SYSTEMD_EXEC_PID': '3503', 'GSM_SKIP_SSH_AGENT_WORKAROUND': 'true', 'XDG_STATE_HOME': '/home/aditya/.local/share/ai.opencode.desktop/', 'DBUS_SESSION_BUS_ADDRESS': 'unix:path=/run/user/1000/bus', 'GIO_LAUNCHED_DESKTOP_FILE_PID': '6088', 'DEBUGINFOD_URLS': 'https://debuginfod.ubuntu.com', 'COLCON_PREFIX_PATH': '/home/aditya/ros2_ws/install', 'ROS_DISTRO': 'jazzy', 'LOGNAME': 'aditya', 'OPENCODE_CLIENT': 'desktop', 'JOURNAL_STREAM': '8:49155', '_': '/usr/bin/colcon', 'ROS_VERSION': '2', 'MEMORY_PRESSURE_WATCH': '/sys/fs/cgroup/user.slice/user-1000.slice/user@1000.service/session.slice/org.gnome.Shell@x11.service/memory.pressure', 'XDG_SESSION_CLASS': 'user', 'USERNAME': 'aditya', 'GNOME_DESKTOP_SESSION_ID': 'this-is-deprecated', 'WINDOWPATH': '2', 'OPENCODE': '1', 'PATH': '/usr/lib/ccache:/home/aditya/ardupilot/Tools/autotest:/opt/gcc-arm-none-eabi-10-2020-q4-major/bin:/home/aditya/venv-ardupilot/bin:/home/aditya/.local/bin:/usr/lib/ccache:/home/aditya/ardupilot/Tools/autotest:/opt/gcc-arm-none-eabi-10-2020-q4-major/bin:/home/aditya/venv-ardupilot/bin:/home/aditya/.local/bin:/opt/ros/jazzy/opt/gz_msgs_vendor/bin:/opt/ros/jazzy/opt/gz_tools_vendor/bin:/opt/ros/jazzy/opt/gz_ogre_next_vendor/bin:/opt/ros/jazzy/bin:/usr/lib/ccache:/home/aditya/ardupilot/Tools/autotest:/opt/gcc-arm-none-eabi-10-2020-q4-major/bin:/home/aditya/venv-ardupilot/bin:/home/aditya/.local/bin:/usr/local/sbin:/usr/local/bin:/usr/sbin:/usr/bin:/sbin:/bin:/usr/games:/usr/local/games:/snap/bin:/snap/bin', 'SESSION_MANAGER': 'local/LoopingOutlaw:@/tmp/.ICE-unix/3459,unix/LoopingOutlaw:/tmp/.ICE-unix/3459', 'INVOCATION_ID': '56ba7f98d7004807b9a79383d4b08d7e', 'OPENCODE_SERVER_PASSWORD': 'ef465f45-f08f-4f05-80d7-46eb01184edb', 'GTK3_MODULES': 'xapp-gtk3-module', 'XDG_MENU_PREFIX': 'gnome-', 'XDG_RUNTIME_DIR': '/run/user/1000', 'OPENCODE_EXPERIMENTAL_FILEWATCHER': 'true', 'DISPLAY': ':1', 'OPENCODE_PID': '6253', 'LANG': 'en_US.UTF-8', 'XDG_CURRENT_DESKTOP': 'ubuntu:GNOME', 'OPENCODE_EXPERIMENTAL_ICON_DISCOVERY': 'true', 'VIRTUAL_ENV_PROMPT': '(venv-ardupilot)', 'XMODIFIERS': '@im=ibus', 'XDG_SESSION_DESKTOP': 'ubuntu', 'XAUTHORITY': '/run/user/1000/gdm/Xauthority', 'LS_COLORS': '', 'SSH_AUTH_SOCK': '/run/user/1000/keyring/ssh', 'AMENT_PREFIX_PATH': '/home/aditya/ros2_ws/install/my_robot_bringup:/home/aditya/ros2_ws/install/my_py_pkg:/home/aditya/ros2_ws/install/my_cpp_pkg:/home/aditya/ros2_ws/install/my_robot_interfaces:/opt/ros/jazzy', 'SHELL': '/bin/bash', 'QT_ACCESSIBILITY': '1', 'GDMSESSION': 'ubuntu', 'LESSCLOSE': '/usr/bin/lesspipe %s %s', 'GPG_AGENT_INFO': '/run/user/1000/gnupg/S.gpg-agent:0:1', 'GJS_DEBUG_OUTPUT': 'stderr', 'VIRTUAL_ENV': '/home/aditya/venv-ardupilot', 'ROS_AUTOMATIC_DISCOVERY_RANGE': 'SUBNET', 'QT_IM_MODULE': 'ibus', 'PWD': '/home/aditya/Cpps/Dexter/build/dexter_description', 'LC_ALL': 'en_US.UTF-8', 'XDG_CONFIG_DIRS': '/etc/xdg/xdg-ubuntu:/etc/xdg', 'XDG_DATA_DIRS': '/usr/share/ubuntu:/usr/share/gnome:/usr/local/share/:/usr/share/:/var/lib/snapd/desktop', 'QTWEBENGINE_DICTIONARIES_PATH': '/usr/share/hunspell-bdic/', 'PYTHONPATH': '/home/aditya/ros2_ws/install/my_py_pkg/lib/python3.12/site-packages:/home/aditya/ros2_ws/install/my_robot_interfaces/lib/python3.12/site-packages:/opt/ros/jazzy/lib/python3.12/site-packages', 'COLCON': '1', 'MEMORY_PRESSURE_WRITE': 'c29tZSAyMDAwMDAgMjAwMDAwMAA=', 'CMAKE_PREFIX_PATH': '/home/aditya/ros2_ws/install/my_robot_bringup:/home/aditya/ros2_ws/install/my_cpp_pkg:/home/aditya/ros2_ws/install/my_robot_interfaces:/opt/ros/jazzy/opt/gz_sim_vendor:/opt/ros/jazzy/opt/gz_sensors_vendor:/opt/ros/jazzy/opt/gz_physics_vendor:/opt/ros/jazzy/opt/sdformat_vendor:/opt/ros/jazzy/opt/gz_gui_vendor:/opt/ros/jazzy/opt/gz_transport_vendor:/opt/ros/jazzy/opt/gz_rendering_vendor:/opt/ros/jazzy/opt/gz_plugin_vendor:/opt/ros/jazzy/opt/gz_fuel_tools_vendor:/opt/ros/jazzy/opt/gz_msgs_vendor:/opt/ros/jazzy/opt/gz_common_vendor:/opt/ros/jazzy/opt/gz_math_vendor:/opt/ros/jazzy/opt/gz_utils_vendor:/opt/ros/jazzy/opt/gz_tools_vendor:/opt/ros/jazzy/opt/gz_ogre_next_vendor:/opt/ros/jazzy/opt/gz_dartsim_vendor:/opt/ros/jazzy/opt/gz_cmake_vendor:/home/aditya/ros2_ws/install/my_py_pkg:/opt/ros/jazzy'}), 'shell': False}
[0.234096] (dexter_description) StdoutLine: {'line': b'-- Install configuration: ""\n'}
[0.236175] (dexter_description) StdoutLine: {'line': b'-- Execute custom install script\n'}
[0.238697] (dexter_description) StdoutLine: {'line': b'-- Up-to-date symlink: /home/aditya/Cpps/Dexter/install/dexter_description/share/dexter_description/launch/display.launch.py\n'}
[0.239428] (dexter_description) StdoutLine: {'line': b'-- Up-to-date symlink: /home/aditya/Cpps/Dexter/install/dexter_description/share/dexter_description/launch/gazebo.launch.py\n'}
[0.240091] (dexter_description) StdoutLine: {'line': b'-- Up-to-date symlink: /home/aditya/Cpps/Dexter/install/dexter_description/share/dexter_description/meshes/base_plate.STL\n'}
[0.240531] (dexter_description) StdoutLine: {'line': b'-- Up-to-date symlink: /home/aditya/Cpps/Dexter/install/dexter_description/share/dexter_description/meshes/basement.STL\n'}
[0.241005] (dexter_description) StdoutLine: {'line': b'-- Up-to-date symlink: /home/aditya/Cpps/Dexter/install/dexter_description/share/dexter_description/meshes/claw_support.STL\n'}
[0.241271] (dexter_description) StdoutLine: {'line': b'-- Up-to-date symlink: /home/aditya/Cpps/Dexter/install/dexter_description/share/dexter_description/meshes/forward_drive_arm.STL\n'}
[0.241478] (dexter_description) StdoutLine: {'line': b'-- Up-to-date symlink: /home/aditya/Cpps/Dexter/install/dexter_description/share/dexter_description/meshes/horizontal_arm.STL\n'}
[0.241689] (dexter_description) StdoutLine: {'line': b'-- Up-to-date symlink: /home/aditya/Cpps/Dexter/install/dexter_description/share/dexter_description/meshes/left_finger.STL\n'}
[0.241896] (dexter_description) StdoutLine: {'line': b'-- Up-to-date symlink: /home/aditya/Cpps/Dexter/install/dexter_description/share/dexter_description/meshes/link.STL\n'}
[0.242437] (dexter_description) StdoutLine: {'line': b'-- Up-to-date symlink: /home/aditya/Cpps/Dexter/install/dexter_description/share/dexter_description/meshes/plate.STL\n'}
[0.242678] (dexter_description) StdoutLine: {'line': b'-- Up-to-date symlink: /home/aditya/Cpps/Dexter/install/dexter_description/share/dexter_description/meshes/right_finger.STL\n'}
[0.242887] (dexter_description) StdoutLine: {'line': b'-- Up-to-date symlink: /home/aditya/Cpps/Dexter/install/dexter_description/share/dexter_description/meshes/round_plate.STL\n'}
[0.243084] (dexter_description) StdoutLine: {'line': b'-- Up-to-date symlink: /home/aditya/Cpps/Dexter/install/dexter_description/share/dexter_description/meshes/servo_plate.STL\n'}
[0.243269] (dexter_description) StdoutLine: {'line': b'-- Up-to-date symlink: /home/aditya/Cpps/Dexter/install/dexter_description/share/dexter_description/meshes/triangular_link.STL\n'}
[0.243456] (dexter_description) StdoutLine: {'line': b'-- Up-to-date symlink: /home/aditya/Cpps/Dexter/install/dexter_description/share/dexter_description/meshes/vertical_drive_arm.STL\n'}
[0.243900] (dexter_description) StdoutLine: {'line': b'-- Up-to-date symlink: /home/aditya/Cpps/Dexter/install/dexter_description/share/dexter_description/urdf/dexter.urdf.xacro\n'}
[0.244156] (dexter_description) StdoutLine: {'line': b'-- Up-to-date symlink: /home/aditya/Cpps/Dexter/install/dexter_description/share/dexter_description/urdf/dexter_gazebo.xacro\n'}
[0.244507] (dexter_description) StdoutLine: {'line': b'-- Up-to-date symlink: /home/aditya/Cpps/Dexter/install/dexter_description/share/dexter_description/urdf/dexter_ros2_control.xacro\n'}
[0.245223] (dexter_description) StdoutLine: {'line': b'-- Up-to-date symlink: /home/aditya/Cpps/Dexter/install/dexter_description/share/dexter_description/rviz/display.rviz\n'}
[0.245976] (dexter_description) StdoutLine: {'line': b'-- Up-to-date symlink: /home/aditya/Cpps/Dexter/install/dexter_description/share/dexter_description/worlds/inventory.sdf\n'}
[0.246639] (dexter_description) StdoutLine: {'line': b'-- Up-to-date symlink: /home/aditya/Cpps/Dexter/install/dexter_description/share/ament_index/resource_index/package_run_dependencies/dexter_description\n'}
[0.247482] (dexter_description) StdoutLine: {'line': b'-- Up-to-date symlink: /home/aditya/Cpps/Dexter/install/dexter_description/share/ament_index/resource_index/parent_prefix_path/dexter_description\n'}
[0.248179] (dexter_description) StdoutLine: {'line': b'-- Up-to-date symlink: /home/aditya/Cpps/Dexter/install/dexter_description/share/dexter_description/environment/ament_prefix_path.sh\n'}
[0.248563] (dexter_description) StdoutLine: {'line': b'-- Up-to-date symlink: /home/aditya/Cpps/Dexter/install/dexter_description/share/dexter_description/environment/ament_prefix_path.dsv\n'}
[0.248992] (dexter_description) StdoutLine: {'line': b'-- Up-to-date symlink: /home/aditya/Cpps/Dexter/install/dexter_description/share/dexter_description/environment/path.sh\n'}
[0.249531] (dexter_description) StdoutLine: {'line': b'-- Up-to-date symlink: /home/aditya/Cpps/Dexter/install/dexter_description/share/dexter_description/environment/path.dsv\n'}
[0.250142] (dexter_description) StdoutLine: {'line': b'-- Up-to-date symlink: /home/aditya/Cpps/Dexter/install/dexter_description/share/dexter_description/local_setup.bash\n'}
[0.250640] (dexter_description) StdoutLine: {'line': b'-- Up-to-date symlink: /home/aditya/Cpps/Dexter/install/dexter_description/share/dexter_description/local_setup.sh\n'}
[0.251122] (dexter_description) StdoutLine: {'line': b'-- Up-to-date symlink: /home/aditya/Cpps/Dexter/install/dexter_description/share/dexter_description/local_setup.zsh\n'}
[0.251787] (dexter_description) StdoutLine: {'line': b'-- Up-to-date symlink: /home/aditya/Cpps/Dexter/install/dexter_description/share/dexter_description/local_setup.dsv\n'}
[0.252298] (dexter_description) StdoutLine: {'line': b'-- Symlinking: /home/aditya/Cpps/Dexter/install/dexter_description/share/dexter_description/package.dsv\n'}
[0.278594] (dexter_description) StdoutLine: {'line': b'-- Up-to-date symlink: /home/aditya/Cpps/Dexter/install/dexter_description/share/ament_index/resource_index/packages/dexter_description\n'}
[0.279933] (dexter_description) StdoutLine: {'line': b'-- Up-to-date symlink: /home/aditya/Cpps/Dexter/install/dexter_description/share/dexter_description/cmake/dexter_descriptionConfig.cmake\n'}
[0.280229] (dexter_description) StdoutLine: {'line': b'-- Up-to-date symlink: /home/aditya/Cpps/Dexter/install/dexter_description/share/dexter_description/cmake/dexter_descriptionConfig-version.cmake\n'}
[0.280389] (dexter_description) StdoutLine: {'line': b'-- Up-to-date symlink: /home/aditya/Cpps/Dexter/install/dexter_description/share/dexter_description/package.xml\n'}
[0.284081] (dexter_description) CommandEnded: {'returncode': 0}
[0.299491] (-) TimerEvent: {}
[0.339039] (dexter_description) JobEnded: {'identifier': 'dexter_description', 'rc': 0}
[0.341090] (dexter_inventory) JobStarted: {'identifier': 'dexter_inventory'}
[0.399683] (-) TimerEvent: {}
[0.500017] (-) TimerEvent: {}
[0.600323] (-) TimerEvent: {}
[0.700658] (-) TimerEvent: {}
[0.801091] (-) TimerEvent: {}
[0.901434] (-) TimerEvent: {}
[1.001740] (-) TimerEvent: {}
[1.102193] (-) TimerEvent: {}
[1.202503] (-) TimerEvent: {}
[1.302832] (-) TimerEvent: {}
[1.403192] (-) TimerEvent: {}
[1.503528] (-) TimerEvent: {}
[1.603847] (-) TimerEvent: {}
[1.704198] (-) TimerEvent: {}
[1.804489] (-) TimerEvent: {}
[1.904825] (-) TimerEvent: {}
[2.005229] (-) TimerEvent: {}
[2.105537] (-) TimerEvent: {}
[2.205886] (-) TimerEvent: {}
[2.306273] (-) TimerEvent: {}
[2.406646] (-) TimerEvent: {}
[2.507035] (-) TimerEvent: {}
[2.607377] (-) TimerEvent: {}
[2.707716] (-) TimerEvent: {}
[2.808081] (-) TimerEvent: {}
[2.908422] (-) TimerEvent: {}
[3.008710] (-) TimerEvent: {}
[3.109088] (-) TimerEvent: {}
[3.209477] (-) TimerEvent: {}
[3.285513] (dexter_inventory) Command: {'cmd': ['/usr/bin/python3', '-W', 'ignore:setup.py install is deprecated', '-W', 'ignore:easy_install command is deprecated', 'setup.py', 'egg_info', '--egg-base', '../build/dexter_inventory', 'build', '--build-base', '/home/aditya/Cpps/Dexter/build/dexter_inventory/build', 'install', '--record', '/home/aditya/Cpps/Dexter/build/dexter_inventory/install.log', '--single-version-externally-managed', 'install_data'], 'cwd': '/home/aditya/Cpps/Dexter/dexter_inventory', 'env': {'GJS_DEBUG_TOPICS': 'JS ERROR;JS LOG', 'LESSOPEN': '| /usr/bin/lesspipe %s', 'GZ_SIM_RESOURCE_PATH': '/opt/ros/jazzy/share', 'no_proxy': '127.0.0.1,localhost,::1', 'LANGUAGE': 'en_IN:en', 'OPENCODE_SERVER_USERNAME': 'opencode', 'USER': 'aditya', 'GZ_CONFIG_PATH': '/opt/ros/jazzy/opt/gz_sim_vendor/share/gz:/opt/ros/jazzy/opt/sdformat_vendor/share/gz:/opt/ros/jazzy/opt/gz_gui_vendor/share/gz:/opt/ros/jazzy/opt/gz_transport_vendor/share/gz:/opt/ros/jazzy/opt/gz_rendering_vendor/share/gz:/opt/ros/jazzy/opt/gz_plugin_vendor/share/gz:/opt/ros/jazzy/opt/gz_fuel_tools_vendor/share/gz:/opt/ros/jazzy/opt/gz_msgs_vendor/share/gz:/opt/ros/jazzy/opt/gz_common_vendor/share/gz', 'AGENT': '1', 'XDG_SESSION_TYPE': 'x11', 'CLUTTER_DISABLE_MIPMAPPED_TEXT': '1', 'SHLVL': '1', 'LD_LIBRARY_PATH': '/home/aditya/Cpps/Dexter/install/dexter_msgs/lib:/home/aditya/ros2_ws/install/my_robot_interfaces/lib:/opt/ros/jazzy/opt/gz_sim_vendor/lib:/opt/ros/jazzy/opt/gz_sensors_vendor/lib:/opt/ros/jazzy/opt/gz_physics_vendor/lib:/opt/ros/jazzy/opt/sdformat_vendor/lib:/opt/ros/jazzy/opt/rviz_ogre_vendor/lib:/opt/ros/jazzy/lib/x86_64-linux-gnu:/opt/ros/jazzy/opt/gz_gui_vendor/lib:/opt/ros/jazzy/opt/gz_transport_vendor/lib:/opt/ros/jazzy/opt/gz_rendering_vendor/lib:/opt/ros/jazzy/opt/gz_plugin_vendor/lib:/opt/ros/jazzy/opt/gz_fuel_tools_vendor/lib:/opt/ros/jazzy/opt/gz_msgs_vendor/lib:/opt/ros/jazzy/opt/gz_common_vendor/lib:/opt/ros/jazzy/opt/gz_math_vendor/lib:/opt/ros/jazzy/opt/gz_utils_vendor/lib:/opt/ros/jazzy/opt/gz_tools_vendor/lib:/opt/ros/jazzy/opt/gz_ogre_next_vendor/lib:/opt/ros/jazzy/opt/gz_dartsim_vendor/lib:/opt/ros/jazzy/opt/gz_cmake_vendor/lib:/opt/ros/jazzy/lib', 'HOME': '/home/aditya', 'OLDPWD': '/home/aditya/Cpps', 'DESKTOP_SESSION': 'ubuntu', 'NO_PROXY': '127.0.0.1,localhost,::1', 'GIO_LAUNCHED_DESKTOP_FILE': '/usr/share/applications/OpenCode.desktop', 'ROS_PYTHON_VERSION': '3', 'GNOME_SHELL_SESSION_MODE': 'ubuntu', 'GTK_MODULES': 'gail:atk-bridge', 'MANAGERPID': '3023', 'SYSTEMD_EXEC_PID': '3503', 'GSM_SKIP_SSH_AGENT_WORKAROUND': 'true', 'XDG_STATE_HOME': '/home/aditya/.local/share/ai.opencode.desktop/', 'DBUS_SESSION_BUS_ADDRESS': 'unix:path=/run/user/1000/bus', 'GIO_LAUNCHED_DESKTOP_FILE_PID': '6088', 'DEBUGINFOD_URLS': 'https://debuginfod.ubuntu.com', 'COLCON_PREFIX_PATH': '/home/aditya/ros2_ws/install', 'ROS_DISTRO': 'jazzy', 'LOGNAME': 'aditya', 'OPENCODE_CLIENT': 'desktop', 'JOURNAL_STREAM': '8:49155', '_': '/usr/bin/colcon', 'ROS_VERSION': '2', 'MEMORY_PRESSURE_WATCH': '/sys/fs/cgroup/user.slice/user-1000.slice/user@1000.service/session.slice/org.gnome.Shell@x11.service/memory.pressure', 'XDG_SESSION_CLASS': 'user', 'USERNAME': 'aditya', 'GNOME_DESKTOP_SESSION_ID': 'this-is-deprecated', 'WINDOWPATH': '2', 'OPENCODE': '1', 'PATH': '/usr/lib/ccache:/home/aditya/ardupilot/Tools/autotest:/opt/gcc-arm-none-eabi-10-2020-q4-major/bin:/home/aditya/venv-ardupilot/bin:/home/aditya/.local/bin:/usr/lib/ccache:/home/aditya/ardupilot/Tools/autotest:/opt/gcc-arm-none-eabi-10-2020-q4-major/bin:/home/aditya/venv-ardupilot/bin:/home/aditya/.local/bin:/opt/ros/jazzy/opt/gz_msgs_vendor/bin:/opt/ros/jazzy/opt/gz_tools_vendor/bin:/opt/ros/jazzy/opt/gz_ogre_next_vendor/bin:/opt/ros/jazzy/bin:/usr/lib/ccache:/home/aditya/ardupilot/Tools/autotest:/opt/gcc-arm-none-eabi-10-2020-q4-major/bin:/home/aditya/venv-ardupilot/bin:/home/aditya/.local/bin:/usr/local/sbin:/usr/local/bin:/usr/sbin:/usr/bin:/sbin:/bin:/usr/games:/usr/local/games:/snap/bin:/snap/bin', 'SESSION_MANAGER': 'local/LoopingOutlaw:@/tmp/.ICE-unix/3459,unix/LoopingOutlaw:/tmp/.ICE-unix/3459', 'INVOCATION_ID': '56ba7f98d7004807b9a79383d4b08d7e', 'OPENCODE_SERVER_PASSWORD': 'ef465f45-f08f-4f05-80d7-46eb01184edb', 'GTK3_MODULES': 'xapp-gtk3-module', 'XDG_MENU_PREFIX': 'gnome-', 'XDG_RUNTIME_DIR': '/run/user/1000', 'OPENCODE_EXPERIMENTAL_FILEWATCHER': 'true', 'DISPLAY': ':1', 'OPENCODE_PID': '6253', 'LANG': 'en_US.UTF-8', 'XDG_CURRENT_DESKTOP': 'ubuntu:GNOME', 'OPENCODE_EXPERIMENTAL_ICON_DISCOVERY': 'true', 'VIRTUAL_ENV_PROMPT': '(venv-ardupilot)', 'XMODIFIERS': '@im=ibus', 'XDG_SESSION_DESKTOP': 'ubuntu', 'XAUTHORITY': '/run/user/1000/gdm/Xauthority', 'LS_COLORS': '', 'SSH_AUTH_SOCK': '/run/user/1000/keyring/ssh', 'AMENT_PREFIX_PATH': '/home/aditya/Cpps/Dexter/install/dexter_moveit:/home/aditya/Cpps/Dexter/install/dexter_msgs:/home/aditya/Cpps/Dexter/install/dexter_description:/home/aditya/ros2_ws/install/my_robot_bringup:/home/aditya/ros2_ws/install/my_py_pkg:/home/aditya/ros2_ws/install/my_cpp_pkg:/home/aditya/ros2_ws/install/my_robot_interfaces:/opt/ros/jazzy', 'SHELL': '/bin/bash', 'QT_ACCESSIBILITY': '1', 'GDMSESSION': 'ubuntu', 'LESSCLOSE': '/usr/bin/lesspipe %s %s', 'GPG_AGENT_INFO': '/run/user/1000/gnupg/S.gpg-agent:0:1', 'GJS_DEBUG_OUTPUT': 'stderr', 'VIRTUAL_ENV': '/home/aditya/venv-ardupilot', 'ROS_AUTOMATIC_DISCOVERY_RANGE': 'SUBNET', 'QT_IM_MODULE': 'ibus', 'PWD': '/home/aditya/Cpps/Dexter/build/dexter_inventory', 'LC_ALL': 'en_US.UTF-8', 'XDG_CONFIG_DIRS': '/etc/xdg/xdg-ubuntu:/etc/xdg', 'XDG_DATA_DIRS': '/usr/share/ubuntu:/usr/share/gnome:/usr/local/share/:/usr/share/:/var/lib/snapd/desktop', 'QTWEBENGINE_DICTIONARIES_PATH': '/usr/share/hunspell-bdic/', 'PYTHONPATH': '/home/aditya/Cpps/Dexter/build/dexter_inventory/prefix_override:/usr/lib/python3/dist-packages/colcon_core/task/python/colcon_distutils_commands:/home/aditya/Cpps/Dexter/install/dexter_inventory/lib/python3.12/site-packages:/home/aditya/Cpps/Dexter/install/dexter_msgs/lib/python3.12/site-packages:/home/aditya/ros2_ws/install/my_py_pkg/lib/python3.12/site-packages:/home/aditya/ros2_ws/install/my_robot_interfaces/lib/python3.12/site-packages:/opt/ros/jazzy/lib/python3.12/site-packages', 'COLCON': '1', 'MEMORY_PRESSURE_WRITE': 'c29tZSAyMDAwMDAgMjAwMDAwMAA=', 'CMAKE_PREFIX_PATH': '/home/aditya/Cpps/Dexter/install/dexter_moveit:/home/aditya/Cpps/Dexter/install/dexter_msgs:/home/aditya/Cpps/Dexter/install/dexter_description:/home/aditya/ros2_ws/install/my_robot_bringup:/home/aditya/ros2_ws/install/my_cpp_pkg:/home/aditya/ros2_ws/install/my_robot_interfaces:/opt/ros/jazzy/opt/gz_sim_vendor:/opt/ros/jazzy/opt/gz_sensors_vendor:/opt/ros/jazzy/opt/gz_physics_vendor:/opt/ros/jazzy/opt/sdformat_vendor:/opt/ros/jazzy/opt/gz_gui_vendor:/opt/ros/jazzy/opt/gz_transport_vendor:/opt/ros/jazzy/opt/gz_rendering_vendor:/opt/ros/jazzy/opt/gz_plugin_vendor:/opt/ros/jazzy/opt/gz_fuel_tools_vendor:/opt/ros/jazzy/opt/gz_msgs_vendor:/opt/ros/jazzy/opt/gz_common_vendor:/opt/ros/jazzy/opt/gz_math_vendor:/opt/ros/jazzy/opt/gz_utils_vendor:/opt/ros/jazzy/opt/gz_tools_vendor:/opt/ros/jazzy/opt/gz_ogre_next_vendor:/opt/ros/jazzy/opt/gz_dartsim_vendor:/opt/ros/jazzy/opt/gz_cmake_vendor'}, 'shell': False}
[3.309705] (-) TimerEvent: {}
[3.410141] (-) TimerEvent: {}
[3.510538] (-) TimerEvent: {}
[3.610968] (-) TimerEvent: {}
[3.711316] (-) TimerEvent: {}
[3.811652] (-) TimerEvent: {}
[3.912008] (-) TimerEvent: {}
[4.012355] (-) TimerEvent: {}
[4.110577] (dexter_inventory) StdoutLine: {'line': b'running egg_info\n'}
[4.112440] (-) TimerEvent: {}
[4.166922] (dexter_inventory) StdoutLine: {'line': b'writing ../build/dexter_inventory/dexter_inventory.egg-info/PKG-INFO\n'}
[4.167729] (dexter_inventory) StdoutLine: {'line': b'writing dependency_links to ../build/dexter_inventory/dexter_inventory.egg-info/dependency_links.txt\n'}
[4.168641] (dexter_inventory) StdoutLine: {'line': b'writing entry points to ../build/dexter_inventory/dexter_inventory.egg-info/entry_points.txt\n'}
[4.169097] (dexter_inventory) StdoutLine: {'line': b'writing requirements to ../build/dexter_inventory/dexter_inventory.egg-info/requires.txt\n'}
[4.169398] (dexter_inventory) StdoutLine: {'line': b'writing top-level names to ../build/dexter_inventory/dexter_inventory.egg-info/top_level.txt\n'}
[4.212600] (-) TimerEvent: {}
[4.281490] (dexter_inventory) StdoutLine: {'line': b"reading manifest file '../build/dexter_inventory/dexter_inventory.egg-info/SOURCES.txt'\n"}
[4.283907] (dexter_inventory) StdoutLine: {'line': b"writing manifest file '../build/dexter_inventory/dexter_inventory.egg-info/SOURCES.txt'\n"}
[4.284553] (dexter_inventory) StdoutLine: {'line': b'running build\n'}
[4.284846] (dexter_inventory) StdoutLine: {'line': b'running build_py\n'}
[4.285567] (dexter_inventory) StdoutLine: {'line': b'copying dexter_inventory/dispatch_engine.py -> /home/aditya/Cpps/Dexter/build/dexter_inventory/build/lib/dexter_inventory\n'}
[4.286134] (dexter_inventory) StdoutLine: {'line': b'running install\n'}
[4.304762] (dexter_inventory) StdoutLine: {'line': b'running install_lib\n'}
[4.312788] (-) TimerEvent: {}
[4.363452] (dexter_inventory) StdoutLine: {'line': b'copying /home/aditya/Cpps/Dexter/build/dexter_inventory/build/lib/dexter_inventory/dispatch_engine.py -> /home/aditya/Cpps/Dexter/install/dexter_inventory/lib/python3.12/site-packages/dexter_inventory\n'}
[4.365143] (dexter_inventory) StdoutLine: {'line': b'byte-compiling /home/aditya/Cpps/Dexter/install/dexter_inventory/lib/python3.12/site-packages/dexter_inventory/dispatch_engine.py to dispatch_engine.cpython-312.pyc\n'}
[4.369214] (dexter_inventory) StdoutLine: {'line': b'running install_data\n'}
[4.369881] (dexter_inventory) StdoutLine: {'line': b'running install_egg_info\n'}
[4.412931] (-) TimerEvent: {}
[4.433378] (dexter_inventory) StdoutLine: {'line': b"removing '/home/aditya/Cpps/Dexter/install/dexter_inventory/lib/python3.12/site-packages/dexter_inventory-0.1.0-py3.12.egg-info' (and everything under it)\n"}
[4.434213] (dexter_inventory) StdoutLine: {'line': b'Copying ../build/dexter_inventory/dexter_inventory.egg-info to /home/aditya/Cpps/Dexter/install/dexter_inventory/lib/python3.12/site-packages/dexter_inventory-0.1.0-py3.12.egg-info\n'}
[4.436906] (dexter_inventory) StdoutLine: {'line': b'running install_scripts\n'}
[4.513189] (-) TimerEvent: {}
[4.613499] (-) TimerEvent: {}
[4.713845] (-) TimerEvent: {}
[4.814255] (-) TimerEvent: {}
[4.825911] (dexter_inventory) StdoutLine: {'line': b'Installing inventory_node script to /home/aditya/Cpps/Dexter/install/dexter_inventory/lib/dexter_inventory\n'}
[4.826875] (dexter_inventory) StdoutLine: {'line': b'Installing seed_data script to /home/aditya/Cpps/Dexter/install/dexter_inventory/lib/dexter_inventory\n'}
[4.827205] (dexter_inventory) StdoutLine: {'line': b'Installing standalone_dashboard script to /home/aditya/Cpps/Dexter/install/dexter_inventory/lib/dexter_inventory\n'}
[4.827721] (dexter_inventory) StdoutLine: {'line': b"writing list of installed files to '/home/aditya/Cpps/Dexter/build/dexter_inventory/install.log'\n"}
[4.903998] (dexter_inventory) CommandEnded: {'returncode': 0}
[4.915506] (-) TimerEvent: {}
[4.921520] (dexter_inventory) JobEnded: {'identifier': 'dexter_inventory', 'rc': 0}
[4.922817] (dexter_remote) JobStarted: {'identifier': 'dexter_remote'}
[4.956822] (dexter_remote) JobProgress: {'identifier': 'dexter_remote', 'progress': 'cmake'}
[4.958966] (dexter_remote) JobProgress: {'identifier': 'dexter_remote', 'progress': 'build'}
[4.959118] (dexter_remote) Command: {'cmd': ['/usr/bin/cmake', '--build', '/home/aditya/Cpps/Dexter/build/dexter_remote', '--', '-j28', '-l28'], 'cwd': '/home/aditya/Cpps/Dexter/build/dexter_remote', 'env': OrderedDict({'GJS_DEBUG_TOPICS': 'JS ERROR;JS LOG', 'LESSOPEN': '| /usr/bin/lesspipe %s', 'GZ_SIM_RESOURCE_PATH': '/opt/ros/jazzy/share', 'no_proxy': '127.0.0.1,localhost,::1', 'LANGUAGE': 'en_IN:en', 'OPENCODE_SERVER_USERNAME': 'opencode', 'USER': 'aditya', 'GZ_CONFIG_PATH': '/opt/ros/jazzy/opt/gz_sim_vendor/share/gz:/opt/ros/jazzy/opt/sdformat_vendor/share/gz:/opt/ros/jazzy/opt/gz_gui_vendor/share/gz:/opt/ros/jazzy/opt/gz_transport_vendor/share/gz:/opt/ros/jazzy/opt/gz_rendering_vendor/share/gz:/opt/ros/jazzy/opt/gz_plugin_vendor/share/gz:/opt/ros/jazzy/opt/gz_fuel_tools_vendor/share/gz:/opt/ros/jazzy/opt/gz_msgs_vendor/share/gz:/opt/ros/jazzy/opt/gz_common_vendor/share/gz', 'AGENT': '1', 'XDG_SESSION_TYPE': 'x11', 'CLUTTER_DISABLE_MIPMAPPED_TEXT': '1', 'SHLVL': '1', 'LD_LIBRARY_PATH': '/home/aditya/Cpps/Dexter/install/dexter_msgs/lib:/home/aditya/ros2_ws/install/my_robot_interfaces/lib:/opt/ros/jazzy/opt/gz_sim_vendor/lib:/opt/ros/jazzy/opt/gz_sensors_vendor/lib:/opt/ros/jazzy/opt/gz_physics_vendor/lib:/opt/ros/jazzy/opt/sdformat_vendor/lib:/opt/ros/jazzy/opt/rviz_ogre_vendor/lib:/opt/ros/jazzy/lib/x86_64-linux-gnu:/opt/ros/jazzy/opt/gz_gui_vendor/lib:/opt/ros/jazzy/opt/gz_transport_vendor/lib:/opt/ros/jazzy/opt/gz_rendering_vendor/lib:/opt/ros/jazzy/opt/gz_plugin_vendor/lib:/opt/ros/jazzy/opt/gz_fuel_tools_vendor/lib:/opt/ros/jazzy/opt/gz_msgs_vendor/lib:/opt/ros/jazzy/opt/gz_common_vendor/lib:/opt/ros/jazzy/opt/gz_math_vendor/lib:/opt/ros/jazzy/opt/gz_utils_vendor/lib:/opt/ros/jazzy/opt/gz_tools_vendor/lib:/opt/ros/jazzy/opt/gz_ogre_next_vendor/lib:/opt/ros/jazzy/opt/gz_dartsim_vendor/lib:/opt/ros/jazzy/opt/gz_cmake_vendor/lib:/opt/ros/jazzy/lib', 'HOME': '/home/aditya', 'OLDPWD': '/home/aditya/Cpps', 'DESKTOP_SESSION': 'ubuntu', 'NO_PROXY': '127.0.0.1,localhost,::1', 'GIO_LAUNCHED_DESKTOP_FILE': '/usr/share/applications/OpenCode.desktop', 'ROS_PYTHON_VERSION': '3', 'GNOME_SHELL_SESSION_MODE': 'ubuntu', 'GTK_MODULES': 'gail:atk-bridge', 'MANAGERPID': '3023', 'SYSTEMD_EXEC_PID': '3503', 'GSM_SKIP_SSH_AGENT_WORKAROUND': 'true', 'XDG_STATE_HOME': '/home/aditya/.local/share/ai.opencode.desktop/', 'DBUS_SESSION_BUS_ADDRESS': 'unix:path=/run/user/1000/bus', 'GIO_LAUNCHED_DESKTOP_FILE_PID': '6088', 'DEBUGINFOD_URLS': 'https://debuginfod.ubuntu.com', 'COLCON_PREFIX_PATH': '/home/aditya/ros2_ws/install', 'ROS_DISTRO': 'jazzy', 'LOGNAME': 'aditya', 'OPENCODE_CLIENT': 'desktop', 'JOURNAL_STREAM': '8:49155', '_': '/usr/bin/colcon', 'ROS_VERSION': '2', 'MEMORY_PRESSURE_WATCH': '/sys/fs/cgroup/user.slice/user-1000.slice/user@1000.service/session.slice/org.gnome.Shell@x11.service/memory.pressure', 'XDG_SESSION_CLASS': 'user', 'USERNAME': 'aditya', 'GNOME_DESKTOP_SESSION_ID': 'this-is-deprecated', 'WINDOWPATH': '2', 'OPENCODE': '1', 'PATH': '/usr/lib/ccache:/home/aditya/ardupilot/Tools/autotest:/opt/gcc-arm-none-eabi-10-2020-q4-major/bin:/home/aditya/venv-ardupilot/bin:/home/aditya/.local/bin:/usr/lib/ccache:/home/aditya/ardupilot/Tools/autotest:/opt/gcc-arm-none-eabi-10-2020-q4-major/bin:/home/aditya/venv-ardupilot/bin:/home/aditya/.local/bin:/opt/ros/jazzy/opt/gz_msgs_vendor/bin:/opt/ros/jazzy/opt/gz_tools_vendor/bin:/opt/ros/jazzy/opt/gz_ogre_next_vendor/bin:/opt/ros/jazzy/bin:/usr/lib/ccache:/home/aditya/ardupilot/Tools/autotest:/opt/gcc-arm-none-eabi-10-2020-q4-major/bin:/home/aditya/venv-ardupilot/bin:/home/aditya/.local/bin:/usr/local/sbin:/usr/local/bin:/usr/sbin:/usr/bin:/sbin:/bin:/usr/games:/usr/local/games:/snap/bin:/snap/bin', 'SESSION_MANAGER': 'local/LoopingOutlaw:@/tmp/.ICE-unix/3459,unix/LoopingOutlaw:/tmp/.ICE-unix/3459', 'INVOCATION_ID': '56ba7f98d7004807b9a79383d4b08d7e', 'OPENCODE_SERVER_PASSWORD': 'ef465f45-f08f-4f05-80d7-46eb01184edb', 'GTK3_MODULES': 'xapp-gtk3-module', 'XDG_MENU_PREFIX': 'gnome-', 'XDG_RUNTIME_DIR': '/run/user/1000', 'OPENCODE_EXPERIMENTAL_FILEWATCHER': 'true', 'DISPLAY': ':1', 'OPENCODE_PID': '6253', 'LANG': 'en_US.UTF-8', 'XDG_CURRENT_DESKTOP': 'ubuntu:GNOME', 'OPENCODE_EXPERIMENTAL_ICON_DISCOVERY': 'true', 'VIRTUAL_ENV_PROMPT': '(venv-ardupilot)', 'XMODIFIERS': '@im=ibus', 'XDG_SESSION_DESKTOP': 'ubuntu', 'XAUTHORITY': '/run/user/1000/gdm/Xauthority', 'LS_COLORS': '', 'SSH_AUTH_SOCK': '/run/user/1000/keyring/ssh', 'AMENT_PREFIX_PATH': '/home/aditya/Cpps/Dexter/install/dexter_inventory:/home/aditya/Cpps/Dexter/install/dexter_moveit:/home/aditya/Cpps/Dexter/install/dexter_msgs:/home/aditya/Cpps/Dexter/install/dexter_description:/home/aditya/ros2_ws/install/my_robot_bringup:/home/aditya/ros2_ws/install/my_py_pkg:/home/aditya/ros2_ws/install/my_cpp_pkg:/home/aditya/ros2_ws/install/my_robot_interfaces:/opt/ros/jazzy', 'SHELL': '/bin/bash', 'QT_ACCESSIBILITY': '1', 'GDMSESSION': 'ubuntu', 'LESSCLOSE': '/usr/bin/lesspipe %s %s', 'GPG_AGENT_INFO': '/run/user/1000/gnupg/S.gpg-agent:0:1', 'GJS_DEBUG_OUTPUT': 'stderr', 'VIRTUAL_ENV': '/home/aditya/venv-ardupilot', 'ROS_AUTOMATIC_DISCOVERY_RANGE': 'SUBNET', 'QT_IM_MODULE': 'ibus', 'PWD': '/home/aditya/Cpps/Dexter/build/dexter_remote', 'LC_ALL': 'en_US.UTF-8', 'XDG_CONFIG_DIRS': '/etc/xdg/xdg-ubuntu:/etc/xdg', 'XDG_DATA_DIRS': '/usr/share/ubuntu:/usr/share/gnome:/usr/local/share/:/usr/share/:/var/lib/snapd/desktop', 'QTWEBENGINE_DICTIONARIES_PATH': '/usr/share/hunspell-bdic/', 'PYTHONPATH': '/home/aditya/Cpps/Dexter/install/dexter_inventory/lib/python3.12/site-packages:/home/aditya/Cpps/Dexter/install/dexter_msgs/lib/python3.12/site-packages:/home/aditya/ros2_ws/install/my_py_pkg/lib/python3.12/site-packages:/home/aditya/ros2_ws/install/my_robot_interfaces/lib/python3.12/site-packages:/opt/ros/jazzy/lib/python3.12/site-packages', 'COLCON': '1', 'MEMORY_PRESSURE_WRITE': 'c29tZSAyMDAwMDAgMjAwMDAwMAA=', 'CMAKE_PREFIX_PATH': '/home/aditya/Cpps/Dexter/install/dexter_moveit:/home/aditya/Cpps/Dexter/install/dexter_msgs:/home/aditya/Cpps/Dexter/install/dexter_description:/home/aditya/ros2_ws/install/my_robot_bringup:/home/aditya/ros2_ws/install/my_cpp_pkg:/home/aditya/ros2_ws/install/my_robot_interfaces:/opt/ros/jazzy/opt/gz_sim_vendor:/opt/ros/jazzy/opt/gz_sensors_vendor:/opt/ros/jazzy/opt/gz_physics_vendor:/opt/ros/jazzy/opt/sdformat_vendor:/opt/ros/jazzy/opt/gz_gui_vendor:/opt/ros/jazzy/opt/gz_transport_vendor:/opt/ros/jazzy/opt/gz_rendering_vendor:/opt/ros/jazzy/opt/gz_plugin_vendor:/opt/ros/jazzy/opt/gz_fuel_tools_vendor:/opt/ros/jazzy/opt/gz_msgs_vendor:/opt/ros/jazzy/opt/gz_common_vendor:/opt/ros/jazzy/opt/gz_math_vendor:/opt/ros/jazzy/opt/gz_utils_vendor:/opt/ros/jazzy/opt/gz_tools_vendor:/opt/ros/jazzy/opt/gz_ogre_next_vendor:/opt/ros/jazzy/opt/gz_dartsim_vendor:/opt/ros/jazzy/opt/gz_cmake_vendor:/home/aditya/ros2_ws/install/my_py_pkg:/opt/ros/jazzy'}), 'shell': False}
[5.015777] (-) TimerEvent: {}
[5.116320] (-) TimerEvent: {}
[5.208000] (dexter_remote) StdoutLine: {'line': b'[  0%] Built target ament_cmake_python_symlink_dexter_remote\n'}
[5.216437] (-) TimerEvent: {}
[5.221814] (dexter_remote) StdoutLine: {'line': b'[ 50%] Built target task_server_node\n'}
[5.260390] (dexter_remote) StdoutLine: {'line': b'[100%] Built target task_server\n'}
[5.316581] (-) TimerEvent: {}
[5.416977] (-) TimerEvent: {}
[5.517361] (-) TimerEvent: {}
[5.617728] (-) TimerEvent: {}
[5.718101] (-) TimerEvent: {}
[5.818557] (-) TimerEvent: {}
[5.918883] (-) TimerEvent: {}
[6.019213] (-) TimerEvent: {}
[6.070454] (dexter_remote) StdoutLine: {'line': b'running egg_info\n'}
[6.119348] (-) TimerEvent: {}
[6.132750] (dexter_remote) StdoutLine: {'line': b'writing dexter_remote.egg-info/PKG-INFO\n'}
[6.134296] (dexter_remote) StdoutLine: {'line': b'writing dependency_links to dexter_remote.egg-info/dependency_links.txt\n'}
[6.134917] (dexter_remote) StdoutLine: {'line': b'writing top-level names to dexter_remote.egg-info/top_level.txt\n'}
[6.219476] (-) TimerEvent: {}
[6.319757] (-) TimerEvent: {}
[6.323310] (dexter_remote) StdoutLine: {'line': b"reading manifest file 'dexter_remote.egg-info/SOURCES.txt'\n"}
[6.326034] (dexter_remote) StdoutLine: {'line': b"writing manifest file 'dexter_remote.egg-info/SOURCES.txt'\n"}
[6.410589] (dexter_remote) StdoutLine: {'line': b'[100%] Built target ament_cmake_python_build_dexter_remote_egg\n'}
[6.419937] (-) TimerEvent: {}
[6.447704] (dexter_remote) CommandEnded: {'returncode': 0}
[6.459421] (dexter_remote) JobProgress: {'identifier': 'dexter_remote', 'progress': 'install'}
[6.460533] (dexter_remote) Command: {'cmd': ['/usr/bin/cmake', '--install', '/home/aditya/Cpps/Dexter/build/dexter_remote'], 'cwd': '/home/aditya/Cpps/Dexter/build/dexter_remote', 'env': OrderedDict({'GJS_DEBUG_TOPICS': 'JS ERROR;JS LOG', 'LESSOPEN': '| /usr/bin/lesspipe %s', 'GZ_SIM_RESOURCE_PATH': '/opt/ros/jazzy/share', 'no_proxy': '127.0.0.1,localhost,::1', 'LANGUAGE': 'en_IN:en', 'OPENCODE_SERVER_USERNAME': 'opencode', 'USER': 'aditya', 'GZ_CONFIG_PATH': '/opt/ros/jazzy/opt/gz_sim_vendor/share/gz:/opt/ros/jazzy/opt/sdformat_vendor/share/gz:/opt/ros/jazzy/opt/gz_gui_vendor/share/gz:/opt/ros/jazzy/opt/gz_transport_vendor/share/gz:/opt/ros/jazzy/opt/gz_rendering_vendor/share/gz:/opt/ros/jazzy/opt/gz_plugin_vendor/share/gz:/opt/ros/jazzy/opt/gz_fuel_tools_vendor/share/gz:/opt/ros/jazzy/opt/gz_msgs_vendor/share/gz:/opt/ros/jazzy/opt/gz_common_vendor/share/gz', 'AGENT': '1', 'XDG_SESSION_TYPE': 'x11', 'CLUTTER_DISABLE_MIPMAPPED_TEXT': '1', 'SHLVL': '1', 'LD_LIBRARY_PATH': '/home/aditya/Cpps/Dexter/install/dexter_msgs/lib:/home/aditya/ros2_ws/install/my_robot_interfaces/lib:/opt/ros/jazzy/opt/gz_sim_vendor/lib:/opt/ros/jazzy/opt/gz_sensors_vendor/lib:/opt/ros/jazzy/opt/gz_physics_vendor/lib:/opt/ros/jazzy/opt/sdformat_vendor/lib:/opt/ros/jazzy/opt/rviz_ogre_vendor/lib:/opt/ros/jazzy/lib/x86_64-linux-gnu:/opt/ros/jazzy/opt/gz_gui_vendor/lib:/opt/ros/jazzy/opt/gz_transport_vendor/lib:/opt/ros/jazzy/opt/gz_rendering_vendor/lib:/opt/ros/jazzy/opt/gz_plugin_vendor/lib:/opt/ros/jazzy/opt/gz_fuel_tools_vendor/lib:/opt/ros/jazzy/opt/gz_msgs_vendor/lib:/opt/ros/jazzy/opt/gz_common_vendor/lib:/opt/ros/jazzy/opt/gz_math_vendor/lib:/opt/ros/jazzy/opt/gz_utils_vendor/lib:/opt/ros/jazzy/opt/gz_tools_vendor/lib:/opt/ros/jazzy/opt/gz_ogre_next_vendor/lib:/opt/ros/jazzy/opt/gz_dartsim_vendor/lib:/opt/ros/jazzy/opt/gz_cmake_vendor/lib:/opt/ros/jazzy/lib', 'HOME': '/home/aditya', 'OLDPWD': '/home/aditya/Cpps', 'DESKTOP_SESSION': 'ubuntu', 'NO_PROXY': '127.0.0.1,localhost,::1', 'GIO_LAUNCHED_DESKTOP_FILE': '/usr/share/applications/OpenCode.desktop', 'ROS_PYTHON_VERSION': '3', 'GNOME_SHELL_SESSION_MODE': 'ubuntu', 'GTK_MODULES': 'gail:atk-bridge', 'MANAGERPID': '3023', 'SYSTEMD_EXEC_PID': '3503', 'GSM_SKIP_SSH_AGENT_WORKAROUND': 'true', 'XDG_STATE_HOME': '/home/aditya/.local/share/ai.opencode.desktop/', 'DBUS_SESSION_BUS_ADDRESS': 'unix:path=/run/user/1000/bus', 'GIO_LAUNCHED_DESKTOP_FILE_PID': '6088', 'DEBUGINFOD_URLS': 'https://debuginfod.ubuntu.com', 'COLCON_PREFIX_PATH': '/home/aditya/ros2_ws/install', 'ROS_DISTRO': 'jazzy', 'LOGNAME': 'aditya', 'OPENCODE_CLIENT': 'desktop', 'JOURNAL_STREAM': '8:49155', '_': '/usr/bin/colcon', 'ROS_VERSION': '2', 'MEMORY_PRESSURE_WATCH': '/sys/fs/cgroup/user.slice/user-1000.slice/user@1000.service/session.slice/org.gnome.Shell@x11.service/memory.pressure', 'XDG_SESSION_CLASS': 'user', 'USERNAME': 'aditya', 'GNOME_DESKTOP_SESSION_ID': 'this-is-deprecated', 'WINDOWPATH': '2', 'OPENCODE': '1', 'PATH': '/usr/lib/ccache:/home/aditya/ardupilot/Tools/autotest:/opt/gcc-arm-none-eabi-10-2020-q4-major/bin:/home/aditya/venv-ardupilot/bin:/home/aditya/.local/bin:/usr/lib/ccache:/home/aditya/ardupilot/Tools/autotest:/opt/gcc-arm-none-eabi-10-2020-q4-major/bin:/home/aditya/venv-ardupilot/bin:/home/aditya/.local/bin:/opt/ros/jazzy/opt/gz_msgs_vendor/bin:/opt/ros/jazzy/opt/gz_tools_vendor/bin:/opt/ros/jazzy/opt/gz_ogre_next_vendor/bin:/opt/ros/jazzy/bin:/usr/lib/ccache:/home/aditya/ardupilot/Tools/autotest:/opt/gcc-arm-none-eabi-10-2020-q4-major/bin:/home/aditya/venv-ardupilot/bin:/home/aditya/.local/bin:/usr/local/sbin:/usr/local/bin:/usr/sbin:/usr/bin:/sbin:/bin:/usr/games:/usr/local/games:/snap/bin:/snap/bin', 'SESSION_MANAGER': 'local/LoopingOutlaw:@/tmp/.ICE-unix/3459,unix/LoopingOutlaw:/tmp/.ICE-unix/3459', 'INVOCATION_ID': '56ba7f98d7004807b9a79383d4b08d7e', 'OPENCODE_SERVER_PASSWORD': 'ef465f45-f08f-4f05-80d7-46eb01184edb', 'GTK3_MODULES': 'xapp-gtk3-module', 'XDG_MENU_PREFIX': 'gnome-', 'XDG_RUNTIME_DIR': '/run/user/1000', 'OPENCODE_EXPERIMENTAL_FILEWATCHER': 'true', 'DISPLAY': ':1', 'OPENCODE_PID': '6253', 'LANG': 'en_US.UTF-8', 'XDG_CURRENT_DESKTOP': 'ubuntu:GNOME', 'OPENCODE_EXPERIMENTAL_ICON_DISCOVERY': 'true', 'VIRTUAL_ENV_PROMPT': '(venv-ardupilot)', 'XMODIFIERS': '@im=ibus', 'XDG_SESSION_DESKTOP': 'ubuntu', 'XAUTHORITY': '/run/user/1000/gdm/Xauthority', 'LS_COLORS': '', 'SSH_AUTH_SOCK': '/run/user/1000/keyring/ssh', 'AMENT_PREFIX_PATH': '/home/aditya/Cpps/Dexter/install/dexter_inventory:/home/aditya/Cpps/Dexter/install/dexter_moveit:/home/aditya/Cpps/Dexter/install/dexter_msgs:/home/aditya/Cpps/Dexter/install/dexter_description:/home/aditya/ros2_ws/install/my_robot_bringup:/home/aditya/ros2_ws/install/my_py_pkg:/home/aditya/ros2_ws/install/my_cpp_pkg:/home/aditya/ros2_ws/install/my_robot_interfaces:/opt/ros/jazzy', 'SHELL': '/bin/bash', 'QT_ACCESSIBILITY': '1', 'GDMSESSION': 'ubuntu', 'LESSCLOSE': '/usr/bin/lesspipe %s %s', 'GPG_AGENT_INFO': '/run/user/1000/gnupg/S.gpg-agent:0:1', 'GJS_DEBUG_OUTPUT': 'stderr', 'VIRTUAL_ENV': '/home/aditya/venv-ardupilot', 'ROS_AUTOMATIC_DISCOVERY_RANGE': 'SUBNET', 'QT_IM_MODULE': 'ibus', 'PWD': '/home/aditya/Cpps/Dexter/build/dexter_remote', 'LC_ALL': 'en_US.UTF-8', 'XDG_CONFIG_DIRS': '/etc/xdg/xdg-ubuntu:/etc/xdg', 'XDG_DATA_DIRS': '/usr/share/ubuntu:/usr/share/gnome:/usr/local/share/:/usr/share/:/var/lib/snapd/desktop', 'QTWEBENGINE_DICTIONARIES_PATH': '/usr/share/hunspell-bdic/', 'PYTHONPATH': '/home/aditya/Cpps/Dexter/install/dexter_inventory/lib/python3.12/site-packages:/home/aditya/Cpps/Dexter/install/dexter_msgs/lib/python3.12/site-packages:/home/aditya/ros2_ws/install/my_py_pkg/lib/python3.12/site-packages:/home/aditya/ros2_ws/install/my_robot_interfaces/lib/python3.12/site-packages:/opt/ros/jazzy/lib/python3.12/site-packages', 'COLCON': '1', 'MEMORY_PRESSURE_WRITE': 'c29tZSAyMDAwMDAgMjAwMDAwMAA=', 'CMAKE_PREFIX_PATH': '/home/aditya/Cpps/Dexter/install/dexter_moveit:/home/aditya/Cpps/Dexter/install/dexter_msgs:/home/aditya/Cpps/Dexter/install/dexter_description:/home/aditya/ros2_ws/install/my_robot_bringup:/home/aditya/ros2_ws/install/my_cpp_pkg:/home/aditya/ros2_ws/install/my_robot_interfaces:/opt/ros/jazzy/opt/gz_sim_vendor:/opt/ros/jazzy/opt/gz_sensors_vendor:/opt/ros/jazzy/opt/gz_physics_vendor:/opt/ros/jazzy/opt/sdformat_vendor:/opt/ros/jazzy/opt/gz_gui_vendor:/opt/ros/jazzy/opt/gz_transport_vendor:/opt/ros/jazzy/opt/gz_rendering_vendor:/opt/ros/jazzy/opt/gz_plugin_vendor:/opt/ros/jazzy/opt/gz_fuel_tools_vendor:/opt/ros/jazzy/opt/gz_msgs_vendor:/opt/ros/jazzy/opt/gz_common_vendor:/opt/ros/jazzy/opt/gz_math_vendor:/opt/ros/jazzy/opt/gz_utils_vendor:/opt/ros/jazzy/opt/gz_tools_vendor:/opt/ros/jazzy/opt/gz_ogre_next_vendor:/opt/ros/jazzy/opt/gz_dartsim_vendor:/opt/ros/jazzy/opt/gz_cmake_vendor:/home/aditya/ros2_ws/install/my_py_pkg:/opt/ros/jazzy'}), 'shell': False}
[6.487966] (dexter_remote) StdoutLine: {'line': b'-- Install configuration: ""\n'}
[6.489602] (dexter_remote) StdoutLine: {'line': b'-- Execute custom install script\n'}
[6.490672] (dexter_remote) StdoutLine: {'line': b'-- Up-to-date symlink: /home/aditya/Cpps/Dexter/install/dexter_remote/lib/dexter_remote/task_server_node\n'}
[6.491476] (dexter_remote) StdoutLine: {'line': b'-- Up-to-date symlink: /home/aditya/Cpps/Dexter/install/dexter_remote/share/dexter_remote/environment/pythonpath.sh\n'}
[6.492104] (dexter_remote) StdoutLine: {'line': b'-- Up-to-date symlink: /home/aditya/Cpps/Dexter/install/dexter_remote/share/dexter_remote/environment/pythonpath.dsv\n'}
[6.493358] (dexter_remote) StdoutLine: {'line': b'-- Up-to-date symlink: /home/aditya/Cpps/Dexter/install/dexter_remote/lib/python3.12/site-packages/dexter_remote-0.1.0-py3.12.egg-info/PKG-INFO\n'}
[6.494268] (dexter_remote) StdoutLine: {'line': b'-- Up-to-date symlink: /home/aditya/Cpps/Dexter/install/dexter_remote/lib/python3.12/site-packages/dexter_remote-0.1.0-py3.12.egg-info/SOURCES.txt\n'}
[6.494656] (dexter_remote) StdoutLine: {'line': b'-- Up-to-date symlink: /home/aditya/Cpps/Dexter/install/dexter_remote/lib/python3.12/site-packages/dexter_remote-0.1.0-py3.12.egg-info/dependency_links.txt\n'}
[6.495060] (dexter_remote) StdoutLine: {'line': b'-- Up-to-date symlink: /home/aditya/Cpps/Dexter/install/dexter_remote/lib/python3.12/site-packages/dexter_remote-0.1.0-py3.12.egg-info/top_level.txt\n'}
[6.495834] (dexter_remote) StdoutLine: {'line': b'-- Up-to-date symlink: /home/aditya/Cpps/Dexter/install/dexter_remote/lib/python3.12/site-packages/dexter_remote/__init__.py\n'}
[6.496124] (dexter_remote) StdoutLine: {'line': b'-- Up-to-date symlink: /home/aditya/Cpps/Dexter/install/dexter_remote/lib/python3.12/site-packages/dexter_remote/task_server.py\n'}
[6.496442] (dexter_remote) StdoutLine: {'line': b'-- Up-to-date symlink: /home/aditya/Cpps/Dexter/install/dexter_remote/lib/python3.12/site-packages/dexter_remote/web_interface.py\n'}
[6.497314] (dexter_remote) StdoutLine: {'line': b'-- Up-to-date symlink: /home/aditya/Cpps/Dexter/install/dexter_remote/share/dexter_remote/launch/remote_interface.launch.py\n'}
[6.497796] (dexter_remote) StdoutLine: {'line': b'-- Up-to-date symlink: /home/aditya/Cpps/Dexter/install/dexter_remote/share/dexter_remote/templates/index.html\n'}
[6.498783] (dexter_remote) StdoutLine: {'line': b'-- Up-to-date symlink: /home/aditya/Cpps/Dexter/install/dexter_remote/lib/libtask_server.so\n'}
[6.499269] (dexter_remote) StdoutLine: {'line': b'-- Up-to-date symlink: /home/aditya/Cpps/Dexter/install/dexter_remote/lib/dexter_remote/task_server.py\n'}
[6.499608] (dexter_remote) StdoutLine: {'line': b'-- Up-to-date symlink: /home/aditya/Cpps/Dexter/install/dexter_remote/lib/dexter_remote/web_interface.py\n'}
[6.500020] (dexter_remote) StdoutLine: {'line': b'-- Up-to-date symlink: /home/aditya/Cpps/Dexter/install/dexter_remote/share/ament_index/resource_index/package_run_dependencies/dexter_remote\n'}
[6.500460] (dexter_remote) StdoutLine: {'line': b'-- Up-to-date symlink: /home/aditya/Cpps/Dexter/install/dexter_remote/share/ament_index/resource_index/parent_prefix_path/dexter_remote\n'}
[6.501230] (dexter_remote) StdoutLine: {'line': b'-- Up-to-date symlink: /home/aditya/Cpps/Dexter/install/dexter_remote/share/dexter_remote/environment/ament_prefix_path.sh\n'}
[6.501516] (dexter_remote) StdoutLine: {'line': b'-- Up-to-date symlink: /home/aditya/Cpps/Dexter/install/dexter_remote/share/dexter_remote/environment/ament_prefix_path.dsv\n'}
[6.502112] (dexter_remote) StdoutLine: {'line': b'-- Up-to-date symlink: /home/aditya/Cpps/Dexter/install/dexter_remote/share/dexter_remote/environment/path.sh\n'}
[6.502673] (dexter_remote) StdoutLine: {'line': b'-- Up-to-date symlink: /home/aditya/Cpps/Dexter/install/dexter_remote/share/dexter_remote/environment/path.dsv\n'}
[6.503149] (dexter_remote) StdoutLine: {'line': b'-- Up-to-date symlink: /home/aditya/Cpps/Dexter/install/dexter_remote/share/dexter_remote/local_setup.bash\n'}
[6.503623] (dexter_remote) StdoutLine: {'line': b'-- Up-to-date symlink: /home/aditya/Cpps/Dexter/install/dexter_remote/share/dexter_remote/local_setup.sh\n'}
[6.504189] (dexter_remote) StdoutLine: {'line': b'-- Up-to-date symlink: /home/aditya/Cpps/Dexter/install/dexter_remote/share/dexter_remote/local_setup.zsh\n'}
[6.504883] (dexter_remote) StdoutLine: {'line': b'-- Up-to-date symlink: /home/aditya/Cpps/Dexter/install/dexter_remote/share/dexter_remote/local_setup.dsv\n'}
[6.505252] (dexter_remote) StdoutLine: {'line': b'-- Symlinking: /home/aditya/Cpps/Dexter/install/dexter_remote/share/dexter_remote/package.dsv\n'}
[6.520075] (-) TimerEvent: {}
[6.534637] (dexter_remote) StdoutLine: {'line': b'-- Up-to-date symlink: /home/aditya/Cpps/Dexter/install/dexter_remote/share/ament_index/resource_index/packages/dexter_remote\n'}
[6.535494] (dexter_remote) StdoutLine: {'line': b'-- Up-to-date symlink: /home/aditya/Cpps/Dexter/install/dexter_remote/share/ament_index/resource_index/rclcpp_components/dexter_remote\n'}
[6.536236] (dexter_remote) StdoutLine: {'line': b'-- Up-to-date symlink: /home/aditya/Cpps/Dexter/install/dexter_remote/share/dexter_remote/cmake/dexter_remoteConfig.cmake\n'}
[6.536834] (dexter_remote) StdoutLine: {'line': b'-- Up-to-date symlink: /home/aditya/Cpps/Dexter/install/dexter_remote/share/dexter_remote/cmake/dexter_remoteConfig-version.cmake\n'}
[6.537199] (dexter_remote) StdoutLine: {'line': b'-- Up-to-date symlink: /home/aditya/Cpps/Dexter/install/dexter_remote/share/dexter_remote/package.xml\n'}
[6.620259] (-) TimerEvent: {}
[6.661178] (dexter_remote) StdoutLine: {'line': b"Listing '/home/aditya/Cpps/Dexter/install/dexter_remote/lib/python3.12/site-packages/dexter_remote'...\n"}
[6.681056] (dexter_remote) CommandEnded: {'returncode': 0}
[6.720604] (dexter_remote) JobEnded: {'identifier': 'dexter_remote', 'rc': 0}
[6.722389] (-) TimerEvent: {}
[6.722456] (-) EventReactorShutdown: {}
